2021-12-28 09:00:07 [main] INFO  com.xxbb.springbootapi.SpringBootApiApplication - Starting SpringBootApiApplication using Java 11.0.13 on fxdPC with PID 1188 (E:\SpringBoot\spring-boot-api\target\classes started by Administrator in E:\SpringBoot\spring-boot-api)
2021-12-28 09:00:07 [main] INFO  com.xxbb.springbootapi.SpringBootApiApplication - The following profiles are active: prod
2021-12-28 09:00:10 [main] INFO  o.s.d.r.config.RepositoryConfigurationDelegate - Bootstrapping Spring Data JPA repositories in DEFAULT mode.
2021-12-28 09:00:10 [main] INFO  o.s.d.r.config.RepositoryConfigurationDelegate - Finished Spring Data repository scanning in 33 ms. Found 0 JPA repository interfaces.
2021-12-28 09:00:12 [main] INFO  o.s.boot.web.embedded.tomcat.TomcatWebServer - Tomcat initialized with port(s): 8099 (http)
2021-12-28 09:00:12 [main] INFO  org.apache.coyote.http11.Http11NioProtocol - Initializing ProtocolHandler ["http-nio-8099"]
2021-12-28 09:00:12 [main] INFO  org.apache.catalina.core.StandardService - Starting service [Tomcat]
2021-12-28 09:00:12 [main] INFO  org.apache.catalina.core.StandardEngine - Starting Servlet engine: [Apache Tomcat/9.0.50]
2021-12-28 09:00:12 [main] INFO  o.a.c.core.ContainerBase.[Tomcat].[localhost].[/] - Initializing Spring embedded WebApplicationContext
2021-12-28 09:00:12 [main] INFO  o.s.b.w.s.c.ServletWebServerApplicationContext - Root WebApplicationContext: initialization completed in 4827 ms
2021-12-28 09:00:13 [main] INFO  org.hibernate.jpa.internal.util.LogHelper - HHH000204: Processing PersistenceUnitInfo [name: default]
2021-12-28 09:00:13 [main] INFO  org.hibernate.Version - HHH000412: Hibernate ORM core version 5.4.32.Final
2021-12-28 09:00:13 [main] INFO  org.hibernate.annotations.common.Version - HCANN000001: Hibernate Commons Annotations {5.1.2.Final}
2021-12-28 09:00:14 [main] INFO  com.alibaba.druid.pool.DruidDataSource - {dataSource-1} inited
2021-12-28 09:00:14 [main] INFO  org.hibernate.dialect.Dialect - HHH000400: Using dialect: org.hibernate.dialect.MySQL57Dialect
2021-12-28 09:00:16 [main] INFO  o.h.e.t.jta.platform.internal.JtaPlatformInitiator - HHH000490: Using JtaPlatform implementation: [org.hibernate.engine.transaction.jta.platform.internal.NoJtaPlatform]
2021-12-28 09:00:16 [main] INFO  o.s.orm.jpa.LocalContainerEntityManagerFactoryBean - Initialized JPA EntityManagerFactory for persistence unit 'default'
2021-12-28 09:00:16 [main] INFO  o.s.orm.jpa.LocalContainerEntityManagerFactoryBean - Closing JPA EntityManagerFactory for persistence unit 'default'
2021-12-28 09:00:16 [main] INFO  com.alibaba.druid.pool.DruidDataSource - {dataSource-1} closed
2021-12-28 09:00:16 [main] INFO  org.apache.catalina.core.StandardService - Stopping service [Tomcat]
2021-12-28 09:00:16 [main] INFO  o.s.b.a.l.ConditionEvaluationReportLoggingListener - 

Error starting ApplicationContext. To display the conditions report re-run your application with 'debug' enabled.
2021-12-28 09:01:50 [main] INFO  com.xxbb.springbootapi.SpringBootApiApplication - Starting SpringBootApiApplication using Java 11.0.13 on fxdPC with PID 6904 (E:\SpringBoot\spring-boot-api\target\classes started by Administrator in E:\SpringBoot\spring-boot-api)
2021-12-28 09:01:50 [main] INFO  com.xxbb.springbootapi.SpringBootApiApplication - The following profiles are active: prod
2021-12-28 09:01:52 [main] INFO  o.s.d.r.config.RepositoryConfigurationDelegate - Bootstrapping Spring Data JPA repositories in DEFAULT mode.
2021-12-28 09:01:52 [main] INFO  o.s.d.r.config.RepositoryConfigurationDelegate - Finished Spring Data repository scanning in 29 ms. Found 0 JPA repository interfaces.
2021-12-28 09:01:54 [main] INFO  o.s.boot.web.embedded.tomcat.TomcatWebServer - Tomcat initialized with port(s): 8099 (http)
2021-12-28 09:01:54 [main] INFO  org.apache.coyote.http11.Http11NioProtocol - Initializing ProtocolHandler ["http-nio-8099"]
2021-12-28 09:01:54 [main] INFO  org.apache.catalina.core.StandardService - Starting service [Tomcat]
2021-12-28 09:01:54 [main] INFO  org.apache.catalina.core.StandardEngine - Starting Servlet engine: [Apache Tomcat/9.0.50]
2021-12-28 09:01:54 [main] INFO  o.a.c.core.ContainerBase.[Tomcat].[localhost].[/] - Initializing Spring embedded WebApplicationContext
2021-12-28 09:01:54 [main] INFO  o.s.b.w.s.c.ServletWebServerApplicationContext - Root WebApplicationContext: initialization completed in 3952 ms
2021-12-28 09:01:55 [main] INFO  org.hibernate.jpa.internal.util.LogHelper - HHH000204: Processing PersistenceUnitInfo [name: default]
2021-12-28 09:01:55 [main] INFO  org.hibernate.Version - HHH000412: Hibernate ORM core version 5.4.32.Final
2021-12-28 09:01:55 [main] INFO  org.hibernate.annotations.common.Version - HCANN000001: Hibernate Commons Annotations {5.1.2.Final}
2021-12-28 09:01:55 [main] INFO  com.alibaba.druid.pool.DruidDataSource - {dataSource-1} inited
2021-12-28 09:01:56 [main] INFO  org.hibernate.dialect.Dialect - HHH000400: Using dialect: org.hibernate.dialect.MySQL57Dialect
2021-12-28 09:01:57 [main] INFO  o.h.e.t.jta.platform.internal.JtaPlatformInitiator - HHH000490: Using JtaPlatform implementation: [org.hibernate.engine.transaction.jta.platform.internal.NoJtaPlatform]
2021-12-28 09:01:57 [main] INFO  o.s.orm.jpa.LocalContainerEntityManagerFactoryBean - Initialized JPA EntityManagerFactory for persistence unit 'default'
2021-12-28 09:01:57 [main] INFO  o.s.orm.jpa.LocalContainerEntityManagerFactoryBean - Closing JPA EntityManagerFactory for persistence unit 'default'
2021-12-28 09:01:57 [main] INFO  com.alibaba.druid.pool.DruidDataSource - {dataSource-1} closed
2021-12-28 09:01:57 [main] INFO  org.apache.catalina.core.StandardService - Stopping service [Tomcat]
2021-12-28 09:01:57 [main] INFO  o.s.b.a.l.ConditionEvaluationReportLoggingListener - 

Error starting ApplicationContext. To display the conditions report re-run your application with 'debug' enabled.
2021-12-28 09:02:25 [main] INFO  com.xxbb.springbootapi.SpringBootApiApplication - Starting SpringBootApiApplication using Java 11.0.13 on fxdPC with PID 8800 (E:\SpringBoot\spring-boot-api\target\classes started by Administrator in E:\SpringBoot\spring-boot-api)
2021-12-28 09:02:25 [main] INFO  com.xxbb.springbootapi.SpringBootApiApplication - The following profiles are active: prod
2021-12-28 09:02:27 [main] INFO  o.s.d.r.config.RepositoryConfigurationDelegate - Bootstrapping Spring Data JPA repositories in DEFAULT mode.
2021-12-28 09:02:27 [main] INFO  o.s.d.r.config.RepositoryConfigurationDelegate - Finished Spring Data repository scanning in 30 ms. Found 0 JPA repository interfaces.
2021-12-28 09:02:29 [main] INFO  o.s.boot.web.embedded.tomcat.TomcatWebServer - Tomcat initialized with port(s): 8099 (http)
2021-12-28 09:02:29 [main] INFO  org.apache.coyote.http11.Http11NioProtocol - Initializing ProtocolHandler ["http-nio-8099"]
2021-12-28 09:02:29 [main] INFO  org.apache.catalina.core.StandardService - Starting service [Tomcat]
2021-12-28 09:02:29 [main] INFO  org.apache.catalina.core.StandardEngine - Starting Servlet engine: [Apache Tomcat/9.0.50]
2021-12-28 09:02:29 [main] INFO  o.a.c.core.ContainerBase.[Tomcat].[localhost].[/] - Initializing Spring embedded WebApplicationContext
2021-12-28 09:02:29 [main] INFO  o.s.b.w.s.c.ServletWebServerApplicationContext - Root WebApplicationContext: initialization completed in 3952 ms
2021-12-28 09:02:29 [main] INFO  org.hibernate.jpa.internal.util.LogHelper - HHH000204: Processing PersistenceUnitInfo [name: default]
2021-12-28 09:02:29 [main] INFO  org.hibernate.Version - HHH000412: Hibernate ORM core version 5.4.32.Final
2021-12-28 09:02:30 [main] INFO  org.hibernate.annotations.common.Version - HCANN000001: Hibernate Commons Annotations {5.1.2.Final}
2021-12-28 09:02:30 [main] INFO  com.alibaba.druid.pool.DruidDataSource - {dataSource-1} inited
2021-12-28 09:02:31 [main] INFO  org.hibernate.dialect.Dialect - HHH000400: Using dialect: org.hibernate.dialect.MySQL57Dialect
2021-12-28 09:02:32 [main] INFO  o.h.e.t.jta.platform.internal.JtaPlatformInitiator - HHH000490: Using JtaPlatform implementation: [org.hibernate.engine.transaction.jta.platform.internal.NoJtaPlatform]
2021-12-28 09:02:32 [main] INFO  o.s.orm.jpa.LocalContainerEntityManagerFactoryBean - Initialized JPA EntityManagerFactory for persistence unit 'default'
2021-12-28 09:02:33 [main] INFO  org.apache.coyote.http11.Http11NioProtocol - Starting ProtocolHandler ["http-nio-8099"]
2021-12-28 09:02:33 [main] INFO  o.s.boot.web.embedded.tomcat.TomcatWebServer - Tomcat started on port(s): 8099 (http) with context path ''
2021-12-28 09:02:33 [main] INFO  com.xxbb.springbootapi.SpringBootApiApplication - Started SpringBootApiApplication in 9.471 seconds (JVM running for 10.235)
2021-12-28 09:03:35 [SpringApplicationShutdownHook] INFO  o.s.orm.jpa.LocalContainerEntityManagerFactoryBean - Closing JPA EntityManagerFactory for persistence unit 'default'
2021-12-28 09:03:35 [SpringApplicationShutdownHook] INFO  com.alibaba.druid.pool.DruidDataSource - {dataSource-1} closed
2021-12-28 09:03:40 [main] INFO  com.xxbb.springbootapi.SpringBootApiApplication - Starting SpringBootApiApplication using Java 11.0.13 on fxdPC with PID 9760 (E:\SpringBoot\spring-boot-api\target\classes started by Administrator in E:\SpringBoot\spring-boot-api)
2021-12-28 09:03:40 [main] INFO  com.xxbb.springbootapi.SpringBootApiApplication - The following profiles are active: prod
2021-12-28 09:03:42 [main] INFO  o.s.d.r.config.RepositoryConfigurationDelegate - Bootstrapping Spring Data JPA repositories in DEFAULT mode.
2021-12-28 09:03:42 [main] INFO  o.s.d.r.config.RepositoryConfigurationDelegate - Finished Spring Data repository scanning in 29 ms. Found 0 JPA repository interfaces.
2021-12-28 09:03:45 [main] INFO  o.s.boot.web.embedded.tomcat.TomcatWebServer - Tomcat initialized with port(s): 8099 (http)
2021-12-28 09:03:45 [main] INFO  org.apache.coyote.http11.Http11NioProtocol - Initializing ProtocolHandler ["http-nio-8099"]
2021-12-28 09:03:45 [main] INFO  org.apache.catalina.core.StandardService - Starting service [Tomcat]
2021-12-28 09:03:45 [main] INFO  org.apache.catalina.core.StandardEngine - Starting Servlet engine: [Apache Tomcat/9.0.50]
2021-12-28 09:03:45 [main] INFO  o.a.c.core.ContainerBase.[Tomcat].[localhost].[/] - Initializing Spring embedded WebApplicationContext
2021-12-28 09:03:45 [main] INFO  o.s.b.w.s.c.ServletWebServerApplicationContext - Root WebApplicationContext: initialization completed in 4718 ms
2021-12-28 09:03:46 [main] INFO  org.hibernate.jpa.internal.util.LogHelper - HHH000204: Processing PersistenceUnitInfo [name: default]
2021-12-28 09:03:46 [main] INFO  org.hibernate.Version - HHH000412: Hibernate ORM core version 5.4.32.Final
2021-12-28 09:03:46 [main] INFO  org.hibernate.annotations.common.Version - HCANN000001: Hibernate Commons Annotations {5.1.2.Final}
2021-12-28 09:03:46 [main] INFO  com.alibaba.druid.pool.DruidDataSource - {dataSource-1} inited
2021-12-28 09:03:47 [main] INFO  org.hibernate.dialect.Dialect - HHH000400: Using dialect: org.hibernate.dialect.MySQL57Dialect
2021-12-28 09:03:48 [main] INFO  o.h.e.t.jta.platform.internal.JtaPlatformInitiator - HHH000490: Using JtaPlatform implementation: [org.hibernate.engine.transaction.jta.platform.internal.NoJtaPlatform]
2021-12-28 09:03:48 [main] INFO  o.s.orm.jpa.LocalContainerEntityManagerFactoryBean - Initialized JPA EntityManagerFactory for persistence unit 'default'
2021-12-28 09:03:48 [main] INFO  o.s.orm.jpa.LocalContainerEntityManagerFactoryBean - Closing JPA EntityManagerFactory for persistence unit 'default'
2021-12-28 09:03:48 [main] INFO  com.alibaba.druid.pool.DruidDataSource - {dataSource-1} closed
2021-12-28 09:03:48 [main] INFO  org.apache.catalina.core.StandardService - Stopping service [Tomcat]
2021-12-28 09:03:48 [main] INFO  o.s.b.a.l.ConditionEvaluationReportLoggingListener - 

Error starting ApplicationContext. To display the conditions report re-run your application with 'debug' enabled.
2021-12-28 09:05:50 [main] INFO  com.xxbb.springbootapi.SpringBootApiApplication - Starting SpringBootApiApplication using Java 11.0.13 on fxdPC with PID 16452 (E:\SpringBoot\spring-boot-api\target\classes started by Administrator in E:\SpringBoot\spring-boot-api)
2021-12-28 09:05:50 [main] INFO  com.xxbb.springbootapi.SpringBootApiApplication - The following profiles are active: prod
2021-12-28 09:05:52 [main] INFO  o.s.d.r.config.RepositoryConfigurationDelegate - Bootstrapping Spring Data JPA repositories in DEFAULT mode.
2021-12-28 09:05:52 [main] INFO  o.s.d.r.config.RepositoryConfigurationDelegate - Finished Spring Data repository scanning in 32 ms. Found 0 JPA repository interfaces.
2021-12-28 09:05:54 [main] INFO  o.s.boot.web.embedded.tomcat.TomcatWebServer - Tomcat initialized with port(s): 8099 (http)
2021-12-28 09:05:54 [main] INFO  org.apache.coyote.http11.Http11NioProtocol - Initializing ProtocolHandler ["http-nio-8099"]
2021-12-28 09:05:54 [main] INFO  org.apache.catalina.core.StandardService - Starting service [Tomcat]
2021-12-28 09:05:54 [main] INFO  org.apache.catalina.core.StandardEngine - Starting Servlet engine: [Apache Tomcat/9.0.50]
2021-12-28 09:05:54 [main] INFO  o.a.c.core.ContainerBase.[Tomcat].[localhost].[/] - Initializing Spring embedded WebApplicationContext
2021-12-28 09:05:54 [main] INFO  o.s.b.w.s.c.ServletWebServerApplicationContext - Root WebApplicationContext: initialization completed in 4015 ms
2021-12-28 09:05:55 [main] INFO  org.hibernate.jpa.internal.util.LogHelper - HHH000204: Processing PersistenceUnitInfo [name: default]
2021-12-28 09:05:55 [main] INFO  org.hibernate.Version - HHH000412: Hibernate ORM core version 5.4.32.Final
2021-12-28 09:05:55 [main] INFO  org.hibernate.annotations.common.Version - HCANN000001: Hibernate Commons Annotations {5.1.2.Final}
2021-12-28 09:05:56 [main] INFO  com.alibaba.druid.pool.DruidDataSource - {dataSource-1} inited
2021-12-28 09:05:56 [main] INFO  org.hibernate.dialect.Dialect - HHH000400: Using dialect: org.hibernate.dialect.MySQL57Dialect
2021-12-28 09:05:57 [main] INFO  o.h.e.t.jta.platform.internal.JtaPlatformInitiator - HHH000490: Using JtaPlatform implementation: [org.hibernate.engine.transaction.jta.platform.internal.NoJtaPlatform]
2021-12-28 09:05:57 [main] INFO  o.s.orm.jpa.LocalContainerEntityManagerFactoryBean - Initialized JPA EntityManagerFactory for persistence unit 'default'
2021-12-28 09:05:59 [main] INFO  org.apache.coyote.http11.Http11NioProtocol - Starting ProtocolHandler ["http-nio-8099"]
2021-12-28 09:05:59 [main] INFO  o.s.boot.web.embedded.tomcat.TomcatWebServer - Tomcat started on port(s): 8099 (http) with context path ''
2021-12-28 09:05:59 [main] INFO  com.xxbb.springbootapi.SpringBootApiApplication - Started SpringBootApiApplication in 9.628 seconds (JVM running for 10.348)
2021-12-28 09:06:59 [http-nio-8099-exec-1] INFO  o.a.c.core.ContainerBase.[Tomcat].[localhost].[/] - Initializing Spring DispatcherServlet 'dispatcherServlet'
2021-12-28 09:06:59 [http-nio-8099-exec-1] INFO  org.springframework.web.servlet.DispatcherServlet - Initializing Servlet 'dispatcherServlet'
2021-12-28 09:06:59 [http-nio-8099-exec-1] INFO  org.springframework.web.servlet.DispatcherServlet - Completed initialization in 0 ms
2021-12-28 09:07:27 [SpringApplicationShutdownHook] INFO  o.s.orm.jpa.LocalContainerEntityManagerFactoryBean - Closing JPA EntityManagerFactory for persistence unit 'default'
2021-12-28 09:07:27 [SpringApplicationShutdownHook] INFO  com.alibaba.druid.pool.DruidDataSource - {dataSource-1} closed
2021-12-28 09:07:49 [main] INFO  com.xxbb.springbootapi.SpringBootApiApplication - Starting SpringBootApiApplication using Java 11.0.13 on fxdPC with PID 2832 (E:\SpringBoot\spring-boot-api\target\classes started by Administrator in E:\SpringBoot\spring-boot-api)
2021-12-28 09:07:49 [main] INFO  com.xxbb.springbootapi.SpringBootApiApplication - The following profiles are active: prod
2021-12-28 09:07:51 [main] INFO  o.s.d.r.config.RepositoryConfigurationDelegate - Bootstrapping Spring Data JPA repositories in DEFAULT mode.
2021-12-28 09:07:51 [main] INFO  o.s.d.r.config.RepositoryConfigurationDelegate - Finished Spring Data repository scanning in 27 ms. Found 0 JPA repository interfaces.
2021-12-28 09:07:53 [main] INFO  o.s.boot.web.embedded.tomcat.TomcatWebServer - Tomcat initialized with port(s): 8099 (http)
2021-12-28 09:07:53 [main] INFO  org.apache.coyote.http11.Http11NioProtocol - Initializing ProtocolHandler ["http-nio-8099"]
2021-12-28 09:07:53 [main] INFO  org.apache.catalina.core.StandardService - Starting service [Tomcat]
2021-12-28 09:07:53 [main] INFO  org.apache.catalina.core.StandardEngine - Starting Servlet engine: [Apache Tomcat/9.0.50]
2021-12-28 09:07:53 [main] INFO  o.a.c.core.ContainerBase.[Tomcat].[localhost].[/] - Initializing Spring embedded WebApplicationContext
2021-12-28 09:07:53 [main] INFO  o.s.b.w.s.c.ServletWebServerApplicationContext - Root WebApplicationContext: initialization completed in 3625 ms
2021-12-28 09:07:53 [main] INFO  org.hibernate.jpa.internal.util.LogHelper - HHH000204: Processing PersistenceUnitInfo [name: default]
2021-12-28 09:07:54 [main] INFO  org.hibernate.Version - HHH000412: Hibernate ORM core version 5.4.32.Final
2021-12-28 09:07:54 [main] INFO  org.hibernate.annotations.common.Version - HCANN000001: Hibernate Commons Annotations {5.1.2.Final}
2021-12-28 09:07:54 [main] INFO  com.alibaba.druid.pool.DruidDataSource - {dataSource-1} inited
2021-12-28 09:07:55 [main] INFO  org.hibernate.dialect.Dialect - HHH000400: Using dialect: org.hibernate.dialect.MySQL57Dialect
2021-12-28 09:07:56 [main] INFO  o.h.e.t.jta.platform.internal.JtaPlatformInitiator - HHH000490: Using JtaPlatform implementation: [org.hibernate.engine.transaction.jta.platform.internal.NoJtaPlatform]
2021-12-28 09:07:56 [main] INFO  o.s.orm.jpa.LocalContainerEntityManagerFactoryBean - Initialized JPA EntityManagerFactory for persistence unit 'default'
2021-12-28 09:07:57 [main] INFO  org.apache.coyote.http11.Http11NioProtocol - Starting ProtocolHandler ["http-nio-8099"]
2021-12-28 09:07:57 [main] INFO  o.s.boot.web.embedded.tomcat.TomcatWebServer - Tomcat started on port(s): 8099 (http) with context path ''
2021-12-28 09:07:57 [main] INFO  com.xxbb.springbootapi.SpringBootApiApplication - Started SpringBootApiApplication in 9.139 seconds (JVM running for 10.164)
2021-12-28 09:08:19 [http-nio-8099-exec-2] INFO  o.a.c.core.ContainerBase.[Tomcat].[localhost].[/] - Initializing Spring DispatcherServlet 'dispatcherServlet'
2021-12-28 09:08:19 [http-nio-8099-exec-2] INFO  org.springframework.web.servlet.DispatcherServlet - Initializing Servlet 'dispatcherServlet'
2021-12-28 09:08:19 [http-nio-8099-exec-2] INFO  org.springframework.web.servlet.DispatcherServlet - Completed initialization in 0 ms
2021-12-28 09:08:36 [SpringApplicationShutdownHook] INFO  o.s.orm.jpa.LocalContainerEntityManagerFactoryBean - Closing JPA EntityManagerFactory for persistence unit 'default'
2021-12-28 09:08:36 [SpringApplicationShutdownHook] INFO  com.alibaba.druid.pool.DruidDataSource - {dataSource-1} closed
2021-12-28 09:09:07 [main] INFO  com.xxbb.springbootapi.SpringBootApiApplication - Starting SpringBootApiApplication using Java 11.0.13 on fxdPC with PID 6584 (E:\SpringBoot\spring-boot-api\target\classes started by Administrator in E:\SpringBoot\spring-boot-api)
2021-12-28 09:09:07 [main] INFO  com.xxbb.springbootapi.SpringBootApiApplication - The following profiles are active: prod
2021-12-28 09:09:08 [main] INFO  o.s.d.r.config.RepositoryConfigurationDelegate - Bootstrapping Spring Data JPA repositories in DEFAULT mode.
2021-12-28 09:09:09 [main] INFO  o.s.d.r.config.RepositoryConfigurationDelegate - Finished Spring Data repository scanning in 24 ms. Found 0 JPA repository interfaces.
2021-12-28 09:09:10 [main] INFO  o.s.boot.web.embedded.tomcat.TomcatWebServer - Tomcat initialized with port(s): 8099 (http)
2021-12-28 09:09:10 [main] INFO  org.apache.coyote.http11.Http11NioProtocol - Initializing ProtocolHandler ["http-nio-8099"]
2021-12-28 09:09:10 [main] INFO  org.apache.catalina.core.StandardService - Starting service [Tomcat]
2021-12-28 09:09:10 [main] INFO  org.apache.catalina.core.StandardEngine - Starting Servlet engine: [Apache Tomcat/9.0.50]
2021-12-28 09:09:10 [main] INFO  o.a.c.core.ContainerBase.[Tomcat].[localhost].[/] - Initializing Spring embedded WebApplicationContext
2021-12-28 09:09:10 [main] INFO  o.s.b.w.s.c.ServletWebServerApplicationContext - Root WebApplicationContext: initialization completed in 2760 ms
2021-12-28 09:09:11 [main] INFO  org.hibernate.jpa.internal.util.LogHelper - HHH000204: Processing PersistenceUnitInfo [name: default]
2021-12-28 09:09:11 [main] INFO  org.hibernate.Version - HHH000412: Hibernate ORM core version 5.4.32.Final
2021-12-28 09:09:11 [main] INFO  org.hibernate.annotations.common.Version - HCANN000001: Hibernate Commons Annotations {5.1.2.Final}
2021-12-28 09:09:11 [main] INFO  com.alibaba.druid.pool.DruidDataSource - {dataSource-1} inited
2021-12-28 09:09:12 [main] INFO  org.hibernate.dialect.Dialect - HHH000400: Using dialect: org.hibernate.dialect.MySQL57Dialect
2021-12-28 09:09:13 [main] INFO  o.h.e.t.jta.platform.internal.JtaPlatformInitiator - HHH000490: Using JtaPlatform implementation: [org.hibernate.engine.transaction.jta.platform.internal.NoJtaPlatform]
2021-12-28 09:09:13 [main] INFO  o.s.orm.jpa.LocalContainerEntityManagerFactoryBean - Initialized JPA EntityManagerFactory for persistence unit 'default'
2021-12-28 09:09:13 [main] INFO  org.apache.coyote.http11.Http11NioProtocol - Starting ProtocolHandler ["http-nio-8099"]
2021-12-28 09:09:13 [main] INFO  o.s.boot.web.embedded.tomcat.TomcatWebServer - Tomcat started on port(s): 8099 (http) with context path ''
2021-12-28 09:09:13 [main] INFO  com.xxbb.springbootapi.SpringBootApiApplication - Started SpringBootApiApplication in 6.757 seconds (JVM running for 7.386)
2021-12-28 09:09:44 [http-nio-8099-exec-1] INFO  o.a.c.core.ContainerBase.[Tomcat].[localhost].[/] - Initializing Spring DispatcherServlet 'dispatcherServlet'
2021-12-28 09:09:44 [http-nio-8099-exec-1] INFO  org.springframework.web.servlet.DispatcherServlet - Initializing Servlet 'dispatcherServlet'
2021-12-28 09:09:44 [http-nio-8099-exec-1] INFO  org.springframework.web.servlet.DispatcherServlet - Completed initialization in 0 ms
2021-12-28 09:15:19 [SpringApplicationShutdownHook] INFO  o.s.orm.jpa.LocalContainerEntityManagerFactoryBean - Closing JPA EntityManagerFactory for persistence unit 'default'
2021-12-28 09:15:19 [SpringApplicationShutdownHook] INFO  com.alibaba.druid.pool.DruidDataSource - {dataSource-1} closed
2021-12-28 09:15:25 [main] INFO  com.xxbb.springbootapi.SpringBootApiApplication - Starting SpringBootApiApplication using Java 11.0.13 on fxdPC with PID 10776 (E:\SpringBoot\spring-boot-api\target\classes started by Administrator in E:\SpringBoot\spring-boot-api)
2021-12-28 09:15:25 [main] INFO  com.xxbb.springbootapi.SpringBootApiApplication - The following profiles are active: prod
2021-12-28 09:15:26 [main] INFO  o.s.d.r.config.RepositoryConfigurationDelegate - Bootstrapping Spring Data JPA repositories in DEFAULT mode.
2021-12-28 09:15:26 [main] INFO  o.s.d.r.config.RepositoryConfigurationDelegate - Finished Spring Data repository scanning in 37 ms. Found 0 JPA repository interfaces.
2021-12-28 09:15:28 [main] INFO  o.s.boot.web.embedded.tomcat.TomcatWebServer - Tomcat initialized with port(s): 8099 (http)
2021-12-28 09:15:28 [main] INFO  org.apache.coyote.http11.Http11NioProtocol - Initializing ProtocolHandler ["http-nio-8099"]
2021-12-28 09:15:28 [main] INFO  org.apache.catalina.core.StandardService - Starting service [Tomcat]
2021-12-28 09:15:28 [main] INFO  org.apache.catalina.core.StandardEngine - Starting Servlet engine: [Apache Tomcat/9.0.50]
2021-12-28 09:15:29 [main] INFO  o.a.c.core.ContainerBase.[Tomcat].[localhost].[/] - Initializing Spring embedded WebApplicationContext
2021-12-28 09:15:29 [main] INFO  o.s.b.w.s.c.ServletWebServerApplicationContext - Root WebApplicationContext: initialization completed in 3749 ms
2021-12-28 09:15:29 [main] INFO  org.hibernate.jpa.internal.util.LogHelper - HHH000204: Processing PersistenceUnitInfo [name: default]
2021-12-28 09:15:29 [main] INFO  org.hibernate.Version - HHH000412: Hibernate ORM core version 5.4.32.Final
2021-12-28 09:15:29 [main] INFO  org.hibernate.annotations.common.Version - HCANN000001: Hibernate Commons Annotations {5.1.2.Final}
2021-12-28 09:15:29 [main] INFO  com.alibaba.druid.pool.DruidDataSource - {dataSource-1} inited
2021-12-28 09:15:30 [main] INFO  org.hibernate.dialect.Dialect - HHH000400: Using dialect: org.hibernate.dialect.MySQL57Dialect
2021-12-28 09:15:31 [main] INFO  o.h.e.t.jta.platform.internal.JtaPlatformInitiator - HHH000490: Using JtaPlatform implementation: [org.hibernate.engine.transaction.jta.platform.internal.NoJtaPlatform]
2021-12-28 09:15:31 [main] INFO  o.s.orm.jpa.LocalContainerEntityManagerFactoryBean - Initialized JPA EntityManagerFactory for persistence unit 'default'
2021-12-28 09:15:32 [main] INFO  s.d.s.w.WebMvcPropertySourcedRequestMappingHandlerMapping - Mapped URL path [/v2/api-docs] onto method [springfox.documentation.swagger2.web.Swagger2ControllerWebMvc#getDocumentation(String, HttpServletRequest)]
2021-12-28 09:15:32 [main] INFO  org.apache.coyote.http11.Http11NioProtocol - Starting ProtocolHandler ["http-nio-8099"]
2021-12-28 09:15:32 [main] INFO  o.s.boot.web.embedded.tomcat.TomcatWebServer - Tomcat started on port(s): 8099 (http) with context path ''
2021-12-28 09:15:32 [main] INFO  s.d.s.web.plugins.DocumentationPluginsBootstrapper - Documentation plugins bootstrapped
2021-12-28 09:15:32 [main] INFO  s.d.s.web.plugins.DocumentationPluginsBootstrapper - Found 1 custom documentation plugin(s)
2021-12-28 09:15:32 [main] INFO  s.d.spring.web.scanners.ApiListingReferenceScanner - Scanning for api listing references
2021-12-28 09:15:32 [main] INFO  s.d.s.w.r.operation.CachingOperationNameGenerator - Generating unique operation named: listUsingGET_1
2021-12-28 09:15:32 [main] INFO  s.d.s.w.r.operation.CachingOperationNameGenerator - Generating unique operation named: paginationUsingGET_1
2021-12-28 09:15:32 [main] INFO  s.d.s.w.r.operation.CachingOperationNameGenerator - Generating unique operation named: findUsingGET_1
2021-12-28 09:15:32 [main] INFO  s.d.s.w.r.operation.CachingOperationNameGenerator - Generating unique operation named: addUsingPOST_1
2021-12-28 09:15:32 [main] INFO  s.d.s.w.r.operation.CachingOperationNameGenerator - Generating unique operation named: deleteUsingDELETE_1
2021-12-28 09:15:32 [main] INFO  s.d.s.w.r.operation.CachingOperationNameGenerator - Generating unique operation named: updateUsingPUT_1
2021-12-28 09:15:32 [main] INFO  s.d.s.w.r.operation.CachingOperationNameGenerator - Generating unique operation named: listUsingGET_2
2021-12-28 09:15:32 [main] INFO  s.d.s.w.r.operation.CachingOperationNameGenerator - Generating unique operation named: listUsingGET_3
2021-12-28 09:15:33 [main] INFO  com.xxbb.springbootapi.SpringBootApiApplication - Started SpringBootApiApplication in 8.691 seconds (JVM running for 9.34)
2021-12-28 09:15:40 [http-nio-8099-exec-1] INFO  o.a.c.core.ContainerBase.[Tomcat].[localhost].[/] - Initializing Spring DispatcherServlet 'dispatcherServlet'
2021-12-28 09:15:40 [http-nio-8099-exec-1] INFO  org.springframework.web.servlet.DispatcherServlet - Initializing Servlet 'dispatcherServlet'
2021-12-28 09:15:40 [http-nio-8099-exec-1] INFO  org.springframework.web.servlet.DispatcherServlet - Completed initialization in 16 ms
2021-12-28 09:38:19 [SpringApplicationShutdownHook] INFO  o.s.orm.jpa.LocalContainerEntityManagerFactoryBean - Closing JPA EntityManagerFactory for persistence unit 'default'
2021-12-28 09:38:19 [SpringApplicationShutdownHook] INFO  com.alibaba.druid.pool.DruidDataSource - {dataSource-1} closed
2021-12-28 13:07:17 [main] INFO  com.xxbb.springbootapi.SpringBootApiApplication - Starting SpringBootApiApplication using Java 1.8.0_312 on fxdPC with PID 15488 (E:\SpringBoot\spring-boot-api\target\classes started by Administrator in E:\SpringBoot\spring-boot-api)
2021-12-28 13:07:17 [main] INFO  com.xxbb.springbootapi.SpringBootApiApplication - The following profiles are active: prod
2021-12-28 13:07:19 [main] INFO  o.s.d.r.config.RepositoryConfigurationDelegate - Bootstrapping Spring Data JPA repositories in DEFAULT mode.
2021-12-28 13:07:19 [main] INFO  o.s.d.r.config.RepositoryConfigurationDelegate - Finished Spring Data repository scanning in 26 ms. Found 0 JPA repository interfaces.
2021-12-28 13:07:21 [main] INFO  o.s.boot.web.embedded.tomcat.TomcatWebServer - Tomcat initialized with port(s): 8099 (http)
2021-12-28 13:07:21 [main] INFO  org.apache.coyote.http11.Http11NioProtocol - Initializing ProtocolHandler ["http-nio-8099"]
2021-12-28 13:07:21 [main] INFO  org.apache.catalina.core.StandardService - Starting service [Tomcat]
2021-12-28 13:07:21 [main] INFO  org.apache.catalina.core.StandardEngine - Starting Servlet engine: [Apache Tomcat/9.0.50]
2021-12-28 13:07:21 [main] INFO  o.a.c.core.ContainerBase.[Tomcat].[localhost].[/] - Initializing Spring embedded WebApplicationContext
2021-12-28 13:07:21 [main] INFO  o.s.b.w.s.c.ServletWebServerApplicationContext - Root WebApplicationContext: initialization completed in 4188 ms
2021-12-28 13:07:22 [main] INFO  org.hibernate.jpa.internal.util.LogHelper - HHH000204: Processing PersistenceUnitInfo [name: default]
2021-12-28 13:07:22 [main] INFO  org.hibernate.Version - HHH000412: Hibernate ORM core version 5.4.32.Final
2021-12-28 13:07:22 [main] INFO  org.hibernate.annotations.common.Version - HCANN000001: Hibernate Commons Annotations {5.1.2.Final}
2021-12-28 13:07:22 [main] INFO  com.alibaba.druid.pool.DruidDataSource - {dataSource-1} inited
2021-12-28 13:07:23 [main] INFO  org.hibernate.dialect.Dialect - HHH000400: Using dialect: org.hibernate.dialect.MySQL57Dialect
2021-12-28 13:07:24 [main] INFO  o.h.e.t.jta.platform.internal.JtaPlatformInitiator - HHH000490: Using JtaPlatform implementation: [org.hibernate.engine.transaction.jta.platform.internal.NoJtaPlatform]
2021-12-28 13:07:24 [main] INFO  o.s.orm.jpa.LocalContainerEntityManagerFactoryBean - Initialized JPA EntityManagerFactory for persistence unit 'default'
2021-12-28 13:07:25 [main] INFO  s.d.s.w.WebMvcPropertySourcedRequestMappingHandlerMapping - Mapped URL path [/v2/api-docs] onto method [springfox.documentation.swagger2.web.Swagger2ControllerWebMvc#getDocumentation(String, HttpServletRequest)]
2021-12-28 13:07:25 [main] INFO  org.apache.coyote.http11.Http11NioProtocol - Starting ProtocolHandler ["http-nio-8099"]
2021-12-28 13:07:25 [main] INFO  o.s.boot.web.embedded.tomcat.TomcatWebServer - Tomcat started on port(s): 8099 (http) with context path ''
2021-12-28 13:07:25 [main] INFO  s.d.s.web.plugins.DocumentationPluginsBootstrapper - Documentation plugins bootstrapped
2021-12-28 13:07:25 [main] INFO  s.d.s.web.plugins.DocumentationPluginsBootstrapper - Found 1 custom documentation plugin(s)
2021-12-28 13:07:26 [main] INFO  s.d.spring.web.scanners.ApiListingReferenceScanner - Scanning for api listing references
2021-12-28 13:07:26 [main] INFO  s.d.s.w.r.operation.CachingOperationNameGenerator - Generating unique operation named: listUsingGET_1
2021-12-28 13:07:26 [main] INFO  s.d.s.w.r.operation.CachingOperationNameGenerator - Generating unique operation named: paginationUsingGET_1
2021-12-28 13:07:26 [main] INFO  s.d.s.w.r.operation.CachingOperationNameGenerator - Generating unique operation named: findUsingGET_1
2021-12-28 13:07:26 [main] INFO  s.d.s.w.r.operation.CachingOperationNameGenerator - Generating unique operation named: addUsingPOST_1
2021-12-28 13:07:26 [main] INFO  s.d.s.w.r.operation.CachingOperationNameGenerator - Generating unique operation named: deleteUsingDELETE_1
2021-12-28 13:07:26 [main] INFO  s.d.s.w.r.operation.CachingOperationNameGenerator - Generating unique operation named: updateUsingPUT_1
2021-12-28 13:07:26 [main] INFO  s.d.s.w.r.operation.CachingOperationNameGenerator - Generating unique operation named: listUsingGET_2
2021-12-28 13:07:26 [main] INFO  s.d.s.w.r.operation.CachingOperationNameGenerator - Generating unique operation named: listUsingGET_3
2021-12-28 13:07:26 [main] INFO  com.xxbb.springbootapi.SpringBootApiApplication - Started SpringBootApiApplication in 9.702 seconds (JVM running for 10.659)
2021-12-28 13:08:05 [http-nio-8099-exec-1] INFO  o.a.c.core.ContainerBase.[Tomcat].[localhost].[/] - Initializing Spring DispatcherServlet 'dispatcherServlet'
2021-12-28 13:08:05 [http-nio-8099-exec-1] INFO  org.springframework.web.servlet.DispatcherServlet - Initializing Servlet 'dispatcherServlet'
2021-12-28 13:08:05 [http-nio-8099-exec-1] INFO  org.springframework.web.servlet.DispatcherServlet - Completed initialization in 2 ms
2021-12-28 13:10:22 [SpringApplicationShutdownHook] INFO  o.s.orm.jpa.LocalContainerEntityManagerFactoryBean - Closing JPA EntityManagerFactory for persistence unit 'default'
2021-12-28 13:10:22 [SpringApplicationShutdownHook] INFO  com.alibaba.druid.pool.DruidDataSource - {dataSource-1} closed
2021-12-28 13:10:25 [main] INFO  com.xxbb.springbootapi.SpringBootApiApplication - Starting SpringBootApiApplication using Java 1.8.0_312 on fxdPC with PID 9520 (E:\SpringBoot\spring-boot-api\target\classes started by Administrator in E:\SpringBoot\spring-boot-api)
2021-12-28 13:10:25 [main] INFO  com.xxbb.springbootapi.SpringBootApiApplication - The following profiles are active: prod
2021-12-28 13:10:27 [main] INFO  o.s.d.r.config.RepositoryConfigurationDelegate - Bootstrapping Spring Data JPA repositories in DEFAULT mode.
2021-12-28 13:10:27 [main] INFO  o.s.d.r.config.RepositoryConfigurationDelegate - Finished Spring Data repository scanning in 33 ms. Found 0 JPA repository interfaces.
2021-12-28 13:10:29 [main] INFO  o.s.boot.web.embedded.tomcat.TomcatWebServer - Tomcat initialized with port(s): 8099 (http)
2021-12-28 13:10:29 [main] INFO  org.apache.coyote.http11.Http11NioProtocol - Initializing ProtocolHandler ["http-nio-8099"]
2021-12-28 13:10:29 [main] INFO  org.apache.catalina.core.StandardService - Starting service [Tomcat]
2021-12-28 13:10:29 [main] INFO  org.apache.catalina.core.StandardEngine - Starting Servlet engine: [Apache Tomcat/9.0.50]
2021-12-28 13:10:29 [main] INFO  o.a.c.core.ContainerBase.[Tomcat].[localhost].[/] - Initializing Spring embedded WebApplicationContext
2021-12-28 13:10:29 [main] INFO  o.s.b.w.s.c.ServletWebServerApplicationContext - Root WebApplicationContext: initialization completed in 3654 ms
2021-12-28 13:10:29 [main] INFO  org.hibernate.jpa.internal.util.LogHelper - HHH000204: Processing PersistenceUnitInfo [name: default]
2021-12-28 13:10:29 [main] INFO  org.hibernate.Version - HHH000412: Hibernate ORM core version 5.4.32.Final
2021-12-28 13:10:30 [main] INFO  org.hibernate.annotations.common.Version - HCANN000001: Hibernate Commons Annotations {5.1.2.Final}
2021-12-28 13:10:30 [main] INFO  com.alibaba.druid.pool.DruidDataSource - {dataSource-1} inited
2021-12-28 13:10:30 [main] INFO  org.hibernate.dialect.Dialect - HHH000400: Using dialect: org.hibernate.dialect.MySQL57Dialect
2021-12-28 13:10:32 [main] INFO  o.h.e.t.jta.platform.internal.JtaPlatformInitiator - HHH000490: Using JtaPlatform implementation: [org.hibernate.engine.transaction.jta.platform.internal.NoJtaPlatform]
2021-12-28 13:10:32 [main] INFO  o.s.orm.jpa.LocalContainerEntityManagerFactoryBean - Initialized JPA EntityManagerFactory for persistence unit 'default'
2021-12-28 13:10:32 [main] INFO  s.d.s.w.WebMvcPropertySourcedRequestMappingHandlerMapping - Mapped URL path [/v2/api-docs] onto method [springfox.documentation.swagger2.web.Swagger2ControllerWebMvc#getDocumentation(String, HttpServletRequest)]
2021-12-28 13:10:33 [main] INFO  org.apache.coyote.http11.Http11NioProtocol - Starting ProtocolHandler ["http-nio-8099"]
2021-12-28 13:10:33 [main] INFO  o.s.boot.web.embedded.tomcat.TomcatWebServer - Tomcat started on port(s): 8099 (http) with context path ''
2021-12-28 13:10:33 [main] INFO  s.d.s.web.plugins.DocumentationPluginsBootstrapper - Documentation plugins bootstrapped
2021-12-28 13:10:33 [main] INFO  s.d.s.web.plugins.DocumentationPluginsBootstrapper - Found 1 custom documentation plugin(s)
2021-12-28 13:10:33 [main] INFO  s.d.spring.web.scanners.ApiListingReferenceScanner - Scanning for api listing references
2021-12-28 13:10:33 [main] INFO  s.d.s.w.r.operation.CachingOperationNameGenerator - Generating unique operation named: listUsingGET_1
2021-12-28 13:10:33 [main] INFO  s.d.s.w.r.operation.CachingOperationNameGenerator - Generating unique operation named: paginationUsingGET_1
2021-12-28 13:10:33 [main] INFO  s.d.s.w.r.operation.CachingOperationNameGenerator - Generating unique operation named: findUsingGET_1
2021-12-28 13:10:33 [main] INFO  s.d.s.w.r.operation.CachingOperationNameGenerator - Generating unique operation named: addUsingPOST_1
2021-12-28 13:10:33 [main] INFO  s.d.s.w.r.operation.CachingOperationNameGenerator - Generating unique operation named: deleteUsingDELETE_1
2021-12-28 13:10:33 [main] INFO  s.d.s.w.r.operation.CachingOperationNameGenerator - Generating unique operation named: updateUsingPUT_1
2021-12-28 13:10:33 [main] INFO  s.d.s.w.r.operation.CachingOperationNameGenerator - Generating unique operation named: listUsingGET_2
2021-12-28 13:10:33 [main] INFO  s.d.s.w.r.operation.CachingOperationNameGenerator - Generating unique operation named: listUsingGET_3
2021-12-28 13:10:33 [main] INFO  com.xxbb.springbootapi.SpringBootApiApplication - Started SpringBootApiApplication in 8.805 seconds (JVM running for 10.119)
2021-12-28 13:10:52 [http-nio-8099-exec-1] INFO  o.a.c.core.ContainerBase.[Tomcat].[localhost].[/] - Initializing Spring DispatcherServlet 'dispatcherServlet'
2021-12-28 13:10:52 [http-nio-8099-exec-1] INFO  org.springframework.web.servlet.DispatcherServlet - Initializing Servlet 'dispatcherServlet'
2021-12-28 13:10:52 [http-nio-8099-exec-1] INFO  org.springframework.web.servlet.DispatcherServlet - Completed initialization in 2 ms
2021-12-28 13:18:23 [SpringApplicationShutdownHook] INFO  o.s.orm.jpa.LocalContainerEntityManagerFactoryBean - Closing JPA EntityManagerFactory for persistence unit 'default'
2021-12-28 13:18:23 [SpringApplicationShutdownHook] INFO  com.alibaba.druid.pool.DruidDataSource - {dataSource-1} closed
2021-12-28 13:18:38 [main] INFO  com.xxbb.springbootapi.SpringBootApiApplication - Starting SpringBootApiApplication using Java 1.8.0_312 on fxdPC with PID 9876 (E:\SpringBoot\spring-boot-api\target\classes started by Administrator in E:\SpringBoot\spring-boot-api)
2021-12-28 13:18:38 [main] INFO  com.xxbb.springbootapi.SpringBootApiApplication - The following profiles are active: prod
2021-12-28 13:18:40 [main] INFO  o.s.d.r.config.RepositoryConfigurationDelegate - Bootstrapping Spring Data JPA repositories in DEFAULT mode.
2021-12-28 13:18:40 [main] INFO  o.s.d.r.config.RepositoryConfigurationDelegate - Finished Spring Data repository scanning in 35 ms. Found 0 JPA repository interfaces.
2021-12-28 13:18:42 [main] INFO  o.s.boot.web.embedded.tomcat.TomcatWebServer - Tomcat initialized with port(s): 8099 (http)
2021-12-28 13:18:42 [main] INFO  org.apache.coyote.http11.Http11NioProtocol - Initializing ProtocolHandler ["http-nio-8099"]
2021-12-28 13:18:42 [main] INFO  org.apache.catalina.core.StandardService - Starting service [Tomcat]
2021-12-28 13:18:42 [main] INFO  org.apache.catalina.core.StandardEngine - Starting Servlet engine: [Apache Tomcat/9.0.50]
2021-12-28 13:18:42 [main] INFO  o.a.c.core.ContainerBase.[Tomcat].[localhost].[/] - Initializing Spring embedded WebApplicationContext
2021-12-28 13:18:42 [main] INFO  o.s.b.w.s.c.ServletWebServerApplicationContext - Root WebApplicationContext: initialization completed in 3957 ms
2021-12-28 13:18:42 [main] INFO  org.hibernate.jpa.internal.util.LogHelper - HHH000204: Processing PersistenceUnitInfo [name: default]
2021-12-28 13:18:43 [main] INFO  org.hibernate.Version - HHH000412: Hibernate ORM core version 5.4.32.Final
2021-12-28 13:18:43 [main] INFO  org.hibernate.annotations.common.Version - HCANN000001: Hibernate Commons Annotations {5.1.2.Final}
2021-12-28 13:18:43 [main] INFO  com.alibaba.druid.pool.DruidDataSource - {dataSource-1} inited
2021-12-28 13:18:46 [main] INFO  org.hibernate.dialect.Dialect - HHH000400: Using dialect: org.hibernate.dialect.MySQL57Dialect
2021-12-28 13:18:47 [main] INFO  o.h.e.t.jta.platform.internal.JtaPlatformInitiator - HHH000490: Using JtaPlatform implementation: [org.hibernate.engine.transaction.jta.platform.internal.NoJtaPlatform]
2021-12-28 13:18:47 [main] INFO  o.s.orm.jpa.LocalContainerEntityManagerFactoryBean - Initialized JPA EntityManagerFactory for persistence unit 'default'
2021-12-28 13:18:48 [main] INFO  s.d.s.w.WebMvcPropertySourcedRequestMappingHandlerMapping - Mapped URL path [/v2/api-docs] onto method [springfox.documentation.swagger2.web.Swagger2ControllerWebMvc#getDocumentation(String, HttpServletRequest)]
2021-12-28 13:18:49 [main] INFO  org.apache.coyote.http11.Http11NioProtocol - Starting ProtocolHandler ["http-nio-8099"]
2021-12-28 13:18:49 [main] INFO  o.s.boot.web.embedded.tomcat.TomcatWebServer - Tomcat started on port(s): 8099 (http) with context path ''
2021-12-28 13:18:49 [main] INFO  s.d.s.web.plugins.DocumentationPluginsBootstrapper - Documentation plugins bootstrapped
2021-12-28 13:18:49 [main] INFO  s.d.s.web.plugins.DocumentationPluginsBootstrapper - Found 1 custom documentation plugin(s)
2021-12-28 13:18:49 [main] INFO  s.d.spring.web.scanners.ApiListingReferenceScanner - Scanning for api listing references
2021-12-28 13:18:49 [main] INFO  s.d.s.w.r.operation.CachingOperationNameGenerator - Generating unique operation named: listUsingGET_1
2021-12-28 13:18:49 [main] INFO  s.d.s.w.r.operation.CachingOperationNameGenerator - Generating unique operation named: paginationUsingGET_1
2021-12-28 13:18:49 [main] INFO  s.d.s.w.r.operation.CachingOperationNameGenerator - Generating unique operation named: findUsingGET_1
2021-12-28 13:18:49 [main] INFO  s.d.s.w.r.operation.CachingOperationNameGenerator - Generating unique operation named: addUsingPOST_1
2021-12-28 13:18:49 [main] INFO  s.d.s.w.r.operation.CachingOperationNameGenerator - Generating unique operation named: deleteUsingDELETE_1
2021-12-28 13:18:49 [main] INFO  s.d.s.w.r.operation.CachingOperationNameGenerator - Generating unique operation named: updateUsingPUT_1
2021-12-28 13:18:49 [main] INFO  s.d.s.w.r.operation.CachingOperationNameGenerator - Generating unique operation named: listUsingGET_2
2021-12-28 13:18:49 [main] INFO  s.d.s.w.r.operation.CachingOperationNameGenerator - Generating unique operation named: listUsingGET_3
2021-12-28 13:18:49 [main] INFO  com.xxbb.springbootapi.SpringBootApiApplication - Started SpringBootApiApplication in 12.955 seconds (JVM running for 22.793)
2021-12-28 13:19:37 [http-nio-8099-exec-1] INFO  o.s.d.r.config.RepositoryConfigurationDelegate - Bootstrapping Spring Data JPA repositories in DEFAULT mode.
2021-12-28 13:19:37 [http-nio-8099-exec-1] INFO  o.s.d.r.config.RepositoryConfigurationDelegate - Finished Spring Data repository scanning in 15 ms. Found 0 JPA repository interfaces.
2021-12-28 13:19:37 [http-nio-8099-exec-1] INFO  o.a.c.core.ContainerBase.[Tomcat].[localhost].[/] - Initializing Spring DispatcherServlet 'dispatcherServlet'
2021-12-28 13:19:37 [http-nio-8099-exec-1] INFO  org.springframework.web.servlet.DispatcherServlet - Initializing Servlet 'dispatcherServlet'
2021-12-28 13:19:37 [http-nio-8099-exec-1] INFO  org.springframework.web.servlet.DispatcherServlet - Completed initialization in 2 ms
2021-12-28 13:20:14 [http-nio-8099-exec-3] INFO  o.s.d.r.config.RepositoryConfigurationDelegate - Bootstrapping Spring Data JPA repositories in DEFAULT mode.
2021-12-28 13:20:14 [http-nio-8099-exec-3] INFO  o.s.d.r.config.RepositoryConfigurationDelegate - Finished Spring Data repository scanning in 18 ms. Found 0 JPA repository interfaces.
2021-12-28 13:20:15 [http-nio-8099-exec-7] INFO  s.d.spring.web.scanners.ApiListingReferenceScanner - Scanning for api listing references
2021-12-28 13:20:15 [http-nio-8099-exec-7] INFO  s.d.s.w.r.operation.CachingOperationNameGenerator - Generating unique operation named: LoginUsingPOST_1
2021-12-28 13:20:15 [http-nio-8099-exec-7] INFO  s.d.s.w.r.operation.CachingOperationNameGenerator - Generating unique operation named: findUsingGET_2
2021-12-28 13:20:15 [http-nio-8099-exec-7] INFO  s.d.s.w.r.operation.CachingOperationNameGenerator - Generating unique operation named: paginationUsingGET_2
2021-12-28 13:20:15 [http-nio-8099-exec-7] INFO  s.d.s.w.r.operation.CachingOperationNameGenerator - Generating unique operation named: addUsingPOST_2
2021-12-28 13:20:15 [http-nio-8099-exec-7] INFO  s.d.s.w.r.operation.CachingOperationNameGenerator - Generating unique operation named: deleteUsingDELETE_2
2021-12-28 13:20:15 [http-nio-8099-exec-7] INFO  s.d.s.w.r.operation.CachingOperationNameGenerator - Generating unique operation named: updateUsingPUT_2
2021-12-28 13:20:15 [http-nio-8099-exec-7] INFO  s.d.s.w.r.operation.CachingOperationNameGenerator - Generating unique operation named: listUsingGET_4
2021-12-28 13:20:15 [http-nio-8099-exec-7] INFO  s.d.s.w.r.operation.CachingOperationNameGenerator - Generating unique operation named: listUsingGET_5
2021-12-28 13:20:15 [http-nio-8099-exec-7] INFO  s.d.s.w.r.operation.CachingOperationNameGenerator - Generating unique operation named: GenerateUsingPOST_1
2021-12-28 13:20:16 [http-nio-8099-exec-7] INFO  s.d.s.w.r.operation.CachingOperationNameGenerator - Generating unique operation named: paginationUsingGET_3
2021-12-28 13:20:16 [http-nio-8099-exec-7] INFO  s.d.s.w.r.operation.CachingOperationNameGenerator - Generating unique operation named: findUsingGET_3
2021-12-28 13:20:16 [http-nio-8099-exec-7] INFO  s.d.s.w.r.operation.CachingOperationNameGenerator - Generating unique operation named: addUsingPOST_3
2021-12-28 13:20:16 [http-nio-8099-exec-7] INFO  s.d.s.w.r.operation.CachingOperationNameGenerator - Generating unique operation named: deleteUsingDELETE_3
2021-12-28 13:20:16 [http-nio-8099-exec-7] INFO  s.d.s.w.r.operation.CachingOperationNameGenerator - Generating unique operation named: updateUsingPUT_3
2021-12-28 13:20:16 [http-nio-8099-exec-7] INFO  s.d.s.w.r.operation.CachingOperationNameGenerator - Generating unique operation named: listUsingGET_6
2021-12-28 13:20:16 [http-nio-8099-exec-7] INFO  s.d.s.w.r.operation.CachingOperationNameGenerator - Generating unique operation named: listUsingGET_7
2021-12-28 13:21:25 [http-nio-8099-exec-10] INFO  o.s.d.r.config.RepositoryConfigurationDelegate - Bootstrapping Spring Data JPA repositories in DEFAULT mode.
2021-12-28 13:21:25 [http-nio-8099-exec-10] INFO  o.s.d.r.config.RepositoryConfigurationDelegate - Finished Spring Data repository scanning in 18 ms. Found 0 JPA repository interfaces.
2021-12-28 13:21:26 [http-nio-8099-exec-10] INFO  s.d.s.w.WebMvcPropertySourcedRequestMappingHandlerMapping - Mapped URL path [/v2/api-docs] onto method [springfox.documentation.swagger2.web.Swagger2ControllerWebMvc#getDocumentation(String, HttpServletRequest)]
2021-12-28 13:21:26 [http-nio-8099-exec-4] INFO  s.d.spring.web.scanners.ApiListingReferenceScanner - Scanning for api listing references
2021-12-28 13:21:26 [http-nio-8099-exec-4] INFO  s.d.s.w.r.operation.CachingOperationNameGenerator - Generating unique operation named: LoginUsingPOST_2
2021-12-28 13:21:26 [http-nio-8099-exec-4] INFO  s.d.s.w.r.operation.CachingOperationNameGenerator - Generating unique operation named: findUsingGET_4
2021-12-28 13:21:26 [http-nio-8099-exec-4] INFO  s.d.s.w.r.operation.CachingOperationNameGenerator - Generating unique operation named: paginationUsingGET_4
2021-12-28 13:21:26 [http-nio-8099-exec-4] INFO  s.d.s.w.r.operation.CachingOperationNameGenerator - Generating unique operation named: addUsingPOST_4
2021-12-28 13:21:26 [http-nio-8099-exec-4] INFO  s.d.s.w.r.operation.CachingOperationNameGenerator - Generating unique operation named: deleteUsingDELETE_4
2021-12-28 13:21:26 [http-nio-8099-exec-4] INFO  s.d.s.w.r.operation.CachingOperationNameGenerator - Generating unique operation named: updateUsingPUT_4
2021-12-28 13:21:26 [http-nio-8099-exec-4] INFO  s.d.s.w.r.operation.CachingOperationNameGenerator - Generating unique operation named: listUsingGET_8
2021-12-28 13:21:26 [http-nio-8099-exec-4] INFO  s.d.s.w.r.operation.CachingOperationNameGenerator - Generating unique operation named: listUsingGET_9
2021-12-28 13:21:26 [http-nio-8099-exec-4] INFO  s.d.s.w.r.operation.CachingOperationNameGenerator - Generating unique operation named: GenerateUsingPOST_2
2021-12-28 13:21:27 [http-nio-8099-exec-4] INFO  s.d.s.w.r.operation.CachingOperationNameGenerator - Generating unique operation named: paginationUsingGET_5
2021-12-28 13:21:27 [http-nio-8099-exec-4] INFO  s.d.s.w.r.operation.CachingOperationNameGenerator - Generating unique operation named: findUsingGET_5
2021-12-28 13:21:27 [http-nio-8099-exec-4] INFO  s.d.s.w.r.operation.CachingOperationNameGenerator - Generating unique operation named: addUsingPOST_5
2021-12-28 13:21:27 [http-nio-8099-exec-4] INFO  s.d.s.w.r.operation.CachingOperationNameGenerator - Generating unique operation named: deleteUsingDELETE_5
2021-12-28 13:21:27 [http-nio-8099-exec-4] INFO  s.d.s.w.r.operation.CachingOperationNameGenerator - Generating unique operation named: updateUsingPUT_5
2021-12-28 13:21:27 [http-nio-8099-exec-4] INFO  s.d.s.w.r.operation.CachingOperationNameGenerator - Generating unique operation named: listUsingGET_10
2021-12-28 13:21:27 [http-nio-8099-exec-4] INFO  s.d.s.w.r.operation.CachingOperationNameGenerator - Generating unique operation named: listUsingGET_11
2021-12-28 13:21:33 [http-nio-8099-exec-9] INFO  s.d.spring.web.scanners.ApiListingReferenceScanner - Scanning for api listing references
2021-12-28 13:21:33 [http-nio-8099-exec-9] INFO  s.d.s.w.r.operation.CachingOperationNameGenerator - Generating unique operation named: LoginUsingPOST_3
2021-12-28 13:21:33 [http-nio-8099-exec-9] INFO  s.d.s.w.r.operation.CachingOperationNameGenerator - Generating unique operation named: findUsingGET_6
2021-12-28 13:21:33 [http-nio-8099-exec-9] INFO  s.d.s.w.r.operation.CachingOperationNameGenerator - Generating unique operation named: paginationUsingGET_6
2021-12-28 13:21:33 [http-nio-8099-exec-9] INFO  s.d.s.w.r.operation.CachingOperationNameGenerator - Generating unique operation named: addUsingPOST_6
2021-12-28 13:21:33 [http-nio-8099-exec-9] INFO  s.d.s.w.r.operation.CachingOperationNameGenerator - Generating unique operation named: deleteUsingDELETE_6
2021-12-28 13:21:33 [http-nio-8099-exec-9] INFO  s.d.s.w.r.operation.CachingOperationNameGenerator - Generating unique operation named: updateUsingPUT_6
2021-12-28 13:21:33 [http-nio-8099-exec-9] INFO  s.d.s.w.r.operation.CachingOperationNameGenerator - Generating unique operation named: listUsingGET_12
2021-12-28 13:21:33 [http-nio-8099-exec-9] INFO  s.d.s.w.r.operation.CachingOperationNameGenerator - Generating unique operation named: listUsingGET_13
2021-12-28 13:21:33 [http-nio-8099-exec-9] INFO  s.d.s.w.r.operation.CachingOperationNameGenerator - Generating unique operation named: GenerateUsingPOST_3
2021-12-28 13:21:33 [http-nio-8099-exec-9] INFO  s.d.s.w.r.operation.CachingOperationNameGenerator - Generating unique operation named: paginationUsingGET_7
2021-12-28 13:21:33 [http-nio-8099-exec-9] INFO  s.d.s.w.r.operation.CachingOperationNameGenerator - Generating unique operation named: findUsingGET_7
2021-12-28 13:21:33 [http-nio-8099-exec-9] INFO  s.d.s.w.r.operation.CachingOperationNameGenerator - Generating unique operation named: addUsingPOST_7
2021-12-28 13:21:33 [http-nio-8099-exec-9] INFO  s.d.s.w.r.operation.CachingOperationNameGenerator - Generating unique operation named: deleteUsingDELETE_7
2021-12-28 13:21:33 [http-nio-8099-exec-9] INFO  s.d.s.w.r.operation.CachingOperationNameGenerator - Generating unique operation named: updateUsingPUT_7
2021-12-28 13:21:33 [http-nio-8099-exec-9] INFO  s.d.s.w.r.operation.CachingOperationNameGenerator - Generating unique operation named: listUsingGET_14
2021-12-28 13:21:33 [http-nio-8099-exec-9] INFO  s.d.s.w.r.operation.CachingOperationNameGenerator - Generating unique operation named: listUsingGET_15
2021-12-28 13:21:50 [http-nio-8099-exec-10] INFO  o.s.d.r.config.RepositoryConfigurationDelegate - Bootstrapping Spring Data JPA repositories in DEFAULT mode.
2021-12-28 13:21:50 [http-nio-8099-exec-10] INFO  o.s.d.r.config.RepositoryConfigurationDelegate - Finished Spring Data repository scanning in 8 ms. Found 0 JPA repository interfaces.
2021-12-28 13:21:50 [http-nio-8099-exec-1] INFO  s.d.s.w.WebMvcPropertySourcedRequestMappingHandlerMapping - Mapped URL path [/v2/api-docs] onto method [springfox.documentation.swagger2.web.Swagger2ControllerWebMvc#getDocumentation(String, HttpServletRequest)]
2021-12-28 13:27:41 [http-nio-8099-exec-4] INFO  o.s.d.r.config.RepositoryConfigurationDelegate - Bootstrapping Spring Data JPA repositories in DEFAULT mode.
2021-12-28 13:27:41 [http-nio-8099-exec-4] INFO  o.s.d.r.config.RepositoryConfigurationDelegate - Finished Spring Data repository scanning in 18 ms. Found 0 JPA repository interfaces.
2021-12-28 13:32:54 [http-nio-8099-exec-6] INFO  o.s.d.r.config.RepositoryConfigurationDelegate - Bootstrapping Spring Data JPA repositories in DEFAULT mode.
2021-12-28 13:32:54 [http-nio-8099-exec-6] INFO  o.s.d.r.config.RepositoryConfigurationDelegate - Finished Spring Data repository scanning in 21 ms. Found 0 JPA repository interfaces.
2021-12-28 13:34:29 [http-nio-8099-exec-9] INFO  o.s.d.r.config.RepositoryConfigurationDelegate - Bootstrapping Spring Data JPA repositories in DEFAULT mode.
2021-12-28 13:34:29 [http-nio-8099-exec-9] INFO  o.s.d.r.config.RepositoryConfigurationDelegate - Finished Spring Data repository scanning in 17 ms. Found 0 JPA repository interfaces.
2021-12-28 13:37:20 [http-nio-8099-exec-1] INFO  o.s.d.r.config.RepositoryConfigurationDelegate - Bootstrapping Spring Data JPA repositories in DEFAULT mode.
2021-12-28 13:37:20 [http-nio-8099-exec-1] INFO  o.s.d.r.config.RepositoryConfigurationDelegate - Finished Spring Data repository scanning in 33 ms. Found 0 JPA repository interfaces.
2021-12-28 13:37:21 [http-nio-8099-exec-1] INFO  s.d.s.w.WebMvcPropertySourcedRequestMappingHandlerMapping - Mapped URL path [/v2/api-docs] onto method [springfox.documentation.swagger2.web.Swagger2ControllerWebMvc#getDocumentation(String, HttpServletRequest)]
2021-12-28 13:37:57 [http-nio-8099-exec-2] INFO  o.s.d.r.config.RepositoryConfigurationDelegate - Bootstrapping Spring Data JPA repositories in DEFAULT mode.
2021-12-28 13:37:58 [http-nio-8099-exec-2] INFO  o.s.d.r.config.RepositoryConfigurationDelegate - Finished Spring Data repository scanning in 14 ms. Found 0 JPA repository interfaces.
2021-12-28 13:38:39 [http-nio-8099-exec-3] INFO  o.s.d.r.config.RepositoryConfigurationDelegate - Bootstrapping Spring Data JPA repositories in DEFAULT mode.
2021-12-28 13:38:39 [http-nio-8099-exec-3] INFO  o.s.d.r.config.RepositoryConfigurationDelegate - Finished Spring Data repository scanning in 6 ms. Found 0 JPA repository interfaces.
2021-12-28 13:38:39 [http-nio-8099-exec-7] INFO  s.d.spring.web.scanners.ApiListingReferenceScanner - Scanning for api listing references
2021-12-28 13:38:39 [http-nio-8099-exec-7] INFO  s.d.s.w.r.operation.CachingOperationNameGenerator - Generating unique operation named: LoginUsingPOST_4
2021-12-28 13:38:39 [http-nio-8099-exec-7] INFO  s.d.s.w.r.operation.CachingOperationNameGenerator - Generating unique operation named: findUsingGET_8
2021-12-28 13:38:39 [http-nio-8099-exec-7] INFO  s.d.s.w.r.operation.CachingOperationNameGenerator - Generating unique operation named: paginationUsingGET_8
2021-12-28 13:38:39 [http-nio-8099-exec-7] INFO  s.d.s.w.r.operation.CachingOperationNameGenerator - Generating unique operation named: addUsingPOST_8
2021-12-28 13:38:39 [http-nio-8099-exec-7] INFO  s.d.s.w.r.operation.CachingOperationNameGenerator - Generating unique operation named: deleteUsingDELETE_8
2021-12-28 13:38:39 [http-nio-8099-exec-7] INFO  s.d.s.w.r.operation.CachingOperationNameGenerator - Generating unique operation named: updateUsingPUT_8
2021-12-28 13:38:39 [http-nio-8099-exec-7] INFO  s.d.s.w.r.operation.CachingOperationNameGenerator - Generating unique operation named: listUsingGET_16
2021-12-28 13:38:39 [http-nio-8099-exec-7] INFO  s.d.s.w.r.operation.CachingOperationNameGenerator - Generating unique operation named: listUsingGET_17
2021-12-28 13:38:39 [http-nio-8099-exec-7] INFO  s.d.s.w.r.operation.CachingOperationNameGenerator - Generating unique operation named: GenerateUsingPOST_4
2021-12-28 13:38:39 [http-nio-8099-exec-7] INFO  s.d.s.w.r.operation.CachingOperationNameGenerator - Generating unique operation named: paginationUsingGET_9
2021-12-28 13:38:39 [http-nio-8099-exec-7] INFO  s.d.s.w.r.operation.CachingOperationNameGenerator - Generating unique operation named: findUsingGET_9
2021-12-28 13:38:39 [http-nio-8099-exec-7] INFO  s.d.s.w.r.operation.CachingOperationNameGenerator - Generating unique operation named: addUsingPOST_9
2021-12-28 13:38:39 [http-nio-8099-exec-7] INFO  s.d.s.w.r.operation.CachingOperationNameGenerator - Generating unique operation named: deleteUsingDELETE_9
2021-12-28 13:38:39 [http-nio-8099-exec-7] INFO  s.d.s.w.r.operation.CachingOperationNameGenerator - Generating unique operation named: updateUsingPUT_9
2021-12-28 13:38:39 [http-nio-8099-exec-7] INFO  s.d.s.w.r.operation.CachingOperationNameGenerator - Generating unique operation named: listUsingGET_18
2021-12-28 13:38:39 [http-nio-8099-exec-7] INFO  s.d.s.w.r.operation.CachingOperationNameGenerator - Generating unique operation named: listUsingGET_19
2021-12-28 13:40:44 [SpringApplicationShutdownHook] INFO  o.s.orm.jpa.LocalContainerEntityManagerFactoryBean - Closing JPA EntityManagerFactory for persistence unit 'default'
2021-12-28 13:40:44 [SpringApplicationShutdownHook] INFO  com.alibaba.druid.pool.DruidDataSource - {dataSource-1} closed
