2022-10-01 17:54:19 [background-preinit] INFO  org.hibernate.validator.internal.util.Version - HV000001: Hibernate Validator 6.2.0.Final
2022-10-01 17:54:19 [main] INFO  com.xxbb.springbootapi.SpringBootApiApplication - Starting SpringBootApiApplication using Java 1.8.0_332 on 小樊的战神 with PID 17148 (E:\SpringBoot\spring-boot-api\target\classes started by Administrator in E:\SpringBoot\spring-boot-api)
2022-10-01 17:54:19 [main] INFO  com.xxbb.springbootapi.SpringBootApiApplication - The following profiles are active: prod
2022-10-01 17:54:21 [main] INFO  o.s.d.r.config.RepositoryConfigurationDelegate - Bootstrapping Spring Data JPA repositories in DEFAULT mode.
2022-10-01 17:54:21 [main] INFO  o.s.d.r.config.RepositoryConfigurationDelegate - Finished Spring Data repository scanning in 33 ms. Found 0 JPA repository interfaces.
2022-10-01 17:54:22 [main] INFO  o.s.boot.web.embedded.tomcat.TomcatWebServer - Tomcat initialized with port(s): 8099 (http)
2022-10-01 17:54:22 [main] INFO  org.apache.coyote.http11.Http11NioProtocol - Initializing ProtocolHandler ["http-nio-8099"]
2022-10-01 17:54:22 [main] INFO  org.apache.catalina.core.StandardService - Starting service [Tomcat]
2022-10-01 17:54:22 [main] INFO  org.apache.catalina.core.StandardEngine - Starting Servlet engine: [Apache Tomcat/9.0.50]
2022-10-01 17:54:22 [main] INFO  o.a.c.core.ContainerBase.[Tomcat].[localhost].[/] - Initializing Spring embedded WebApplicationContext
2022-10-01 17:54:22 [main] INFO  o.s.b.w.s.c.ServletWebServerApplicationContext - Root WebApplicationContext: initialization completed in 2659 ms
2022-10-01 17:54:22 [main] INFO  org.hibernate.jpa.internal.util.LogHelper - HHH000204: Processing PersistenceUnitInfo [name: default]
2022-10-01 17:54:22 [main] INFO  org.hibernate.Version - HHH000412: Hibernate ORM core version 5.4.32.Final
2022-10-01 17:54:23 [main] INFO  org.hibernate.annotations.common.Version - HCANN000001: Hibernate Commons Annotations {5.1.2.Final}
2022-10-01 17:54:23 [main] INFO  com.alibaba.druid.pool.DruidDataSource - {dataSource-1} inited
2022-10-01 17:54:23 [main] INFO  org.hibernate.dialect.Dialect - HHH000400: Using dialect: org.hibernate.dialect.MySQL8Dialect
2022-10-01 17:54:24 [main] INFO  o.h.e.t.jta.platform.internal.JtaPlatformInitiator - HHH000490: Using JtaPlatform implementation: [org.hibernate.engine.transaction.jta.platform.internal.NoJtaPlatform]
2022-10-01 17:54:24 [main] INFO  o.s.orm.jpa.LocalContainerEntityManagerFactoryBean - Initialized JPA EntityManagerFactory for persistence unit 'default'
2022-10-01 17:54:24 [main] INFO  cn.org.atool.fluent.mybatis.spring.MapperFactory - 

      _____   _                          _       
     |  ___| | |  _   _    ___   _ __   | |_     
     | |_    | | | | | |  / _ \ | '_ \  | __|    
     |  _|   | | | |_| | |  __/ | | | | | |_     
  __ |_|     |_|  \__,_|  \___| |_|_|_|  \__|    
 |  \/  |  _   _  | |__     __ _  | |_  (_)  ___ 
 | |\/| | | | | | | '_ \   / _` | | __| | | / __|
 | |  | | | |_| | | |_) | | (_| | | |_  | | \__ \
 |_|  |_|  \__, | |_.__/   \__,_|  \__| |_| |___/
           |___/                                 
2022-10-01 17:54:25 [main] INFO  org.apache.coyote.http11.Http11NioProtocol - Starting ProtocolHandler ["http-nio-8099"]
2022-10-01 17:54:25 [main] INFO  o.s.boot.web.embedded.tomcat.TomcatWebServer - Tomcat started on port(s): 8099 (http) with context path ''
2022-10-01 17:54:25 [main] INFO  o.s.m.simp.broker.SimpleBrokerMessageHandler - Starting...
2022-10-01 17:54:25 [main] INFO  o.s.m.simp.broker.SimpleBrokerMessageHandler - BrokerAvailabilityEvent[available=true, SimpleBrokerMessageHandler [org.springframework.messaging.simp.broker.DefaultSubscriptionRegistry@49153009]]
2022-10-01 17:54:25 [main] INFO  o.s.m.simp.broker.SimpleBrokerMessageHandler - Started.
2022-10-01 17:54:25 [main] INFO  com.xxbb.springbootapi.SpringBootApiApplication - Started SpringBootApiApplication in 6.716 seconds (JVM running for 9.097)
2022-10-01 17:55:24 [MessageBroker-1] INFO  o.s.web.socket.config.WebSocketMessageBrokerStats - WebSocketSession[0 current WS(0)-HttpStream(0)-HttpPoll(0), 0 total, 0 closed abnormally (0 connect failure, 0 send limit, 0 transport error)], stompSubProtocol[processed CONNECT(0)-CONNECTED(0)-DISCONNECT(0)], stompBrokerRelay[null], inboundChannel[pool size = 0, active threads = 0, queued tasks = 0, completed tasks = 0], outboundChannel[pool size = 0, active threads = 0, queued tasks = 0, completed tasks = 0], sockJsScheduler[pool size = 1, active threads = 1, queued tasks = 0, completed tasks = 0]
2022-10-01 18:25:24 [MessageBroker-1] INFO  o.s.web.socket.config.WebSocketMessageBrokerStats - WebSocketSession[0 current WS(0)-HttpStream(0)-HttpPoll(0), 0 total, 0 closed abnormally (0 connect failure, 0 send limit, 0 transport error)], stompSubProtocol[processed CONNECT(0)-CONNECTED(0)-DISCONNECT(0)], stompBrokerRelay[null], inboundChannel[pool size = 0, active threads = 0, queued tasks = 0, completed tasks = 0], outboundChannel[pool size = 0, active threads = 0, queued tasks = 0, completed tasks = 0], sockJsScheduler[pool size = 2, active threads = 1, queued tasks = 0, completed tasks = 1]
2022-10-01 18:40:13 [SpringApplicationShutdownHook] INFO  o.s.m.simp.broker.SimpleBrokerMessageHandler - Stopping...
2022-10-01 18:40:13 [SpringApplicationShutdownHook] INFO  o.s.m.simp.broker.SimpleBrokerMessageHandler - BrokerAvailabilityEvent[available=false, SimpleBrokerMessageHandler [org.springframework.messaging.simp.broker.DefaultSubscriptionRegistry@49153009]]
2022-10-01 18:40:13 [SpringApplicationShutdownHook] INFO  o.s.m.simp.broker.SimpleBrokerMessageHandler - Stopped.
2022-10-01 18:40:14 [SpringApplicationShutdownHook] INFO  o.s.orm.jpa.LocalContainerEntityManagerFactoryBean - Closing JPA EntityManagerFactory for persistence unit 'default'
2022-10-01 18:40:14 [SpringApplicationShutdownHook] INFO  com.alibaba.druid.pool.DruidDataSource - {dataSource-1} closed
2022-10-01 18:40:30 [background-preinit] INFO  org.hibernate.validator.internal.util.Version - HV000001: Hibernate Validator 6.2.0.Final
2022-10-01 18:40:30 [main] INFO  com.xxbb.springbootapi.SpringBootApiApplication - Starting SpringBootApiApplication using Java 1.8.0_332 on 小樊的战神 with PID 27092 (E:\SpringBoot\spring-boot-api\target\classes started by Administrator in E:\SpringBoot\spring-boot-api)
2022-10-01 18:40:30 [main] INFO  com.xxbb.springbootapi.SpringBootApiApplication - The following profiles are active: prod
2022-10-01 18:40:32 [main] INFO  o.s.d.r.config.RepositoryConfigurationDelegate - Bootstrapping Spring Data JPA repositories in DEFAULT mode.
2022-10-01 18:40:32 [main] INFO  o.s.d.r.config.RepositoryConfigurationDelegate - Finished Spring Data repository scanning in 40 ms. Found 0 JPA repository interfaces.
2022-10-01 18:40:33 [main] INFO  o.s.boot.web.embedded.tomcat.TomcatWebServer - Tomcat initialized with port(s): 8099 (http)
2022-10-01 18:40:33 [main] INFO  org.apache.coyote.http11.Http11NioProtocol - Initializing ProtocolHandler ["http-nio-8099"]
2022-10-01 18:40:33 [main] INFO  org.apache.catalina.core.StandardService - Starting service [Tomcat]
2022-10-01 18:40:33 [main] INFO  org.apache.catalina.core.StandardEngine - Starting Servlet engine: [Apache Tomcat/9.0.50]
2022-10-01 18:40:33 [main] INFO  o.a.c.core.ContainerBase.[Tomcat].[localhost].[/] - Initializing Spring embedded WebApplicationContext
2022-10-01 18:40:33 [main] INFO  o.s.b.w.s.c.ServletWebServerApplicationContext - Root WebApplicationContext: initialization completed in 3012 ms
2022-10-01 18:40:34 [main] INFO  org.hibernate.jpa.internal.util.LogHelper - HHH000204: Processing PersistenceUnitInfo [name: default]
2022-10-01 18:40:34 [main] INFO  org.hibernate.Version - HHH000412: Hibernate ORM core version 5.4.32.Final
2022-10-01 18:40:34 [main] INFO  org.hibernate.annotations.common.Version - HCANN000001: Hibernate Commons Annotations {5.1.2.Final}
2022-10-01 18:40:34 [main] INFO  com.alibaba.druid.pool.DruidDataSource - {dataSource-1} inited
2022-10-01 18:40:34 [main] INFO  org.hibernate.dialect.Dialect - HHH000400: Using dialect: org.hibernate.dialect.MySQL8Dialect
2022-10-01 18:40:36 [main] INFO  o.h.e.t.jta.platform.internal.JtaPlatformInitiator - HHH000490: Using JtaPlatform implementation: [org.hibernate.engine.transaction.jta.platform.internal.NoJtaPlatform]
2022-10-01 18:40:36 [main] INFO  o.s.orm.jpa.LocalContainerEntityManagerFactoryBean - Initialized JPA EntityManagerFactory for persistence unit 'default'
2022-10-01 18:40:37 [main] INFO  cn.org.atool.fluent.mybatis.spring.MapperFactory - 

      _____   _                          _       
     |  ___| | |  _   _    ___   _ __   | |_     
     | |_    | | | | | |  / _ \ | '_ \  | __|    
     |  _|   | | | |_| | |  __/ | | | | | |_     
  __ |_|     |_|  \__,_|  \___| |_|_|_|  \__|    
 |  \/  |  _   _  | |__     __ _  | |_  (_)  ___ 
 | |\/| | | | | | | '_ \   / _` | | __| | | / __|
 | |  | | | |_| | | |_) | | (_| | | |_  | | \__ \
 |_|  |_|  \__, | |_.__/   \__,_|  \__| |_| |___/
           |___/                                 
2022-10-01 18:40:38 [main] INFO  org.apache.coyote.http11.Http11NioProtocol - Starting ProtocolHandler ["http-nio-8099"]
2022-10-01 18:40:38 [main] INFO  o.s.boot.web.embedded.tomcat.TomcatWebServer - Tomcat started on port(s): 8099 (http) with context path ''
2022-10-01 18:40:38 [main] INFO  o.s.m.simp.broker.SimpleBrokerMessageHandler - Starting...
2022-10-01 18:40:38 [main] INFO  o.s.m.simp.broker.SimpleBrokerMessageHandler - BrokerAvailabilityEvent[available=true, SimpleBrokerMessageHandler [org.springframework.messaging.simp.broker.DefaultSubscriptionRegistry@6eab92f3]]
2022-10-01 18:40:38 [main] INFO  o.s.m.simp.broker.SimpleBrokerMessageHandler - Started.
2022-10-01 18:40:38 [main] INFO  com.xxbb.springbootapi.SpringBootApiApplication - Started SpringBootApiApplication in 9.057 seconds (JVM running for 11.674)
2022-10-01 18:41:37 [MessageBroker-1] INFO  o.s.web.socket.config.WebSocketMessageBrokerStats - WebSocketSession[0 current WS(0)-HttpStream(0)-HttpPoll(0), 0 total, 0 closed abnormally (0 connect failure, 0 send limit, 0 transport error)], stompSubProtocol[processed CONNECT(0)-CONNECTED(0)-DISCONNECT(0)], stompBrokerRelay[null], inboundChannel[pool size = 0, active threads = 0, queued tasks = 0, completed tasks = 0], outboundChannel[pool size = 0, active threads = 0, queued tasks = 0, completed tasks = 0], sockJsScheduler[pool size = 1, active threads = 1, queued tasks = 0, completed tasks = 0]
2022-10-01 18:43:48 [http-nio-8099-exec-1] INFO  o.a.c.core.ContainerBase.[Tomcat].[localhost].[/] - Initializing Spring DispatcherServlet 'dispatcherServlet'
2022-10-01 18:43:48 [http-nio-8099-exec-1] INFO  org.springframework.web.servlet.DispatcherServlet - Initializing Servlet 'dispatcherServlet'
2022-10-01 18:43:48 [http-nio-8099-exec-1] INFO  org.springframework.web.servlet.DispatcherServlet - Completed initialization in 3 ms
2022-10-01 18:43:49 [http-nio-8099-exec-1] INFO  com.xxbb.springbootapi.controller.FileController - //
2022-10-01 18:48:20 [SpringApplicationShutdownHook] INFO  o.s.m.simp.broker.SimpleBrokerMessageHandler - Stopping...
2022-10-01 18:48:20 [SpringApplicationShutdownHook] INFO  o.s.m.simp.broker.SimpleBrokerMessageHandler - BrokerAvailabilityEvent[available=false, SimpleBrokerMessageHandler [org.springframework.messaging.simp.broker.DefaultSubscriptionRegistry@6eab92f3]]
2022-10-01 18:48:20 [SpringApplicationShutdownHook] INFO  o.s.m.simp.broker.SimpleBrokerMessageHandler - Stopped.
2022-10-01 18:48:21 [SpringApplicationShutdownHook] INFO  o.s.orm.jpa.LocalContainerEntityManagerFactoryBean - Closing JPA EntityManagerFactory for persistence unit 'default'
2022-10-01 18:48:21 [SpringApplicationShutdownHook] INFO  com.alibaba.druid.pool.DruidDataSource - {dataSource-1} closed
2022-10-01 18:48:32 [background-preinit] INFO  org.hibernate.validator.internal.util.Version - HV000001: Hibernate Validator 6.2.0.Final
2022-10-01 18:48:32 [main] INFO  com.xxbb.springbootapi.SpringBootApiApplication - Starting SpringBootApiApplication using Java 1.8.0_332 on 小樊的战神 with PID 11252 (E:\SpringBoot\spring-boot-api\target\classes started by Administrator in E:\SpringBoot\spring-boot-api)
2022-10-01 18:48:32 [main] INFO  com.xxbb.springbootapi.SpringBootApiApplication - The following profiles are active: prod
2022-10-01 18:48:34 [main] INFO  o.s.d.r.config.RepositoryConfigurationDelegate - Bootstrapping Spring Data JPA repositories in DEFAULT mode.
2022-10-01 18:48:34 [main] INFO  o.s.d.r.config.RepositoryConfigurationDelegate - Finished Spring Data repository scanning in 51 ms. Found 0 JPA repository interfaces.
2022-10-01 18:48:35 [main] INFO  o.s.boot.web.embedded.tomcat.TomcatWebServer - Tomcat initialized with port(s): 8099 (http)
2022-10-01 18:48:35 [main] INFO  org.apache.coyote.http11.Http11NioProtocol - Initializing ProtocolHandler ["http-nio-8099"]
2022-10-01 18:48:35 [main] INFO  org.apache.catalina.core.StandardService - Starting service [Tomcat]
2022-10-01 18:48:35 [main] INFO  org.apache.catalina.core.StandardEngine - Starting Servlet engine: [Apache Tomcat/9.0.50]
2022-10-01 18:48:35 [main] INFO  o.a.c.core.ContainerBase.[Tomcat].[localhost].[/] - Initializing Spring embedded WebApplicationContext
2022-10-01 18:48:35 [main] INFO  o.s.b.w.s.c.ServletWebServerApplicationContext - Root WebApplicationContext: initialization completed in 2803 ms
2022-10-01 18:48:35 [main] INFO  org.hibernate.jpa.internal.util.LogHelper - HHH000204: Processing PersistenceUnitInfo [name: default]
2022-10-01 18:48:35 [main] INFO  org.hibernate.Version - HHH000412: Hibernate ORM core version 5.4.32.Final
2022-10-01 18:48:35 [main] INFO  org.hibernate.annotations.common.Version - HCANN000001: Hibernate Commons Annotations {5.1.2.Final}
2022-10-01 18:48:36 [main] INFO  com.alibaba.druid.pool.DruidDataSource - {dataSource-1} inited
2022-10-01 18:48:36 [main] INFO  org.hibernate.dialect.Dialect - HHH000400: Using dialect: org.hibernate.dialect.MySQL8Dialect
2022-10-01 18:48:37 [main] INFO  o.h.e.t.jta.platform.internal.JtaPlatformInitiator - HHH000490: Using JtaPlatform implementation: [org.hibernate.engine.transaction.jta.platform.internal.NoJtaPlatform]
2022-10-01 18:48:37 [main] INFO  o.s.orm.jpa.LocalContainerEntityManagerFactoryBean - Initialized JPA EntityManagerFactory for persistence unit 'default'
2022-10-01 18:48:38 [main] INFO  cn.org.atool.fluent.mybatis.spring.MapperFactory - 

      _____   _                          _       
     |  ___| | |  _   _    ___   _ __   | |_     
     | |_    | | | | | |  / _ \ | '_ \  | __|    
     |  _|   | | | |_| | |  __/ | | | | | |_     
  __ |_|     |_|  \__,_|  \___| |_|_|_|  \__|    
 |  \/  |  _   _  | |__     __ _  | |_  (_)  ___ 
 | |\/| | | | | | | '_ \   / _` | | __| | | / __|
 | |  | | | |_| | | |_) | | (_| | | |_  | | \__ \
 |_|  |_|  \__, | |_.__/   \__,_|  \__| |_| |___/
           |___/                                 
2022-10-01 18:48:38 [main] INFO  org.apache.coyote.http11.Http11NioProtocol - Starting ProtocolHandler ["http-nio-8099"]
2022-10-01 18:48:38 [main] INFO  o.s.boot.web.embedded.tomcat.TomcatWebServer - Tomcat started on port(s): 8099 (http) with context path ''
2022-10-01 18:48:39 [main] INFO  o.s.m.simp.broker.SimpleBrokerMessageHandler - Starting...
2022-10-01 18:48:39 [main] INFO  o.s.m.simp.broker.SimpleBrokerMessageHandler - BrokerAvailabilityEvent[available=true, SimpleBrokerMessageHandler [org.springframework.messaging.simp.broker.DefaultSubscriptionRegistry@34e07e65]]
2022-10-01 18:48:39 [main] INFO  o.s.m.simp.broker.SimpleBrokerMessageHandler - Started.
2022-10-01 18:48:39 [main] INFO  com.xxbb.springbootapi.SpringBootApiApplication - Started SpringBootApiApplication in 7.785 seconds (JVM running for 10.52)
2022-10-01 18:49:05 [http-nio-8099-exec-1] INFO  o.a.c.core.ContainerBase.[Tomcat].[localhost].[/] - Initializing Spring DispatcherServlet 'dispatcherServlet'
2022-10-01 18:49:05 [http-nio-8099-exec-1] INFO  org.springframework.web.servlet.DispatcherServlet - Initializing Servlet 'dispatcherServlet'
2022-10-01 18:49:05 [http-nio-8099-exec-1] INFO  org.springframework.web.servlet.DispatcherServlet - Completed initialization in 2 ms
2022-10-01 18:49:38 [MessageBroker-1] INFO  o.s.web.socket.config.WebSocketMessageBrokerStats - WebSocketSession[0 current WS(0)-HttpStream(0)-HttpPoll(0), 0 total, 0 closed abnormally (0 connect failure, 0 send limit, 0 transport error)], stompSubProtocol[processed CONNECT(0)-CONNECTED(0)-DISCONNECT(0)], stompBrokerRelay[null], inboundChannel[pool size = 0, active threads = 0, queued tasks = 0, completed tasks = 0], outboundChannel[pool size = 0, active threads = 0, queued tasks = 0, completed tasks = 0], sockJsScheduler[pool size = 1, active threads = 1, queued tasks = 0, completed tasks = 0]
2022-10-01 18:54:03 [SpringApplicationShutdownHook] INFO  o.s.m.simp.broker.SimpleBrokerMessageHandler - Stopping...
2022-10-01 18:54:03 [SpringApplicationShutdownHook] INFO  o.s.m.simp.broker.SimpleBrokerMessageHandler - BrokerAvailabilityEvent[available=false, SimpleBrokerMessageHandler [org.springframework.messaging.simp.broker.DefaultSubscriptionRegistry@34e07e65]]
2022-10-01 18:54:03 [SpringApplicationShutdownHook] INFO  o.s.m.simp.broker.SimpleBrokerMessageHandler - Stopped.
2022-10-01 18:54:05 [SpringApplicationShutdownHook] INFO  o.s.orm.jpa.LocalContainerEntityManagerFactoryBean - Closing JPA EntityManagerFactory for persistence unit 'default'
2022-10-01 18:54:05 [SpringApplicationShutdownHook] INFO  com.alibaba.druid.pool.DruidDataSource - {dataSource-1} closed
2022-10-01 18:54:11 [background-preinit] INFO  org.hibernate.validator.internal.util.Version - HV000001: Hibernate Validator 6.2.0.Final
2022-10-01 18:54:11 [main] INFO  com.xxbb.springbootapi.SpringBootApiApplication - Starting SpringBootApiApplication using Java 1.8.0_332 on 小樊的战神 with PID 19376 (E:\SpringBoot\spring-boot-api\target\classes started by Administrator in E:\SpringBoot\spring-boot-api)
2022-10-01 18:54:11 [main] INFO  com.xxbb.springbootapi.SpringBootApiApplication - The following profiles are active: prod
2022-10-01 18:54:13 [main] INFO  o.s.d.r.config.RepositoryConfigurationDelegate - Bootstrapping Spring Data JPA repositories in DEFAULT mode.
2022-10-01 18:54:13 [main] INFO  o.s.d.r.config.RepositoryConfigurationDelegate - Finished Spring Data repository scanning in 43 ms. Found 0 JPA repository interfaces.
2022-10-01 18:54:14 [main] INFO  o.s.boot.web.embedded.tomcat.TomcatWebServer - Tomcat initialized with port(s): 8099 (http)
2022-10-01 18:54:14 [main] INFO  org.apache.coyote.http11.Http11NioProtocol - Initializing ProtocolHandler ["http-nio-8099"]
2022-10-01 18:54:14 [main] INFO  org.apache.catalina.core.StandardService - Starting service [Tomcat]
2022-10-01 18:54:14 [main] INFO  org.apache.catalina.core.StandardEngine - Starting Servlet engine: [Apache Tomcat/9.0.50]
2022-10-01 18:54:15 [main] INFO  o.a.c.core.ContainerBase.[Tomcat].[localhost].[/] - Initializing Spring embedded WebApplicationContext
2022-10-01 18:54:15 [main] INFO  o.s.b.w.s.c.ServletWebServerApplicationContext - Root WebApplicationContext: initialization completed in 3144 ms
2022-10-01 18:54:15 [main] INFO  org.hibernate.jpa.internal.util.LogHelper - HHH000204: Processing PersistenceUnitInfo [name: default]
2022-10-01 18:54:15 [main] INFO  org.hibernate.Version - HHH000412: Hibernate ORM core version 5.4.32.Final
2022-10-01 18:54:15 [main] INFO  org.hibernate.annotations.common.Version - HCANN000001: Hibernate Commons Annotations {5.1.2.Final}
2022-10-01 18:54:15 [main] INFO  com.alibaba.druid.pool.DruidDataSource - {dataSource-1} inited
2022-10-01 18:54:16 [main] INFO  org.hibernate.dialect.Dialect - HHH000400: Using dialect: org.hibernate.dialect.MySQL8Dialect
2022-10-01 18:54:17 [main] INFO  o.h.e.t.jta.platform.internal.JtaPlatformInitiator - HHH000490: Using JtaPlatform implementation: [org.hibernate.engine.transaction.jta.platform.internal.NoJtaPlatform]
2022-10-01 18:54:17 [main] INFO  o.s.orm.jpa.LocalContainerEntityManagerFactoryBean - Initialized JPA EntityManagerFactory for persistence unit 'default'
2022-10-01 18:54:18 [main] INFO  cn.org.atool.fluent.mybatis.spring.MapperFactory - 

      _____   _                          _       
     |  ___| | |  _   _    ___   _ __   | |_     
     | |_    | | | | | |  / _ \ | '_ \  | __|    
     |  _|   | | | |_| | |  __/ | | | | | |_     
  __ |_|     |_|  \__,_|  \___| |_|_|_|  \__|    
 |  \/  |  _   _  | |__     __ _  | |_  (_)  ___ 
 | |\/| | | | | | | '_ \   / _` | | __| | | / __|
 | |  | | | |_| | | |_) | | (_| | | |_  | | \__ \
 |_|  |_|  \__, | |_.__/   \__,_|  \__| |_| |___/
           |___/                                 
2022-10-01 18:54:18 [main] INFO  org.apache.coyote.http11.Http11NioProtocol - Starting ProtocolHandler ["http-nio-8099"]
2022-10-01 18:54:18 [main] INFO  o.s.boot.web.embedded.tomcat.TomcatWebServer - Tomcat started on port(s): 8099 (http) with context path ''
2022-10-01 18:54:19 [main] INFO  o.s.m.simp.broker.SimpleBrokerMessageHandler - Starting...
2022-10-01 18:54:19 [main] INFO  o.s.m.simp.broker.SimpleBrokerMessageHandler - BrokerAvailabilityEvent[available=true, SimpleBrokerMessageHandler [org.springframework.messaging.simp.broker.DefaultSubscriptionRegistry@1dcad16f]]
2022-10-01 18:54:19 [main] INFO  o.s.m.simp.broker.SimpleBrokerMessageHandler - Started.
2022-10-01 18:54:19 [main] INFO  com.xxbb.springbootapi.SpringBootApiApplication - Started SpringBootApiApplication in 8.466 seconds (JVM running for 11.468)
2022-10-01 18:54:26 [http-nio-8099-exec-1] INFO  o.a.c.core.ContainerBase.[Tomcat].[localhost].[/] - Initializing Spring DispatcherServlet 'dispatcherServlet'
2022-10-01 18:54:26 [http-nio-8099-exec-1] INFO  org.springframework.web.servlet.DispatcherServlet - Initializing Servlet 'dispatcherServlet'
2022-10-01 18:54:26 [http-nio-8099-exec-1] INFO  org.springframework.web.servlet.DispatcherServlet - Completed initialization in 2 ms
2022-10-01 18:54:54 [SpringApplicationShutdownHook] INFO  o.s.m.simp.broker.SimpleBrokerMessageHandler - Stopping...
2022-10-01 18:54:54 [SpringApplicationShutdownHook] INFO  o.s.m.simp.broker.SimpleBrokerMessageHandler - BrokerAvailabilityEvent[available=false, SimpleBrokerMessageHandler [org.springframework.messaging.simp.broker.DefaultSubscriptionRegistry@1dcad16f]]
2022-10-01 18:54:54 [SpringApplicationShutdownHook] INFO  o.s.m.simp.broker.SimpleBrokerMessageHandler - Stopped.
2022-10-01 18:54:55 [SpringApplicationShutdownHook] INFO  o.s.orm.jpa.LocalContainerEntityManagerFactoryBean - Closing JPA EntityManagerFactory for persistence unit 'default'
2022-10-01 18:54:55 [SpringApplicationShutdownHook] INFO  com.alibaba.druid.pool.DruidDataSource - {dataSource-1} closed
2022-10-01 18:55:04 [background-preinit] INFO  org.hibernate.validator.internal.util.Version - HV000001: Hibernate Validator 6.2.0.Final
2022-10-01 18:55:04 [main] INFO  com.xxbb.springbootapi.SpringBootApiApplication - Starting SpringBootApiApplication using Java 1.8.0_332 on 小樊的战神 with PID 13024 (E:\SpringBoot\spring-boot-api\target\classes started by Administrator in E:\SpringBoot\spring-boot-api)
2022-10-01 18:55:04 [main] INFO  com.xxbb.springbootapi.SpringBootApiApplication - The following profiles are active: prod
2022-10-01 18:55:06 [main] INFO  o.s.d.r.config.RepositoryConfigurationDelegate - Bootstrapping Spring Data JPA repositories in DEFAULT mode.
2022-10-01 18:55:06 [main] INFO  o.s.d.r.config.RepositoryConfigurationDelegate - Finished Spring Data repository scanning in 43 ms. Found 0 JPA repository interfaces.
2022-10-01 18:55:06 [main] INFO  o.s.boot.web.embedded.tomcat.TomcatWebServer - Tomcat initialized with port(s): 8099 (http)
2022-10-01 18:55:06 [main] INFO  org.apache.coyote.http11.Http11NioProtocol - Initializing ProtocolHandler ["http-nio-8099"]
2022-10-01 18:55:06 [main] INFO  org.apache.catalina.core.StandardService - Starting service [Tomcat]
2022-10-01 18:55:06 [main] INFO  org.apache.catalina.core.StandardEngine - Starting Servlet engine: [Apache Tomcat/9.0.50]
2022-10-01 18:55:07 [main] INFO  o.a.c.core.ContainerBase.[Tomcat].[localhost].[/] - Initializing Spring embedded WebApplicationContext
2022-10-01 18:55:07 [main] INFO  o.s.b.w.s.c.ServletWebServerApplicationContext - Root WebApplicationContext: initialization completed in 2708 ms
2022-10-01 18:55:07 [main] INFO  org.hibernate.jpa.internal.util.LogHelper - HHH000204: Processing PersistenceUnitInfo [name: default]
2022-10-01 18:55:07 [main] INFO  org.hibernate.Version - HHH000412: Hibernate ORM core version 5.4.32.Final
2022-10-01 18:55:07 [main] INFO  org.hibernate.annotations.common.Version - HCANN000001: Hibernate Commons Annotations {5.1.2.Final}
2022-10-01 18:55:07 [main] INFO  com.alibaba.druid.pool.DruidDataSource - {dataSource-1} inited
2022-10-01 18:55:08 [main] INFO  org.hibernate.dialect.Dialect - HHH000400: Using dialect: org.hibernate.dialect.MySQL8Dialect
2022-10-01 18:55:09 [main] INFO  o.h.e.t.jta.platform.internal.JtaPlatformInitiator - HHH000490: Using JtaPlatform implementation: [org.hibernate.engine.transaction.jta.platform.internal.NoJtaPlatform]
2022-10-01 18:55:09 [main] INFO  o.s.orm.jpa.LocalContainerEntityManagerFactoryBean - Initialized JPA EntityManagerFactory for persistence unit 'default'
2022-10-01 18:55:09 [main] INFO  cn.org.atool.fluent.mybatis.spring.MapperFactory - 

      _____   _                          _       
     |  ___| | |  _   _    ___   _ __   | |_     
     | |_    | | | | | |  / _ \ | '_ \  | __|    
     |  _|   | | | |_| | |  __/ | | | | | |_     
  __ |_|     |_|  \__,_|  \___| |_|_|_|  \__|    
 |  \/  |  _   _  | |__     __ _  | |_  (_)  ___ 
 | |\/| | | | | | | '_ \   / _` | | __| | | / __|
 | |  | | | |_| | | |_) | | (_| | | |_  | | \__ \
 |_|  |_|  \__, | |_.__/   \__,_|  \__| |_| |___/
           |___/                                 
2022-10-01 18:55:10 [main] INFO  org.apache.coyote.http11.Http11NioProtocol - Starting ProtocolHandler ["http-nio-8099"]
2022-10-01 18:55:10 [main] INFO  o.s.boot.web.embedded.tomcat.TomcatWebServer - Tomcat started on port(s): 8099 (http) with context path ''
2022-10-01 18:55:11 [main] INFO  o.s.m.simp.broker.SimpleBrokerMessageHandler - Starting...
2022-10-01 18:55:11 [main] INFO  o.s.m.simp.broker.SimpleBrokerMessageHandler - BrokerAvailabilityEvent[available=true, SimpleBrokerMessageHandler [org.springframework.messaging.simp.broker.DefaultSubscriptionRegistry@7ca0166c]]
2022-10-01 18:55:11 [main] INFO  o.s.m.simp.broker.SimpleBrokerMessageHandler - Started.
2022-10-01 18:55:11 [main] INFO  com.xxbb.springbootapi.SpringBootApiApplication - Started SpringBootApiApplication in 7.581 seconds (JVM running for 10.602)
2022-10-01 18:55:20 [http-nio-8099-exec-1] INFO  o.a.c.core.ContainerBase.[Tomcat].[localhost].[/] - Initializing Spring DispatcherServlet 'dispatcherServlet'
2022-10-01 18:55:20 [http-nio-8099-exec-1] INFO  org.springframework.web.servlet.DispatcherServlet - Initializing Servlet 'dispatcherServlet'
2022-10-01 18:55:20 [http-nio-8099-exec-1] INFO  org.springframework.web.servlet.DispatcherServlet - Completed initialization in 3 ms
2022-10-01 18:56:10 [MessageBroker-1] INFO  o.s.web.socket.config.WebSocketMessageBrokerStats - WebSocketSession[0 current WS(0)-HttpStream(0)-HttpPoll(0), 0 total, 0 closed abnormally (0 connect failure, 0 send limit, 0 transport error)], stompSubProtocol[processed CONNECT(0)-CONNECTED(0)-DISCONNECT(0)], stompBrokerRelay[null], inboundChannel[pool size = 0, active threads = 0, queued tasks = 0, completed tasks = 0], outboundChannel[pool size = 0, active threads = 0, queued tasks = 0, completed tasks = 0], sockJsScheduler[pool size = 1, active threads = 1, queued tasks = 0, completed tasks = 0]
2022-10-01 18:57:33 [SpringApplicationShutdownHook] INFO  o.s.m.simp.broker.SimpleBrokerMessageHandler - Stopping...
2022-10-01 18:57:33 [SpringApplicationShutdownHook] INFO  o.s.m.simp.broker.SimpleBrokerMessageHandler - BrokerAvailabilityEvent[available=false, SimpleBrokerMessageHandler [org.springframework.messaging.simp.broker.DefaultSubscriptionRegistry@7ca0166c]]
2022-10-01 18:57:33 [SpringApplicationShutdownHook] INFO  o.s.m.simp.broker.SimpleBrokerMessageHandler - Stopped.
2022-10-01 18:57:34 [SpringApplicationShutdownHook] INFO  o.s.orm.jpa.LocalContainerEntityManagerFactoryBean - Closing JPA EntityManagerFactory for persistence unit 'default'
2022-10-01 18:57:34 [SpringApplicationShutdownHook] INFO  com.alibaba.druid.pool.DruidDataSource - {dataSource-1} closed
2022-10-01 18:57:46 [main] INFO  com.xxbb.springbootapi.SpringBootApiApplication - Starting SpringBootApiApplication using Java 1.8.0_332 on 小樊的战神 with PID 24240 (E:\SpringBoot\spring-boot-api\target\classes started by Administrator in E:\SpringBoot\spring-boot-api)
2022-10-01 18:57:46 [background-preinit] INFO  org.hibernate.validator.internal.util.Version - HV000001: Hibernate Validator 6.2.0.Final
2022-10-01 18:57:46 [main] INFO  com.xxbb.springbootapi.SpringBootApiApplication - The following profiles are active: prod
2022-10-01 18:57:48 [main] INFO  o.s.d.r.config.RepositoryConfigurationDelegate - Bootstrapping Spring Data JPA repositories in DEFAULT mode.
2022-10-01 18:57:48 [main] INFO  o.s.d.r.config.RepositoryConfigurationDelegate - Finished Spring Data repository scanning in 45 ms. Found 0 JPA repository interfaces.
2022-10-01 18:57:49 [main] INFO  o.s.boot.web.embedded.tomcat.TomcatWebServer - Tomcat initialized with port(s): 8099 (http)
2022-10-01 18:57:49 [main] INFO  org.apache.coyote.http11.Http11NioProtocol - Initializing ProtocolHandler ["http-nio-8099"]
2022-10-01 18:57:49 [main] INFO  org.apache.catalina.core.StandardService - Starting service [Tomcat]
2022-10-01 18:57:49 [main] INFO  org.apache.catalina.core.StandardEngine - Starting Servlet engine: [Apache Tomcat/9.0.50]
2022-10-01 18:57:50 [main] INFO  o.a.c.core.ContainerBase.[Tomcat].[localhost].[/] - Initializing Spring embedded WebApplicationContext
2022-10-01 18:57:50 [main] INFO  o.s.b.w.s.c.ServletWebServerApplicationContext - Root WebApplicationContext: initialization completed in 3364 ms
2022-10-01 18:57:50 [main] INFO  org.hibernate.jpa.internal.util.LogHelper - HHH000204: Processing PersistenceUnitInfo [name: default]
2022-10-01 18:57:50 [main] INFO  org.hibernate.Version - HHH000412: Hibernate ORM core version 5.4.32.Final
2022-10-01 18:57:50 [main] INFO  org.hibernate.annotations.common.Version - HCANN000001: Hibernate Commons Annotations {5.1.2.Final}
2022-10-01 18:57:50 [main] INFO  com.alibaba.druid.pool.DruidDataSource - {dataSource-1} inited
2022-10-01 18:57:51 [main] INFO  org.hibernate.dialect.Dialect - HHH000400: Using dialect: org.hibernate.dialect.MySQL8Dialect
2022-10-01 18:57:52 [main] INFO  o.h.e.t.jta.platform.internal.JtaPlatformInitiator - HHH000490: Using JtaPlatform implementation: [org.hibernate.engine.transaction.jta.platform.internal.NoJtaPlatform]
2022-10-01 18:57:52 [main] INFO  o.s.orm.jpa.LocalContainerEntityManagerFactoryBean - Initialized JPA EntityManagerFactory for persistence unit 'default'
2022-10-01 18:57:53 [main] INFO  cn.org.atool.fluent.mybatis.spring.MapperFactory - 

      _____   _                          _       
     |  ___| | |  _   _    ___   _ __   | |_     
     | |_    | | | | | |  / _ \ | '_ \  | __|    
     |  _|   | | | |_| | |  __/ | | | | | |_     
  __ |_|     |_|  \__,_|  \___| |_|_|_|  \__|    
 |  \/  |  _   _  | |__     __ _  | |_  (_)  ___ 
 | |\/| | | | | | | '_ \   / _` | | __| | | / __|
 | |  | | | |_| | | |_) | | (_| | | |_  | | \__ \
 |_|  |_|  \__, | |_.__/   \__,_|  \__| |_| |___/
           |___/                                 
2022-10-01 18:57:53 [main] INFO  org.apache.coyote.http11.Http11NioProtocol - Starting ProtocolHandler ["http-nio-8099"]
2022-10-01 18:57:54 [main] INFO  o.s.boot.web.embedded.tomcat.TomcatWebServer - Tomcat started on port(s): 8099 (http) with context path ''
2022-10-01 18:57:54 [main] INFO  o.s.m.simp.broker.SimpleBrokerMessageHandler - Starting...
2022-10-01 18:57:54 [main] INFO  o.s.m.simp.broker.SimpleBrokerMessageHandler - BrokerAvailabilityEvent[available=true, SimpleBrokerMessageHandler [org.springframework.messaging.simp.broker.DefaultSubscriptionRegistry@4738131e]]
2022-10-01 18:57:54 [main] INFO  o.s.m.simp.broker.SimpleBrokerMessageHandler - Started.
2022-10-01 18:57:54 [main] INFO  com.xxbb.springbootapi.SpringBootApiApplication - Started SpringBootApiApplication in 9.117 seconds (JVM running for 12.191)
2022-10-01 18:58:03 [http-nio-8099-exec-1] INFO  o.a.c.core.ContainerBase.[Tomcat].[localhost].[/] - Initializing Spring DispatcherServlet 'dispatcherServlet'
2022-10-01 18:58:03 [http-nio-8099-exec-1] INFO  org.springframework.web.servlet.DispatcherServlet - Initializing Servlet 'dispatcherServlet'
2022-10-01 18:58:03 [http-nio-8099-exec-1] INFO  org.springframework.web.servlet.DispatcherServlet - Completed initialization in 3 ms
2022-10-01 18:58:53 [MessageBroker-1] INFO  o.s.web.socket.config.WebSocketMessageBrokerStats - WebSocketSession[0 current WS(0)-HttpStream(0)-HttpPoll(0), 0 total, 0 closed abnormally (0 connect failure, 0 send limit, 0 transport error)], stompSubProtocol[processed CONNECT(0)-CONNECTED(0)-DISCONNECT(0)], stompBrokerRelay[null], inboundChannel[pool size = 0, active threads = 0, queued tasks = 0, completed tasks = 0], outboundChannel[pool size = 0, active threads = 0, queued tasks = 0, completed tasks = 0], sockJsScheduler[pool size = 1, active threads = 1, queued tasks = 0, completed tasks = 0]
2022-10-01 19:01:40 [SpringApplicationShutdownHook] INFO  o.s.m.simp.broker.SimpleBrokerMessageHandler - Stopping...
2022-10-01 19:01:40 [SpringApplicationShutdownHook] INFO  o.s.m.simp.broker.SimpleBrokerMessageHandler - BrokerAvailabilityEvent[available=false, SimpleBrokerMessageHandler [org.springframework.messaging.simp.broker.DefaultSubscriptionRegistry@4738131e]]
2022-10-01 19:01:40 [SpringApplicationShutdownHook] INFO  o.s.m.simp.broker.SimpleBrokerMessageHandler - Stopped.
2022-10-01 19:01:41 [SpringApplicationShutdownHook] INFO  o.s.orm.jpa.LocalContainerEntityManagerFactoryBean - Closing JPA EntityManagerFactory for persistence unit 'default'
2022-10-01 19:01:41 [SpringApplicationShutdownHook] INFO  com.alibaba.druid.pool.DruidDataSource - {dataSource-1} closed
2022-10-01 19:01:48 [background-preinit] INFO  org.hibernate.validator.internal.util.Version - HV000001: Hibernate Validator 6.2.0.Final
2022-10-01 19:01:48 [main] INFO  com.xxbb.springbootapi.SpringBootApiApplication - Starting SpringBootApiApplication using Java 1.8.0_332 on 小樊的战神 with PID 24860 (E:\SpringBoot\spring-boot-api\target\classes started by Administrator in E:\SpringBoot\spring-boot-api)
2022-10-01 19:01:48 [main] INFO  com.xxbb.springbootapi.SpringBootApiApplication - The following profiles are active: prod
2022-10-01 19:01:49 [main] INFO  o.s.d.r.config.RepositoryConfigurationDelegate - Bootstrapping Spring Data JPA repositories in DEFAULT mode.
2022-10-01 19:01:49 [main] INFO  o.s.d.r.config.RepositoryConfigurationDelegate - Finished Spring Data repository scanning in 36 ms. Found 0 JPA repository interfaces.
2022-10-01 19:01:50 [main] INFO  o.s.boot.web.embedded.tomcat.TomcatWebServer - Tomcat initialized with port(s): 8099 (http)
2022-10-01 19:01:50 [main] INFO  org.apache.coyote.http11.Http11NioProtocol - Initializing ProtocolHandler ["http-nio-8099"]
2022-10-01 19:01:50 [main] INFO  org.apache.catalina.core.StandardService - Starting service [Tomcat]
2022-10-01 19:01:50 [main] INFO  org.apache.catalina.core.StandardEngine - Starting Servlet engine: [Apache Tomcat/9.0.50]
2022-10-01 19:01:51 [main] INFO  o.a.c.core.ContainerBase.[Tomcat].[localhost].[/] - Initializing Spring embedded WebApplicationContext
2022-10-01 19:01:51 [main] INFO  o.s.b.w.s.c.ServletWebServerApplicationContext - Root WebApplicationContext: initialization completed in 2895 ms
2022-10-01 19:01:51 [main] INFO  org.hibernate.jpa.internal.util.LogHelper - HHH000204: Processing PersistenceUnitInfo [name: default]
2022-10-01 19:01:51 [main] INFO  org.hibernate.Version - HHH000412: Hibernate ORM core version 5.4.32.Final
2022-10-01 19:01:51 [main] INFO  org.hibernate.annotations.common.Version - HCANN000001: Hibernate Commons Annotations {5.1.2.Final}
2022-10-01 19:01:51 [main] INFO  com.alibaba.druid.pool.DruidDataSource - {dataSource-1} inited
2022-10-01 19:01:51 [main] INFO  org.hibernate.dialect.Dialect - HHH000400: Using dialect: org.hibernate.dialect.MySQL8Dialect
2022-10-01 19:01:53 [main] INFO  o.h.e.t.jta.platform.internal.JtaPlatformInitiator - HHH000490: Using JtaPlatform implementation: [org.hibernate.engine.transaction.jta.platform.internal.NoJtaPlatform]
2022-10-01 19:01:53 [main] INFO  o.s.orm.jpa.LocalContainerEntityManagerFactoryBean - Initialized JPA EntityManagerFactory for persistence unit 'default'
2022-10-01 19:01:54 [main] INFO  cn.org.atool.fluent.mybatis.spring.MapperFactory - 

      _____   _                          _       
     |  ___| | |  _   _    ___   _ __   | |_     
     | |_    | | | | | |  / _ \ | '_ \  | __|    
     |  _|   | | | |_| | |  __/ | | | | | |_     
  __ |_|     |_|  \__,_|  \___| |_|_|_|  \__|    
 |  \/  |  _   _  | |__     __ _  | |_  (_)  ___ 
 | |\/| | | | | | | '_ \   / _` | | __| | | / __|
 | |  | | | |_| | | |_) | | (_| | | |_  | | \__ \
 |_|  |_|  \__, | |_.__/   \__,_|  \__| |_| |___/
           |___/                                 
2022-10-01 19:01:54 [main] INFO  org.apache.coyote.http11.Http11NioProtocol - Starting ProtocolHandler ["http-nio-8099"]
2022-10-01 19:01:54 [main] INFO  o.s.boot.web.embedded.tomcat.TomcatWebServer - Tomcat started on port(s): 8099 (http) with context path ''
2022-10-01 19:01:55 [main] INFO  o.s.m.simp.broker.SimpleBrokerMessageHandler - Starting...
2022-10-01 19:01:55 [main] INFO  o.s.m.simp.broker.SimpleBrokerMessageHandler - BrokerAvailabilityEvent[available=true, SimpleBrokerMessageHandler [org.springframework.messaging.simp.broker.DefaultSubscriptionRegistry@6a116354]]
2022-10-01 19:01:55 [main] INFO  o.s.m.simp.broker.SimpleBrokerMessageHandler - Started.
2022-10-01 19:01:55 [main] INFO  com.xxbb.springbootapi.SpringBootApiApplication - Started SpringBootApiApplication in 8.236 seconds (JVM running for 11.095)
2022-10-01 19:02:14 [http-nio-8099-exec-1] INFO  o.a.c.core.ContainerBase.[Tomcat].[localhost].[/] - Initializing Spring DispatcherServlet 'dispatcherServlet'
2022-10-01 19:02:14 [http-nio-8099-exec-1] INFO  org.springframework.web.servlet.DispatcherServlet - Initializing Servlet 'dispatcherServlet'
2022-10-01 19:02:14 [http-nio-8099-exec-1] INFO  org.springframework.web.servlet.DispatcherServlet - Completed initialization in 5 ms
2022-10-01 19:02:54 [MessageBroker-1] INFO  o.s.web.socket.config.WebSocketMessageBrokerStats - WebSocketSession[0 current WS(0)-HttpStream(0)-HttpPoll(0), 0 total, 0 closed abnormally (0 connect failure, 0 send limit, 0 transport error)], stompSubProtocol[processed CONNECT(0)-CONNECTED(0)-DISCONNECT(0)], stompBrokerRelay[null], inboundChannel[pool size = 0, active threads = 0, queued tasks = 0, completed tasks = 0], outboundChannel[pool size = 0, active threads = 0, queued tasks = 0, completed tasks = 0], sockJsScheduler[pool size = 1, active threads = 1, queued tasks = 0, completed tasks = 0]
2022-10-01 19:03:37 [SpringApplicationShutdownHook] INFO  o.s.m.simp.broker.SimpleBrokerMessageHandler - Stopping...
2022-10-01 19:03:37 [SpringApplicationShutdownHook] INFO  o.s.m.simp.broker.SimpleBrokerMessageHandler - BrokerAvailabilityEvent[available=false, SimpleBrokerMessageHandler [org.springframework.messaging.simp.broker.DefaultSubscriptionRegistry@6a116354]]
2022-10-01 19:03:37 [SpringApplicationShutdownHook] INFO  o.s.m.simp.broker.SimpleBrokerMessageHandler - Stopped.
2022-10-01 19:03:50 [main] INFO  com.xxbb.springbootapi.SpringBootApiApplication - Starting SpringBootApiApplication using Java 1.8.0_332 on 小樊的战神 with PID 17824 (E:\SpringBoot\spring-boot-api\target\classes started by Administrator in E:\SpringBoot\spring-boot-api)
2022-10-01 19:03:50 [main] INFO  com.xxbb.springbootapi.SpringBootApiApplication - The following profiles are active: prod
2022-10-01 19:03:50 [background-preinit] INFO  org.hibernate.validator.internal.util.Version - HV000001: Hibernate Validator 6.2.0.Final
2022-10-01 19:03:51 [main] INFO  o.s.d.r.config.RepositoryConfigurationDelegate - Bootstrapping Spring Data JPA repositories in DEFAULT mode.
2022-10-01 19:03:52 [main] INFO  o.s.d.r.config.RepositoryConfigurationDelegate - Finished Spring Data repository scanning in 44 ms. Found 0 JPA repository interfaces.
2022-10-01 19:03:52 [main] INFO  o.s.boot.web.embedded.tomcat.TomcatWebServer - Tomcat initialized with port(s): 8099 (http)
2022-10-01 19:03:52 [main] INFO  org.apache.coyote.http11.Http11NioProtocol - Initializing ProtocolHandler ["http-nio-8099"]
2022-10-01 19:03:52 [main] INFO  org.apache.catalina.core.StandardService - Starting service [Tomcat]
2022-10-01 19:03:52 [main] INFO  org.apache.catalina.core.StandardEngine - Starting Servlet engine: [Apache Tomcat/9.0.50]
2022-10-01 19:03:53 [main] INFO  o.a.c.core.ContainerBase.[Tomcat].[localhost].[/] - Initializing Spring embedded WebApplicationContext
2022-10-01 19:03:53 [main] INFO  o.s.b.w.s.c.ServletWebServerApplicationContext - Root WebApplicationContext: initialization completed in 3027 ms
2022-10-01 19:03:53 [main] INFO  org.hibernate.jpa.internal.util.LogHelper - HHH000204: Processing PersistenceUnitInfo [name: default]
2022-10-01 19:03:53 [main] INFO  org.hibernate.Version - HHH000412: Hibernate ORM core version 5.4.32.Final
2022-10-01 19:03:53 [main] INFO  org.hibernate.annotations.common.Version - HCANN000001: Hibernate Commons Annotations {5.1.2.Final}
2022-10-01 19:03:53 [main] INFO  com.alibaba.druid.pool.DruidDataSource - {dataSource-1} inited
2022-10-01 19:03:54 [main] INFO  org.hibernate.dialect.Dialect - HHH000400: Using dialect: org.hibernate.dialect.MySQL8Dialect
2022-10-01 19:03:55 [main] INFO  o.h.e.t.jta.platform.internal.JtaPlatformInitiator - HHH000490: Using JtaPlatform implementation: [org.hibernate.engine.transaction.jta.platform.internal.NoJtaPlatform]
2022-10-01 19:03:55 [main] INFO  o.s.orm.jpa.LocalContainerEntityManagerFactoryBean - Initialized JPA EntityManagerFactory for persistence unit 'default'
2022-10-01 19:03:56 [main] INFO  cn.org.atool.fluent.mybatis.spring.MapperFactory - 

      _____   _                          _       
     |  ___| | |  _   _    ___   _ __   | |_     
     | |_    | | | | | |  / _ \ | '_ \  | __|    
     |  _|   | | | |_| | |  __/ | | | | | |_     
  __ |_|     |_|  \__,_|  \___| |_|_|_|  \__|    
 |  \/  |  _   _  | |__     __ _  | |_  (_)  ___ 
 | |\/| | | | | | | '_ \   / _` | | __| | | / __|
 | |  | | | |_| | | |_) | | (_| | | |_  | | \__ \
 |_|  |_|  \__, | |_.__/   \__,_|  \__| |_| |___/
           |___/                                 
2022-10-01 19:03:56 [main] INFO  org.apache.coyote.http11.Http11NioProtocol - Starting ProtocolHandler ["http-nio-8099"]
2022-10-01 19:03:56 [main] INFO  o.s.boot.web.embedded.tomcat.TomcatWebServer - Tomcat started on port(s): 8099 (http) with context path ''
2022-10-01 19:03:57 [main] INFO  o.s.m.simp.broker.SimpleBrokerMessageHandler - Starting...
2022-10-01 19:03:57 [main] INFO  o.s.m.simp.broker.SimpleBrokerMessageHandler - BrokerAvailabilityEvent[available=true, SimpleBrokerMessageHandler [org.springframework.messaging.simp.broker.DefaultSubscriptionRegistry@4738131e]]
2022-10-01 19:03:57 [main] INFO  o.s.m.simp.broker.SimpleBrokerMessageHandler - Started.
2022-10-01 19:03:57 [main] INFO  com.xxbb.springbootapi.SpringBootApiApplication - Started SpringBootApiApplication in 8.695 seconds (JVM running for 11.502)
2022-10-01 19:04:13 [http-nio-8099-exec-1] INFO  o.a.c.core.ContainerBase.[Tomcat].[localhost].[/] - Initializing Spring DispatcherServlet 'dispatcherServlet'
2022-10-01 19:04:13 [http-nio-8099-exec-1] INFO  org.springframework.web.servlet.DispatcherServlet - Initializing Servlet 'dispatcherServlet'
2022-10-01 19:04:13 [http-nio-8099-exec-1] INFO  org.springframework.web.servlet.DispatcherServlet - Completed initialization in 2 ms
2022-10-01 19:04:42 [SpringApplicationShutdownHook] INFO  o.s.m.simp.broker.SimpleBrokerMessageHandler - Stopping...
2022-10-01 19:04:42 [SpringApplicationShutdownHook] INFO  o.s.m.simp.broker.SimpleBrokerMessageHandler - BrokerAvailabilityEvent[available=false, SimpleBrokerMessageHandler [org.springframework.messaging.simp.broker.DefaultSubscriptionRegistry@4738131e]]
2022-10-01 19:04:42 [SpringApplicationShutdownHook] INFO  o.s.m.simp.broker.SimpleBrokerMessageHandler - Stopped.
2022-10-01 19:04:44 [SpringApplicationShutdownHook] INFO  o.s.orm.jpa.LocalContainerEntityManagerFactoryBean - Closing JPA EntityManagerFactory for persistence unit 'default'
2022-10-01 19:04:44 [SpringApplicationShutdownHook] INFO  com.alibaba.druid.pool.DruidDataSource - {dataSource-1} closed
2022-10-01 19:04:51 [background-preinit] INFO  org.hibernate.validator.internal.util.Version - HV000001: Hibernate Validator 6.2.0.Final
2022-10-01 19:04:51 [main] INFO  com.xxbb.springbootapi.SpringBootApiApplication - Starting SpringBootApiApplication using Java 1.8.0_332 on 小樊的战神 with PID 11576 (E:\SpringBoot\spring-boot-api\target\classes started by Administrator in E:\SpringBoot\spring-boot-api)
2022-10-01 19:04:51 [main] INFO  com.xxbb.springbootapi.SpringBootApiApplication - The following profiles are active: prod
2022-10-01 19:04:53 [main] INFO  o.s.d.r.config.RepositoryConfigurationDelegate - Bootstrapping Spring Data JPA repositories in DEFAULT mode.
2022-10-01 19:04:53 [main] INFO  o.s.d.r.config.RepositoryConfigurationDelegate - Finished Spring Data repository scanning in 43 ms. Found 0 JPA repository interfaces.
2022-10-01 19:04:54 [main] INFO  o.s.boot.web.embedded.tomcat.TomcatWebServer - Tomcat initialized with port(s): 8099 (http)
2022-10-01 19:04:54 [main] INFO  org.apache.coyote.http11.Http11NioProtocol - Initializing ProtocolHandler ["http-nio-8099"]
2022-10-01 19:04:54 [main] INFO  org.apache.catalina.core.StandardService - Starting service [Tomcat]
2022-10-01 19:04:54 [main] INFO  org.apache.catalina.core.StandardEngine - Starting Servlet engine: [Apache Tomcat/9.0.50]
2022-10-01 19:04:54 [main] INFO  o.a.c.core.ContainerBase.[Tomcat].[localhost].[/] - Initializing Spring embedded WebApplicationContext
2022-10-01 19:04:54 [main] INFO  o.s.b.w.s.c.ServletWebServerApplicationContext - Root WebApplicationContext: initialization completed in 3508 ms
2022-10-01 19:04:55 [main] INFO  org.hibernate.jpa.internal.util.LogHelper - HHH000204: Processing PersistenceUnitInfo [name: default]
2022-10-01 19:04:55 [main] INFO  org.hibernate.Version - HHH000412: Hibernate ORM core version 5.4.32.Final
2022-10-01 19:04:55 [main] INFO  org.hibernate.annotations.common.Version - HCANN000001: Hibernate Commons Annotations {5.1.2.Final}
2022-10-01 19:04:55 [main] INFO  com.alibaba.druid.pool.DruidDataSource - {dataSource-1} inited
2022-10-01 19:04:56 [main] INFO  org.hibernate.dialect.Dialect - HHH000400: Using dialect: org.hibernate.dialect.MySQL8Dialect
2022-10-01 19:04:57 [main] INFO  o.h.e.t.jta.platform.internal.JtaPlatformInitiator - HHH000490: Using JtaPlatform implementation: [org.hibernate.engine.transaction.jta.platform.internal.NoJtaPlatform]
2022-10-01 19:04:57 [main] INFO  o.s.orm.jpa.LocalContainerEntityManagerFactoryBean - Initialized JPA EntityManagerFactory for persistence unit 'default'
2022-10-01 19:05:00 [main] INFO  cn.org.atool.fluent.mybatis.spring.MapperFactory - 

      _____   _                          _       
     |  ___| | |  _   _    ___   _ __   | |_     
     | |_    | | | | | |  / _ \ | '_ \  | __|    
     |  _|   | | | |_| | |  __/ | | | | | |_     
  __ |_|     |_|  \__,_|  \___| |_|_|_|  \__|    
 |  \/  |  _   _  | |__     __ _  | |_  (_)  ___ 
 | |\/| | | | | | | '_ \   / _` | | __| | | / __|
 | |  | | | |_| | | |_) | | (_| | | |_  | | \__ \
 |_|  |_|  \__, | |_.__/   \__,_|  \__| |_| |___/
           |___/                                 
2022-10-01 19:05:01 [main] INFO  org.apache.coyote.http11.Http11NioProtocol - Starting ProtocolHandler ["http-nio-8099"]
2022-10-01 19:05:01 [main] INFO  o.s.boot.web.embedded.tomcat.TomcatWebServer - Tomcat started on port(s): 8099 (http) with context path ''
2022-10-01 19:05:03 [main] INFO  o.s.m.simp.broker.SimpleBrokerMessageHandler - Starting...
2022-10-01 19:05:03 [main] INFO  o.s.m.simp.broker.SimpleBrokerMessageHandler - BrokerAvailabilityEvent[available=true, SimpleBrokerMessageHandler [org.springframework.messaging.simp.broker.DefaultSubscriptionRegistry@28295554]]
2022-10-01 19:05:03 [main] INFO  o.s.m.simp.broker.SimpleBrokerMessageHandler - Started.
2022-10-01 19:05:03 [main] INFO  com.xxbb.springbootapi.SpringBootApiApplication - Started SpringBootApiApplication in 12.868 seconds (JVM running for 15.791)
2022-10-01 19:05:22 [http-nio-8099-exec-1] INFO  o.a.c.core.ContainerBase.[Tomcat].[localhost].[/] - Initializing Spring DispatcherServlet 'dispatcherServlet'
2022-10-01 19:05:22 [http-nio-8099-exec-1] INFO  org.springframework.web.servlet.DispatcherServlet - Initializing Servlet 'dispatcherServlet'
2022-10-01 19:05:22 [http-nio-8099-exec-1] INFO  org.springframework.web.servlet.DispatcherServlet - Completed initialization in 2 ms
2022-10-01 19:06:12 [MessageBroker-1] INFO  o.s.web.socket.config.WebSocketMessageBrokerStats - WebSocketSession[0 current WS(0)-HttpStream(0)-HttpPoll(0), 0 total, 0 closed abnormally (0 connect failure, 0 send limit, 0 transport error)], stompSubProtocol[processed CONNECT(0)-CONNECTED(0)-DISCONNECT(0)], stompBrokerRelay[null], inboundChannel[pool size = 0, active threads = 0, queued tasks = 0, completed tasks = 0], outboundChannel[pool size = 0, active threads = 0, queued tasks = 0, completed tasks = 0], sockJsScheduler[pool size = 1, active threads = 1, queued tasks = 0, completed tasks = 0]
2022-10-01 19:13:01 [SpringApplicationShutdownHook] INFO  o.s.m.simp.broker.SimpleBrokerMessageHandler - Stopping...
2022-10-01 19:13:01 [SpringApplicationShutdownHook] INFO  o.s.m.simp.broker.SimpleBrokerMessageHandler - BrokerAvailabilityEvent[available=false, SimpleBrokerMessageHandler [org.springframework.messaging.simp.broker.DefaultSubscriptionRegistry@28295554]]
2022-10-01 19:13:01 [SpringApplicationShutdownHook] INFO  o.s.m.simp.broker.SimpleBrokerMessageHandler - Stopped.
2022-10-01 19:13:02 [SpringApplicationShutdownHook] INFO  o.s.orm.jpa.LocalContainerEntityManagerFactoryBean - Closing JPA EntityManagerFactory for persistence unit 'default'
2022-10-01 19:13:02 [SpringApplicationShutdownHook] INFO  com.alibaba.druid.pool.DruidDataSource - {dataSource-1} closed
2022-10-01 19:13:09 [background-preinit] INFO  org.hibernate.validator.internal.util.Version - HV000001: Hibernate Validator 6.2.0.Final
2022-10-01 19:13:09 [main] INFO  com.xxbb.springbootapi.SpringBootApiApplication - Starting SpringBootApiApplication using Java 1.8.0_332 on 小樊的战神 with PID 10424 (E:\SpringBoot\spring-boot-api\target\classes started by Administrator in E:\SpringBoot\spring-boot-api)
2022-10-01 19:13:09 [main] INFO  com.xxbb.springbootapi.SpringBootApiApplication - The following profiles are active: prod
2022-10-01 19:13:11 [main] INFO  o.s.d.r.config.RepositoryConfigurationDelegate - Bootstrapping Spring Data JPA repositories in DEFAULT mode.
2022-10-01 19:13:11 [main] INFO  o.s.d.r.config.RepositoryConfigurationDelegate - Finished Spring Data repository scanning in 56 ms. Found 0 JPA repository interfaces.
2022-10-01 19:13:12 [main] INFO  o.s.boot.web.embedded.tomcat.TomcatWebServer - Tomcat initialized with port(s): 8099 (http)
2022-10-01 19:13:12 [main] INFO  org.apache.coyote.http11.Http11NioProtocol - Initializing ProtocolHandler ["http-nio-8099"]
2022-10-01 19:13:12 [main] INFO  org.apache.catalina.core.StandardService - Starting service [Tomcat]
2022-10-01 19:13:12 [main] INFO  org.apache.catalina.core.StandardEngine - Starting Servlet engine: [Apache Tomcat/9.0.50]
2022-10-01 19:13:12 [main] INFO  o.a.c.core.ContainerBase.[Tomcat].[localhost].[/] - Initializing Spring embedded WebApplicationContext
2022-10-01 19:13:12 [main] INFO  o.s.b.w.s.c.ServletWebServerApplicationContext - Root WebApplicationContext: initialization completed in 3491 ms
2022-10-01 19:13:13 [main] INFO  org.hibernate.jpa.internal.util.LogHelper - HHH000204: Processing PersistenceUnitInfo [name: default]
2022-10-01 19:13:13 [main] INFO  org.hibernate.Version - HHH000412: Hibernate ORM core version 5.4.32.Final
2022-10-01 19:13:13 [main] INFO  org.hibernate.annotations.common.Version - HCANN000001: Hibernate Commons Annotations {5.1.2.Final}
2022-10-01 19:13:13 [main] INFO  com.alibaba.druid.pool.DruidDataSource - {dataSource-1} inited
2022-10-01 19:13:14 [main] INFO  org.hibernate.dialect.Dialect - HHH000400: Using dialect: org.hibernate.dialect.MySQL8Dialect
2022-10-01 19:13:15 [main] INFO  o.h.e.t.jta.platform.internal.JtaPlatformInitiator - HHH000490: Using JtaPlatform implementation: [org.hibernate.engine.transaction.jta.platform.internal.NoJtaPlatform]
2022-10-01 19:13:15 [main] INFO  o.s.orm.jpa.LocalContainerEntityManagerFactoryBean - Initialized JPA EntityManagerFactory for persistence unit 'default'
2022-10-01 19:13:17 [main] INFO  cn.org.atool.fluent.mybatis.spring.MapperFactory - 

      _____   _                          _       
     |  ___| | |  _   _    ___   _ __   | |_     
     | |_    | | | | | |  / _ \ | '_ \  | __|    
     |  _|   | | | |_| | |  __/ | | | | | |_     
  __ |_|     |_|  \__,_|  \___| |_|_|_|  \__|    
 |  \/  |  _   _  | |__     __ _  | |_  (_)  ___ 
 | |\/| | | | | | | '_ \   / _` | | __| | | / __|
 | |  | | | |_| | | |_) | | (_| | | |_  | | \__ \
 |_|  |_|  \__, | |_.__/   \__,_|  \__| |_| |___/
           |___/                                 
2022-10-01 19:13:18 [main] INFO  org.apache.coyote.http11.Http11NioProtocol - Starting ProtocolHandler ["http-nio-8099"]
2022-10-01 19:13:18 [main] INFO  o.s.boot.web.embedded.tomcat.TomcatWebServer - Tomcat started on port(s): 8099 (http) with context path ''
2022-10-01 19:13:19 [main] INFO  o.s.m.simp.broker.SimpleBrokerMessageHandler - Starting...
2022-10-01 19:13:19 [main] INFO  o.s.m.simp.broker.SimpleBrokerMessageHandler - BrokerAvailabilityEvent[available=true, SimpleBrokerMessageHandler [org.springframework.messaging.simp.broker.DefaultSubscriptionRegistry@62f37bfd]]
2022-10-01 19:13:19 [main] INFO  o.s.m.simp.broker.SimpleBrokerMessageHandler - Started.
2022-10-01 19:13:19 [main] INFO  com.xxbb.springbootapi.SpringBootApiApplication - Started SpringBootApiApplication in 11.505 seconds (JVM running for 14.533)
2022-10-01 19:13:55 [http-nio-8099-exec-1] INFO  o.a.c.core.ContainerBase.[Tomcat].[localhost].[/] - Initializing Spring DispatcherServlet 'dispatcherServlet'
2022-10-01 19:13:55 [http-nio-8099-exec-1] INFO  org.springframework.web.servlet.DispatcherServlet - Initializing Servlet 'dispatcherServlet'
2022-10-01 19:13:55 [http-nio-8099-exec-1] INFO  org.springframework.web.servlet.DispatcherServlet - Completed initialization in 2 ms
2022-10-01 19:14:17 [MessageBroker-1] INFO  o.s.web.socket.config.WebSocketMessageBrokerStats - WebSocketSession[0 current WS(0)-HttpStream(0)-HttpPoll(0), 0 total, 0 closed abnormally (0 connect failure, 0 send limit, 0 transport error)], stompSubProtocol[processed CONNECT(0)-CONNECTED(0)-DISCONNECT(0)], stompBrokerRelay[null], inboundChannel[pool size = 0, active threads = 0, queued tasks = 0, completed tasks = 0], outboundChannel[pool size = 0, active threads = 0, queued tasks = 0, completed tasks = 0], sockJsScheduler[pool size = 1, active threads = 1, queued tasks = 0, completed tasks = 0]
2022-10-01 19:15:45 [SpringApplicationShutdownHook] INFO  o.s.m.simp.broker.SimpleBrokerMessageHandler - Stopping...
2022-10-01 19:15:45 [SpringApplicationShutdownHook] INFO  o.s.m.simp.broker.SimpleBrokerMessageHandler - BrokerAvailabilityEvent[available=false, SimpleBrokerMessageHandler [org.springframework.messaging.simp.broker.DefaultSubscriptionRegistry@62f37bfd]]
2022-10-01 19:15:45 [SpringApplicationShutdownHook] INFO  o.s.m.simp.broker.SimpleBrokerMessageHandler - Stopped.
2022-10-01 19:15:46 [SpringApplicationShutdownHook] INFO  o.s.orm.jpa.LocalContainerEntityManagerFactoryBean - Closing JPA EntityManagerFactory for persistence unit 'default'
2022-10-01 19:15:46 [SpringApplicationShutdownHook] INFO  com.alibaba.druid.pool.DruidDataSource - {dataSource-1} closed
2022-10-01 19:15:58 [background-preinit] INFO  org.hibernate.validator.internal.util.Version - HV000001: Hibernate Validator 6.2.0.Final
2022-10-01 19:15:58 [main] INFO  com.xxbb.springbootapi.SpringBootApiApplication - Starting SpringBootApiApplication using Java 1.8.0_332 on 小樊的战神 with PID 15632 (E:\SpringBoot\spring-boot-api\target\classes started by Administrator in E:\SpringBoot\spring-boot-api)
2022-10-01 19:15:58 [main] INFO  com.xxbb.springbootapi.SpringBootApiApplication - The following profiles are active: prod
2022-10-01 19:16:01 [main] INFO  o.s.d.r.config.RepositoryConfigurationDelegate - Bootstrapping Spring Data JPA repositories in DEFAULT mode.
2022-10-01 19:16:01 [main] INFO  o.s.d.r.config.RepositoryConfigurationDelegate - Finished Spring Data repository scanning in 55 ms. Found 0 JPA repository interfaces.
2022-10-01 19:16:02 [main] INFO  o.s.boot.web.embedded.tomcat.TomcatWebServer - Tomcat initialized with port(s): 8099 (http)
2022-10-01 19:16:02 [main] INFO  org.apache.coyote.http11.Http11NioProtocol - Initializing ProtocolHandler ["http-nio-8099"]
2022-10-01 19:16:02 [main] INFO  org.apache.catalina.core.StandardService - Starting service [Tomcat]
2022-10-01 19:16:02 [main] INFO  org.apache.catalina.core.StandardEngine - Starting Servlet engine: [Apache Tomcat/9.0.50]
2022-10-01 19:16:02 [main] INFO  o.a.c.core.ContainerBase.[Tomcat].[localhost].[/] - Initializing Spring embedded WebApplicationContext
2022-10-01 19:16:02 [main] INFO  o.s.b.w.s.c.ServletWebServerApplicationContext - Root WebApplicationContext: initialization completed in 4033 ms
2022-10-01 19:16:03 [main] INFO  org.hibernate.jpa.internal.util.LogHelper - HHH000204: Processing PersistenceUnitInfo [name: default]
2022-10-01 19:16:03 [main] INFO  org.hibernate.Version - HHH000412: Hibernate ORM core version 5.4.32.Final
2022-10-01 19:16:03 [main] INFO  org.hibernate.annotations.common.Version - HCANN000001: Hibernate Commons Annotations {5.1.2.Final}
2022-10-01 19:16:03 [main] INFO  com.alibaba.druid.pool.DruidDataSource - {dataSource-1} inited
2022-10-01 19:16:04 [main] INFO  org.hibernate.dialect.Dialect - HHH000400: Using dialect: org.hibernate.dialect.MySQL8Dialect
2022-10-01 19:16:05 [main] INFO  o.h.e.t.jta.platform.internal.JtaPlatformInitiator - HHH000490: Using JtaPlatform implementation: [org.hibernate.engine.transaction.jta.platform.internal.NoJtaPlatform]
2022-10-01 19:16:05 [main] INFO  o.s.orm.jpa.LocalContainerEntityManagerFactoryBean - Initialized JPA EntityManagerFactory for persistence unit 'default'
2022-10-01 19:16:06 [main] INFO  cn.org.atool.fluent.mybatis.spring.MapperFactory - 

      _____   _                          _       
     |  ___| | |  _   _    ___   _ __   | |_     
     | |_    | | | | | |  / _ \ | '_ \  | __|    
     |  _|   | | | |_| | |  __/ | | | | | |_     
  __ |_|     |_|  \__,_|  \___| |_|_|_|  \__|    
 |  \/  |  _   _  | |__     __ _  | |_  (_)  ___ 
 | |\/| | | | | | | '_ \   / _` | | __| | | / __|
 | |  | | | |_| | | |_) | | (_| | | |_  | | \__ \
 |_|  |_|  \__, | |_.__/   \__,_|  \__| |_| |___/
           |___/                                 
2022-10-01 19:16:07 [main] INFO  org.apache.coyote.http11.Http11NioProtocol - Starting ProtocolHandler ["http-nio-8099"]
2022-10-01 19:16:07 [main] INFO  o.s.boot.web.embedded.tomcat.TomcatWebServer - Tomcat started on port(s): 8099 (http) with context path ''
2022-10-01 19:16:07 [main] INFO  o.s.m.simp.broker.SimpleBrokerMessageHandler - Starting...
2022-10-01 19:16:07 [main] INFO  o.s.m.simp.broker.SimpleBrokerMessageHandler - BrokerAvailabilityEvent[available=true, SimpleBrokerMessageHandler [org.springframework.messaging.simp.broker.DefaultSubscriptionRegistry@4e671ef]]
2022-10-01 19:16:07 [main] INFO  o.s.m.simp.broker.SimpleBrokerMessageHandler - Started.
2022-10-01 19:16:07 [main] INFO  com.xxbb.springbootapi.SpringBootApiApplication - Started SpringBootApiApplication in 10.169 seconds (JVM running for 13.244)
2022-10-01 19:16:12 [http-nio-8099-exec-1] INFO  o.a.c.core.ContainerBase.[Tomcat].[localhost].[/] - Initializing Spring DispatcherServlet 'dispatcherServlet'
2022-10-01 19:16:12 [http-nio-8099-exec-1] INFO  org.springframework.web.servlet.DispatcherServlet - Initializing Servlet 'dispatcherServlet'
2022-10-01 19:16:12 [http-nio-8099-exec-1] INFO  org.springframework.web.servlet.DispatcherServlet - Completed initialization in 2 ms
2022-10-01 19:17:06 [MessageBroker-1] INFO  o.s.web.socket.config.WebSocketMessageBrokerStats - WebSocketSession[0 current WS(0)-HttpStream(0)-HttpPoll(0), 0 total, 0 closed abnormally (0 connect failure, 0 send limit, 0 transport error)], stompSubProtocol[processed CONNECT(0)-CONNECTED(0)-DISCONNECT(0)], stompBrokerRelay[null], inboundChannel[pool size = 0, active threads = 0, queued tasks = 0, completed tasks = 0], outboundChannel[pool size = 0, active threads = 0, queued tasks = 0, completed tasks = 0], sockJsScheduler[pool size = 1, active threads = 1, queued tasks = 0, completed tasks = 0]
2022-10-01 19:47:06 [MessageBroker-1] INFO  o.s.web.socket.config.WebSocketMessageBrokerStats - WebSocketSession[0 current WS(0)-HttpStream(0)-HttpPoll(0), 0 total, 0 closed abnormally (0 connect failure, 0 send limit, 0 transport error)], stompSubProtocol[processed CONNECT(0)-CONNECTED(0)-DISCONNECT(0)], stompBrokerRelay[null], inboundChannel[pool size = 0, active threads = 0, queued tasks = 0, completed tasks = 0], outboundChannel[pool size = 0, active threads = 0, queued tasks = 0, completed tasks = 0], sockJsScheduler[pool size = 2, active threads = 1, queued tasks = 0, completed tasks = 1]
2022-10-01 20:08:43 [SpringApplicationShutdownHook] INFO  o.s.m.simp.broker.SimpleBrokerMessageHandler - Stopping...
2022-10-01 20:08:43 [SpringApplicationShutdownHook] INFO  o.s.m.simp.broker.SimpleBrokerMessageHandler - BrokerAvailabilityEvent[available=false, SimpleBrokerMessageHandler [org.springframework.messaging.simp.broker.DefaultSubscriptionRegistry@4e671ef]]
2022-10-01 20:08:43 [SpringApplicationShutdownHook] INFO  o.s.m.simp.broker.SimpleBrokerMessageHandler - Stopped.
2022-10-01 20:08:44 [SpringApplicationShutdownHook] INFO  o.s.orm.jpa.LocalContainerEntityManagerFactoryBean - Closing JPA EntityManagerFactory for persistence unit 'default'
2022-10-01 20:08:44 [SpringApplicationShutdownHook] INFO  com.alibaba.druid.pool.DruidDataSource - {dataSource-1} closed
2022-10-01 20:08:54 [background-preinit] INFO  org.hibernate.validator.internal.util.Version - HV000001: Hibernate Validator 6.2.0.Final
2022-10-01 20:08:54 [main] INFO  com.xxbb.springbootapi.SpringBootApiApplication - Starting SpringBootApiApplication using Java 1.8.0_332 on 小樊的战神 with PID 31588 (E:\SpringBoot\spring-boot-api\target\classes started by Administrator in E:\SpringBoot\spring-boot-api)
2022-10-01 20:08:54 [main] INFO  com.xxbb.springbootapi.SpringBootApiApplication - The following profiles are active: prod
2022-10-01 20:08:56 [main] INFO  o.s.d.r.config.RepositoryConfigurationDelegate - Bootstrapping Spring Data JPA repositories in DEFAULT mode.
2022-10-01 20:08:56 [main] INFO  o.s.d.r.config.RepositoryConfigurationDelegate - Finished Spring Data repository scanning in 44 ms. Found 0 JPA repository interfaces.
2022-10-01 20:08:57 [main] INFO  o.s.boot.web.embedded.tomcat.TomcatWebServer - Tomcat initialized with port(s): 8099 (http)
2022-10-01 20:08:57 [main] INFO  org.apache.coyote.http11.Http11NioProtocol - Initializing ProtocolHandler ["http-nio-8099"]
2022-10-01 20:08:57 [main] INFO  org.apache.catalina.core.StandardService - Starting service [Tomcat]
2022-10-01 20:08:57 [main] INFO  org.apache.catalina.core.StandardEngine - Starting Servlet engine: [Apache Tomcat/9.0.50]
2022-10-01 20:08:57 [main] INFO  o.a.c.core.ContainerBase.[Tomcat].[localhost].[/] - Initializing Spring embedded WebApplicationContext
2022-10-01 20:08:57 [main] INFO  o.s.b.w.s.c.ServletWebServerApplicationContext - Root WebApplicationContext: initialization completed in 2940 ms
2022-10-01 20:08:57 [main] INFO  org.hibernate.jpa.internal.util.LogHelper - HHH000204: Processing PersistenceUnitInfo [name: default]
2022-10-01 20:08:57 [main] INFO  org.hibernate.Version - HHH000412: Hibernate ORM core version 5.4.32.Final
2022-10-01 20:08:57 [main] INFO  org.hibernate.annotations.common.Version - HCANN000001: Hibernate Commons Annotations {5.1.2.Final}
2022-10-01 20:08:58 [main] INFO  com.alibaba.druid.pool.DruidDataSource - {dataSource-1} inited
2022-10-01 20:08:58 [main] INFO  org.hibernate.dialect.Dialect - HHH000400: Using dialect: org.hibernate.dialect.MySQL8Dialect
2022-10-01 20:08:59 [main] INFO  o.h.e.t.jta.platform.internal.JtaPlatformInitiator - HHH000490: Using JtaPlatform implementation: [org.hibernate.engine.transaction.jta.platform.internal.NoJtaPlatform]
2022-10-01 20:08:59 [main] INFO  o.s.orm.jpa.LocalContainerEntityManagerFactoryBean - Initialized JPA EntityManagerFactory for persistence unit 'default'
2022-10-01 20:09:00 [main] INFO  cn.org.atool.fluent.mybatis.spring.MapperFactory - 

      _____   _                          _       
     |  ___| | |  _   _    ___   _ __   | |_     
     | |_    | | | | | |  / _ \ | '_ \  | __|    
     |  _|   | | | |_| | |  __/ | | | | | |_     
  __ |_|     |_|  \__,_|  \___| |_|_|_|  \__|    
 |  \/  |  _   _  | |__     __ _  | |_  (_)  ___ 
 | |\/| | | | | | | '_ \   / _` | | __| | | / __|
 | |  | | | |_| | | |_) | | (_| | | |_  | | \__ \
 |_|  |_|  \__, | |_.__/   \__,_|  \__| |_| |___/
           |___/                                 
2022-10-01 20:09:00 [main] INFO  org.apache.coyote.http11.Http11NioProtocol - Starting ProtocolHandler ["http-nio-8099"]
2022-10-01 20:09:00 [main] INFO  o.s.boot.web.embedded.tomcat.TomcatWebServer - Tomcat started on port(s): 8099 (http) with context path ''
2022-10-01 20:09:01 [main] INFO  o.s.m.simp.broker.SimpleBrokerMessageHandler - Starting...
2022-10-01 20:09:01 [main] INFO  o.s.m.simp.broker.SimpleBrokerMessageHandler - BrokerAvailabilityEvent[available=true, SimpleBrokerMessageHandler [org.springframework.messaging.simp.broker.DefaultSubscriptionRegistry@47f0e078]]
2022-10-01 20:09:01 [main] INFO  o.s.m.simp.broker.SimpleBrokerMessageHandler - Started.
2022-10-01 20:09:01 [main] INFO  com.xxbb.springbootapi.SpringBootApiApplication - Started SpringBootApiApplication in 8.135 seconds (JVM running for 10.736)
2022-10-01 20:09:42 [http-nio-8099-exec-1] INFO  o.a.c.core.ContainerBase.[Tomcat].[localhost].[/] - Initializing Spring DispatcherServlet 'dispatcherServlet'
2022-10-01 20:09:42 [http-nio-8099-exec-1] INFO  org.springframework.web.servlet.DispatcherServlet - Initializing Servlet 'dispatcherServlet'
2022-10-01 20:09:42 [http-nio-8099-exec-1] INFO  org.springframework.web.servlet.DispatcherServlet - Completed initialization in 3 ms
2022-10-01 20:10:00 [MessageBroker-1] INFO  o.s.web.socket.config.WebSocketMessageBrokerStats - WebSocketSession[0 current WS(0)-HttpStream(0)-HttpPoll(0), 0 total, 0 closed abnormally (0 connect failure, 0 send limit, 0 transport error)], stompSubProtocol[processed CONNECT(0)-CONNECTED(0)-DISCONNECT(0)], stompBrokerRelay[null], inboundChannel[pool size = 0, active threads = 0, queued tasks = 0, completed tasks = 0], outboundChannel[pool size = 0, active threads = 0, queued tasks = 0, completed tasks = 0], sockJsScheduler[pool size = 1, active threads = 1, queued tasks = 0, completed tasks = 0]
2022-10-01 20:16:12 [SpringApplicationShutdownHook] INFO  o.s.m.simp.broker.SimpleBrokerMessageHandler - Stopping...
2022-10-01 20:16:12 [SpringApplicationShutdownHook] INFO  o.s.m.simp.broker.SimpleBrokerMessageHandler - BrokerAvailabilityEvent[available=false, SimpleBrokerMessageHandler [org.springframework.messaging.simp.broker.DefaultSubscriptionRegistry@47f0e078]]
2022-10-01 20:16:12 [SpringApplicationShutdownHook] INFO  o.s.m.simp.broker.SimpleBrokerMessageHandler - Stopped.
2022-10-01 20:16:14 [SpringApplicationShutdownHook] INFO  o.s.orm.jpa.LocalContainerEntityManagerFactoryBean - Closing JPA EntityManagerFactory for persistence unit 'default'
2022-10-01 20:16:14 [SpringApplicationShutdownHook] INFO  com.alibaba.druid.pool.DruidDataSource - {dataSource-1} closed
2022-10-01 20:16:21 [background-preinit] INFO  org.hibernate.validator.internal.util.Version - HV000001: Hibernate Validator 6.2.0.Final
2022-10-01 20:16:21 [main] INFO  com.xxbb.springbootapi.SpringBootApiApplication - Starting SpringBootApiApplication using Java 1.8.0_332 on 小樊的战神 with PID 27504 (E:\SpringBoot\spring-boot-api\target\classes started by Administrator in E:\SpringBoot\spring-boot-api)
2022-10-01 20:16:21 [main] INFO  com.xxbb.springbootapi.SpringBootApiApplication - The following profiles are active: prod
2022-10-01 20:16:23 [main] INFO  o.s.d.r.config.RepositoryConfigurationDelegate - Bootstrapping Spring Data JPA repositories in DEFAULT mode.
2022-10-01 20:16:23 [main] INFO  o.s.d.r.config.RepositoryConfigurationDelegate - Finished Spring Data repository scanning in 46 ms. Found 0 JPA repository interfaces.
2022-10-01 20:16:23 [main] INFO  o.s.boot.web.embedded.tomcat.TomcatWebServer - Tomcat initialized with port(s): 8099 (http)
2022-10-01 20:16:24 [main] INFO  org.apache.coyote.http11.Http11NioProtocol - Initializing ProtocolHandler ["http-nio-8099"]
2022-10-01 20:16:24 [main] INFO  org.apache.catalina.core.StandardService - Starting service [Tomcat]
2022-10-01 20:16:24 [main] INFO  org.apache.catalina.core.StandardEngine - Starting Servlet engine: [Apache Tomcat/9.0.50]
2022-10-01 20:16:24 [main] INFO  o.a.c.core.ContainerBase.[Tomcat].[localhost].[/] - Initializing Spring embedded WebApplicationContext
2022-10-01 20:16:24 [main] INFO  o.s.b.w.s.c.ServletWebServerApplicationContext - Root WebApplicationContext: initialization completed in 3024 ms
2022-10-01 20:16:24 [main] INFO  org.hibernate.jpa.internal.util.LogHelper - HHH000204: Processing PersistenceUnitInfo [name: default]
2022-10-01 20:16:24 [main] INFO  org.hibernate.Version - HHH000412: Hibernate ORM core version 5.4.32.Final
2022-10-01 20:16:24 [main] INFO  org.hibernate.annotations.common.Version - HCANN000001: Hibernate Commons Annotations {5.1.2.Final}
2022-10-01 20:16:25 [main] INFO  com.alibaba.druid.pool.DruidDataSource - {dataSource-1} inited
2022-10-01 20:16:25 [main] INFO  org.hibernate.dialect.Dialect - HHH000400: Using dialect: org.hibernate.dialect.MySQL8Dialect
2022-10-01 20:16:27 [main] INFO  o.h.e.t.jta.platform.internal.JtaPlatformInitiator - HHH000490: Using JtaPlatform implementation: [org.hibernate.engine.transaction.jta.platform.internal.NoJtaPlatform]
2022-10-01 20:16:27 [main] INFO  o.s.orm.jpa.LocalContainerEntityManagerFactoryBean - Initialized JPA EntityManagerFactory for persistence unit 'default'
2022-10-01 20:16:28 [main] INFO  cn.org.atool.fluent.mybatis.spring.MapperFactory - 

      _____   _                          _       
     |  ___| | |  _   _    ___   _ __   | |_     
     | |_    | | | | | |  / _ \ | '_ \  | __|    
     |  _|   | | | |_| | |  __/ | | | | | |_     
  __ |_|     |_|  \__,_|  \___| |_|_|_|  \__|    
 |  \/  |  _   _  | |__     __ _  | |_  (_)  ___ 
 | |\/| | | | | | | '_ \   / _` | | __| | | / __|
 | |  | | | |_| | | |_) | | (_| | | |_  | | \__ \
 |_|  |_|  \__, | |_.__/   \__,_|  \__| |_| |___/
           |___/                                 
2022-10-01 20:16:29 [main] INFO  org.apache.coyote.http11.Http11NioProtocol - Starting ProtocolHandler ["http-nio-8099"]
2022-10-01 20:16:29 [main] INFO  o.s.boot.web.embedded.tomcat.TomcatWebServer - Tomcat started on port(s): 8099 (http) with context path ''
2022-10-01 20:16:30 [main] INFO  o.s.m.simp.broker.SimpleBrokerMessageHandler - Starting...
2022-10-01 20:16:30 [main] INFO  o.s.m.simp.broker.SimpleBrokerMessageHandler - BrokerAvailabilityEvent[available=true, SimpleBrokerMessageHandler [org.springframework.messaging.simp.broker.DefaultSubscriptionRegistry@701c482e]]
2022-10-01 20:16:30 [main] INFO  o.s.m.simp.broker.SimpleBrokerMessageHandler - Started.
2022-10-01 20:16:30 [main] INFO  com.xxbb.springbootapi.SpringBootApiApplication - Started SpringBootApiApplication in 9.713 seconds (JVM running for 12.786)
2022-10-01 20:17:28 [MessageBroker-1] INFO  o.s.web.socket.config.WebSocketMessageBrokerStats - WebSocketSession[0 current WS(0)-HttpStream(0)-HttpPoll(0), 0 total, 0 closed abnormally (0 connect failure, 0 send limit, 0 transport error)], stompSubProtocol[processed CONNECT(0)-CONNECTED(0)-DISCONNECT(0)], stompBrokerRelay[null], inboundChannel[pool size = 0, active threads = 0, queued tasks = 0, completed tasks = 0], outboundChannel[pool size = 0, active threads = 0, queued tasks = 0, completed tasks = 0], sockJsScheduler[pool size = 1, active threads = 1, queued tasks = 0, completed tasks = 0]
2022-10-01 20:18:57 [http-nio-8099-exec-1] INFO  o.a.c.core.ContainerBase.[Tomcat].[localhost].[/] - Initializing Spring DispatcherServlet 'dispatcherServlet'
2022-10-01 20:18:57 [http-nio-8099-exec-1] INFO  org.springframework.web.servlet.DispatcherServlet - Initializing Servlet 'dispatcherServlet'
2022-10-01 20:18:57 [http-nio-8099-exec-1] INFO  org.springframework.web.servlet.DispatcherServlet - Completed initialization in 1 ms
2022-10-01 20:30:04 [SpringApplicationShutdownHook] INFO  o.s.m.simp.broker.SimpleBrokerMessageHandler - Stopping...
2022-10-01 20:30:04 [SpringApplicationShutdownHook] INFO  o.s.m.simp.broker.SimpleBrokerMessageHandler - BrokerAvailabilityEvent[available=false, SimpleBrokerMessageHandler [org.springframework.messaging.simp.broker.DefaultSubscriptionRegistry@701c482e]]
2022-10-01 20:30:04 [SpringApplicationShutdownHook] INFO  o.s.m.simp.broker.SimpleBrokerMessageHandler - Stopped.
2022-10-01 20:30:06 [SpringApplicationShutdownHook] INFO  o.s.orm.jpa.LocalContainerEntityManagerFactoryBean - Closing JPA EntityManagerFactory for persistence unit 'default'
2022-10-01 20:30:06 [SpringApplicationShutdownHook] INFO  com.alibaba.druid.pool.DruidDataSource - {dataSource-1} closed
2022-10-01 20:30:12 [background-preinit] INFO  org.hibernate.validator.internal.util.Version - HV000001: Hibernate Validator 6.2.0.Final
2022-10-01 20:30:12 [main] INFO  com.xxbb.springbootapi.SpringBootApiApplication - Starting SpringBootApiApplication using Java 1.8.0_332 on 小樊的战神 with PID 27832 (E:\SpringBoot\spring-boot-api\target\classes started by Administrator in E:\SpringBoot\spring-boot-api)
2022-10-01 20:30:12 [main] INFO  com.xxbb.springbootapi.SpringBootApiApplication - The following profiles are active: prod
2022-10-01 20:30:14 [main] INFO  o.s.d.r.config.RepositoryConfigurationDelegate - Bootstrapping Spring Data JPA repositories in DEFAULT mode.
2022-10-01 20:30:14 [main] INFO  o.s.d.r.config.RepositoryConfigurationDelegate - Finished Spring Data repository scanning in 38 ms. Found 0 JPA repository interfaces.
2022-10-01 20:30:14 [main] INFO  o.s.boot.web.embedded.tomcat.TomcatWebServer - Tomcat initialized with port(s): 8099 (http)
2022-10-01 20:30:14 [main] INFO  org.apache.coyote.http11.Http11NioProtocol - Initializing ProtocolHandler ["http-nio-8099"]
2022-10-01 20:30:14 [main] INFO  org.apache.catalina.core.StandardService - Starting service [Tomcat]
2022-10-01 20:30:14 [main] INFO  org.apache.catalina.core.StandardEngine - Starting Servlet engine: [Apache Tomcat/9.0.50]
2022-10-01 20:30:15 [main] INFO  o.a.c.core.ContainerBase.[Tomcat].[localhost].[/] - Initializing Spring embedded WebApplicationContext
2022-10-01 20:30:15 [main] INFO  o.s.b.w.s.c.ServletWebServerApplicationContext - Root WebApplicationContext: initialization completed in 2768 ms
2022-10-01 20:30:15 [main] INFO  org.hibernate.jpa.internal.util.LogHelper - HHH000204: Processing PersistenceUnitInfo [name: default]
2022-10-01 20:30:15 [main] INFO  org.hibernate.Version - HHH000412: Hibernate ORM core version 5.4.32.Final
2022-10-01 20:30:15 [main] INFO  org.hibernate.annotations.common.Version - HCANN000001: Hibernate Commons Annotations {5.1.2.Final}
2022-10-01 20:30:15 [main] INFO  com.alibaba.druid.pool.DruidDataSource - {dataSource-1} inited
2022-10-01 20:30:16 [main] INFO  org.hibernate.dialect.Dialect - HHH000400: Using dialect: org.hibernate.dialect.MySQL8Dialect
2022-10-01 20:30:17 [main] INFO  o.h.e.t.jta.platform.internal.JtaPlatformInitiator - HHH000490: Using JtaPlatform implementation: [org.hibernate.engine.transaction.jta.platform.internal.NoJtaPlatform]
2022-10-01 20:30:17 [main] INFO  o.s.orm.jpa.LocalContainerEntityManagerFactoryBean - Initialized JPA EntityManagerFactory for persistence unit 'default'
2022-10-01 20:30:18 [main] INFO  cn.org.atool.fluent.mybatis.spring.MapperFactory - 

      _____   _                          _       
     |  ___| | |  _   _    ___   _ __   | |_     
     | |_    | | | | | |  / _ \ | '_ \  | __|    
     |  _|   | | | |_| | |  __/ | | | | | |_     
  __ |_|     |_|  \__,_|  \___| |_|_|_|  \__|    
 |  \/  |  _   _  | |__     __ _  | |_  (_)  ___ 
 | |\/| | | | | | | '_ \   / _` | | __| | | / __|
 | |  | | | |_| | | |_) | | (_| | | |_  | | \__ \
 |_|  |_|  \__, | |_.__/   \__,_|  \__| |_| |___/
           |___/                                 
2022-10-01 20:30:18 [main] INFO  org.apache.coyote.http11.Http11NioProtocol - Starting ProtocolHandler ["http-nio-8099"]
2022-10-01 20:30:18 [main] INFO  o.s.boot.web.embedded.tomcat.TomcatWebServer - Tomcat started on port(s): 8099 (http) with context path ''
2022-10-01 20:30:19 [main] INFO  o.s.m.simp.broker.SimpleBrokerMessageHandler - Starting...
2022-10-01 20:30:19 [main] INFO  o.s.m.simp.broker.SimpleBrokerMessageHandler - BrokerAvailabilityEvent[available=true, SimpleBrokerMessageHandler [org.springframework.messaging.simp.broker.DefaultSubscriptionRegistry@3b576ee3]]
2022-10-01 20:30:19 [main] INFO  o.s.m.simp.broker.SimpleBrokerMessageHandler - Started.
2022-10-01 20:30:19 [main] INFO  com.xxbb.springbootapi.SpringBootApiApplication - Started SpringBootApiApplication in 8.005 seconds (JVM running for 10.792)
2022-10-01 20:30:56 [http-nio-8099-exec-1] INFO  o.a.c.core.ContainerBase.[Tomcat].[localhost].[/] - Initializing Spring DispatcherServlet 'dispatcherServlet'
2022-10-01 20:30:56 [http-nio-8099-exec-1] INFO  org.springframework.web.servlet.DispatcherServlet - Initializing Servlet 'dispatcherServlet'
2022-10-01 20:30:56 [http-nio-8099-exec-1] INFO  org.springframework.web.servlet.DispatcherServlet - Completed initialization in 2 ms
2022-10-01 20:31:18 [MessageBroker-1] INFO  o.s.web.socket.config.WebSocketMessageBrokerStats - WebSocketSession[0 current WS(0)-HttpStream(0)-HttpPoll(0), 0 total, 0 closed abnormally (0 connect failure, 0 send limit, 0 transport error)], stompSubProtocol[processed CONNECT(0)-CONNECTED(0)-DISCONNECT(0)], stompBrokerRelay[null], inboundChannel[pool size = 0, active threads = 0, queued tasks = 0, completed tasks = 0], outboundChannel[pool size = 0, active threads = 0, queued tasks = 0, completed tasks = 0], sockJsScheduler[pool size = 1, active threads = 1, queued tasks = 0, completed tasks = 0]
2022-10-01 21:01:18 [MessageBroker-1] INFO  o.s.web.socket.config.WebSocketMessageBrokerStats - WebSocketSession[0 current WS(0)-HttpStream(0)-HttpPoll(0), 0 total, 0 closed abnormally (0 connect failure, 0 send limit, 0 transport error)], stompSubProtocol[processed CONNECT(0)-CONNECTED(0)-DISCONNECT(0)], stompBrokerRelay[null], inboundChannel[pool size = 0, active threads = 0, queued tasks = 0, completed tasks = 0], outboundChannel[pool size = 0, active threads = 0, queued tasks = 0, completed tasks = 0], sockJsScheduler[pool size = 2, active threads = 1, queued tasks = 0, completed tasks = 1]
2022-10-01 21:06:44 [SpringApplicationShutdownHook] INFO  o.s.m.simp.broker.SimpleBrokerMessageHandler - Stopping...
2022-10-01 21:06:44 [SpringApplicationShutdownHook] INFO  o.s.m.simp.broker.SimpleBrokerMessageHandler - BrokerAvailabilityEvent[available=false, SimpleBrokerMessageHandler [org.springframework.messaging.simp.broker.DefaultSubscriptionRegistry@3b576ee3]]
2022-10-01 21:06:44 [SpringApplicationShutdownHook] INFO  o.s.m.simp.broker.SimpleBrokerMessageHandler - Stopped.
2022-10-01 21:06:45 [SpringApplicationShutdownHook] INFO  o.s.orm.jpa.LocalContainerEntityManagerFactoryBean - Closing JPA EntityManagerFactory for persistence unit 'default'
2022-10-01 21:06:45 [SpringApplicationShutdownHook] INFO  com.alibaba.druid.pool.DruidDataSource - {dataSource-1} closed
2022-10-01 22:01:53 [background-preinit] INFO  org.hibernate.validator.internal.util.Version - HV000001: Hibernate Validator 6.2.0.Final
2022-10-01 22:01:53 [main] INFO  com.xxbb.springbootapi.SpringBootApiApplication - Starting SpringBootApiApplication using Java 1.8.0_332 on 小樊的战神 with PID 15572 (E:\SpringBoot\springbootadmin\target\classes started by Administrator in E:\SpringBoot\springbootadmin)
2022-10-01 22:01:53 [main] INFO  com.xxbb.springbootapi.SpringBootApiApplication - The following profiles are active: prod
2022-10-01 22:01:55 [main] INFO  o.s.d.r.config.RepositoryConfigurationDelegate - Bootstrapping Spring Data JPA repositories in DEFAULT mode.
2022-10-01 22:01:55 [main] INFO  o.s.d.r.config.RepositoryConfigurationDelegate - Finished Spring Data repository scanning in 47 ms. Found 0 JPA repository interfaces.
2022-10-01 22:01:56 [main] INFO  o.s.boot.web.embedded.tomcat.TomcatWebServer - Tomcat initialized with port(s): 8099 (http)
2022-10-01 22:01:56 [main] INFO  org.apache.coyote.http11.Http11NioProtocol - Initializing ProtocolHandler ["http-nio-8099"]
2022-10-01 22:01:56 [main] INFO  org.apache.catalina.core.StandardService - Starting service [Tomcat]
2022-10-01 22:01:56 [main] INFO  org.apache.catalina.core.StandardEngine - Starting Servlet engine: [Apache Tomcat/9.0.50]
2022-10-01 22:01:56 [main] INFO  o.a.c.core.ContainerBase.[Tomcat].[localhost].[/] - Initializing Spring embedded WebApplicationContext
2022-10-01 22:01:56 [main] INFO  o.s.b.w.s.c.ServletWebServerApplicationContext - Root WebApplicationContext: initialization completed in 3315 ms
2022-10-01 22:01:57 [main] INFO  org.hibernate.jpa.internal.util.LogHelper - HHH000204: Processing PersistenceUnitInfo [name: default]
2022-10-01 22:01:57 [main] INFO  org.hibernate.Version - HHH000412: Hibernate ORM core version 5.4.32.Final
2022-10-01 22:01:57 [main] INFO  org.hibernate.annotations.common.Version - HCANN000001: Hibernate Commons Annotations {5.1.2.Final}
2022-10-01 22:01:57 [main] INFO  com.alibaba.druid.pool.DruidDataSource - {dataSource-1} inited
2022-10-01 22:01:58 [main] INFO  org.hibernate.dialect.Dialect - HHH000400: Using dialect: org.hibernate.dialect.MySQL8Dialect
2022-10-01 22:01:59 [main] INFO  o.h.e.t.jta.platform.internal.JtaPlatformInitiator - HHH000490: Using JtaPlatform implementation: [org.hibernate.engine.transaction.jta.platform.internal.NoJtaPlatform]
2022-10-01 22:01:59 [main] INFO  o.s.orm.jpa.LocalContainerEntityManagerFactoryBean - Initialized JPA EntityManagerFactory for persistence unit 'default'
2022-10-01 22:02:00 [main] INFO  cn.org.atool.fluent.mybatis.spring.MapperFactory - 

      _____   _                          _       
     |  ___| | |  _   _    ___   _ __   | |_     
     | |_    | | | | | |  / _ \ | '_ \  | __|    
     |  _|   | | | |_| | |  __/ | | | | | |_     
  __ |_|     |_|  \__,_|  \___| |_|_|_|  \__|    
 |  \/  |  _   _  | |__     __ _  | |_  (_)  ___ 
 | |\/| | | | | | | '_ \   / _` | | __| | | / __|
 | |  | | | |_| | | |_) | | (_| | | |_  | | \__ \
 |_|  |_|  \__, | |_.__/   \__,_|  \__| |_| |___/
           |___/                                 
2022-10-01 22:02:00 [main] INFO  org.apache.coyote.http11.Http11NioProtocol - Starting ProtocolHandler ["http-nio-8099"]
2022-10-01 22:02:01 [main] INFO  o.s.boot.web.embedded.tomcat.TomcatWebServer - Tomcat started on port(s): 8099 (http) with context path ''
2022-10-01 22:02:01 [main] INFO  o.s.m.simp.broker.SimpleBrokerMessageHandler - Starting...
2022-10-01 22:02:01 [main] INFO  o.s.m.simp.broker.SimpleBrokerMessageHandler - BrokerAvailabilityEvent[available=true, SimpleBrokerMessageHandler [org.springframework.messaging.simp.broker.DefaultSubscriptionRegistry@701c482e]]
2022-10-01 22:02:01 [main] INFO  o.s.m.simp.broker.SimpleBrokerMessageHandler - Started.
2022-10-01 22:02:01 [main] INFO  com.xxbb.springbootapi.SpringBootApiApplication - Started SpringBootApiApplication in 9.348 seconds (JVM running for 12.313)
2022-10-01 22:03:00 [MessageBroker-1] INFO  o.s.web.socket.config.WebSocketMessageBrokerStats - WebSocketSession[0 current WS(0)-HttpStream(0)-HttpPoll(0), 0 total, 0 closed abnormally (0 connect failure, 0 send limit, 0 transport error)], stompSubProtocol[processed CONNECT(0)-CONNECTED(0)-DISCONNECT(0)], stompBrokerRelay[null], inboundChannel[pool size = 0, active threads = 0, queued tasks = 0, completed tasks = 0], outboundChannel[pool size = 0, active threads = 0, queued tasks = 0, completed tasks = 0], sockJsScheduler[pool size = 1, active threads = 1, queued tasks = 0, completed tasks = 0]
2022-10-01 22:28:55 [http-nio-8099-exec-1] INFO  o.a.c.core.ContainerBase.[Tomcat].[localhost].[/] - Initializing Spring DispatcherServlet 'dispatcherServlet'
2022-10-01 22:28:55 [http-nio-8099-exec-1] INFO  org.springframework.web.servlet.DispatcherServlet - Initializing Servlet 'dispatcherServlet'
2022-10-01 22:28:55 [http-nio-8099-exec-1] INFO  org.springframework.web.servlet.DispatcherServlet - Completed initialization in 7 ms
2022-10-01 22:33:00 [MessageBroker-1] INFO  o.s.web.socket.config.WebSocketMessageBrokerStats - WebSocketSession[0 current WS(0)-HttpStream(0)-HttpPoll(0), 0 total, 0 closed abnormally (0 connect failure, 0 send limit, 0 transport error)], stompSubProtocol[processed CONNECT(0)-CONNECTED(0)-DISCONNECT(0)], stompBrokerRelay[null], inboundChannel[pool size = 0, active threads = 0, queued tasks = 0, completed tasks = 0], outboundChannel[pool size = 0, active threads = 0, queued tasks = 0, completed tasks = 0], sockJsScheduler[pool size = 2, active threads = 1, queued tasks = 0, completed tasks = 1]
2022-10-01 23:03:00 [MessageBroker-2] INFO  o.s.web.socket.config.WebSocketMessageBrokerStats - WebSocketSession[0 current WS(0)-HttpStream(0)-HttpPoll(0), 0 total, 0 closed abnormally (0 connect failure, 0 send limit, 0 transport error)], stompSubProtocol[processed CONNECT(0)-CONNECTED(0)-DISCONNECT(0)], stompBrokerRelay[null], inboundChannel[pool size = 0, active threads = 0, queued tasks = 0, completed tasks = 0], outboundChannel[pool size = 0, active threads = 0, queued tasks = 0, completed tasks = 0], sockJsScheduler[pool size = 3, active threads = 1, queued tasks = 0, completed tasks = 2]
2022-10-01 23:32:59 [MessageBroker-1] INFO  o.s.web.socket.config.WebSocketMessageBrokerStats - WebSocketSession[0 current WS(0)-HttpStream(0)-HttpPoll(0), 0 total, 0 closed abnormally (0 connect failure, 0 send limit, 0 transport error)], stompSubProtocol[processed CONNECT(0)-CONNECTED(0)-DISCONNECT(0)], stompBrokerRelay[null], inboundChannel[pool size = 0, active threads = 0, queued tasks = 0, completed tasks = 0], outboundChannel[pool size = 0, active threads = 0, queued tasks = 0, completed tasks = 0], sockJsScheduler[pool size = 4, active threads = 1, queued tasks = 0, completed tasks = 3]
2022-10-01 23:57:48 [SpringApplicationShutdownHook] INFO  o.s.m.simp.broker.SimpleBrokerMessageHandler - Stopping...
2022-10-01 23:57:48 [SpringApplicationShutdownHook] INFO  o.s.m.simp.broker.SimpleBrokerMessageHandler - BrokerAvailabilityEvent[available=false, SimpleBrokerMessageHandler [org.springframework.messaging.simp.broker.DefaultSubscriptionRegistry@701c482e]]
2022-10-01 23:57:48 [SpringApplicationShutdownHook] INFO  o.s.m.simp.broker.SimpleBrokerMessageHandler - Stopped.
2022-10-01 23:57:50 [SpringApplicationShutdownHook] INFO  o.s.orm.jpa.LocalContainerEntityManagerFactoryBean - Closing JPA EntityManagerFactory for persistence unit 'default'
2022-10-01 23:57:50 [SpringApplicationShutdownHook] INFO  com.alibaba.druid.pool.DruidDataSource - {dataSource-1} closed
