2022-10-06 21:36:40 [background-preinit] INFO  org.hibernate.validator.internal.util.Version - HV000001: Hibernate Validator 6.2.0.Final
2022-10-06 21:36:40 [main] INFO  com.xxbb.springbootapi.SpringBootApiApplication - Starting SpringBootApiApplication using Java 1.8.0_332 on 小樊的战神 with PID 21192 (E:\SpringBoot\springbootadmin\target\classes started by Administrator in E:\SpringBoot\springbootadmin)
2022-10-06 21:36:40 [main] INFO  com.xxbb.springbootapi.SpringBootApiApplication - The following profiles are active: prod
2022-10-06 21:36:42 [main] INFO  o.s.d.r.config.RepositoryConfigurationDelegate - Bootstrapping Spring Data JPA repositories in DEFAULT mode.
2022-10-06 21:36:42 [main] INFO  o.s.d.r.config.RepositoryConfigurationDelegate - Finished Spring Data repository scanning in 50 ms. Found 0 JPA repository interfaces.
2022-10-06 21:36:43 [main] INFO  o.s.boot.web.embedded.tomcat.TomcatWebServer - Tomcat initialized with port(s): 8099 (http)
2022-10-06 21:36:43 [main] INFO  org.apache.coyote.http11.Http11NioProtocol - Initializing ProtocolHandler ["http-nio-8099"]
2022-10-06 21:36:43 [main] INFO  org.apache.catalina.core.StandardService - Starting service [Tomcat]
2022-10-06 21:36:43 [main] INFO  org.apache.catalina.core.StandardEngine - Starting Servlet engine: [Apache Tomcat/9.0.50]
2022-10-06 21:36:43 [main] INFO  o.a.c.core.ContainerBase.[Tomcat].[localhost].[/] - Initializing Spring embedded WebApplicationContext
2022-10-06 21:36:43 [main] INFO  o.s.b.w.s.c.ServletWebServerApplicationContext - Root WebApplicationContext: initialization completed in 3509 ms
2022-10-06 21:36:44 [main] INFO  org.hibernate.jpa.internal.util.LogHelper - HHH000204: Processing PersistenceUnitInfo [name: default]
2022-10-06 21:36:44 [main] INFO  org.hibernate.Version - HHH000412: Hibernate ORM core version 5.4.32.Final
2022-10-06 21:36:44 [main] INFO  org.hibernate.annotations.common.Version - HCANN000001: Hibernate Commons Annotations {5.1.2.Final}
2022-10-06 21:36:44 [main] INFO  com.alibaba.druid.pool.DruidDataSource - {dataSource-1} inited
2022-10-06 21:36:44 [main] INFO  org.hibernate.dialect.Dialect - HHH000400: Using dialect: org.hibernate.dialect.MySQL8Dialect
2022-10-06 21:36:45 [main] INFO  o.h.e.t.jta.platform.internal.JtaPlatformInitiator - HHH000490: Using JtaPlatform implementation: [org.hibernate.engine.transaction.jta.platform.internal.NoJtaPlatform]
2022-10-06 21:36:45 [main] INFO  o.s.orm.jpa.LocalContainerEntityManagerFactoryBean - Initialized JPA EntityManagerFactory for persistence unit 'default'
2022-10-06 21:36:46 [main] INFO  cn.org.atool.fluent.mybatis.spring.MapperFactory - 

      _____   _                          _       
     |  ___| | |  _   _    ___   _ __   | |_     
     | |_    | | | | | |  / _ \ | '_ \  | __|    
     |  _|   | | | |_| | |  __/ | | | | | |_     
  __ |_|     |_|  \__,_|  \___| |_|_|_|  \__|    
 |  \/  |  _   _  | |__     __ _  | |_  (_)  ___ 
 | |\/| | | | | | | '_ \   / _` | | __| | | / __|
 | |  | | | |_| | | |_) | | (_| | | |_  | | \__ \
 |_|  |_|  \__, | |_.__/   \__,_|  \__| |_| |___/
           |___/                                 
2022-10-06 21:36:47 [main] INFO  org.apache.coyote.http11.Http11NioProtocol - Starting ProtocolHandler ["http-nio-8099"]
2022-10-06 21:36:47 [main] INFO  o.s.boot.web.embedded.tomcat.TomcatWebServer - Tomcat started on port(s): 8099 (http) with context path ''
2022-10-06 21:36:48 [main] INFO  o.s.m.simp.broker.SimpleBrokerMessageHandler - Starting...
2022-10-06 21:36:48 [main] INFO  o.s.m.simp.broker.SimpleBrokerMessageHandler - BrokerAvailabilityEvent[available=true, SimpleBrokerMessageHandler [org.springframework.messaging.simp.broker.DefaultSubscriptionRegistry@4db568e1]]
2022-10-06 21:36:48 [main] INFO  o.s.m.simp.broker.SimpleBrokerMessageHandler - Started.
2022-10-06 21:36:48 [main] INFO  com.xxbb.springbootapi.SpringBootApiApplication - Started SpringBootApiApplication in 8.984 seconds (JVM running for 12.376)
2022-10-06 21:37:46 [MessageBroker-1] INFO  o.s.web.socket.config.WebSocketMessageBrokerStats - WebSocketSession[0 current WS(0)-HttpStream(0)-HttpPoll(0), 0 total, 0 closed abnormally (0 connect failure, 0 send limit, 0 transport error)], stompSubProtocol[processed CONNECT(0)-CONNECTED(0)-DISCONNECT(0)], stompBrokerRelay[null], inboundChannel[pool size = 0, active threads = 0, queued tasks = 0, completed tasks = 0], outboundChannel[pool size = 0, active threads = 0, queued tasks = 0, completed tasks = 0], sockJsScheduler[pool size = 1, active threads = 1, queued tasks = 0, completed tasks = 0]
2022-10-06 21:54:26 [SpringApplicationShutdownHook] INFO  o.s.m.simp.broker.SimpleBrokerMessageHandler - Stopping...
2022-10-06 21:54:26 [SpringApplicationShutdownHook] INFO  o.s.m.simp.broker.SimpleBrokerMessageHandler - BrokerAvailabilityEvent[available=false, SimpleBrokerMessageHandler [org.springframework.messaging.simp.broker.DefaultSubscriptionRegistry@4db568e1]]
2022-10-06 21:54:26 [SpringApplicationShutdownHook] INFO  o.s.m.simp.broker.SimpleBrokerMessageHandler - Stopped.
2022-10-06 21:54:27 [SpringApplicationShutdownHook] INFO  o.s.orm.jpa.LocalContainerEntityManagerFactoryBean - Closing JPA EntityManagerFactory for persistence unit 'default'
2022-10-06 21:54:27 [SpringApplicationShutdownHook] INFO  com.alibaba.druid.pool.DruidDataSource - {dataSource-1} closed
