2021-09-12 22:54:13 [main] INFO  com.xxbb.springbootapi.SpringBootApiApplication - Starting SpringBootApiApplication using Java 1.8.0_292 on DESKTOP-AGMQ460 with PID 18128 (D:\Spring Boot\spring-boot-api\target\classes started by Administrator in D:\Spring Boot\spring-boot-api)
2021-09-12 22:54:13 [main] INFO  com.xxbb.springbootapi.SpringBootApiApplication - The following profiles are active: prod
2021-09-12 22:54:14 [main] INFO  o.s.boot.web.embedded.tomcat.TomcatWebServer - Tomcat initialized with port(s): 8080 (http)
2021-09-12 22:54:14 [main] INFO  org.apache.coyote.http11.Http11NioProtocol - Initializing ProtocolHandler ["http-nio-8080"]
2021-09-12 22:54:14 [main] INFO  org.apache.catalina.core.StandardService - Starting service [Tomcat]
2021-09-12 22:54:14 [main] INFO  org.apache.catalina.core.StandardEngine - Starting Servlet engine: [Apache Tomcat/9.0.50]
2021-09-12 22:54:14 [main] INFO  o.a.c.core.ContainerBase.[Tomcat].[localhost].[/] - Initializing Spring embedded WebApplicationContext
2021-09-12 22:54:14 [main] INFO  o.s.b.w.s.c.ServletWebServerApplicationContext - Root WebApplicationContext: initialization completed in 856 ms
2021-09-12 22:54:14 [main] INFO  s.d.s.w.PropertySourcedRequestMappingHandlerMapping - Mapped URL path [/v2/api-docs] onto method [springfox.documentation.swagger2.web.Swagger2Controller#getDocumentation(String, HttpServletRequest)]
2021-09-12 22:54:14 [main] INFO  org.apache.coyote.http11.Http11NioProtocol - Starting ProtocolHandler ["http-nio-8080"]
2021-09-12 22:54:14 [main] INFO  o.s.boot.web.embedded.tomcat.TomcatWebServer - Tomcat started on port(s): 8080 (http) with context path ''
2021-09-12 22:54:14 [main] INFO  s.d.s.web.plugins.DocumentationPluginsBootstrapper - Context refreshed
2021-09-12 22:54:14 [main] INFO  s.d.s.web.plugins.DocumentationPluginsBootstrapper - Found 1 custom documentation plugin(s)
2021-09-12 22:54:14 [main] INFO  s.d.spring.web.scanners.ApiListingReferenceScanner - Scanning for api listing references
2021-09-12 22:54:15 [main] INFO  s.d.s.w.r.operation.CachingOperationNameGenerator - Generating unique operation named: TestUsingPOST_1
2021-09-12 22:54:15 [main] INFO  s.d.s.w.r.operation.CachingOperationNameGenerator - Generating unique operation named: ListUsingPOST_1
2021-09-12 22:54:15 [main] INFO  com.xxbb.springbootapi.SpringBootApiApplication - Started SpringBootApiApplication in 1.88 seconds (JVM running for 3.369)
2021-09-12 22:54:57 [http-nio-8080-exec-1] INFO  o.a.c.core.ContainerBase.[Tomcat].[localhost].[/] - Initializing Spring DispatcherServlet 'dispatcherServlet'
2021-09-12 22:54:57 [http-nio-8080-exec-1] INFO  org.springframework.web.servlet.DispatcherServlet - Initializing Servlet 'dispatcherServlet'
2021-09-12 22:54:57 [http-nio-8080-exec-1] INFO  org.springframework.web.servlet.DispatcherServlet - Completed initialization in 1 ms
2021-09-12 23:01:10 [main] INFO  com.xxbb.springbootapi.SpringBootApiApplication - Starting SpringBootApiApplication using Java 1.8.0_292 on DESKTOP-AGMQ460 with PID 16152 (D:\Spring Boot\spring-boot-api\target\classes started by Administrator in D:\Spring Boot\spring-boot-api)
2021-09-12 23:01:10 [main] INFO  com.xxbb.springbootapi.SpringBootApiApplication - The following profiles are active: prod
2021-09-12 23:01:11 [main] INFO  o.s.boot.web.embedded.tomcat.TomcatWebServer - Tomcat initialized with port(s): 8080 (http)
2021-09-12 23:01:11 [main] INFO  org.apache.coyote.http11.Http11NioProtocol - Initializing ProtocolHandler ["http-nio-8080"]
2021-09-12 23:01:11 [main] INFO  org.apache.catalina.core.StandardService - Starting service [Tomcat]
2021-09-12 23:01:11 [main] INFO  org.apache.catalina.core.StandardEngine - Starting Servlet engine: [Apache Tomcat/9.0.50]
2021-09-12 23:01:11 [main] INFO  o.a.c.core.ContainerBase.[Tomcat].[localhost].[/] - Initializing Spring embedded WebApplicationContext
2021-09-12 23:01:11 [main] INFO  o.s.b.w.s.c.ServletWebServerApplicationContext - Root WebApplicationContext: initialization completed in 813 ms
2021-09-12 23:01:11 [main] INFO  s.d.s.w.PropertySourcedRequestMappingHandlerMapping - Mapped URL path [/v2/api-docs] onto method [springfox.documentation.swagger2.web.Swagger2Controller#getDocumentation(String, HttpServletRequest)]
2021-09-12 23:01:11 [main] INFO  org.apache.coyote.http11.Http11NioProtocol - Starting ProtocolHandler ["http-nio-8080"]
2021-09-12 23:01:11 [main] INFO  o.s.boot.web.embedded.tomcat.TomcatWebServer - Tomcat started on port(s): 8080 (http) with context path ''
2021-09-12 23:01:11 [main] INFO  s.d.s.web.plugins.DocumentationPluginsBootstrapper - Context refreshed
2021-09-12 23:01:11 [main] INFO  s.d.s.web.plugins.DocumentationPluginsBootstrapper - Found 1 custom documentation plugin(s)
2021-09-12 23:01:11 [main] INFO  s.d.spring.web.scanners.ApiListingReferenceScanner - Scanning for api listing references
2021-09-12 23:01:11 [main] INFO  s.d.s.w.r.operation.CachingOperationNameGenerator - Generating unique operation named: TestUsingPOST_1
2021-09-12 23:01:11 [main] INFO  s.d.s.w.r.operation.CachingOperationNameGenerator - Generating unique operation named: ListUsingPOST_1
2021-09-12 23:01:11 [main] INFO  com.xxbb.springbootapi.SpringBootApiApplication - Started SpringBootApiApplication in 1.77 seconds (JVM running for 3.163)
2021-09-12 23:01:31 [http-nio-8080-exec-1] INFO  o.a.c.core.ContainerBase.[Tomcat].[localhost].[/] - Initializing Spring DispatcherServlet 'dispatcherServlet'
2021-09-12 23:01:31 [http-nio-8080-exec-1] INFO  org.springframework.web.servlet.DispatcherServlet - Initializing Servlet 'dispatcherServlet'
2021-09-12 23:01:31 [http-nio-8080-exec-1] INFO  org.springframework.web.servlet.DispatcherServlet - Completed initialization in 1 ms
2021-09-12 23:02:15 [main] INFO  com.xxbb.springbootapi.SpringBootApiApplication - Starting SpringBootApiApplication using Java 1.8.0_292 on DESKTOP-AGMQ460 with PID 1500 (D:\Spring Boot\spring-boot-api\target\classes started by Administrator in D:\Spring Boot\spring-boot-api)
2021-09-12 23:02:15 [main] INFO  com.xxbb.springbootapi.SpringBootApiApplication - The following profiles are active: prod
2021-09-12 23:02:15 [main] INFO  o.s.boot.web.embedded.tomcat.TomcatWebServer - Tomcat initialized with port(s): 8080 (http)
2021-09-12 23:02:15 [main] INFO  org.apache.coyote.http11.Http11NioProtocol - Initializing ProtocolHandler ["http-nio-8080"]
2021-09-12 23:02:15 [main] INFO  org.apache.catalina.core.StandardService - Starting service [Tomcat]
2021-09-12 23:02:15 [main] INFO  org.apache.catalina.core.StandardEngine - Starting Servlet engine: [Apache Tomcat/9.0.50]
2021-09-12 23:02:15 [main] INFO  o.a.c.core.ContainerBase.[Tomcat].[localhost].[/] - Initializing Spring embedded WebApplicationContext
2021-09-12 23:02:15 [main] INFO  o.s.b.w.s.c.ServletWebServerApplicationContext - Root WebApplicationContext: initialization completed in 804 ms
2021-09-12 23:02:16 [main] INFO  s.d.s.w.PropertySourcedRequestMappingHandlerMapping - Mapped URL path [/v2/api-docs] onto method [springfox.documentation.swagger2.web.Swagger2Controller#getDocumentation(String, HttpServletRequest)]
2021-09-12 23:02:16 [main] INFO  org.apache.coyote.http11.Http11NioProtocol - Starting ProtocolHandler ["http-nio-8080"]
2021-09-12 23:02:16 [main] INFO  o.s.boot.web.embedded.tomcat.TomcatWebServer - Tomcat started on port(s): 8080 (http) with context path ''
2021-09-12 23:02:16 [main] INFO  s.d.s.web.plugins.DocumentationPluginsBootstrapper - Context refreshed
2021-09-12 23:02:16 [main] INFO  s.d.s.web.plugins.DocumentationPluginsBootstrapper - Found 1 custom documentation plugin(s)
2021-09-12 23:02:16 [main] INFO  s.d.spring.web.scanners.ApiListingReferenceScanner - Scanning for api listing references
2021-09-12 23:02:16 [main] INFO  s.d.s.w.r.operation.CachingOperationNameGenerator - Generating unique operation named: TestUsingPOST_1
2021-09-12 23:02:16 [main] INFO  s.d.s.w.r.operation.CachingOperationNameGenerator - Generating unique operation named: ListUsingPOST_1
2021-09-12 23:02:16 [main] INFO  com.xxbb.springbootapi.SpringBootApiApplication - Started SpringBootApiApplication in 1.746 seconds (JVM running for 3.141)
2021-09-12 23:02:21 [http-nio-8080-exec-1] INFO  o.a.c.core.ContainerBase.[Tomcat].[localhost].[/] - Initializing Spring DispatcherServlet 'dispatcherServlet'
2021-09-12 23:02:21 [http-nio-8080-exec-1] INFO  org.springframework.web.servlet.DispatcherServlet - Initializing Servlet 'dispatcherServlet'
2021-09-12 23:02:21 [http-nio-8080-exec-1] INFO  org.springframework.web.servlet.DispatcherServlet - Completed initialization in 1 ms
2021-09-12 23:04:10 [main] INFO  com.xxbb.springbootapi.SpringBootApiApplication - Starting SpringBootApiApplication using Java 1.8.0_292 on DESKTOP-AGMQ460 with PID 17316 (D:\Spring Boot\spring-boot-api\target\classes started by Administrator in D:\Spring Boot\spring-boot-api)
2021-09-12 23:04:10 [main] INFO  com.xxbb.springbootapi.SpringBootApiApplication - The following profiles are active: prod
2021-09-12 23:04:10 [main] INFO  o.s.boot.web.embedded.tomcat.TomcatWebServer - Tomcat initialized with port(s): 8080 (http)
2021-09-12 23:04:10 [main] INFO  org.apache.coyote.http11.Http11NioProtocol - Initializing ProtocolHandler ["http-nio-8080"]
2021-09-12 23:04:10 [main] INFO  org.apache.catalina.core.StandardService - Starting service [Tomcat]
2021-09-12 23:04:10 [main] INFO  org.apache.catalina.core.StandardEngine - Starting Servlet engine: [Apache Tomcat/9.0.50]
2021-09-12 23:04:11 [main] INFO  o.a.c.core.ContainerBase.[Tomcat].[localhost].[/] - Initializing Spring embedded WebApplicationContext
2021-09-12 23:04:11 [main] INFO  o.s.b.w.s.c.ServletWebServerApplicationContext - Root WebApplicationContext: initialization completed in 813 ms
2021-09-12 23:04:11 [main] INFO  s.d.s.w.PropertySourcedRequestMappingHandlerMapping - Mapped URL path [/v2/api-docs] onto method [springfox.documentation.swagger2.web.Swagger2Controller#getDocumentation(String, HttpServletRequest)]
2021-09-12 23:04:11 [main] INFO  org.apache.coyote.http11.Http11NioProtocol - Starting ProtocolHandler ["http-nio-8080"]
2021-09-12 23:04:11 [main] INFO  o.s.boot.web.embedded.tomcat.TomcatWebServer - Tomcat started on port(s): 8080 (http) with context path ''
2021-09-12 23:04:11 [main] INFO  s.d.s.web.plugins.DocumentationPluginsBootstrapper - Context refreshed
2021-09-12 23:04:11 [main] INFO  s.d.s.web.plugins.DocumentationPluginsBootstrapper - Found 1 custom documentation plugin(s)
2021-09-12 23:04:11 [main] INFO  s.d.spring.web.scanners.ApiListingReferenceScanner - Scanning for api listing references
2021-09-12 23:04:11 [main] INFO  s.d.s.w.r.operation.CachingOperationNameGenerator - Generating unique operation named: TestUsingPOST_1
2021-09-12 23:04:11 [main] INFO  s.d.s.w.r.operation.CachingOperationNameGenerator - Generating unique operation named: ListUsingPOST_1
2021-09-12 23:04:11 [main] INFO  com.xxbb.springbootapi.SpringBootApiApplication - Started SpringBootApiApplication in 1.792 seconds (JVM running for 3.252)
2021-09-12 23:04:16 [http-nio-8080-exec-1] INFO  o.a.c.core.ContainerBase.[Tomcat].[localhost].[/] - Initializing Spring DispatcherServlet 'dispatcherServlet'
2021-09-12 23:04:16 [http-nio-8080-exec-1] INFO  org.springframework.web.servlet.DispatcherServlet - Initializing Servlet 'dispatcherServlet'
2021-09-12 23:04:16 [http-nio-8080-exec-1] INFO  org.springframework.web.servlet.DispatcherServlet - Completed initialization in 1 ms
2021-09-12 23:05:22 [main] INFO  com.xxbb.springbootapi.SpringBootApiApplication - Starting SpringBootApiApplication using Java 1.8.0_292 on DESKTOP-AGMQ460 with PID 16304 (D:\Spring Boot\spring-boot-api\target\classes started by Administrator in D:\Spring Boot\spring-boot-api)
2021-09-12 23:05:22 [main] INFO  com.xxbb.springbootapi.SpringBootApiApplication - The following profiles are active: prod
2021-09-12 23:05:23 [main] INFO  o.s.boot.web.embedded.tomcat.TomcatWebServer - Tomcat initialized with port(s): 8080 (http)
2021-09-12 23:05:23 [main] INFO  org.apache.coyote.http11.Http11NioProtocol - Initializing ProtocolHandler ["http-nio-8080"]
2021-09-12 23:05:23 [main] INFO  org.apache.catalina.core.StandardService - Starting service [Tomcat]
2021-09-12 23:05:23 [main] INFO  org.apache.catalina.core.StandardEngine - Starting Servlet engine: [Apache Tomcat/9.0.50]
2021-09-12 23:05:23 [main] INFO  o.a.c.core.ContainerBase.[Tomcat].[localhost].[/] - Initializing Spring embedded WebApplicationContext
2021-09-12 23:05:23 [main] INFO  o.s.b.w.s.c.ServletWebServerApplicationContext - Root WebApplicationContext: initialization completed in 907 ms
2021-09-12 23:05:23 [main] INFO  s.d.s.w.PropertySourcedRequestMappingHandlerMapping - Mapped URL path [/v2/api-docs] onto method [springfox.documentation.swagger2.web.Swagger2Controller#getDocumentation(String, HttpServletRequest)]
2021-09-12 23:05:23 [main] INFO  org.apache.coyote.http11.Http11NioProtocol - Starting ProtocolHandler ["http-nio-8080"]
2021-09-12 23:05:23 [main] INFO  o.s.boot.web.embedded.tomcat.TomcatWebServer - Tomcat started on port(s): 8080 (http) with context path ''
2021-09-12 23:05:23 [main] INFO  s.d.s.web.plugins.DocumentationPluginsBootstrapper - Context refreshed
2021-09-12 23:05:23 [main] INFO  s.d.s.web.plugins.DocumentationPluginsBootstrapper - Found 1 custom documentation plugin(s)
2021-09-12 23:05:23 [main] INFO  s.d.spring.web.scanners.ApiListingReferenceScanner - Scanning for api listing references
2021-09-12 23:05:24 [main] INFO  s.d.s.w.r.operation.CachingOperationNameGenerator - Generating unique operation named: TestUsingPOST_1
2021-09-12 23:05:24 [main] INFO  s.d.s.w.r.operation.CachingOperationNameGenerator - Generating unique operation named: ListUsingPOST_1
2021-09-12 23:05:24 [main] INFO  com.xxbb.springbootapi.SpringBootApiApplication - Started SpringBootApiApplication in 1.922 seconds (JVM running for 3.348)
2021-09-12 23:05:31 [http-nio-8080-exec-1] INFO  o.a.c.core.ContainerBase.[Tomcat].[localhost].[/] - Initializing Spring DispatcherServlet 'dispatcherServlet'
2021-09-12 23:05:31 [http-nio-8080-exec-1] INFO  org.springframework.web.servlet.DispatcherServlet - Initializing Servlet 'dispatcherServlet'
2021-09-12 23:05:31 [http-nio-8080-exec-1] INFO  org.springframework.web.servlet.DispatcherServlet - Completed initialization in 1 ms
