2021-12-25 22:39:39 [main] INFO  com.xxbb.springbootapi.SpringBootApiApplication - Starting SpringBootApiApplication using Java 1.8.0_181 on fxdPC with PID 9208 (E:\SpringBoot\spring-boot-api\target\classes started by Administrator in E:\SpringBoot\spring-boot-api)
2021-12-25 22:39:39 [main] INFO  com.xxbb.springbootapi.SpringBootApiApplication - The following profiles are active: prod
2021-12-25 22:39:40 [main] INFO  o.s.d.r.config.RepositoryConfigurationDelegate - Bootstrapping Spring Data JPA repositories in DEFAULT mode.
2021-12-25 22:39:40 [main] INFO  o.s.d.r.config.RepositoryConfigurationDelegate - Finished Spring Data repository scanning in 25 ms. Found 0 JPA repository interfaces.
2021-12-25 22:39:42 [main] INFO  o.s.boot.web.embedded.tomcat.TomcatWebServer - Tomcat initialized with port(s): 8080 (http)
2021-12-25 22:39:42 [main] INFO  org.apache.coyote.http11.Http11NioProtocol - Initializing ProtocolHandler ["http-nio-8080"]
2021-12-25 22:39:42 [main] INFO  org.apache.catalina.core.StandardService - Starting service [Tomcat]
2021-12-25 22:39:42 [main] INFO  org.apache.catalina.core.StandardEngine - Starting Servlet engine: [Apache Tomcat/9.0.50]
2021-12-25 22:39:42 [main] INFO  o.a.c.core.ContainerBase.[Tomcat].[localhost].[/] - Initializing Spring embedded WebApplicationContext
2021-12-25 22:39:42 [main] INFO  o.s.b.w.s.c.ServletWebServerApplicationContext - Root WebApplicationContext: initialization completed in 2969 ms
2021-12-25 22:39:42 [main] INFO  org.hibernate.jpa.internal.util.LogHelper - HHH000204: Processing PersistenceUnitInfo [name: default]
2021-12-25 22:39:42 [main] INFO  org.hibernate.Version - HHH000412: Hibernate ORM core version 5.4.32.Final
2021-12-25 22:39:42 [main] INFO  org.hibernate.annotations.common.Version - HCANN000001: Hibernate Commons Annotations {5.1.2.Final}
2021-12-25 22:39:42 [main] INFO  com.alibaba.druid.pool.DruidDataSource - {dataSource-1} inited
2021-12-25 22:39:43 [main] INFO  org.hibernate.dialect.Dialect - HHH000400: Using dialect: org.hibernate.dialect.MySQL57Dialect
2021-12-25 22:39:44 [main] INFO  o.h.e.t.jta.platform.internal.JtaPlatformInitiator - HHH000490: Using JtaPlatform implementation: [org.hibernate.engine.transaction.jta.platform.internal.NoJtaPlatform]
2021-12-25 22:39:44 [main] INFO  o.s.orm.jpa.LocalContainerEntityManagerFactoryBean - Initialized JPA EntityManagerFactory for persistence unit 'default'
2021-12-25 22:39:44 [main] INFO  s.d.s.w.PropertySourcedRequestMappingHandlerMapping - Mapped URL path [/v2/api-docs] onto method [springfox.documentation.swagger2.web.Swagger2Controller#getDocumentation(String, HttpServletRequest)]
2021-12-25 22:39:45 [main] INFO  org.apache.coyote.http11.Http11NioProtocol - Starting ProtocolHandler ["http-nio-8080"]
2021-12-25 22:39:45 [main] INFO  o.s.boot.web.embedded.tomcat.TomcatWebServer - Tomcat started on port(s): 8080 (http) with context path ''
2021-12-25 22:39:45 [main] INFO  s.d.s.web.plugins.DocumentationPluginsBootstrapper - Context refreshed
2021-12-25 22:39:45 [main] INFO  s.d.s.web.plugins.DocumentationPluginsBootstrapper - Found 1 custom documentation plugin(s)
2021-12-25 22:39:45 [main] INFO  s.d.spring.web.scanners.ApiListingReferenceScanner - Scanning for api listing references
2021-12-25 22:39:45 [main] INFO  s.d.s.w.r.operation.CachingOperationNameGenerator - Generating unique operation named: listUsingGET_1
2021-12-25 22:39:45 [main] INFO  s.d.s.w.r.operation.CachingOperationNameGenerator - Generating unique operation named: addUsingPOST_1
2021-12-25 22:39:45 [main] INFO  s.d.s.w.r.operation.CachingOperationNameGenerator - Generating unique operation named: deleteUsingDELETE_1
2021-12-25 22:39:45 [main] INFO  s.d.s.w.r.operation.CachingOperationNameGenerator - Generating unique operation named: findUsingGET_1
2021-12-25 22:39:45 [main] INFO  s.d.s.w.r.operation.CachingOperationNameGenerator - Generating unique operation named: listUsingGET_2
2021-12-25 22:39:45 [main] INFO  s.d.s.w.r.operation.CachingOperationNameGenerator - Generating unique operation named: listUsingGET_3
2021-12-25 22:39:45 [main] INFO  s.d.s.w.r.operation.CachingOperationNameGenerator - Generating unique operation named: paginationUsingGET_1
2021-12-25 22:39:45 [main] INFO  s.d.s.w.r.operation.CachingOperationNameGenerator - Generating unique operation named: updateUsingPUT_1
2021-12-25 22:39:45 [main] INFO  com.xxbb.springbootapi.SpringBootApiApplication - Started SpringBootApiApplication in 7.18 seconds (JVM running for 8.481)
2021-12-25 22:43:30 [SpringApplicationShutdownHook] INFO  o.s.orm.jpa.LocalContainerEntityManagerFactoryBean - Closing JPA EntityManagerFactory for persistence unit 'default'
2021-12-25 22:43:30 [SpringApplicationShutdownHook] INFO  com.alibaba.druid.pool.DruidDataSource - {dataSource-1} closed
2021-12-25 22:43:58 [main] INFO  com.xxbb.springbootapi.SpringBootApiApplication - Starting SpringBootApiApplication using Java 1.8.0_181 on fxdPC with PID 13572 (E:\SpringBoot\spring-boot-api\target\classes started by Administrator in E:\SpringBoot\spring-boot-api)
2021-12-25 22:43:58 [main] INFO  com.xxbb.springbootapi.SpringBootApiApplication - The following profiles are active: prod
2021-12-25 22:43:59 [main] INFO  o.s.d.r.config.RepositoryConfigurationDelegate - Bootstrapping Spring Data JPA repositories in DEFAULT mode.
2021-12-25 22:43:59 [main] INFO  o.s.d.r.config.RepositoryConfigurationDelegate - Finished Spring Data repository scanning in 30 ms. Found 0 JPA repository interfaces.
2021-12-25 22:44:00 [main] INFO  o.s.boot.web.embedded.tomcat.TomcatWebServer - Tomcat initialized with port(s): 8080 (http)
2021-12-25 22:44:00 [main] INFO  org.apache.coyote.http11.Http11NioProtocol - Initializing ProtocolHandler ["http-nio-8080"]
2021-12-25 22:44:00 [main] INFO  org.apache.catalina.core.StandardService - Starting service [Tomcat]
2021-12-25 22:44:00 [main] INFO  org.apache.catalina.core.StandardEngine - Starting Servlet engine: [Apache Tomcat/9.0.50]
2021-12-25 22:44:00 [main] INFO  o.a.c.core.ContainerBase.[Tomcat].[localhost].[/] - Initializing Spring embedded WebApplicationContext
2021-12-25 22:44:00 [main] INFO  o.s.b.w.s.c.ServletWebServerApplicationContext - Root WebApplicationContext: initialization completed in 1873 ms
2021-12-25 22:44:00 [main] INFO  org.hibernate.jpa.internal.util.LogHelper - HHH000204: Processing PersistenceUnitInfo [name: default]
2021-12-25 22:44:00 [main] INFO  org.hibernate.Version - HHH000412: Hibernate ORM core version 5.4.32.Final
2021-12-25 22:44:01 [main] INFO  org.hibernate.annotations.common.Version - HCANN000001: Hibernate Commons Annotations {5.1.2.Final}
2021-12-25 22:44:01 [main] INFO  com.alibaba.druid.pool.DruidDataSource - {dataSource-1} inited
2021-12-25 22:44:02 [main] INFO  org.hibernate.dialect.Dialect - HHH000400: Using dialect: org.hibernate.dialect.MySQL57Dialect
2021-12-25 22:44:03 [main] INFO  o.h.e.t.jta.platform.internal.JtaPlatformInitiator - HHH000490: Using JtaPlatform implementation: [org.hibernate.engine.transaction.jta.platform.internal.NoJtaPlatform]
2021-12-25 22:44:03 [main] INFO  o.s.orm.jpa.LocalContainerEntityManagerFactoryBean - Initialized JPA EntityManagerFactory for persistence unit 'default'
2021-12-25 22:44:04 [main] INFO  o.s.orm.jpa.LocalContainerEntityManagerFactoryBean - Closing JPA EntityManagerFactory for persistence unit 'default'
2021-12-25 22:44:04 [main] INFO  com.alibaba.druid.pool.DruidDataSource - {dataSource-1} closed
2021-12-25 22:44:04 [main] INFO  org.apache.catalina.core.StandardService - Stopping service [Tomcat]
2021-12-25 22:44:04 [main] INFO  o.s.b.a.l.ConditionEvaluationReportLoggingListener - 

Error starting ApplicationContext. To display the conditions report re-run your application with 'debug' enabled.
2021-12-25 22:47:06 [main] INFO  com.xxbb.springbootapi.SpringBootApiApplication - Starting SpringBootApiApplication using Java 1.8.0_181 on fxdPC with PID 396 (E:\SpringBoot\spring-boot-api\target\classes started by Administrator in E:\SpringBoot\spring-boot-api)
2021-12-25 22:47:06 [main] INFO  com.xxbb.springbootapi.SpringBootApiApplication - The following profiles are active: prod
2021-12-25 22:47:07 [main] INFO  o.s.d.r.config.RepositoryConfigurationDelegate - Bootstrapping Spring Data JPA repositories in DEFAULT mode.
2021-12-25 22:47:07 [main] INFO  o.s.d.r.config.RepositoryConfigurationDelegate - Finished Spring Data repository scanning in 29 ms. Found 0 JPA repository interfaces.
2021-12-25 22:47:08 [main] INFO  o.s.boot.web.embedded.tomcat.TomcatWebServer - Tomcat initialized with port(s): 8080 (http)
2021-12-25 22:47:08 [main] INFO  org.apache.coyote.http11.Http11NioProtocol - Initializing ProtocolHandler ["http-nio-8080"]
2021-12-25 22:47:08 [main] INFO  org.apache.catalina.core.StandardService - Starting service [Tomcat]
2021-12-25 22:47:08 [main] INFO  org.apache.catalina.core.StandardEngine - Starting Servlet engine: [Apache Tomcat/9.0.50]
2021-12-25 22:47:09 [main] INFO  o.a.c.core.ContainerBase.[Tomcat].[localhost].[/] - Initializing Spring embedded WebApplicationContext
2021-12-25 22:47:09 [main] INFO  o.s.b.w.s.c.ServletWebServerApplicationContext - Root WebApplicationContext: initialization completed in 2988 ms
2021-12-25 22:47:09 [main] INFO  org.hibernate.jpa.internal.util.LogHelper - HHH000204: Processing PersistenceUnitInfo [name: default]
2021-12-25 22:47:09 [main] INFO  org.hibernate.Version - HHH000412: Hibernate ORM core version 5.4.32.Final
2021-12-25 22:47:09 [main] INFO  org.hibernate.annotations.common.Version - HCANN000001: Hibernate Commons Annotations {5.1.2.Final}
2021-12-25 22:47:09 [main] INFO  com.alibaba.druid.pool.DruidDataSource - {dataSource-1} inited
2021-12-25 22:47:11 [main] INFO  org.hibernate.dialect.Dialect - HHH000400: Using dialect: org.hibernate.dialect.MySQL57Dialect
2021-12-25 22:47:13 [main] INFO  o.h.e.t.jta.platform.internal.JtaPlatformInitiator - HHH000490: Using JtaPlatform implementation: [org.hibernate.engine.transaction.jta.platform.internal.NoJtaPlatform]
2021-12-25 22:47:13 [main] INFO  o.s.orm.jpa.LocalContainerEntityManagerFactoryBean - Initialized JPA EntityManagerFactory for persistence unit 'default'
2021-12-25 22:47:13 [main] INFO  s.d.s.w.WebMvcPropertySourcedRequestMappingHandlerMapping - Mapped URL path [/v2/api-docs] onto method [springfox.documentation.swagger2.web.Swagger2ControllerWebMvc#getDocumentation(String, HttpServletRequest)]
2021-12-25 22:47:14 [main] INFO  org.apache.coyote.http11.Http11NioProtocol - Starting ProtocolHandler ["http-nio-8080"]
2021-12-25 22:47:14 [main] INFO  o.s.boot.web.embedded.tomcat.TomcatWebServer - Tomcat started on port(s): 8080 (http) with context path ''
2021-12-25 22:47:14 [main] INFO  s.d.s.web.plugins.DocumentationPluginsBootstrapper - Documentation plugins bootstrapped
2021-12-25 22:47:14 [main] INFO  s.d.s.web.plugins.DocumentationPluginsBootstrapper - Found 1 custom documentation plugin(s)
2021-12-25 22:47:14 [main] INFO  s.d.spring.web.scanners.ApiListingReferenceScanner - Scanning for api listing references
2021-12-25 22:47:14 [main] INFO  com.xxbb.springbootapi.SpringBootApiApplication - Started SpringBootApiApplication in 10.471 seconds (JVM running for 14.688)
2021-12-25 22:47:51 [http-nio-8080-exec-1] INFO  o.a.c.core.ContainerBase.[Tomcat].[localhost].[/] - Initializing Spring DispatcherServlet 'dispatcherServlet'
2021-12-25 22:47:51 [http-nio-8080-exec-1] INFO  org.springframework.web.servlet.DispatcherServlet - Initializing Servlet 'dispatcherServlet'
2021-12-25 22:47:51 [http-nio-8080-exec-1] INFO  org.springframework.web.servlet.DispatcherServlet - Completed initialization in 1 ms
2021-12-25 22:49:55 [SpringApplicationShutdownHook] INFO  o.s.orm.jpa.LocalContainerEntityManagerFactoryBean - Closing JPA EntityManagerFactory for persistence unit 'default'
2021-12-25 22:49:55 [SpringApplicationShutdownHook] INFO  com.alibaba.druid.pool.DruidDataSource - {dataSource-1} closed
2021-12-25 22:51:08 [main] INFO  com.xxbb.springbootapi.SpringBootApiApplication - Starting SpringBootApiApplication using Java 1.8.0_181 on fxdPC with PID 22728 (E:\SpringBoot\spring-boot-api\target\classes started by Administrator in E:\SpringBoot\spring-boot-api)
2021-12-25 22:51:08 [main] INFO  com.xxbb.springbootapi.SpringBootApiApplication - The following profiles are active: prod
2021-12-25 22:51:09 [main] INFO  o.s.d.r.config.RepositoryConfigurationDelegate - Bootstrapping Spring Data JPA repositories in DEFAULT mode.
2021-12-25 22:51:10 [main] INFO  o.s.d.r.config.RepositoryConfigurationDelegate - Finished Spring Data repository scanning in 28 ms. Found 0 JPA repository interfaces.
2021-12-25 22:51:10 [main] INFO  o.s.boot.web.embedded.tomcat.TomcatWebServer - Tomcat initialized with port(s): 8080 (http)
2021-12-25 22:51:10 [main] INFO  org.apache.coyote.http11.Http11NioProtocol - Initializing ProtocolHandler ["http-nio-8080"]
2021-12-25 22:51:10 [main] INFO  org.apache.catalina.core.StandardService - Starting service [Tomcat]
2021-12-25 22:51:10 [main] INFO  org.apache.catalina.core.StandardEngine - Starting Servlet engine: [Apache Tomcat/9.0.50]
2021-12-25 22:51:11 [main] INFO  o.a.c.core.ContainerBase.[Tomcat].[localhost].[/] - Initializing Spring embedded WebApplicationContext
2021-12-25 22:51:11 [main] INFO  o.s.b.w.s.c.ServletWebServerApplicationContext - Root WebApplicationContext: initialization completed in 2276 ms
2021-12-25 22:51:11 [main] INFO  org.hibernate.jpa.internal.util.LogHelper - HHH000204: Processing PersistenceUnitInfo [name: default]
2021-12-25 22:51:11 [main] INFO  org.hibernate.Version - HHH000412: Hibernate ORM core version 5.4.32.Final
2021-12-25 22:51:11 [main] INFO  org.hibernate.annotations.common.Version - HCANN000001: Hibernate Commons Annotations {5.1.2.Final}
2021-12-25 22:51:11 [main] INFO  com.alibaba.druid.pool.DruidDataSource - {dataSource-1} inited
2021-12-25 22:51:13 [main] INFO  org.hibernate.dialect.Dialect - HHH000400: Using dialect: org.hibernate.dialect.MySQL57Dialect
2021-12-25 22:51:14 [main] INFO  o.h.e.t.jta.platform.internal.JtaPlatformInitiator - HHH000490: Using JtaPlatform implementation: [org.hibernate.engine.transaction.jta.platform.internal.NoJtaPlatform]
2021-12-25 22:51:14 [main] INFO  o.s.orm.jpa.LocalContainerEntityManagerFactoryBean - Initialized JPA EntityManagerFactory for persistence unit 'default'
2021-12-25 22:51:15 [main] INFO  org.apache.coyote.http11.Http11NioProtocol - Starting ProtocolHandler ["http-nio-8080"]
2021-12-25 22:51:15 [main] INFO  o.s.boot.web.embedded.tomcat.TomcatWebServer - Tomcat started on port(s): 8080 (http) with context path ''
2021-12-25 22:51:16 [main] INFO  com.xxbb.springbootapi.SpringBootApiApplication - Started SpringBootApiApplication in 8.247 seconds (JVM running for 10.956)
2021-12-25 22:51:23 [http-nio-8080-exec-1] INFO  o.a.c.core.ContainerBase.[Tomcat].[localhost].[/] - Initializing Spring DispatcherServlet 'dispatcherServlet'
2021-12-25 22:51:23 [http-nio-8080-exec-1] INFO  org.springframework.web.servlet.DispatcherServlet - Initializing Servlet 'dispatcherServlet'
2021-12-25 22:51:23 [http-nio-8080-exec-1] INFO  org.springframework.web.servlet.DispatcherServlet - Completed initialization in 2 ms
2021-12-25 22:58:53 [SpringApplicationShutdownHook] INFO  o.s.orm.jpa.LocalContainerEntityManagerFactoryBean - Closing JPA EntityManagerFactory for persistence unit 'default'
2021-12-25 22:58:53 [SpringApplicationShutdownHook] INFO  com.alibaba.druid.pool.DruidDataSource - {dataSource-1} closed
2021-12-25 22:59:45 [main] INFO  com.xxbb.springbootapi.SpringBootApiApplication - Starting SpringBootApiApplication using Java 1.8.0_181 on fxdPC with PID 252 (E:\SpringBoot\spring-boot-api\target\classes started by Administrator in E:\SpringBoot\spring-boot-api)
2021-12-25 22:59:45 [main] INFO  com.xxbb.springbootapi.SpringBootApiApplication - The following profiles are active: prod
2021-12-25 22:59:46 [main] INFO  o.s.d.r.config.RepositoryConfigurationDelegate - Bootstrapping Spring Data JPA repositories in DEFAULT mode.
2021-12-25 22:59:47 [main] INFO  o.s.d.r.config.RepositoryConfigurationDelegate - Finished Spring Data repository scanning in 41 ms. Found 0 JPA repository interfaces.
2021-12-25 22:59:47 [main] INFO  o.s.boot.web.embedded.tomcat.TomcatWebServer - Tomcat initialized with port(s): 8080 (http)
2021-12-25 22:59:47 [main] INFO  org.apache.coyote.http11.Http11NioProtocol - Initializing ProtocolHandler ["http-nio-8080"]
2021-12-25 22:59:47 [main] INFO  org.apache.catalina.core.StandardService - Starting service [Tomcat]
2021-12-25 22:59:47 [main] INFO  org.apache.catalina.core.StandardEngine - Starting Servlet engine: [Apache Tomcat/9.0.50]
2021-12-25 22:59:48 [main] INFO  o.a.c.core.ContainerBase.[Tomcat].[localhost].[/] - Initializing Spring embedded WebApplicationContext
2021-12-25 22:59:48 [main] INFO  o.s.b.w.s.c.ServletWebServerApplicationContext - Root WebApplicationContext: initialization completed in 2517 ms
2021-12-25 22:59:48 [main] INFO  org.hibernate.jpa.internal.util.LogHelper - HHH000204: Processing PersistenceUnitInfo [name: default]
2021-12-25 22:59:48 [main] INFO  org.hibernate.Version - HHH000412: Hibernate ORM core version 5.4.32.Final
2021-12-25 22:59:48 [main] INFO  org.hibernate.annotations.common.Version - HCANN000001: Hibernate Commons Annotations {5.1.2.Final}
2021-12-25 22:59:49 [main] INFO  com.alibaba.druid.pool.DruidDataSource - {dataSource-1} inited
2021-12-25 22:59:49 [main] INFO  org.hibernate.dialect.Dialect - HHH000400: Using dialect: org.hibernate.dialect.MySQL57Dialect
2021-12-25 22:59:50 [main] INFO  o.h.e.t.jta.platform.internal.JtaPlatformInitiator - HHH000490: Using JtaPlatform implementation: [org.hibernate.engine.transaction.jta.platform.internal.NoJtaPlatform]
2021-12-25 22:59:50 [main] INFO  o.s.orm.jpa.LocalContainerEntityManagerFactoryBean - Initialized JPA EntityManagerFactory for persistence unit 'default'
2021-12-25 22:59:51 [main] INFO  org.apache.coyote.http11.Http11NioProtocol - Starting ProtocolHandler ["http-nio-8080"]
2021-12-25 22:59:51 [main] INFO  o.s.boot.web.embedded.tomcat.TomcatWebServer - Tomcat started on port(s): 8080 (http) with context path ''
2021-12-25 22:59:52 [main] INFO  com.xxbb.springbootapi.SpringBootApiApplication - Started SpringBootApiApplication in 7.376 seconds (JVM running for 10.019)
2021-12-25 23:00:16 [http-nio-8080-exec-1] INFO  o.a.c.core.ContainerBase.[Tomcat].[localhost].[/] - Initializing Spring DispatcherServlet 'dispatcherServlet'
2021-12-25 23:00:16 [http-nio-8080-exec-1] INFO  org.springframework.web.servlet.DispatcherServlet - Initializing Servlet 'dispatcherServlet'
2021-12-25 23:00:16 [http-nio-8080-exec-1] INFO  org.springframework.web.servlet.DispatcherServlet - Completed initialization in 2 ms
2021-12-25 23:04:07 [SpringApplicationShutdownHook] INFO  o.s.orm.jpa.LocalContainerEntityManagerFactoryBean - Closing JPA EntityManagerFactory for persistence unit 'default'
2021-12-25 23:04:07 [SpringApplicationShutdownHook] INFO  com.alibaba.druid.pool.DruidDataSource - {dataSource-1} closed
2021-12-25 23:04:14 [main] INFO  com.xxbb.springbootapi.SpringBootApiApplication - Starting SpringBootApiApplication using Java 1.8.0_181 on fxdPC with PID 12496 (E:\SpringBoot\spring-boot-api\target\classes started by Administrator in E:\SpringBoot\spring-boot-api)
2021-12-25 23:04:14 [main] INFO  com.xxbb.springbootapi.SpringBootApiApplication - The following profiles are active: prod
2021-12-25 23:04:15 [main] INFO  o.s.d.r.config.RepositoryConfigurationDelegate - Bootstrapping Spring Data JPA repositories in DEFAULT mode.
2021-12-25 23:04:15 [main] INFO  o.s.d.r.config.RepositoryConfigurationDelegate - Finished Spring Data repository scanning in 22 ms. Found 0 JPA repository interfaces.
2021-12-25 23:04:15 [main] INFO  o.s.boot.web.embedded.tomcat.TomcatWebServer - Tomcat initialized with port(s): 8080 (http)
2021-12-25 23:04:15 [main] INFO  org.apache.coyote.http11.Http11NioProtocol - Initializing ProtocolHandler ["http-nio-8080"]
2021-12-25 23:04:15 [main] INFO  org.apache.catalina.core.StandardService - Starting service [Tomcat]
2021-12-25 23:04:15 [main] INFO  org.apache.catalina.core.StandardEngine - Starting Servlet engine: [Apache Tomcat/9.0.50]
2021-12-25 23:04:16 [main] INFO  o.a.c.core.ContainerBase.[Tomcat].[localhost].[/] - Initializing Spring embedded WebApplicationContext
2021-12-25 23:04:16 [main] INFO  o.s.b.w.s.c.ServletWebServerApplicationContext - Root WebApplicationContext: initialization completed in 1965 ms
2021-12-25 23:04:16 [main] INFO  org.hibernate.jpa.internal.util.LogHelper - HHH000204: Processing PersistenceUnitInfo [name: default]
2021-12-25 23:04:16 [main] INFO  org.hibernate.Version - HHH000412: Hibernate ORM core version 5.4.32.Final
2021-12-25 23:04:16 [main] INFO  org.hibernate.annotations.common.Version - HCANN000001: Hibernate Commons Annotations {5.1.2.Final}
2021-12-25 23:04:16 [main] INFO  com.alibaba.druid.pool.DruidDataSource - {dataSource-1} inited
2021-12-25 23:04:17 [main] INFO  org.hibernate.dialect.Dialect - HHH000400: Using dialect: org.hibernate.dialect.MySQL57Dialect
2021-12-25 23:04:17 [main] INFO  o.h.e.t.jta.platform.internal.JtaPlatformInitiator - HHH000490: Using JtaPlatform implementation: [org.hibernate.engine.transaction.jta.platform.internal.NoJtaPlatform]
2021-12-25 23:04:17 [main] INFO  o.s.orm.jpa.LocalContainerEntityManagerFactoryBean - Initialized JPA EntityManagerFactory for persistence unit 'default'
2021-12-25 23:04:18 [main] INFO  org.apache.coyote.http11.Http11NioProtocol - Starting ProtocolHandler ["http-nio-8080"]
2021-12-25 23:04:18 [main] INFO  o.s.boot.web.embedded.tomcat.TomcatWebServer - Tomcat started on port(s): 8080 (http) with context path ''
2021-12-25 23:04:19 [main] INFO  com.xxbb.springbootapi.SpringBootApiApplication - Started SpringBootApiApplication in 5.668 seconds (JVM running for 7.653)
2021-12-25 23:04:27 [http-nio-8080-exec-1] INFO  o.a.c.core.ContainerBase.[Tomcat].[localhost].[/] - Initializing Spring DispatcherServlet 'dispatcherServlet'
2021-12-25 23:04:27 [http-nio-8080-exec-1] INFO  org.springframework.web.servlet.DispatcherServlet - Initializing Servlet 'dispatcherServlet'
2021-12-25 23:04:27 [http-nio-8080-exec-1] INFO  org.springframework.web.servlet.DispatcherServlet - Completed initialization in 5 ms
2021-12-25 23:09:52 [SpringApplicationShutdownHook] INFO  o.s.orm.jpa.LocalContainerEntityManagerFactoryBean - Closing JPA EntityManagerFactory for persistence unit 'default'
2021-12-25 23:09:52 [SpringApplicationShutdownHook] INFO  com.alibaba.druid.pool.DruidDataSource - {dataSource-1} closed
2021-12-25 23:10:00 [main] INFO  com.xxbb.springbootapi.SpringBootApiApplication - Starting SpringBootApiApplication using Java 1.8.0_181 on fxdPC with PID 19464 (E:\SpringBoot\spring-boot-api\target\classes started by Administrator in E:\SpringBoot\spring-boot-api)
2021-12-25 23:10:00 [main] INFO  com.xxbb.springbootapi.SpringBootApiApplication - The following profiles are active: prod
2021-12-25 23:10:02 [main] INFO  o.s.d.r.config.RepositoryConfigurationDelegate - Bootstrapping Spring Data JPA repositories in DEFAULT mode.
2021-12-25 23:10:02 [main] INFO  o.s.d.r.config.RepositoryConfigurationDelegate - Finished Spring Data repository scanning in 18 ms. Found 0 JPA repository interfaces.
2021-12-25 23:10:03 [main] INFO  o.s.boot.web.embedded.tomcat.TomcatWebServer - Tomcat initialized with port(s): 8080 (http)
2021-12-25 23:10:03 [main] INFO  org.apache.coyote.http11.Http11NioProtocol - Initializing ProtocolHandler ["http-nio-8080"]
2021-12-25 23:10:03 [main] INFO  org.apache.catalina.core.StandardService - Starting service [Tomcat]
2021-12-25 23:10:03 [main] INFO  org.apache.catalina.core.StandardEngine - Starting Servlet engine: [Apache Tomcat/9.0.50]
2021-12-25 23:10:03 [main] INFO  o.a.c.core.ContainerBase.[Tomcat].[localhost].[/] - Initializing Spring embedded WebApplicationContext
2021-12-25 23:10:03 [main] INFO  o.s.b.w.s.c.ServletWebServerApplicationContext - Root WebApplicationContext: initialization completed in 2308 ms
2021-12-25 23:10:03 [main] INFO  org.hibernate.jpa.internal.util.LogHelper - HHH000204: Processing PersistenceUnitInfo [name: default]
2021-12-25 23:10:03 [main] INFO  org.hibernate.Version - HHH000412: Hibernate ORM core version 5.4.32.Final
2021-12-25 23:10:03 [main] INFO  org.hibernate.annotations.common.Version - HCANN000001: Hibernate Commons Annotations {5.1.2.Final}
2021-12-25 23:10:03 [main] INFO  com.alibaba.druid.pool.DruidDataSource - {dataSource-1} inited
2021-12-25 23:10:04 [main] INFO  org.hibernate.dialect.Dialect - HHH000400: Using dialect: org.hibernate.dialect.MySQL57Dialect
2021-12-25 23:10:06 [main] INFO  o.h.e.t.jta.platform.internal.JtaPlatformInitiator - HHH000490: Using JtaPlatform implementation: [org.hibernate.engine.transaction.jta.platform.internal.NoJtaPlatform]
2021-12-25 23:10:06 [main] INFO  o.s.orm.jpa.LocalContainerEntityManagerFactoryBean - Initialized JPA EntityManagerFactory for persistence unit 'default'
2021-12-25 23:10:07 [main] INFO  org.apache.coyote.http11.Http11NioProtocol - Starting ProtocolHandler ["http-nio-8080"]
2021-12-25 23:10:07 [main] INFO  o.s.boot.web.embedded.tomcat.TomcatWebServer - Tomcat started on port(s): 8080 (http) with context path ''
2021-12-25 23:10:07 [main] INFO  com.xxbb.springbootapi.SpringBootApiApplication - Started SpringBootApiApplication in 7.895 seconds (JVM running for 10.406)
2021-12-25 23:10:14 [http-nio-8080-exec-1] INFO  o.a.c.core.ContainerBase.[Tomcat].[localhost].[/] - Initializing Spring DispatcherServlet 'dispatcherServlet'
2021-12-25 23:10:14 [http-nio-8080-exec-1] INFO  org.springframework.web.servlet.DispatcherServlet - Initializing Servlet 'dispatcherServlet'
2021-12-25 23:10:14 [http-nio-8080-exec-1] INFO  org.springframework.web.servlet.DispatcherServlet - Completed initialization in 3 ms
2021-12-25 23:45:23 [SpringApplicationShutdownHook] INFO  o.s.orm.jpa.LocalContainerEntityManagerFactoryBean - Closing JPA EntityManagerFactory for persistence unit 'default'
2021-12-25 23:45:23 [SpringApplicationShutdownHook] INFO  com.alibaba.druid.pool.DruidDataSource - {dataSource-1} closed
2021-12-25 23:45:35 [main] INFO  com.xxbb.springbootapi.SpringBootApiApplication - Starting SpringBootApiApplication using Java 1.8.0_181 on fxdPC with PID 14260 (E:\SpringBoot\spring-boot-api\target\classes started by Administrator in E:\SpringBoot\spring-boot-api)
2021-12-25 23:45:35 [main] INFO  com.xxbb.springbootapi.SpringBootApiApplication - The following profiles are active: prod
2021-12-25 23:45:36 [main] INFO  o.s.d.r.config.RepositoryConfigurationDelegate - Bootstrapping Spring Data JPA repositories in DEFAULT mode.
2021-12-25 23:45:36 [main] INFO  o.s.d.r.config.RepositoryConfigurationDelegate - Finished Spring Data repository scanning in 20 ms. Found 0 JPA repository interfaces.
2021-12-25 23:45:37 [main] INFO  o.s.boot.web.embedded.tomcat.TomcatWebServer - Tomcat initialized with port(s): 8080 (http)
2021-12-25 23:45:37 [main] INFO  org.apache.coyote.http11.Http11NioProtocol - Initializing ProtocolHandler ["http-nio-8080"]
2021-12-25 23:45:37 [main] INFO  org.apache.catalina.core.StandardService - Starting service [Tomcat]
2021-12-25 23:45:37 [main] INFO  org.apache.catalina.core.StandardEngine - Starting Servlet engine: [Apache Tomcat/9.0.50]
2021-12-25 23:45:38 [main] INFO  o.a.c.core.ContainerBase.[Tomcat].[localhost].[/] - Initializing Spring embedded WebApplicationContext
2021-12-25 23:45:38 [main] INFO  o.s.b.w.s.c.ServletWebServerApplicationContext - Root WebApplicationContext: initialization completed in 2951 ms
2021-12-25 23:45:38 [main] INFO  org.hibernate.jpa.internal.util.LogHelper - HHH000204: Processing PersistenceUnitInfo [name: default]
2021-12-25 23:45:38 [main] INFO  org.hibernate.Version - HHH000412: Hibernate ORM core version 5.4.32.Final
2021-12-25 23:45:38 [main] INFO  org.hibernate.annotations.common.Version - HCANN000001: Hibernate Commons Annotations {5.1.2.Final}
2021-12-25 23:45:38 [main] INFO  com.alibaba.druid.pool.DruidDataSource - {dataSource-1} inited
2021-12-25 23:45:40 [main] INFO  org.hibernate.dialect.Dialect - HHH000400: Using dialect: org.hibernate.dialect.MySQL57Dialect
2021-12-25 23:45:42 [main] INFO  o.h.e.t.jta.platform.internal.JtaPlatformInitiator - HHH000490: Using JtaPlatform implementation: [org.hibernate.engine.transaction.jta.platform.internal.NoJtaPlatform]
2021-12-25 23:45:42 [main] INFO  o.s.orm.jpa.LocalContainerEntityManagerFactoryBean - Initialized JPA EntityManagerFactory for persistence unit 'default'
2021-12-25 23:45:42 [main] INFO  o.s.orm.jpa.LocalContainerEntityManagerFactoryBean - Closing JPA EntityManagerFactory for persistence unit 'default'
2021-12-25 23:45:42 [main] INFO  com.alibaba.druid.pool.DruidDataSource - {dataSource-1} closed
2021-12-25 23:45:42 [main] INFO  org.apache.catalina.core.StandardService - Stopping service [Tomcat]
2021-12-25 23:45:43 [main] INFO  o.s.b.a.l.ConditionEvaluationReportLoggingListener - 

Error starting ApplicationContext. To display the conditions report re-run your application with 'debug' enabled.
2021-12-25 23:46:29 [main] INFO  com.xxbb.springbootapi.SpringBootApiApplication - Starting SpringBootApiApplication using Java 1.8.0_181 on fxdPC with PID 3724 (E:\SpringBoot\spring-boot-api\target\classes started by Administrator in E:\SpringBoot\spring-boot-api)
2021-12-25 23:46:29 [main] INFO  com.xxbb.springbootapi.SpringBootApiApplication - The following profiles are active: prod
2021-12-25 23:46:30 [main] INFO  o.s.d.r.config.RepositoryConfigurationDelegate - Bootstrapping Spring Data JPA repositories in DEFAULT mode.
2021-12-25 23:46:30 [main] INFO  o.s.d.r.config.RepositoryConfigurationDelegate - Finished Spring Data repository scanning in 22 ms. Found 0 JPA repository interfaces.
2021-12-25 23:46:31 [main] INFO  o.s.boot.web.embedded.tomcat.TomcatWebServer - Tomcat initialized with port(s): 8080 (http)
2021-12-25 23:46:31 [main] INFO  org.apache.coyote.http11.Http11NioProtocol - Initializing ProtocolHandler ["http-nio-8080"]
2021-12-25 23:46:31 [main] INFO  org.apache.catalina.core.StandardService - Starting service [Tomcat]
2021-12-25 23:46:31 [main] INFO  org.apache.catalina.core.StandardEngine - Starting Servlet engine: [Apache Tomcat/9.0.50]
2021-12-25 23:46:31 [main] INFO  o.a.c.core.ContainerBase.[Tomcat].[localhost].[/] - Initializing Spring embedded WebApplicationContext
2021-12-25 23:46:31 [main] INFO  o.s.b.w.s.c.ServletWebServerApplicationContext - Root WebApplicationContext: initialization completed in 2201 ms
2021-12-25 23:46:31 [main] INFO  org.hibernate.jpa.internal.util.LogHelper - HHH000204: Processing PersistenceUnitInfo [name: default]
2021-12-25 23:46:31 [main] INFO  org.hibernate.Version - HHH000412: Hibernate ORM core version 5.4.32.Final
2021-12-25 23:46:31 [main] INFO  org.hibernate.annotations.common.Version - HCANN000001: Hibernate Commons Annotations {5.1.2.Final}
2021-12-25 23:46:32 [main] INFO  com.alibaba.druid.pool.DruidDataSource - {dataSource-1} inited
2021-12-25 23:46:34 [main] INFO  org.hibernate.dialect.Dialect - HHH000400: Using dialect: org.hibernate.dialect.MySQL57Dialect
2021-12-25 23:46:35 [main] INFO  o.h.e.t.jta.platform.internal.JtaPlatformInitiator - HHH000490: Using JtaPlatform implementation: [org.hibernate.engine.transaction.jta.platform.internal.NoJtaPlatform]
2021-12-25 23:46:35 [main] INFO  o.s.orm.jpa.LocalContainerEntityManagerFactoryBean - Initialized JPA EntityManagerFactory for persistence unit 'default'
2021-12-25 23:46:36 [main] INFO  o.s.orm.jpa.LocalContainerEntityManagerFactoryBean - Closing JPA EntityManagerFactory for persistence unit 'default'
2021-12-25 23:46:36 [main] INFO  com.alibaba.druid.pool.DruidDataSource - {dataSource-1} closed
2021-12-25 23:46:36 [main] INFO  org.apache.catalina.core.StandardService - Stopping service [Tomcat]
2021-12-25 23:46:36 [main] INFO  o.s.b.a.l.ConditionEvaluationReportLoggingListener - 

Error starting ApplicationContext. To display the conditions report re-run your application with 'debug' enabled.
2021-12-25 23:47:37 [main] INFO  com.xxbb.springbootapi.SpringBootApiApplication - Starting SpringBootApiApplication using Java 1.8.0_181 on fxdPC with PID 19044 (E:\SpringBoot\spring-boot-api\target\classes started by Administrator in E:\SpringBoot\spring-boot-api)
2021-12-25 23:47:37 [main] INFO  com.xxbb.springbootapi.SpringBootApiApplication - The following profiles are active: prod
2021-12-25 23:47:38 [main] INFO  o.s.d.r.config.RepositoryConfigurationDelegate - Bootstrapping Spring Data JPA repositories in DEFAULT mode.
2021-12-25 23:47:38 [main] INFO  o.s.d.r.config.RepositoryConfigurationDelegate - Finished Spring Data repository scanning in 17 ms. Found 0 JPA repository interfaces.
2021-12-25 23:47:38 [main] INFO  o.s.boot.web.embedded.tomcat.TomcatWebServer - Tomcat initialized with port(s): 8080 (http)
2021-12-25 23:47:38 [main] INFO  org.apache.coyote.http11.Http11NioProtocol - Initializing ProtocolHandler ["http-nio-8080"]
2021-12-25 23:47:38 [main] INFO  org.apache.catalina.core.StandardService - Starting service [Tomcat]
2021-12-25 23:47:38 [main] INFO  org.apache.catalina.core.StandardEngine - Starting Servlet engine: [Apache Tomcat/9.0.50]
2021-12-25 23:47:39 [main] INFO  o.a.c.core.ContainerBase.[Tomcat].[localhost].[/] - Initializing Spring embedded WebApplicationContext
2021-12-25 23:47:39 [main] INFO  o.s.b.w.s.c.ServletWebServerApplicationContext - Root WebApplicationContext: initialization completed in 1988 ms
2021-12-25 23:47:39 [main] INFO  org.hibernate.jpa.internal.util.LogHelper - HHH000204: Processing PersistenceUnitInfo [name: default]
2021-12-25 23:47:39 [main] INFO  org.hibernate.Version - HHH000412: Hibernate ORM core version 5.4.32.Final
2021-12-25 23:47:39 [main] INFO  org.hibernate.annotations.common.Version - HCANN000001: Hibernate Commons Annotations {5.1.2.Final}
2021-12-25 23:47:39 [main] INFO  com.alibaba.druid.pool.DruidDataSource - {dataSource-1} inited
2021-12-25 23:47:40 [main] INFO  org.hibernate.dialect.Dialect - HHH000400: Using dialect: org.hibernate.dialect.MySQL57Dialect
2021-12-25 23:47:42 [main] INFO  o.h.e.t.jta.platform.internal.JtaPlatformInitiator - HHH000490: Using JtaPlatform implementation: [org.hibernate.engine.transaction.jta.platform.internal.NoJtaPlatform]
2021-12-25 23:47:42 [main] INFO  o.s.orm.jpa.LocalContainerEntityManagerFactoryBean - Initialized JPA EntityManagerFactory for persistence unit 'default'
2021-12-25 23:47:43 [main] INFO  org.apache.coyote.http11.Http11NioProtocol - Starting ProtocolHandler ["http-nio-8080"]
2021-12-25 23:47:43 [main] INFO  o.s.boot.web.embedded.tomcat.TomcatWebServer - Tomcat started on port(s): 8080 (http) with context path ''
2021-12-25 23:47:43 [main] INFO  com.xxbb.springbootapi.SpringBootApiApplication - Started SpringBootApiApplication in 7.224 seconds (JVM running for 9.296)
2021-12-25 23:48:24 [http-nio-8080-exec-1] INFO  o.a.c.core.ContainerBase.[Tomcat].[localhost].[/] - Initializing Spring DispatcherServlet 'dispatcherServlet'
2021-12-25 23:48:24 [http-nio-8080-exec-1] INFO  org.springframework.web.servlet.DispatcherServlet - Initializing Servlet 'dispatcherServlet'
2021-12-25 23:48:24 [http-nio-8080-exec-1] INFO  org.springframework.web.servlet.DispatcherServlet - Completed initialization in 5 ms
2021-12-25 23:50:51 [SpringApplicationShutdownHook] INFO  o.s.orm.jpa.LocalContainerEntityManagerFactoryBean - Closing JPA EntityManagerFactory for persistence unit 'default'
2021-12-25 23:50:51 [SpringApplicationShutdownHook] INFO  com.alibaba.druid.pool.DruidDataSource - {dataSource-1} closed
2021-12-25 23:50:59 [main] INFO  com.xxbb.springbootapi.SpringBootApiApplication - Starting SpringBootApiApplication using Java 1.8.0_181 on fxdPC with PID 9572 (E:\SpringBoot\spring-boot-api\target\classes started by Administrator in E:\SpringBoot\spring-boot-api)
2021-12-25 23:50:59 [main] INFO  com.xxbb.springbootapi.SpringBootApiApplication - The following profiles are active: prod
2021-12-25 23:51:01 [main] INFO  o.s.d.r.config.RepositoryConfigurationDelegate - Bootstrapping Spring Data JPA repositories in DEFAULT mode.
2021-12-25 23:51:01 [main] INFO  o.s.d.r.config.RepositoryConfigurationDelegate - Finished Spring Data repository scanning in 23 ms. Found 0 JPA repository interfaces.
2021-12-25 23:51:02 [main] INFO  o.s.boot.web.embedded.tomcat.TomcatWebServer - Tomcat initialized with port(s): 8080 (http)
2021-12-25 23:51:02 [main] INFO  org.apache.coyote.http11.Http11NioProtocol - Initializing ProtocolHandler ["http-nio-8080"]
2021-12-25 23:51:02 [main] INFO  org.apache.catalina.core.StandardService - Starting service [Tomcat]
2021-12-25 23:51:02 [main] INFO  org.apache.catalina.core.StandardEngine - Starting Servlet engine: [Apache Tomcat/9.0.50]
2021-12-25 23:51:02 [main] INFO  o.a.c.core.ContainerBase.[Tomcat].[localhost].[/] - Initializing Spring embedded WebApplicationContext
2021-12-25 23:51:02 [main] INFO  o.s.b.w.s.c.ServletWebServerApplicationContext - Root WebApplicationContext: initialization completed in 2626 ms
2021-12-25 23:51:02 [main] INFO  org.hibernate.jpa.internal.util.LogHelper - HHH000204: Processing PersistenceUnitInfo [name: default]
2021-12-25 23:51:02 [main] INFO  org.hibernate.Version - HHH000412: Hibernate ORM core version 5.4.32.Final
2021-12-25 23:51:03 [main] INFO  org.hibernate.annotations.common.Version - HCANN000001: Hibernate Commons Annotations {5.1.2.Final}
2021-12-25 23:51:03 [main] INFO  com.alibaba.druid.pool.DruidDataSource - {dataSource-1} inited
2021-12-25 23:51:04 [main] INFO  org.hibernate.dialect.Dialect - HHH000400: Using dialect: org.hibernate.dialect.MySQL57Dialect
2021-12-25 23:51:06 [main] INFO  o.h.e.t.jta.platform.internal.JtaPlatformInitiator - HHH000490: Using JtaPlatform implementation: [org.hibernate.engine.transaction.jta.platform.internal.NoJtaPlatform]
2021-12-25 23:51:06 [main] INFO  o.s.orm.jpa.LocalContainerEntityManagerFactoryBean - Initialized JPA EntityManagerFactory for persistence unit 'default'
2021-12-25 23:51:07 [main] INFO  org.apache.coyote.http11.Http11NioProtocol - Starting ProtocolHandler ["http-nio-8080"]
2021-12-25 23:51:07 [main] INFO  o.s.boot.web.embedded.tomcat.TomcatWebServer - Tomcat started on port(s): 8080 (http) with context path ''
2021-12-25 23:51:08 [main] INFO  com.xxbb.springbootapi.SpringBootApiApplication - Started SpringBootApiApplication in 9.072 seconds (JVM running for 11.512)
2021-12-25 23:51:40 [http-nio-8080-exec-1] INFO  o.a.c.core.ContainerBase.[Tomcat].[localhost].[/] - Initializing Spring DispatcherServlet 'dispatcherServlet'
2021-12-25 23:51:40 [http-nio-8080-exec-1] INFO  org.springframework.web.servlet.DispatcherServlet - Initializing Servlet 'dispatcherServlet'
2021-12-25 23:51:40 [http-nio-8080-exec-1] INFO  org.springframework.web.servlet.DispatcherServlet - Completed initialization in 2 ms
2021-12-25 23:52:15 [SpringApplicationShutdownHook] INFO  o.s.orm.jpa.LocalContainerEntityManagerFactoryBean - Closing JPA EntityManagerFactory for persistence unit 'default'
2021-12-25 23:52:15 [SpringApplicationShutdownHook] INFO  com.alibaba.druid.pool.DruidDataSource - {dataSource-1} closed
2021-12-25 23:52:23 [main] INFO  com.xxbb.springbootapi.SpringBootApiApplication - Starting SpringBootApiApplication using Java 1.8.0_181 on fxdPC with PID 14860 (E:\SpringBoot\spring-boot-api\target\classes started by Administrator in E:\SpringBoot\spring-boot-api)
2021-12-25 23:52:23 [main] INFO  com.xxbb.springbootapi.SpringBootApiApplication - The following profiles are active: prod
2021-12-25 23:52:24 [main] INFO  o.s.d.r.config.RepositoryConfigurationDelegate - Bootstrapping Spring Data JPA repositories in DEFAULT mode.
2021-12-25 23:52:24 [main] INFO  o.s.d.r.config.RepositoryConfigurationDelegate - Finished Spring Data repository scanning in 18 ms. Found 0 JPA repository interfaces.
2021-12-25 23:52:25 [main] INFO  o.s.boot.web.embedded.tomcat.TomcatWebServer - Tomcat initialized with port(s): 8080 (http)
2021-12-25 23:52:25 [main] INFO  org.apache.coyote.http11.Http11NioProtocol - Initializing ProtocolHandler ["http-nio-8080"]
2021-12-25 23:52:25 [main] INFO  org.apache.catalina.core.StandardService - Starting service [Tomcat]
2021-12-25 23:52:25 [main] INFO  org.apache.catalina.core.StandardEngine - Starting Servlet engine: [Apache Tomcat/9.0.50]
2021-12-25 23:52:25 [main] INFO  o.a.c.core.ContainerBase.[Tomcat].[localhost].[/] - Initializing Spring embedded WebApplicationContext
2021-12-25 23:52:25 [main] INFO  o.s.b.w.s.c.ServletWebServerApplicationContext - Root WebApplicationContext: initialization completed in 2129 ms
2021-12-25 23:52:26 [main] INFO  org.hibernate.jpa.internal.util.LogHelper - HHH000204: Processing PersistenceUnitInfo [name: default]
2021-12-25 23:52:26 [main] INFO  org.hibernate.Version - HHH000412: Hibernate ORM core version 5.4.32.Final
2021-12-25 23:52:26 [main] INFO  org.hibernate.annotations.common.Version - HCANN000001: Hibernate Commons Annotations {5.1.2.Final}
2021-12-25 23:52:26 [main] INFO  com.alibaba.druid.pool.DruidDataSource - {dataSource-1} inited
2021-12-25 23:52:27 [main] INFO  org.hibernate.dialect.Dialect - HHH000400: Using dialect: org.hibernate.dialect.MySQL57Dialect
2021-12-25 23:52:29 [main] INFO  o.h.e.t.jta.platform.internal.JtaPlatformInitiator - HHH000490: Using JtaPlatform implementation: [org.hibernate.engine.transaction.jta.platform.internal.NoJtaPlatform]
2021-12-25 23:52:29 [main] INFO  o.s.orm.jpa.LocalContainerEntityManagerFactoryBean - Initialized JPA EntityManagerFactory for persistence unit 'default'
2021-12-25 23:52:30 [main] INFO  org.apache.coyote.http11.Http11NioProtocol - Starting ProtocolHandler ["http-nio-8080"]
2021-12-25 23:52:30 [main] INFO  o.s.boot.web.embedded.tomcat.TomcatWebServer - Tomcat started on port(s): 8080 (http) with context path ''
2021-12-25 23:52:30 [http-nio-8080-exec-1] INFO  o.a.c.core.ContainerBase.[Tomcat].[localhost].[/] - Initializing Spring DispatcherServlet 'dispatcherServlet'
2021-12-25 23:52:30 [http-nio-8080-exec-1] INFO  org.springframework.web.servlet.DispatcherServlet - Initializing Servlet 'dispatcherServlet'
2021-12-25 23:52:30 [http-nio-8080-exec-1] INFO  org.springframework.web.servlet.DispatcherServlet - Completed initialization in 10 ms
2021-12-25 23:52:31 [main] INFO  com.xxbb.springbootapi.SpringBootApiApplication - Started SpringBootApiApplication in 8.571 seconds (JVM running for 11.032)
2021-12-25 23:58:09 [SpringApplicationShutdownHook] INFO  o.s.orm.jpa.LocalContainerEntityManagerFactoryBean - Closing JPA EntityManagerFactory for persistence unit 'default'
2021-12-25 23:58:09 [SpringApplicationShutdownHook] INFO  com.alibaba.druid.pool.DruidDataSource - {dataSource-1} closed
