2022-07-09 15:21:53 [main] INFO  com.xxbb.springbootapi.SpringBootApiApplication - Starting SpringBootApiApplication using Java 11.0.13 on 小樊的战神 with PID 6580 (E:\SpringBoot\spring-boot-api\target\classes started by Administrator in E:\SpringBoot\spring-boot-api)
2022-07-09 15:21:53 [main] INFO  com.xxbb.springbootapi.SpringBootApiApplication - The following profiles are active: prod
2022-07-09 15:21:55 [main] INFO  o.s.d.r.config.RepositoryConfigurationDelegate - Bootstrapping Spring Data JPA repositories in DEFAULT mode.
2022-07-09 15:21:55 [main] INFO  o.s.d.r.config.RepositoryConfigurationDelegate - Finished Spring Data repository scanning in 36 ms. Found 0 JPA repository interfaces.
2022-07-09 15:21:55 [main] INFO  o.s.boot.web.embedded.tomcat.TomcatWebServer - Tomcat initialized with port(s): 8099 (http)
2022-07-09 15:21:55 [main] INFO  org.apache.coyote.http11.Http11NioProtocol - Initializing ProtocolHandler ["http-nio-8099"]
2022-07-09 15:21:55 [main] INFO  org.apache.catalina.core.StandardService - Starting service [Tomcat]
2022-07-09 15:21:55 [main] INFO  org.apache.catalina.core.StandardEngine - Starting Servlet engine: [Apache Tomcat/9.0.50]
2022-07-09 15:21:56 [main] INFO  o.a.c.core.ContainerBase.[Tomcat].[localhost].[/] - Initializing Spring embedded WebApplicationContext
2022-07-09 15:21:56 [main] INFO  o.s.b.w.s.c.ServletWebServerApplicationContext - Root WebApplicationContext: initialization completed in 2409 ms
2022-07-09 15:21:56 [main] INFO  org.hibernate.jpa.internal.util.LogHelper - HHH000204: Processing PersistenceUnitInfo [name: default]
2022-07-09 15:21:56 [main] INFO  org.hibernate.Version - HHH000412: Hibernate ORM core version 5.4.32.Final
2022-07-09 15:21:56 [main] INFO  org.hibernate.annotations.common.Version - HCANN000001: Hibernate Commons Annotations {5.1.2.Final}
2022-07-09 15:21:56 [main] INFO  com.alibaba.druid.pool.DruidDataSource - {dataSource-1} inited
2022-07-09 15:22:30 [main] INFO  com.xxbb.springbootapi.SpringBootApiApplication - Starting SpringBootApiApplication using Java 11.0.13 on 小樊的战神 with PID 4992 (E:\SpringBoot\spring-boot-api\target\classes started by Administrator in E:\SpringBoot\spring-boot-api)
2022-07-09 15:22:30 [main] INFO  com.xxbb.springbootapi.SpringBootApiApplication - The following profiles are active: prod
2022-07-09 15:22:31 [main] INFO  o.s.d.r.config.RepositoryConfigurationDelegate - Bootstrapping Spring Data JPA repositories in DEFAULT mode.
2022-07-09 15:22:31 [main] INFO  o.s.d.r.config.RepositoryConfigurationDelegate - Finished Spring Data repository scanning in 30 ms. Found 0 JPA repository interfaces.
2022-07-09 15:22:32 [main] INFO  o.s.boot.web.embedded.tomcat.TomcatWebServer - Tomcat initialized with port(s): 8099 (http)
2022-07-09 15:22:32 [main] INFO  org.apache.coyote.http11.Http11NioProtocol - Initializing ProtocolHandler ["http-nio-8099"]
2022-07-09 15:22:32 [main] INFO  org.apache.catalina.core.StandardService - Starting service [Tomcat]
2022-07-09 15:22:32 [main] INFO  org.apache.catalina.core.StandardEngine - Starting Servlet engine: [Apache Tomcat/9.0.50]
2022-07-09 15:22:32 [main] INFO  o.a.c.core.ContainerBase.[Tomcat].[localhost].[/] - Initializing Spring embedded WebApplicationContext
2022-07-09 15:22:32 [main] INFO  o.s.b.w.s.c.ServletWebServerApplicationContext - Root WebApplicationContext: initialization completed in 1886 ms
2022-07-09 15:22:32 [main] INFO  org.hibernate.jpa.internal.util.LogHelper - HHH000204: Processing PersistenceUnitInfo [name: default]
2022-07-09 15:22:32 [main] INFO  org.hibernate.Version - HHH000412: Hibernate ORM core version 5.4.32.Final
2022-07-09 15:22:32 [main] INFO  org.hibernate.annotations.common.Version - HCANN000001: Hibernate Commons Annotations {5.1.2.Final}
2022-07-09 15:22:33 [main] INFO  com.alibaba.druid.pool.DruidDataSource - {dataSource-1} inited
