2022-10-02 10:08:56 [background-preinit] INFO  org.hibernate.validator.internal.util.Version - HV000001: Hibernate Validator 6.2.0.Final
2022-10-02 10:08:56 [main] INFO  com.xxbb.springbootapi.SpringBootApiApplication - Starting SpringBootApiApplication using Java 1.8.0_332 on 小樊的战神 with PID 4648 (E:\SpringBoot\springbootadmin\target\classes started by Administrator in E:\SpringBoot\springbootadmin)
2022-10-02 10:08:56 [main] INFO  com.xxbb.springbootapi.SpringBootApiApplication - The following profiles are active: prod
2022-10-02 10:08:58 [main] INFO  o.s.d.r.config.RepositoryConfigurationDelegate - Bootstrapping Spring Data JPA repositories in DEFAULT mode.
2022-10-02 10:08:58 [main] INFO  o.s.d.r.config.RepositoryConfigurationDelegate - Finished Spring Data repository scanning in 45 ms. Found 0 JPA repository interfaces.
2022-10-02 10:08:58 [main] INFO  o.s.boot.web.embedded.tomcat.TomcatWebServer - Tomcat initialized with port(s): 8099 (http)
2022-10-02 10:08:58 [main] INFO  org.apache.coyote.http11.Http11NioProtocol - Initializing ProtocolHandler ["http-nio-8099"]
2022-10-02 10:08:58 [main] INFO  org.apache.catalina.core.StandardService - Starting service [Tomcat]
2022-10-02 10:08:58 [main] INFO  org.apache.catalina.core.StandardEngine - Starting Servlet engine: [Apache Tomcat/9.0.50]
2022-10-02 10:08:59 [main] INFO  o.a.c.core.ContainerBase.[Tomcat].[localhost].[/] - Initializing Spring embedded WebApplicationContext
2022-10-02 10:08:59 [main] INFO  o.s.b.w.s.c.ServletWebServerApplicationContext - Root WebApplicationContext: initialization completed in 3133 ms
2022-10-02 10:08:59 [main] INFO  org.hibernate.jpa.internal.util.LogHelper - HHH000204: Processing PersistenceUnitInfo [name: default]
2022-10-02 10:08:59 [main] INFO  org.hibernate.Version - HHH000412: Hibernate ORM core version 5.4.32.Final
2022-10-02 10:08:59 [main] INFO  org.hibernate.annotations.common.Version - HCANN000001: Hibernate Commons Annotations {5.1.2.Final}
2022-10-02 10:08:59 [main] INFO  com.alibaba.druid.pool.DruidDataSource - {dataSource-1} inited
2022-10-02 10:09:00 [main] INFO  org.hibernate.dialect.Dialect - HHH000400: Using dialect: org.hibernate.dialect.MySQL8Dialect
2022-10-02 10:09:01 [main] INFO  o.h.e.t.jta.platform.internal.JtaPlatformInitiator - HHH000490: Using JtaPlatform implementation: [org.hibernate.engine.transaction.jta.platform.internal.NoJtaPlatform]
2022-10-02 10:09:01 [main] INFO  o.s.orm.jpa.LocalContainerEntityManagerFactoryBean - Initialized JPA EntityManagerFactory for persistence unit 'default'
2022-10-02 10:09:02 [main] INFO  cn.org.atool.fluent.mybatis.spring.MapperFactory - 

      _____   _                          _       
     |  ___| | |  _   _    ___   _ __   | |_     
     | |_    | | | | | |  / _ \ | '_ \  | __|    
     |  _|   | | | |_| | |  __/ | | | | | |_     
  __ |_|     |_|  \__,_|  \___| |_|_|_|  \__|    
 |  \/  |  _   _  | |__     __ _  | |_  (_)  ___ 
 | |\/| | | | | | | '_ \   / _` | | __| | | / __|
 | |  | | | |_| | | |_) | | (_| | | |_  | | \__ \
 |_|  |_|  \__, | |_.__/   \__,_|  \__| |_| |___/
           |___/                                 
2022-10-02 10:09:02 [main] INFO  org.apache.coyote.http11.Http11NioProtocol - Starting ProtocolHandler ["http-nio-8099"]
2022-10-02 10:09:02 [main] INFO  o.s.boot.web.embedded.tomcat.TomcatWebServer - Tomcat started on port(s): 8099 (http) with context path ''
2022-10-02 10:09:03 [main] INFO  o.s.m.simp.broker.SimpleBrokerMessageHandler - Starting...
2022-10-02 10:09:03 [main] INFO  o.s.m.simp.broker.SimpleBrokerMessageHandler - BrokerAvailabilityEvent[available=true, SimpleBrokerMessageHandler [org.springframework.messaging.simp.broker.DefaultSubscriptionRegistry@6bc62bb9]]
2022-10-02 10:09:03 [main] INFO  o.s.m.simp.broker.SimpleBrokerMessageHandler - Started.
2022-10-02 10:09:03 [main] INFO  com.xxbb.springbootapi.SpringBootApiApplication - Started SpringBootApiApplication in 8.397 seconds (JVM running for 11.596)
2022-10-02 10:10:02 [MessageBroker-1] INFO  o.s.web.socket.config.WebSocketMessageBrokerStats - WebSocketSession[0 current WS(0)-HttpStream(0)-HttpPoll(0), 0 total, 0 closed abnormally (0 connect failure, 0 send limit, 0 transport error)], stompSubProtocol[processed CONNECT(0)-CONNECTED(0)-DISCONNECT(0)], stompBrokerRelay[null], inboundChannel[pool size = 0, active threads = 0, queued tasks = 0, completed tasks = 0], outboundChannel[pool size = 0, active threads = 0, queued tasks = 0, completed tasks = 0], sockJsScheduler[pool size = 1, active threads = 1, queued tasks = 0, completed tasks = 0]
2022-10-02 10:26:19 [http-nio-8099-exec-1] INFO  o.a.c.core.ContainerBase.[Tomcat].[localhost].[/] - Initializing Spring DispatcherServlet 'dispatcherServlet'
2022-10-02 10:26:19 [http-nio-8099-exec-1] INFO  org.springframework.web.servlet.DispatcherServlet - Initializing Servlet 'dispatcherServlet'
2022-10-02 10:26:19 [http-nio-8099-exec-1] INFO  org.springframework.web.servlet.DispatcherServlet - Completed initialization in 4 ms
2022-10-02 10:40:02 [MessageBroker-1] INFO  o.s.web.socket.config.WebSocketMessageBrokerStats - WebSocketSession[0 current WS(0)-HttpStream(0)-HttpPoll(0), 0 total, 0 closed abnormally (0 connect failure, 0 send limit, 0 transport error)], stompSubProtocol[processed CONNECT(0)-CONNECTED(0)-DISCONNECT(0)], stompBrokerRelay[null], inboundChannel[pool size = 0, active threads = 0, queued tasks = 0, completed tasks = 0], outboundChannel[pool size = 0, active threads = 0, queued tasks = 0, completed tasks = 0], sockJsScheduler[pool size = 2, active threads = 1, queued tasks = 0, completed tasks = 1]
2022-10-02 11:10:02 [MessageBroker-2] INFO  o.s.web.socket.config.WebSocketMessageBrokerStats - WebSocketSession[0 current WS(0)-HttpStream(0)-HttpPoll(0), 0 total, 0 closed abnormally (0 connect failure, 0 send limit, 0 transport error)], stompSubProtocol[processed CONNECT(0)-CONNECTED(0)-DISCONNECT(0)], stompBrokerRelay[null], inboundChannel[pool size = 0, active threads = 0, queued tasks = 0, completed tasks = 0], outboundChannel[pool size = 0, active threads = 0, queued tasks = 0, completed tasks = 0], sockJsScheduler[pool size = 3, active threads = 1, queued tasks = 0, completed tasks = 2]
2022-10-02 11:40:02 [MessageBroker-1] INFO  o.s.web.socket.config.WebSocketMessageBrokerStats - WebSocketSession[0 current WS(0)-HttpStream(0)-HttpPoll(0), 0 total, 0 closed abnormally (0 connect failure, 0 send limit, 0 transport error)], stompSubProtocol[processed CONNECT(0)-CONNECTED(0)-DISCONNECT(0)], stompBrokerRelay[null], inboundChannel[pool size = 0, active threads = 0, queued tasks = 0, completed tasks = 0], outboundChannel[pool size = 0, active threads = 0, queued tasks = 0, completed tasks = 0], sockJsScheduler[pool size = 4, active threads = 1, queued tasks = 0, completed tasks = 3]
2022-10-02 12:10:02 [MessageBroker-3] INFO  o.s.web.socket.config.WebSocketMessageBrokerStats - WebSocketSession[0 current WS(0)-HttpStream(0)-HttpPoll(0), 0 total, 0 closed abnormally (0 connect failure, 0 send limit, 0 transport error)], stompSubProtocol[processed CONNECT(0)-CONNECTED(0)-DISCONNECT(0)], stompBrokerRelay[null], inboundChannel[pool size = 0, active threads = 0, queued tasks = 0, completed tasks = 0], outboundChannel[pool size = 0, active threads = 0, queued tasks = 0, completed tasks = 0], sockJsScheduler[pool size = 5, active threads = 1, queued tasks = 0, completed tasks = 4]
2022-10-02 12:43:57 [MessageBroker-2] INFO  o.s.web.socket.config.WebSocketMessageBrokerStats - WebSocketSession[0 current WS(0)-HttpStream(0)-HttpPoll(0), 0 total, 0 closed abnormally (0 connect failure, 0 send limit, 0 transport error)], stompSubProtocol[processed CONNECT(0)-CONNECTED(0)-DISCONNECT(0)], stompBrokerRelay[null], inboundChannel[pool size = 0, active threads = 0, queued tasks = 0, completed tasks = 0], outboundChannel[pool size = 0, active threads = 0, queued tasks = 0, completed tasks = 0], sockJsScheduler[pool size = 6, active threads = 1, queued tasks = 0, completed tasks = 5]
2022-10-02 13:08:33 [SpringApplicationShutdownHook] INFO  o.s.m.simp.broker.SimpleBrokerMessageHandler - Stopping...
2022-10-02 13:08:33 [SpringApplicationShutdownHook] INFO  o.s.m.simp.broker.SimpleBrokerMessageHandler - BrokerAvailabilityEvent[available=false, SimpleBrokerMessageHandler [org.springframework.messaging.simp.broker.DefaultSubscriptionRegistry@6bc62bb9]]
2022-10-02 13:08:33 [SpringApplicationShutdownHook] INFO  o.s.m.simp.broker.SimpleBrokerMessageHandler - Stopped.
2022-10-02 13:08:35 [SpringApplicationShutdownHook] INFO  o.s.orm.jpa.LocalContainerEntityManagerFactoryBean - Closing JPA EntityManagerFactory for persistence unit 'default'
2022-10-02 13:08:35 [SpringApplicationShutdownHook] INFO  com.alibaba.druid.pool.DruidDataSource - {dataSource-1} closed
2022-10-02 13:08:59 [background-preinit] INFO  org.hibernate.validator.internal.util.Version - HV000001: Hibernate Validator 6.2.0.Final
2022-10-02 13:09:00 [main] INFO  com.xxbb.springbootapi.SpringBootApiApplication - Starting SpringBootApiApplication using Java 1.8.0_332 on 小樊的战神 with PID 3008 (E:\SpringBoot\springbootadmin\target\classes started by Administrator in E:\SpringBoot\springbootadmin)
2022-10-02 13:09:00 [main] INFO  com.xxbb.springbootapi.SpringBootApiApplication - The following profiles are active: prod
2022-10-02 13:09:02 [main] INFO  o.s.d.r.config.RepositoryConfigurationDelegate - Bootstrapping Spring Data JPA repositories in DEFAULT mode.
2022-10-02 13:09:02 [main] INFO  o.s.d.r.config.RepositoryConfigurationDelegate - Finished Spring Data repository scanning in 52 ms. Found 0 JPA repository interfaces.
2022-10-02 13:09:04 [main] INFO  o.s.boot.web.embedded.tomcat.TomcatWebServer - Tomcat initialized with port(s): 8099 (http)
2022-10-02 13:09:04 [main] INFO  org.apache.coyote.http11.Http11NioProtocol - Initializing ProtocolHandler ["http-nio-8099"]
2022-10-02 13:09:04 [main] INFO  org.apache.catalina.core.StandardService - Starting service [Tomcat]
2022-10-02 13:09:04 [main] INFO  org.apache.catalina.core.StandardEngine - Starting Servlet engine: [Apache Tomcat/9.0.50]
2022-10-02 13:09:04 [main] INFO  o.a.c.core.ContainerBase.[Tomcat].[localhost].[/] - Initializing Spring embedded WebApplicationContext
2022-10-02 13:09:04 [main] INFO  o.s.b.w.s.c.ServletWebServerApplicationContext - Root WebApplicationContext: initialization completed in 4197 ms
2022-10-02 13:09:04 [main] INFO  org.hibernate.jpa.internal.util.LogHelper - HHH000204: Processing PersistenceUnitInfo [name: default]
2022-10-02 13:09:05 [main] INFO  org.hibernate.Version - HHH000412: Hibernate ORM core version 5.4.32.Final
2022-10-02 13:09:05 [main] INFO  org.hibernate.annotations.common.Version - HCANN000001: Hibernate Commons Annotations {5.1.2.Final}
2022-10-02 13:09:05 [main] INFO  com.alibaba.druid.pool.DruidDataSource - {dataSource-1} inited
2022-10-02 13:09:05 [main] INFO  org.hibernate.dialect.Dialect - HHH000400: Using dialect: org.hibernate.dialect.MySQL8Dialect
2022-10-02 13:09:07 [main] INFO  o.h.e.t.jta.platform.internal.JtaPlatformInitiator - HHH000490: Using JtaPlatform implementation: [org.hibernate.engine.transaction.jta.platform.internal.NoJtaPlatform]
2022-10-02 13:09:07 [main] INFO  o.s.orm.jpa.LocalContainerEntityManagerFactoryBean - Initialized JPA EntityManagerFactory for persistence unit 'default'
2022-10-02 13:09:09 [main] INFO  cn.org.atool.fluent.mybatis.spring.MapperFactory - 

      _____   _                          _       
     |  ___| | |  _   _    ___   _ __   | |_     
     | |_    | | | | | |  / _ \ | '_ \  | __|    
     |  _|   | | | |_| | |  __/ | | | | | |_     
  __ |_|     |_|  \__,_|  \___| |_|_|_|  \__|    
 |  \/  |  _   _  | |__     __ _  | |_  (_)  ___ 
 | |\/| | | | | | | '_ \   / _` | | __| | | / __|
 | |  | | | |_| | | |_) | | (_| | | |_  | | \__ \
 |_|  |_|  \__, | |_.__/   \__,_|  \__| |_| |___/
           |___/                                 
2022-10-02 13:09:09 [main] INFO  org.apache.coyote.http11.Http11NioProtocol - Starting ProtocolHandler ["http-nio-8099"]
2022-10-02 13:09:09 [main] INFO  o.s.boot.web.embedded.tomcat.TomcatWebServer - Tomcat started on port(s): 8099 (http) with context path ''
2022-10-02 13:09:10 [main] INFO  o.s.m.simp.broker.SimpleBrokerMessageHandler - Starting...
2022-10-02 13:09:10 [main] INFO  o.s.m.simp.broker.SimpleBrokerMessageHandler - BrokerAvailabilityEvent[available=true, SimpleBrokerMessageHandler [org.springframework.messaging.simp.broker.DefaultSubscriptionRegistry@27f6e2c3]]
2022-10-02 13:09:10 [main] INFO  o.s.m.simp.broker.SimpleBrokerMessageHandler - Started.
2022-10-02 13:09:11 [main] INFO  com.xxbb.springbootapi.SpringBootApiApplication - Started SpringBootApiApplication in 12.338 seconds (JVM running for 27.417)
2022-10-02 13:09:31 [http-nio-8099-exec-1] INFO  o.a.c.core.ContainerBase.[Tomcat].[localhost].[/] - Initializing Spring DispatcherServlet 'dispatcherServlet'
2022-10-02 13:09:31 [http-nio-8099-exec-1] INFO  org.springframework.web.servlet.DispatcherServlet - Initializing Servlet 'dispatcherServlet'
2022-10-02 13:09:31 [http-nio-8099-exec-1] INFO  org.springframework.web.servlet.DispatcherServlet - Completed initialization in 4 ms
2022-10-02 13:10:09 [MessageBroker-1] INFO  o.s.web.socket.config.WebSocketMessageBrokerStats - WebSocketSession[0 current WS(0)-HttpStream(0)-HttpPoll(0), 0 total, 0 closed abnormally (0 connect failure, 0 send limit, 0 transport error)], stompSubProtocol[processed CONNECT(0)-CONNECTED(0)-DISCONNECT(0)], stompBrokerRelay[null], inboundChannel[pool size = 0, active threads = 0, queued tasks = 0, completed tasks = 0], outboundChannel[pool size = 0, active threads = 0, queued tasks = 0, completed tasks = 0], sockJsScheduler[pool size = 1, active threads = 1, queued tasks = 0, completed tasks = 0]
2022-10-02 13:17:47 [http-nio-8099-exec-6] INFO  o.s.d.r.config.RepositoryConfigurationDelegate - Bootstrapping Spring Data JPA repositories in DEFAULT mode.
2022-10-02 13:17:47 [http-nio-8099-exec-6] INFO  o.s.d.r.config.RepositoryConfigurationDelegate - Finished Spring Data repository scanning in 30 ms. Found 0 JPA repository interfaces.
2022-10-02 13:17:59 [SpringApplicationShutdownHook] INFO  o.s.m.simp.broker.SimpleBrokerMessageHandler - Stopping...
2022-10-02 13:17:59 [SpringApplicationShutdownHook] INFO  o.s.m.simp.broker.SimpleBrokerMessageHandler - BrokerAvailabilityEvent[available=false, SimpleBrokerMessageHandler [org.springframework.messaging.simp.broker.DefaultSubscriptionRegistry@27f6e2c3]]
2022-10-02 13:17:59 [SpringApplicationShutdownHook] INFO  o.s.m.simp.broker.SimpleBrokerMessageHandler - Stopped.
2022-10-02 13:18:00 [SpringApplicationShutdownHook] INFO  o.s.orm.jpa.LocalContainerEntityManagerFactoryBean - Closing JPA EntityManagerFactory for persistence unit 'default'
2022-10-02 13:18:00 [SpringApplicationShutdownHook] INFO  com.alibaba.druid.pool.DruidDataSource - {dataSource-1} closed
2022-10-02 13:18:08 [background-preinit] INFO  org.hibernate.validator.internal.util.Version - HV000001: Hibernate Validator 6.2.0.Final
2022-10-02 13:18:08 [main] INFO  com.xxbb.springbootapi.SpringBootApiApplication - Starting SpringBootApiApplication using Java 1.8.0_332 on 小樊的战神 with PID 17860 (E:\SpringBoot\springbootadmin\target\classes started by Administrator in E:\SpringBoot\springbootadmin)
2022-10-02 13:18:08 [main] INFO  com.xxbb.springbootapi.SpringBootApiApplication - The following profiles are active: prod
2022-10-02 13:18:10 [main] INFO  o.s.d.r.config.RepositoryConfigurationDelegate - Bootstrapping Spring Data JPA repositories in DEFAULT mode.
2022-10-02 13:18:10 [main] INFO  o.s.d.r.config.RepositoryConfigurationDelegate - Finished Spring Data repository scanning in 51 ms. Found 0 JPA repository interfaces.
2022-10-02 13:18:11 [main] INFO  o.s.boot.web.embedded.tomcat.TomcatWebServer - Tomcat initialized with port(s): 8099 (http)
2022-10-02 13:18:11 [main] INFO  org.apache.coyote.http11.Http11NioProtocol - Initializing ProtocolHandler ["http-nio-8099"]
2022-10-02 13:18:11 [main] INFO  org.apache.catalina.core.StandardService - Starting service [Tomcat]
2022-10-02 13:18:11 [main] INFO  org.apache.catalina.core.StandardEngine - Starting Servlet engine: [Apache Tomcat/9.0.50]
2022-10-02 13:18:11 [main] INFO  o.a.c.core.ContainerBase.[Tomcat].[localhost].[/] - Initializing Spring embedded WebApplicationContext
2022-10-02 13:18:11 [main] INFO  o.s.b.w.s.c.ServletWebServerApplicationContext - Root WebApplicationContext: initialization completed in 3214 ms
2022-10-02 13:18:11 [main] INFO  org.hibernate.jpa.internal.util.LogHelper - HHH000204: Processing PersistenceUnitInfo [name: default]
2022-10-02 13:18:11 [main] INFO  org.hibernate.Version - HHH000412: Hibernate ORM core version 5.4.32.Final
2022-10-02 13:18:11 [main] INFO  org.hibernate.annotations.common.Version - HCANN000001: Hibernate Commons Annotations {5.1.2.Final}
2022-10-02 13:18:12 [main] INFO  com.alibaba.druid.pool.DruidDataSource - {dataSource-1} inited
2022-10-02 13:18:12 [main] INFO  org.hibernate.dialect.Dialect - HHH000400: Using dialect: org.hibernate.dialect.MySQL8Dialect
2022-10-02 13:18:13 [main] INFO  o.h.e.t.jta.platform.internal.JtaPlatformInitiator - HHH000490: Using JtaPlatform implementation: [org.hibernate.engine.transaction.jta.platform.internal.NoJtaPlatform]
2022-10-02 13:18:13 [main] INFO  o.s.orm.jpa.LocalContainerEntityManagerFactoryBean - Initialized JPA EntityManagerFactory for persistence unit 'default'
2022-10-02 13:18:14 [main] INFO  cn.org.atool.fluent.mybatis.spring.MapperFactory - 

      _____   _                          _       
     |  ___| | |  _   _    ___   _ __   | |_     
     | |_    | | | | | |  / _ \ | '_ \  | __|    
     |  _|   | | | |_| | |  __/ | | | | | |_     
  __ |_|     |_|  \__,_|  \___| |_|_|_|  \__|    
 |  \/  |  _   _  | |__     __ _  | |_  (_)  ___ 
 | |\/| | | | | | | '_ \   / _` | | __| | | / __|
 | |  | | | |_| | | |_) | | (_| | | |_  | | \__ \
 |_|  |_|  \__, | |_.__/   \__,_|  \__| |_| |___/
           |___/                                 
2022-10-02 13:18:14 [main] INFO  org.apache.coyote.http11.Http11NioProtocol - Starting ProtocolHandler ["http-nio-8099"]
2022-10-02 13:18:14 [main] INFO  o.s.boot.web.embedded.tomcat.TomcatWebServer - Tomcat started on port(s): 8099 (http) with context path ''
2022-10-02 13:18:15 [main] INFO  o.s.m.simp.broker.SimpleBrokerMessageHandler - Starting...
2022-10-02 13:18:15 [main] INFO  o.s.m.simp.broker.SimpleBrokerMessageHandler - BrokerAvailabilityEvent[available=true, SimpleBrokerMessageHandler [org.springframework.messaging.simp.broker.DefaultSubscriptionRegistry@701c482e]]
2022-10-02 13:18:15 [main] INFO  o.s.m.simp.broker.SimpleBrokerMessageHandler - Started.
2022-10-02 13:18:15 [main] INFO  com.xxbb.springbootapi.SpringBootApiApplication - Started SpringBootApiApplication in 8.639 seconds (JVM running for 11.58)
2022-10-02 13:18:40 [http-nio-8099-exec-1] INFO  o.a.c.core.ContainerBase.[Tomcat].[localhost].[/] - Initializing Spring DispatcherServlet 'dispatcherServlet'
2022-10-02 13:18:40 [http-nio-8099-exec-1] INFO  org.springframework.web.servlet.DispatcherServlet - Initializing Servlet 'dispatcherServlet'
2022-10-02 13:18:40 [http-nio-8099-exec-1] INFO  org.springframework.web.servlet.DispatcherServlet - Completed initialization in 7 ms
2022-10-02 13:19:14 [MessageBroker-1] INFO  o.s.web.socket.config.WebSocketMessageBrokerStats - WebSocketSession[0 current WS(0)-HttpStream(0)-HttpPoll(0), 0 total, 0 closed abnormally (0 connect failure, 0 send limit, 0 transport error)], stompSubProtocol[processed CONNECT(0)-CONNECTED(0)-DISCONNECT(0)], stompBrokerRelay[null], inboundChannel[pool size = 0, active threads = 0, queued tasks = 0, completed tasks = 0], outboundChannel[pool size = 0, active threads = 0, queued tasks = 0, completed tasks = 0], sockJsScheduler[pool size = 1, active threads = 1, queued tasks = 0, completed tasks = 0]
2022-10-02 13:36:18 [SpringApplicationShutdownHook] INFO  o.s.m.simp.broker.SimpleBrokerMessageHandler - Stopping...
2022-10-02 13:36:18 [SpringApplicationShutdownHook] INFO  o.s.m.simp.broker.SimpleBrokerMessageHandler - BrokerAvailabilityEvent[available=false, SimpleBrokerMessageHandler [org.springframework.messaging.simp.broker.DefaultSubscriptionRegistry@701c482e]]
2022-10-02 13:36:18 [SpringApplicationShutdownHook] INFO  o.s.m.simp.broker.SimpleBrokerMessageHandler - Stopped.
2022-10-02 13:36:20 [SpringApplicationShutdownHook] INFO  o.s.orm.jpa.LocalContainerEntityManagerFactoryBean - Closing JPA EntityManagerFactory for persistence unit 'default'
2022-10-02 13:36:20 [SpringApplicationShutdownHook] INFO  com.alibaba.druid.pool.DruidDataSource - {dataSource-1} closed
2022-10-02 13:36:26 [main] INFO  com.xxbb.springbootapi.SpringBootApiApplication - Starting SpringBootApiApplication using Java 1.8.0_332 on 小樊的战神 with PID 2728 (E:\SpringBoot\springbootadmin\target\classes started by Administrator in E:\SpringBoot\springbootadmin)
2022-10-02 13:36:26 [main] INFO  com.xxbb.springbootapi.SpringBootApiApplication - The following profiles are active: prod
2022-10-02 13:36:26 [background-preinit] INFO  org.hibernate.validator.internal.util.Version - HV000001: Hibernate Validator 6.2.0.Final
2022-10-02 13:36:28 [main] INFO  o.s.d.r.config.RepositoryConfigurationDelegate - Bootstrapping Spring Data JPA repositories in DEFAULT mode.
2022-10-02 13:36:28 [main] INFO  o.s.d.r.config.RepositoryConfigurationDelegate - Finished Spring Data repository scanning in 40 ms. Found 0 JPA repository interfaces.
2022-10-02 13:36:29 [main] INFO  o.s.boot.web.embedded.tomcat.TomcatWebServer - Tomcat initialized with port(s): 8099 (http)
2022-10-02 13:36:29 [main] INFO  org.apache.coyote.http11.Http11NioProtocol - Initializing ProtocolHandler ["http-nio-8099"]
2022-10-02 13:36:29 [main] INFO  org.apache.catalina.core.StandardService - Starting service [Tomcat]
2022-10-02 13:36:29 [main] INFO  org.apache.catalina.core.StandardEngine - Starting Servlet engine: [Apache Tomcat/9.0.50]
2022-10-02 13:36:29 [main] INFO  o.a.c.core.ContainerBase.[Tomcat].[localhost].[/] - Initializing Spring embedded WebApplicationContext
2022-10-02 13:36:29 [main] INFO  o.s.b.w.s.c.ServletWebServerApplicationContext - Root WebApplicationContext: initialization completed in 2863 ms
2022-10-02 13:36:29 [main] INFO  org.hibernate.jpa.internal.util.LogHelper - HHH000204: Processing PersistenceUnitInfo [name: default]
2022-10-02 13:36:29 [main] INFO  org.hibernate.Version - HHH000412: Hibernate ORM core version 5.4.32.Final
2022-10-02 13:36:29 [main] INFO  org.hibernate.annotations.common.Version - HCANN000001: Hibernate Commons Annotations {5.1.2.Final}
2022-10-02 13:36:30 [main] INFO  com.alibaba.druid.pool.DruidDataSource - {dataSource-1} inited
2022-10-02 13:36:30 [main] INFO  org.hibernate.dialect.Dialect - HHH000400: Using dialect: org.hibernate.dialect.MySQL8Dialect
2022-10-02 13:36:31 [main] INFO  o.h.e.t.jta.platform.internal.JtaPlatformInitiator - HHH000490: Using JtaPlatform implementation: [org.hibernate.engine.transaction.jta.platform.internal.NoJtaPlatform]
2022-10-02 13:36:31 [main] INFO  o.s.orm.jpa.LocalContainerEntityManagerFactoryBean - Initialized JPA EntityManagerFactory for persistence unit 'default'
2022-10-02 13:36:32 [main] INFO  cn.org.atool.fluent.mybatis.spring.MapperFactory - 

      _____   _                          _       
     |  ___| | |  _   _    ___   _ __   | |_     
     | |_    | | | | | |  / _ \ | '_ \  | __|    
     |  _|   | | | |_| | |  __/ | | | | | |_     
  __ |_|     |_|  \__,_|  \___| |_|_|_|  \__|    
 |  \/  |  _   _  | |__     __ _  | |_  (_)  ___ 
 | |\/| | | | | | | '_ \   / _` | | __| | | / __|
 | |  | | | |_| | | |_) | | (_| | | |_  | | \__ \
 |_|  |_|  \__, | |_.__/   \__,_|  \__| |_| |___/
           |___/                                 
2022-10-02 13:36:32 [main] INFO  org.apache.coyote.http11.Http11NioProtocol - Starting ProtocolHandler ["http-nio-8099"]
2022-10-02 13:36:32 [main] INFO  o.s.boot.web.embedded.tomcat.TomcatWebServer - Tomcat started on port(s): 8099 (http) with context path ''
2022-10-02 13:36:33 [main] INFO  o.s.m.simp.broker.SimpleBrokerMessageHandler - Starting...
2022-10-02 13:36:33 [main] INFO  o.s.m.simp.broker.SimpleBrokerMessageHandler - BrokerAvailabilityEvent[available=true, SimpleBrokerMessageHandler [org.springframework.messaging.simp.broker.DefaultSubscriptionRegistry@44392e64]]
2022-10-02 13:36:33 [main] INFO  o.s.m.simp.broker.SimpleBrokerMessageHandler - Started.
2022-10-02 13:36:33 [main] INFO  com.xxbb.springbootapi.SpringBootApiApplication - Started SpringBootApiApplication in 8.158 seconds (JVM running for 11.183)
2022-10-02 13:37:26 [http-nio-8099-exec-1] INFO  o.a.c.core.ContainerBase.[Tomcat].[localhost].[/] - Initializing Spring DispatcherServlet 'dispatcherServlet'
2022-10-02 13:37:26 [http-nio-8099-exec-1] INFO  org.springframework.web.servlet.DispatcherServlet - Initializing Servlet 'dispatcherServlet'
2022-10-02 13:37:26 [http-nio-8099-exec-1] INFO  org.springframework.web.servlet.DispatcherServlet - Completed initialization in 3 ms
2022-10-02 13:37:32 [MessageBroker-1] INFO  o.s.web.socket.config.WebSocketMessageBrokerStats - WebSocketSession[0 current WS(0)-HttpStream(0)-HttpPoll(0), 0 total, 0 closed abnormally (0 connect failure, 0 send limit, 0 transport error)], stompSubProtocol[processed CONNECT(0)-CONNECTED(0)-DISCONNECT(0)], stompBrokerRelay[null], inboundChannel[pool size = 0, active threads = 0, queued tasks = 0, completed tasks = 0], outboundChannel[pool size = 0, active threads = 0, queued tasks = 0, completed tasks = 0], sockJsScheduler[pool size = 1, active threads = 1, queued tasks = 0, completed tasks = 0]
2022-10-02 13:39:24 [SpringApplicationShutdownHook] INFO  o.s.m.simp.broker.SimpleBrokerMessageHandler - Stopping...
2022-10-02 13:39:24 [SpringApplicationShutdownHook] INFO  o.s.m.simp.broker.SimpleBrokerMessageHandler - BrokerAvailabilityEvent[available=false, SimpleBrokerMessageHandler [org.springframework.messaging.simp.broker.DefaultSubscriptionRegistry@44392e64]]
2022-10-02 13:39:24 [SpringApplicationShutdownHook] INFO  o.s.m.simp.broker.SimpleBrokerMessageHandler - Stopped.
2022-10-02 13:39:26 [SpringApplicationShutdownHook] INFO  o.s.orm.jpa.LocalContainerEntityManagerFactoryBean - Closing JPA EntityManagerFactory for persistence unit 'default'
2022-10-02 13:39:26 [SpringApplicationShutdownHook] INFO  com.alibaba.druid.pool.DruidDataSource - {dataSource-1} closed
2022-10-02 13:39:44 [background-preinit] INFO  org.hibernate.validator.internal.util.Version - HV000001: Hibernate Validator 6.2.0.Final
2022-10-02 13:39:44 [main] INFO  com.xxbb.springbootapi.SpringBootApiApplication - Starting SpringBootApiApplication using Java 1.8.0_332 on 小樊的战神 with PID 19412 (E:\SpringBoot\springbootadmin\target\classes started by Administrator in E:\SpringBoot\springbootadmin)
2022-10-02 13:39:44 [main] INFO  com.xxbb.springbootapi.SpringBootApiApplication - The following profiles are active: prod
2022-10-02 13:39:46 [main] INFO  o.s.d.r.config.RepositoryConfigurationDelegate - Bootstrapping Spring Data JPA repositories in DEFAULT mode.
2022-10-02 13:39:46 [main] INFO  o.s.d.r.config.RepositoryConfigurationDelegate - Finished Spring Data repository scanning in 52 ms. Found 0 JPA repository interfaces.
2022-10-02 13:39:46 [main] INFO  o.s.boot.web.embedded.tomcat.TomcatWebServer - Tomcat initialized with port(s): 8099 (http)
2022-10-02 13:39:46 [main] INFO  org.apache.coyote.http11.Http11NioProtocol - Initializing ProtocolHandler ["http-nio-8099"]
2022-10-02 13:39:46 [main] INFO  org.apache.catalina.core.StandardService - Starting service [Tomcat]
2022-10-02 13:39:46 [main] INFO  org.apache.catalina.core.StandardEngine - Starting Servlet engine: [Apache Tomcat/9.0.50]
2022-10-02 13:39:47 [main] INFO  o.a.c.core.ContainerBase.[Tomcat].[localhost].[/] - Initializing Spring embedded WebApplicationContext
2022-10-02 13:39:47 [main] INFO  o.s.b.w.s.c.ServletWebServerApplicationContext - Root WebApplicationContext: initialization completed in 2992 ms
2022-10-02 13:39:47 [main] INFO  org.hibernate.jpa.internal.util.LogHelper - HHH000204: Processing PersistenceUnitInfo [name: default]
2022-10-02 13:39:47 [main] INFO  org.hibernate.Version - HHH000412: Hibernate ORM core version 5.4.32.Final
2022-10-02 13:39:47 [main] INFO  org.hibernate.annotations.common.Version - HCANN000001: Hibernate Commons Annotations {5.1.2.Final}
2022-10-02 13:39:48 [main] INFO  com.alibaba.druid.pool.DruidDataSource - {dataSource-1} inited
2022-10-02 13:39:48 [main] INFO  org.hibernate.dialect.Dialect - HHH000400: Using dialect: org.hibernate.dialect.MySQL8Dialect
2022-10-02 13:39:49 [main] INFO  o.h.e.t.jta.platform.internal.JtaPlatformInitiator - HHH000490: Using JtaPlatform implementation: [org.hibernate.engine.transaction.jta.platform.internal.NoJtaPlatform]
2022-10-02 13:39:49 [main] INFO  o.s.orm.jpa.LocalContainerEntityManagerFactoryBean - Initialized JPA EntityManagerFactory for persistence unit 'default'
2022-10-02 13:39:50 [main] INFO  cn.org.atool.fluent.mybatis.spring.MapperFactory - 

      _____   _                          _       
     |  ___| | |  _   _    ___   _ __   | |_     
     | |_    | | | | | |  / _ \ | '_ \  | __|    
     |  _|   | | | |_| | |  __/ | | | | | |_     
  __ |_|     |_|  \__,_|  \___| |_|_|_|  \__|    
 |  \/  |  _   _  | |__     __ _  | |_  (_)  ___ 
 | |\/| | | | | | | '_ \   / _` | | __| | | / __|
 | |  | | | |_| | | |_) | | (_| | | |_  | | \__ \
 |_|  |_|  \__, | |_.__/   \__,_|  \__| |_| |___/
           |___/                                 
2022-10-02 13:39:50 [main] INFO  org.apache.coyote.http11.Http11NioProtocol - Starting ProtocolHandler ["http-nio-8099"]
2022-10-02 13:39:50 [main] INFO  o.s.boot.web.embedded.tomcat.TomcatWebServer - Tomcat started on port(s): 8099 (http) with context path ''
2022-10-02 13:39:51 [main] INFO  o.s.m.simp.broker.SimpleBrokerMessageHandler - Starting...
2022-10-02 13:39:51 [main] INFO  o.s.m.simp.broker.SimpleBrokerMessageHandler - BrokerAvailabilityEvent[available=true, SimpleBrokerMessageHandler [org.springframework.messaging.simp.broker.DefaultSubscriptionRegistry@795eddda]]
2022-10-02 13:39:51 [main] INFO  o.s.m.simp.broker.SimpleBrokerMessageHandler - Started.
2022-10-02 13:39:51 [main] INFO  com.xxbb.springbootapi.SpringBootApiApplication - Started SpringBootApiApplication in 8.44 seconds (JVM running for 11.6)
2022-10-02 13:39:55 [http-nio-8099-exec-1] INFO  o.a.c.core.ContainerBase.[Tomcat].[localhost].[/] - Initializing Spring DispatcherServlet 'dispatcherServlet'
2022-10-02 13:39:55 [http-nio-8099-exec-1] INFO  org.springframework.web.servlet.DispatcherServlet - Initializing Servlet 'dispatcherServlet'
2022-10-02 13:39:55 [http-nio-8099-exec-1] INFO  org.springframework.web.servlet.DispatcherServlet - Completed initialization in 4 ms
2022-10-02 13:40:50 [MessageBroker-1] INFO  o.s.web.socket.config.WebSocketMessageBrokerStats - WebSocketSession[0 current WS(0)-HttpStream(0)-HttpPoll(0), 0 total, 0 closed abnormally (0 connect failure, 0 send limit, 0 transport error)], stompSubProtocol[processed CONNECT(0)-CONNECTED(0)-DISCONNECT(0)], stompBrokerRelay[null], inboundChannel[pool size = 0, active threads = 0, queued tasks = 0, completed tasks = 0], outboundChannel[pool size = 0, active threads = 0, queued tasks = 0, completed tasks = 0], sockJsScheduler[pool size = 1, active threads = 1, queued tasks = 0, completed tasks = 0]
2022-10-02 13:41:13 [SpringApplicationShutdownHook] INFO  o.s.m.simp.broker.SimpleBrokerMessageHandler - Stopping...
2022-10-02 13:41:13 [SpringApplicationShutdownHook] INFO  o.s.m.simp.broker.SimpleBrokerMessageHandler - BrokerAvailabilityEvent[available=false, SimpleBrokerMessageHandler [org.springframework.messaging.simp.broker.DefaultSubscriptionRegistry@795eddda]]
2022-10-02 13:41:13 [SpringApplicationShutdownHook] INFO  o.s.m.simp.broker.SimpleBrokerMessageHandler - Stopped.
2022-10-02 13:41:14 [SpringApplicationShutdownHook] INFO  o.s.orm.jpa.LocalContainerEntityManagerFactoryBean - Closing JPA EntityManagerFactory for persistence unit 'default'
2022-10-02 13:41:14 [SpringApplicationShutdownHook] INFO  com.alibaba.druid.pool.DruidDataSource - {dataSource-1} closed
2022-10-02 13:41:23 [background-preinit] INFO  org.hibernate.validator.internal.util.Version - HV000001: Hibernate Validator 6.2.0.Final
2022-10-02 13:41:23 [main] INFO  com.xxbb.springbootapi.SpringBootApiApplication - Starting SpringBootApiApplication using Java 1.8.0_332 on 小樊的战神 with PID 18636 (E:\SpringBoot\springbootadmin\target\classes started by Administrator in E:\SpringBoot\springbootadmin)
2022-10-02 13:41:23 [main] INFO  com.xxbb.springbootapi.SpringBootApiApplication - The following profiles are active: prod
2022-10-02 13:41:24 [main] INFO  o.s.d.r.config.RepositoryConfigurationDelegate - Bootstrapping Spring Data JPA repositories in DEFAULT mode.
2022-10-02 13:41:24 [main] INFO  o.s.d.r.config.RepositoryConfigurationDelegate - Finished Spring Data repository scanning in 45 ms. Found 0 JPA repository interfaces.
2022-10-02 13:41:25 [main] INFO  o.s.b.a.l.ConditionEvaluationReportLoggingListener - 

Error starting ApplicationContext. To display the conditions report re-run your application with 'debug' enabled.
2022-10-02 13:45:51 [main] INFO  com.xxbb.springbootapi.SpringBootApiApplication - Starting SpringBootApiApplication using Java 1.8.0_332 on 小樊的战神 with PID 908 (E:\SpringBoot\springbootadmin\target\classes started by Administrator in E:\SpringBoot\springbootadmin)
2022-10-02 13:45:51 [main] INFO  com.xxbb.springbootapi.SpringBootApiApplication - The following profiles are active: prod
2022-10-02 13:45:51 [background-preinit] INFO  org.hibernate.validator.internal.util.Version - HV000001: Hibernate Validator 6.2.0.Final
2022-10-02 13:45:53 [main] INFO  o.s.d.r.config.RepositoryConfigurationDelegate - Bootstrapping Spring Data JPA repositories in DEFAULT mode.
2022-10-02 13:45:53 [main] INFO  o.s.d.r.config.RepositoryConfigurationDelegate - Finished Spring Data repository scanning in 43 ms. Found 0 JPA repository interfaces.
2022-10-02 13:45:53 [main] INFO  o.s.b.a.l.ConditionEvaluationReportLoggingListener - 

Error starting ApplicationContext. To display the conditions report re-run your application with 'debug' enabled.
2022-10-02 13:47:55 [background-preinit] INFO  org.hibernate.validator.internal.util.Version - HV000001: Hibernate Validator 6.2.0.Final
2022-10-02 13:47:56 [main] INFO  com.xxbb.springbootapi.SpringBootApiApplication - Starting SpringBootApiApplication using Java 1.8.0_332 on 小樊的战神 with PID 4852 (E:\SpringBoot\springbootadmin\target\classes started by Administrator in E:\SpringBoot\springbootadmin)
2022-10-02 13:47:56 [main] INFO  com.xxbb.springbootapi.SpringBootApiApplication - The following profiles are active: prod
2022-10-02 13:47:58 [main] INFO  o.s.d.r.config.RepositoryConfigurationDelegate - Bootstrapping Spring Data JPA repositories in DEFAULT mode.
2022-10-02 13:47:58 [main] INFO  o.s.d.r.config.RepositoryConfigurationDelegate - Finished Spring Data repository scanning in 54 ms. Found 0 JPA repository interfaces.
2022-10-02 13:47:59 [main] INFO  o.s.boot.web.embedded.tomcat.TomcatWebServer - Tomcat initialized with port(s): 8099 (http)
2022-10-02 13:47:59 [main] INFO  org.apache.coyote.http11.Http11NioProtocol - Initializing ProtocolHandler ["http-nio-8099"]
2022-10-02 13:47:59 [main] INFO  org.apache.catalina.core.StandardService - Starting service [Tomcat]
2022-10-02 13:47:59 [main] INFO  org.apache.catalina.core.StandardEngine - Starting Servlet engine: [Apache Tomcat/9.0.50]
2022-10-02 13:48:00 [main] INFO  o.a.c.core.ContainerBase.[Tomcat].[localhost].[/] - Initializing Spring embedded WebApplicationContext
2022-10-02 13:48:00 [main] INFO  o.s.b.w.s.c.ServletWebServerApplicationContext - Root WebApplicationContext: initialization completed in 3883 ms
2022-10-02 13:48:00 [main] INFO  org.hibernate.jpa.internal.util.LogHelper - HHH000204: Processing PersistenceUnitInfo [name: default]
2022-10-02 13:48:00 [main] INFO  org.hibernate.Version - HHH000412: Hibernate ORM core version 5.4.32.Final
2022-10-02 13:48:00 [main] INFO  org.hibernate.annotations.common.Version - HCANN000001: Hibernate Commons Annotations {5.1.2.Final}
2022-10-02 13:48:01 [main] INFO  com.alibaba.druid.pool.DruidDataSource - {dataSource-1} inited
2022-10-02 13:48:01 [main] INFO  org.hibernate.dialect.Dialect - HHH000400: Using dialect: org.hibernate.dialect.MySQL8Dialect
2022-10-02 13:48:02 [main] INFO  o.h.e.t.jta.platform.internal.JtaPlatformInitiator - HHH000490: Using JtaPlatform implementation: [org.hibernate.engine.transaction.jta.platform.internal.NoJtaPlatform]
2022-10-02 13:48:02 [main] INFO  o.s.orm.jpa.LocalContainerEntityManagerFactoryBean - Initialized JPA EntityManagerFactory for persistence unit 'default'
2022-10-02 13:48:04 [main] INFO  cn.org.atool.fluent.mybatis.spring.MapperFactory - 

      _____   _                          _       
     |  ___| | |  _   _    ___   _ __   | |_     
     | |_    | | | | | |  / _ \ | '_ \  | __|    
     |  _|   | | | |_| | |  __/ | | | | | |_     
  __ |_|     |_|  \__,_|  \___| |_|_|_|  \__|    
 |  \/  |  _   _  | |__     __ _  | |_  (_)  ___ 
 | |\/| | | | | | | '_ \   / _` | | __| | | / __|
 | |  | | | |_| | | |_) | | (_| | | |_  | | \__ \
 |_|  |_|  \__, | |_.__/   \__,_|  \__| |_| |___/
           |___/                                 
2022-10-02 13:48:05 [main] INFO  org.apache.coyote.http11.Http11NioProtocol - Starting ProtocolHandler ["http-nio-8099"]
2022-10-02 13:48:05 [main] INFO  o.s.boot.web.embedded.tomcat.TomcatWebServer - Tomcat started on port(s): 8099 (http) with context path ''
2022-10-02 13:48:06 [main] INFO  o.s.m.simp.broker.SimpleBrokerMessageHandler - Starting...
2022-10-02 13:48:06 [main] INFO  o.s.m.simp.broker.SimpleBrokerMessageHandler - BrokerAvailabilityEvent[available=true, SimpleBrokerMessageHandler [org.springframework.messaging.simp.broker.DefaultSubscriptionRegistry@531ed68e]]
2022-10-02 13:48:06 [main] INFO  o.s.m.simp.broker.SimpleBrokerMessageHandler - Started.
2022-10-02 13:48:06 [main] INFO  com.xxbb.springbootapi.SpringBootApiApplication - Started SpringBootApiApplication in 11.417 seconds (JVM running for 19.218)
2022-10-02 13:48:09 [http-nio-8099-exec-3] INFO  o.a.c.core.ContainerBase.[Tomcat].[localhost].[/] - Initializing Spring DispatcherServlet 'dispatcherServlet'
2022-10-02 13:48:09 [http-nio-8099-exec-3] INFO  org.springframework.web.servlet.DispatcherServlet - Initializing Servlet 'dispatcherServlet'
2022-10-02 13:48:09 [http-nio-8099-exec-3] INFO  org.springframework.web.servlet.DispatcherServlet - Completed initialization in 4 ms
2022-10-02 13:49:04 [MessageBroker-1] INFO  o.s.web.socket.config.WebSocketMessageBrokerStats - WebSocketSession[0 current WS(0)-HttpStream(0)-HttpPoll(0), 0 total, 0 closed abnormally (0 connect failure, 0 send limit, 0 transport error)], stompSubProtocol[processed CONNECT(0)-CONNECTED(0)-DISCONNECT(0)], stompBrokerRelay[null], inboundChannel[pool size = 0, active threads = 0, queued tasks = 0, completed tasks = 0], outboundChannel[pool size = 0, active threads = 0, queued tasks = 0, completed tasks = 0], sockJsScheduler[pool size = 1, active threads = 1, queued tasks = 0, completed tasks = 0]
2022-10-02 13:51:15 [http-nio-8099-exec-9] INFO  o.s.d.r.config.RepositoryConfigurationDelegate - Bootstrapping Spring Data JPA repositories in DEFAULT mode.
2022-10-02 13:51:15 [http-nio-8099-exec-9] INFO  o.s.d.r.config.RepositoryConfigurationDelegate - Finished Spring Data repository scanning in 40 ms. Found 0 JPA repository interfaces.
2022-10-02 13:51:52 [http-nio-8099-exec-2] INFO  o.s.d.r.config.RepositoryConfigurationDelegate - Bootstrapping Spring Data JPA repositories in DEFAULT mode.
2022-10-02 13:51:52 [http-nio-8099-exec-2] INFO  o.s.d.r.config.RepositoryConfigurationDelegate - Finished Spring Data repository scanning in 21 ms. Found 0 JPA repository interfaces.
2022-10-02 13:53:31 [http-nio-8099-exec-7] INFO  o.s.d.r.config.RepositoryConfigurationDelegate - Bootstrapping Spring Data JPA repositories in DEFAULT mode.
2022-10-02 13:53:31 [http-nio-8099-exec-7] INFO  o.s.d.r.config.RepositoryConfigurationDelegate - Finished Spring Data repository scanning in 24 ms. Found 0 JPA repository interfaces.
2022-10-02 14:19:04 [MessageBroker-1] INFO  o.s.web.socket.config.WebSocketMessageBrokerStats - WebSocketSession[0 current WS(0)-HttpStream(0)-HttpPoll(0), 0 total, 0 closed abnormally (0 connect failure, 0 send limit, 0 transport error)], stompSubProtocol[processed CONNECT(0)-CONNECTED(0)-DISCONNECT(0)], stompBrokerRelay[null], inboundChannel[pool size = 0, active threads = 0, queued tasks = 0, completed tasks = 0], outboundChannel[pool size = 0, active threads = 0, queued tasks = 0, completed tasks = 0], sockJsScheduler[pool size = 2, active threads = 1, queued tasks = 0, completed tasks = 1]
2022-10-02 14:49:04 [MessageBroker-2] INFO  o.s.web.socket.config.WebSocketMessageBrokerStats - WebSocketSession[0 current WS(0)-HttpStream(0)-HttpPoll(0), 0 total, 0 closed abnormally (0 connect failure, 0 send limit, 0 transport error)], stompSubProtocol[processed CONNECT(0)-CONNECTED(0)-DISCONNECT(0)], stompBrokerRelay[null], inboundChannel[pool size = 0, active threads = 0, queued tasks = 0, completed tasks = 0], outboundChannel[pool size = 0, active threads = 0, queued tasks = 0, completed tasks = 0], sockJsScheduler[pool size = 3, active threads = 1, queued tasks = 0, completed tasks = 2]
2022-10-02 15:07:26 [http-nio-8099-exec-4] INFO  o.s.d.r.config.RepositoryConfigurationDelegate - Bootstrapping Spring Data JPA repositories in DEFAULT mode.
2022-10-02 15:07:26 [http-nio-8099-exec-4] INFO  o.s.d.r.config.RepositoryConfigurationDelegate - Finished Spring Data repository scanning in 65 ms. Found 0 JPA repository interfaces.
