2022-10-07 11:06:54 [background-preinit] INFO  org.hibernate.validator.internal.util.Version - HV000001: Hibernate Validator 6.2.0.Final
2022-10-07 11:06:54 [main] INFO  com.xxbb.springbootapi.SpringBootApiApplication - Starting SpringBootApiApplication using Java 1.8.0_332 on 小樊的战神 with PID 18344 (E:\SpringBoot\springbootadmin\target\classes started by Administrator in E:\SpringBoot\springbootadmin)
2022-10-07 11:06:54 [main] INFO  com.xxbb.springbootapi.SpringBootApiApplication - The following profiles are active: prod
2022-10-07 11:06:57 [main] INFO  o.s.d.r.config.RepositoryConfigurationDelegate - Bootstrapping Spring Data JPA repositories in DEFAULT mode.
2022-10-07 11:06:57 [main] INFO  o.s.d.r.config.RepositoryConfigurationDelegate - Finished Spring Data repository scanning in 45 ms. Found 0 JPA repository interfaces.
2022-10-07 11:06:59 [main] INFO  o.s.boot.web.embedded.tomcat.TomcatWebServer - Tomcat initialized with port(s): 8099 (http)
2022-10-07 11:06:59 [main] INFO  org.apache.coyote.http11.Http11NioProtocol - Initializing ProtocolHandler ["http-nio-8099"]
2022-10-07 11:06:59 [main] INFO  org.apache.catalina.core.StandardService - Starting service [Tomcat]
2022-10-07 11:06:59 [main] INFO  org.apache.catalina.core.StandardEngine - Starting Servlet engine: [Apache Tomcat/9.0.50]
2022-10-07 11:06:59 [main] INFO  o.a.c.core.ContainerBase.[Tomcat].[localhost].[/] - Initializing Spring embedded WebApplicationContext
2022-10-07 11:06:59 [main] INFO  o.s.b.w.s.c.ServletWebServerApplicationContext - Root WebApplicationContext: initialization completed in 4394 ms
2022-10-07 11:06:59 [main] INFO  org.hibernate.jpa.internal.util.LogHelper - HHH000204: Processing PersistenceUnitInfo [name: default]
2022-10-07 11:07:00 [main] INFO  org.hibernate.Version - HHH000412: Hibernate ORM core version 5.4.32.Final
2022-10-07 11:07:00 [main] INFO  org.hibernate.annotations.common.Version - HCANN000001: Hibernate Commons Annotations {5.1.2.Final}
2022-10-07 11:07:00 [main] INFO  com.alibaba.druid.pool.DruidDataSource - {dataSource-1} inited
2022-10-07 11:07:01 [main] INFO  org.hibernate.dialect.Dialect - HHH000400: Using dialect: org.hibernate.dialect.MySQL8Dialect
2022-10-07 11:07:02 [main] INFO  o.h.e.t.jta.platform.internal.JtaPlatformInitiator - HHH000490: Using JtaPlatform implementation: [org.hibernate.engine.transaction.jta.platform.internal.NoJtaPlatform]
2022-10-07 11:07:02 [main] INFO  o.s.orm.jpa.LocalContainerEntityManagerFactoryBean - Initialized JPA EntityManagerFactory for persistence unit 'default'
2022-10-07 11:07:04 [main] INFO  cn.org.atool.fluent.mybatis.spring.MapperFactory - 

      _____   _                          _       
     |  ___| | |  _   _    ___   _ __   | |_     
     | |_    | | | | | |  / _ \ | '_ \  | __|    
     |  _|   | | | |_| | |  __/ | | | | | |_     
  __ |_|     |_|  \__,_|  \___| |_|_|_|  \__|    
 |  \/  |  _   _  | |__     __ _  | |_  (_)  ___ 
 | |\/| | | | | | | '_ \   / _` | | __| | | / __|
 | |  | | | |_| | | |_) | | (_| | | |_  | | \__ \
 |_|  |_|  \__, | |_.__/   \__,_|  \__| |_| |___/
           |___/                                 
2022-10-07 11:07:04 [main] INFO  org.apache.coyote.http11.Http11NioProtocol - Starting ProtocolHandler ["http-nio-8099"]
2022-10-07 11:07:04 [main] INFO  o.s.boot.web.embedded.tomcat.TomcatWebServer - Tomcat started on port(s): 8099 (http) with context path ''
2022-10-07 11:07:06 [main] INFO  o.s.m.simp.broker.SimpleBrokerMessageHandler - Starting...
2022-10-07 11:07:06 [main] INFO  o.s.m.simp.broker.SimpleBrokerMessageHandler - BrokerAvailabilityEvent[available=true, SimpleBrokerMessageHandler [org.springframework.messaging.simp.broker.DefaultSubscriptionRegistry@559c4e06]]
2022-10-07 11:07:06 [main] INFO  o.s.m.simp.broker.SimpleBrokerMessageHandler - Started.
2022-10-07 11:07:06 [main] INFO  com.xxbb.springbootapi.SpringBootApiApplication - Started SpringBootApiApplication in 11.959 seconds (JVM running for 14.704)
2022-10-07 11:07:38 [http-nio-8099-exec-1] INFO  o.a.c.core.ContainerBase.[Tomcat].[localhost].[/] - Initializing Spring DispatcherServlet 'dispatcherServlet'
2022-10-07 11:07:38 [http-nio-8099-exec-1] INFO  org.springframework.web.servlet.DispatcherServlet - Initializing Servlet 'dispatcherServlet'
2022-10-07 11:07:38 [http-nio-8099-exec-1] INFO  org.springframework.web.servlet.DispatcherServlet - Completed initialization in 2 ms
2022-10-07 11:08:04 [MessageBroker-1] INFO  o.s.web.socket.config.WebSocketMessageBrokerStats - WebSocketSession[0 current WS(0)-HttpStream(0)-HttpPoll(0), 0 total, 0 closed abnormally (0 connect failure, 0 send limit, 0 transport error)], stompSubProtocol[processed CONNECT(0)-CONNECTED(0)-DISCONNECT(0)], stompBrokerRelay[null], inboundChannel[pool size = 0, active threads = 0, queued tasks = 0, completed tasks = 0], outboundChannel[pool size = 0, active threads = 0, queued tasks = 0, completed tasks = 0], sockJsScheduler[pool size = 1, active threads = 1, queued tasks = 0, completed tasks = 0]
2022-10-07 11:29:07 [SpringApplicationShutdownHook] INFO  o.s.m.simp.broker.SimpleBrokerMessageHandler - Stopping...
2022-10-07 11:29:07 [SpringApplicationShutdownHook] INFO  o.s.m.simp.broker.SimpleBrokerMessageHandler - BrokerAvailabilityEvent[available=false, SimpleBrokerMessageHandler [org.springframework.messaging.simp.broker.DefaultSubscriptionRegistry@559c4e06]]
2022-10-07 11:29:07 [SpringApplicationShutdownHook] INFO  o.s.m.simp.broker.SimpleBrokerMessageHandler - Stopped.
2022-10-07 11:29:09 [SpringApplicationShutdownHook] INFO  o.s.orm.jpa.LocalContainerEntityManagerFactoryBean - Closing JPA EntityManagerFactory for persistence unit 'default'
2022-10-07 11:29:09 [SpringApplicationShutdownHook] INFO  com.alibaba.druid.pool.DruidDataSource - {dataSource-1} closed
2022-10-07 14:36:47 [background-preinit] INFO  org.hibernate.validator.internal.util.Version - HV000001: Hibernate Validator 6.2.0.Final
2022-10-07 14:36:47 [main] INFO  com.xxbb.springbootapi.SpringBootApiApplication - Starting SpringBootApiApplication using Java 1.8.0_332 on 小樊的战神 with PID 17736 (E:\SpringBoot\springbootadmin\target\classes started by Administrator in E:\SpringBoot\springbootadmin)
2022-10-07 14:36:47 [main] INFO  com.xxbb.springbootapi.SpringBootApiApplication - The following profiles are active: prod
2022-10-07 14:36:49 [main] INFO  o.s.d.r.config.RepositoryConfigurationDelegate - Bootstrapping Spring Data JPA repositories in DEFAULT mode.
2022-10-07 14:36:49 [main] INFO  o.s.d.r.config.RepositoryConfigurationDelegate - Finished Spring Data repository scanning in 47 ms. Found 0 JPA repository interfaces.
2022-10-07 14:36:50 [main] INFO  o.s.boot.web.embedded.tomcat.TomcatWebServer - Tomcat initialized with port(s): 8099 (http)
2022-10-07 14:36:50 [main] INFO  org.apache.coyote.http11.Http11NioProtocol - Initializing ProtocolHandler ["http-nio-8099"]
2022-10-07 14:36:50 [main] INFO  org.apache.catalina.core.StandardService - Starting service [Tomcat]
2022-10-07 14:36:50 [main] INFO  org.apache.catalina.core.StandardEngine - Starting Servlet engine: [Apache Tomcat/9.0.50]
2022-10-07 14:36:50 [main] INFO  o.a.c.core.ContainerBase.[Tomcat].[localhost].[/] - Initializing Spring embedded WebApplicationContext
2022-10-07 14:36:50 [main] INFO  o.s.b.w.s.c.ServletWebServerApplicationContext - Root WebApplicationContext: initialization completed in 3156 ms
2022-10-07 14:36:50 [main] INFO  org.hibernate.jpa.internal.util.LogHelper - HHH000204: Processing PersistenceUnitInfo [name: default]
2022-10-07 14:36:50 [main] INFO  org.hibernate.Version - HHH000412: Hibernate ORM core version 5.4.32.Final
2022-10-07 14:36:51 [main] INFO  org.hibernate.annotations.common.Version - HCANN000001: Hibernate Commons Annotations {5.1.2.Final}
2022-10-07 14:36:51 [main] INFO  com.alibaba.druid.pool.DruidDataSource - {dataSource-1} inited
2022-10-07 14:36:51 [main] INFO  org.hibernate.dialect.Dialect - HHH000400: Using dialect: org.hibernate.dialect.MySQL8Dialect
2022-10-07 14:36:52 [main] INFO  o.h.e.t.jta.platform.internal.JtaPlatformInitiator - HHH000490: Using JtaPlatform implementation: [org.hibernate.engine.transaction.jta.platform.internal.NoJtaPlatform]
2022-10-07 14:36:52 [main] INFO  o.s.orm.jpa.LocalContainerEntityManagerFactoryBean - Initialized JPA EntityManagerFactory for persistence unit 'default'
2022-10-07 14:36:53 [main] INFO  cn.org.atool.fluent.mybatis.spring.MapperFactory - 

      _____   _                          _       
     |  ___| | |  _   _    ___   _ __   | |_     
     | |_    | | | | | |  / _ \ | '_ \  | __|    
     |  _|   | | | |_| | |  __/ | | | | | |_     
  __ |_|     |_|  \__,_|  \___| |_|_|_|  \__|    
 |  \/  |  _   _  | |__     __ _  | |_  (_)  ___ 
 | |\/| | | | | | | '_ \   / _` | | __| | | / __|
 | |  | | | |_| | | |_) | | (_| | | |_  | | \__ \
 |_|  |_|  \__, | |_.__/   \__,_|  \__| |_| |___/
           |___/                                 
2022-10-07 14:36:53 [main] INFO  org.apache.coyote.http11.Http11NioProtocol - Starting ProtocolHandler ["http-nio-8099"]
2022-10-07 14:36:53 [main] INFO  o.s.boot.web.embedded.tomcat.TomcatWebServer - Tomcat started on port(s): 8099 (http) with context path ''
2022-10-07 14:36:54 [main] INFO  o.s.m.simp.broker.SimpleBrokerMessageHandler - Starting...
2022-10-07 14:36:54 [main] INFO  o.s.m.simp.broker.SimpleBrokerMessageHandler - BrokerAvailabilityEvent[available=true, SimpleBrokerMessageHandler [org.springframework.messaging.simp.broker.DefaultSubscriptionRegistry@aa23f11]]
2022-10-07 14:36:54 [main] INFO  o.s.m.simp.broker.SimpleBrokerMessageHandler - Started.
2022-10-07 14:36:55 [main] INFO  com.xxbb.springbootapi.SpringBootApiApplication - Started SpringBootApiApplication in 8.463 seconds (JVM running for 11.211)
2022-10-07 14:37:49 [http-nio-8099-exec-3] INFO  o.a.c.core.ContainerBase.[Tomcat].[localhost].[/] - Initializing Spring DispatcherServlet 'dispatcherServlet'
2022-10-07 14:37:49 [http-nio-8099-exec-3] INFO  org.springframework.web.servlet.DispatcherServlet - Initializing Servlet 'dispatcherServlet'
2022-10-07 14:37:49 [http-nio-8099-exec-3] INFO  org.springframework.web.servlet.DispatcherServlet - Completed initialization in 1 ms
2022-10-07 14:37:53 [MessageBroker-1] INFO  o.s.web.socket.config.WebSocketMessageBrokerStats - WebSocketSession[0 current WS(0)-HttpStream(0)-HttpPoll(0), 0 total, 0 closed abnormally (0 connect failure, 0 send limit, 0 transport error)], stompSubProtocol[processed CONNECT(0)-CONNECTED(0)-DISCONNECT(0)], stompBrokerRelay[null], inboundChannel[pool size = 0, active threads = 0, queued tasks = 0, completed tasks = 0], outboundChannel[pool size = 0, active threads = 0, queued tasks = 0, completed tasks = 0], sockJsScheduler[pool size = 1, active threads = 1, queued tasks = 0, completed tasks = 0]
2022-10-07 14:46:40 [SpringApplicationShutdownHook] INFO  o.s.m.simp.broker.SimpleBrokerMessageHandler - Stopping...
2022-10-07 14:46:40 [SpringApplicationShutdownHook] INFO  o.s.m.simp.broker.SimpleBrokerMessageHandler - BrokerAvailabilityEvent[available=false, SimpleBrokerMessageHandler [org.springframework.messaging.simp.broker.DefaultSubscriptionRegistry@aa23f11]]
2022-10-07 14:46:40 [SpringApplicationShutdownHook] INFO  o.s.m.simp.broker.SimpleBrokerMessageHandler - Stopped.
2022-10-07 14:46:41 [SpringApplicationShutdownHook] INFO  o.s.orm.jpa.LocalContainerEntityManagerFactoryBean - Closing JPA EntityManagerFactory for persistence unit 'default'
2022-10-07 14:46:41 [SpringApplicationShutdownHook] INFO  com.alibaba.druid.pool.DruidDataSource - {dataSource-1} closed
2022-10-07 19:34:15 [main] INFO  com.xxbb.springbootapi.SpringBootApiApplication - Starting SpringBootApiApplication using Java 1.8.0_332 on 小樊的战神 with PID 10956 (E:\SpringBoot\springbootadmin\target\classes started by Administrator in E:\SpringBoot\springbootadmin)
2022-10-07 19:34:15 [main] INFO  com.xxbb.springbootapi.SpringBootApiApplication - The following profiles are active: prod
2022-10-07 19:34:15 [background-preinit] INFO  org.hibernate.validator.internal.util.Version - HV000001: Hibernate Validator 6.2.0.Final
2022-10-07 19:34:42 [main] INFO  com.xxbb.springbootapi.SpringBootApiApplication - Starting SpringBootApiApplication using Java 1.8.0_332 on 小樊的战神 with PID 19480 (E:\SpringBoot\springbootadmin\target\classes started by Administrator in E:\SpringBoot\springbootadmin)
2022-10-07 19:34:42 [main] INFO  com.xxbb.springbootapi.SpringBootApiApplication - The following profiles are active: prod
2022-10-07 19:34:42 [background-preinit] INFO  org.hibernate.validator.internal.util.Version - HV000001: Hibernate Validator 6.2.0.Final
2022-10-07 19:34:44 [main] INFO  o.s.d.r.config.RepositoryConfigurationDelegate - Bootstrapping Spring Data JPA repositories in DEFAULT mode.
2022-10-07 19:34:44 [main] INFO  o.s.d.r.config.RepositoryConfigurationDelegate - Finished Spring Data repository scanning in 44 ms. Found 0 JPA repository interfaces.
2022-10-07 19:34:44 [main] INFO  o.s.boot.web.embedded.tomcat.TomcatWebServer - Tomcat initialized with port(s): 8686 (http)
2022-10-07 19:34:45 [main] INFO  org.apache.coyote.http11.Http11NioProtocol - Initializing ProtocolHandler ["http-nio-8686"]
2022-10-07 19:34:45 [main] INFO  org.apache.catalina.core.StandardService - Starting service [Tomcat]
2022-10-07 19:34:45 [main] INFO  org.apache.catalina.core.StandardEngine - Starting Servlet engine: [Apache Tomcat/9.0.50]
2022-10-07 19:34:45 [main] INFO  o.a.c.core.ContainerBase.[Tomcat].[localhost].[/] - Initializing Spring embedded WebApplicationContext
2022-10-07 19:34:45 [main] INFO  o.s.b.w.s.c.ServletWebServerApplicationContext - Root WebApplicationContext: initialization completed in 3084 ms
2022-10-07 19:34:45 [main] INFO  org.hibernate.jpa.internal.util.LogHelper - HHH000204: Processing PersistenceUnitInfo [name: default]
2022-10-07 19:34:45 [main] INFO  org.hibernate.Version - HHH000412: Hibernate ORM core version 5.4.32.Final
2022-10-07 19:34:45 [main] INFO  org.hibernate.annotations.common.Version - HCANN000001: Hibernate Commons Annotations {5.1.2.Final}
2022-10-07 19:34:45 [main] INFO  com.alibaba.druid.pool.DruidDataSource - {dataSource-1} inited
2022-10-07 19:34:46 [main] INFO  org.hibernate.dialect.Dialect - HHH000400: Using dialect: org.hibernate.dialect.MySQL57Dialect
2022-10-07 19:34:48 [main] INFO  o.h.e.t.jta.platform.internal.JtaPlatformInitiator - HHH000490: Using JtaPlatform implementation: [org.hibernate.engine.transaction.jta.platform.internal.NoJtaPlatform]
2022-10-07 19:34:48 [main] INFO  o.s.orm.jpa.LocalContainerEntityManagerFactoryBean - Initialized JPA EntityManagerFactory for persistence unit 'default'
2022-10-07 19:34:49 [main] INFO  cn.org.atool.fluent.mybatis.spring.MapperFactory - 

      _____   _                          _       
     |  ___| | |  _   _    ___   _ __   | |_     
     | |_    | | | | | |  / _ \ | '_ \  | __|    
     |  _|   | | | |_| | |  __/ | | | | | |_     
  __ |_|     |_|  \__,_|  \___| |_|_|_|  \__|    
 |  \/  |  _   _  | |__     __ _  | |_  (_)  ___ 
 | |\/| | | | | | | '_ \   / _` | | __| | | / __|
 | |  | | | |_| | | |_) | | (_| | | |_  | | \__ \
 |_|  |_|  \__, | |_.__/   \__,_|  \__| |_| |___/
           |___/                                 
2022-10-07 19:34:49 [main] INFO  org.apache.coyote.http11.Http11NioProtocol - Starting ProtocolHandler ["http-nio-8686"]
2022-10-07 19:34:49 [main] INFO  o.s.boot.web.embedded.tomcat.TomcatWebServer - Tomcat started on port(s): 8686 (http) with context path ''
2022-10-07 19:34:50 [main] INFO  o.s.m.simp.broker.SimpleBrokerMessageHandler - Starting...
2022-10-07 19:34:50 [main] INFO  o.s.m.simp.broker.SimpleBrokerMessageHandler - BrokerAvailabilityEvent[available=true, SimpleBrokerMessageHandler [org.springframework.messaging.simp.broker.DefaultSubscriptionRegistry@120d13ae]]
2022-10-07 19:34:50 [main] INFO  o.s.m.simp.broker.SimpleBrokerMessageHandler - Started.
2022-10-07 19:34:50 [main] INFO  com.xxbb.springbootapi.SpringBootApiApplication - Started SpringBootApiApplication in 9.344 seconds (JVM running for 12.1)
2022-10-07 19:35:49 [MessageBroker-1] INFO  o.s.web.socket.config.WebSocketMessageBrokerStats - WebSocketSession[0 current WS(0)-HttpStream(0)-HttpPoll(0), 0 total, 0 closed abnormally (0 connect failure, 0 send limit, 0 transport error)], stompSubProtocol[processed CONNECT(0)-CONNECTED(0)-DISCONNECT(0)], stompBrokerRelay[null], inboundChannel[pool size = 0, active threads = 0, queued tasks = 0, completed tasks = 0], outboundChannel[pool size = 0, active threads = 0, queued tasks = 0, completed tasks = 0], sockJsScheduler[pool size = 1, active threads = 1, queued tasks = 0, completed tasks = 0]
2022-10-07 19:35:55 [SpringApplicationShutdownHook] INFO  o.s.m.simp.broker.SimpleBrokerMessageHandler - Stopping...
2022-10-07 19:35:55 [SpringApplicationShutdownHook] INFO  o.s.m.simp.broker.SimpleBrokerMessageHandler - BrokerAvailabilityEvent[available=false, SimpleBrokerMessageHandler [org.springframework.messaging.simp.broker.DefaultSubscriptionRegistry@120d13ae]]
2022-10-07 19:35:55 [SpringApplicationShutdownHook] INFO  o.s.m.simp.broker.SimpleBrokerMessageHandler - Stopped.
2022-10-07 19:36:01 [background-preinit] INFO  org.hibernate.validator.internal.util.Version - HV000001: Hibernate Validator 6.2.0.Final
2022-10-07 19:36:01 [main] INFO  com.xxbb.springbootapi.SpringBootApiApplication - Starting SpringBootApiApplication using Java 1.8.0_332 on 小樊的战神 with PID 17508 (E:\SpringBoot\springbootadmin\target\classes started by Administrator in E:\SpringBoot\springbootadmin)
2022-10-07 19:36:01 [main] INFO  com.xxbb.springbootapi.SpringBootApiApplication - The following profiles are active: prod
2022-10-07 19:36:03 [main] INFO  o.s.d.r.config.RepositoryConfigurationDelegate - Bootstrapping Spring Data JPA repositories in DEFAULT mode.
2022-10-07 19:36:03 [main] INFO  o.s.d.r.config.RepositoryConfigurationDelegate - Finished Spring Data repository scanning in 37 ms. Found 0 JPA repository interfaces.
2022-10-07 19:36:04 [main] INFO  o.s.boot.web.embedded.tomcat.TomcatWebServer - Tomcat initialized with port(s): 8686 (http)
2022-10-07 19:36:04 [main] INFO  org.apache.coyote.http11.Http11NioProtocol - Initializing ProtocolHandler ["http-nio-8686"]
2022-10-07 19:36:04 [main] INFO  org.apache.catalina.core.StandardService - Starting service [Tomcat]
2022-10-07 19:36:04 [main] INFO  org.apache.catalina.core.StandardEngine - Starting Servlet engine: [Apache Tomcat/9.0.50]
2022-10-07 19:36:04 [main] INFO  o.a.c.core.ContainerBase.[Tomcat].[localhost].[/] - Initializing Spring embedded WebApplicationContext
2022-10-07 19:36:04 [main] INFO  o.s.b.w.s.c.ServletWebServerApplicationContext - Root WebApplicationContext: initialization completed in 2473 ms
2022-10-07 19:36:04 [main] INFO  org.hibernate.jpa.internal.util.LogHelper - HHH000204: Processing PersistenceUnitInfo [name: default]
2022-10-07 19:36:04 [main] INFO  org.hibernate.Version - HHH000412: Hibernate ORM core version 5.4.32.Final
2022-10-07 19:36:04 [main] INFO  org.hibernate.annotations.common.Version - HCANN000001: Hibernate Commons Annotations {5.1.2.Final}
2022-10-07 19:36:05 [main] INFO  com.alibaba.druid.pool.DruidDataSource - {dataSource-1} inited
2022-10-07 19:36:05 [main] INFO  org.hibernate.dialect.Dialect - HHH000400: Using dialect: org.hibernate.dialect.MySQL57Dialect
2022-10-07 19:36:07 [main] INFO  o.h.e.t.jta.platform.internal.JtaPlatformInitiator - HHH000490: Using JtaPlatform implementation: [org.hibernate.engine.transaction.jta.platform.internal.NoJtaPlatform]
2022-10-07 19:36:07 [main] INFO  o.s.orm.jpa.LocalContainerEntityManagerFactoryBean - Initialized JPA EntityManagerFactory for persistence unit 'default'
2022-10-07 19:36:08 [main] INFO  cn.org.atool.fluent.mybatis.spring.MapperFactory - 

      _____   _                          _       
     |  ___| | |  _   _    ___   _ __   | |_     
     | |_    | | | | | |  / _ \ | '_ \  | __|    
     |  _|   | | | |_| | |  __/ | | | | | |_     
  __ |_|     |_|  \__,_|  \___| |_|_|_|  \__|    
 |  \/  |  _   _  | |__     __ _  | |_  (_)  ___ 
 | |\/| | | | | | | '_ \   / _` | | __| | | / __|
 | |  | | | |_| | | |_) | | (_| | | |_  | | \__ \
 |_|  |_|  \__, | |_.__/   \__,_|  \__| |_| |___/
           |___/                                 
2022-10-07 19:36:09 [main] INFO  org.apache.coyote.http11.Http11NioProtocol - Starting ProtocolHandler ["http-nio-8686"]
2022-10-07 19:36:09 [main] INFO  o.s.boot.web.embedded.tomcat.TomcatWebServer - Tomcat started on port(s): 8686 (http) with context path ''
2022-10-07 19:36:10 [main] INFO  o.s.m.simp.broker.SimpleBrokerMessageHandler - Starting...
2022-10-07 19:36:10 [main] INFO  o.s.m.simp.broker.SimpleBrokerMessageHandler - BrokerAvailabilityEvent[available=true, SimpleBrokerMessageHandler [org.springframework.messaging.simp.broker.DefaultSubscriptionRegistry@73a116d]]
2022-10-07 19:36:10 [main] INFO  o.s.m.simp.broker.SimpleBrokerMessageHandler - Started.
2022-10-07 19:36:10 [main] INFO  com.xxbb.springbootapi.SpringBootApiApplication - Started SpringBootApiApplication in 9.379 seconds (JVM running for 12.019)
2022-10-07 19:37:08 [MessageBroker-1] INFO  o.s.web.socket.config.WebSocketMessageBrokerStats - WebSocketSession[0 current WS(0)-HttpStream(0)-HttpPoll(0), 0 total, 0 closed abnormally (0 connect failure, 0 send limit, 0 transport error)], stompSubProtocol[processed CONNECT(0)-CONNECTED(0)-DISCONNECT(0)], stompBrokerRelay[null], inboundChannel[pool size = 0, active threads = 0, queued tasks = 0, completed tasks = 0], outboundChannel[pool size = 0, active threads = 0, queued tasks = 0, completed tasks = 0], sockJsScheduler[pool size = 1, active threads = 1, queued tasks = 0, completed tasks = 0]
2022-10-07 19:51:35 [SpringApplicationShutdownHook] INFO  o.s.m.simp.broker.SimpleBrokerMessageHandler - Stopping...
2022-10-07 19:51:35 [SpringApplicationShutdownHook] INFO  o.s.m.simp.broker.SimpleBrokerMessageHandler - BrokerAvailabilityEvent[available=false, SimpleBrokerMessageHandler [org.springframework.messaging.simp.broker.DefaultSubscriptionRegistry@73a116d]]
2022-10-07 19:51:35 [SpringApplicationShutdownHook] INFO  o.s.m.simp.broker.SimpleBrokerMessageHandler - Stopped.
2022-10-07 23:04:46 [main] INFO  com.xxbb.springbootapi.SpringBootApiApplication - Starting SpringBootApiApplication using Java 1.8.0_332 on 小樊的战神 with PID 17732 (E:\SpringBoot\springbootadmin\target\classes started by Administrator in E:\SpringBoot\springbootadmin)
2022-10-07 23:04:46 [main] INFO  com.xxbb.springbootapi.SpringBootApiApplication - The following profiles are active: prod
2022-10-07 23:04:46 [background-preinit] INFO  org.hibernate.validator.internal.util.Version - HV000001: Hibernate Validator 6.2.0.Final
2022-10-07 23:04:48 [main] INFO  o.s.d.r.config.RepositoryConfigurationDelegate - Bootstrapping Spring Data JPA repositories in DEFAULT mode.
2022-10-07 23:04:48 [main] INFO  o.s.d.r.config.RepositoryConfigurationDelegate - Finished Spring Data repository scanning in 47 ms. Found 0 JPA repository interfaces.
2022-10-07 23:04:49 [main] INFO  o.s.boot.web.embedded.tomcat.TomcatWebServer - Tomcat initialized with port(s): 8686 (http)
2022-10-07 23:04:49 [main] INFO  org.apache.coyote.http11.Http11NioProtocol - Initializing ProtocolHandler ["http-nio-8686"]
2022-10-07 23:04:49 [main] INFO  org.apache.catalina.core.StandardService - Starting service [Tomcat]
2022-10-07 23:04:49 [main] INFO  org.apache.catalina.core.StandardEngine - Starting Servlet engine: [Apache Tomcat/9.0.50]
2022-10-07 23:04:49 [main] INFO  o.a.c.core.ContainerBase.[Tomcat].[localhost].[/] - Initializing Spring embedded WebApplicationContext
2022-10-07 23:04:49 [main] INFO  o.s.b.w.s.c.ServletWebServerApplicationContext - Root WebApplicationContext: initialization completed in 3102 ms
2022-10-07 23:04:49 [main] INFO  org.hibernate.jpa.internal.util.LogHelper - HHH000204: Processing PersistenceUnitInfo [name: default]
2022-10-07 23:04:49 [main] INFO  org.hibernate.Version - HHH000412: Hibernate ORM core version 5.4.32.Final
2022-10-07 23:04:50 [main] INFO  org.hibernate.annotations.common.Version - HCANN000001: Hibernate Commons Annotations {5.1.2.Final}
2022-10-07 23:04:50 [main] INFO  com.alibaba.druid.pool.DruidDataSource - {dataSource-1} inited
2022-10-07 23:04:51 [main] INFO  org.hibernate.dialect.Dialect - HHH000400: Using dialect: org.hibernate.dialect.MySQL57Dialect
2022-10-07 23:04:53 [main] INFO  o.h.e.t.jta.platform.internal.JtaPlatformInitiator - HHH000490: Using JtaPlatform implementation: [org.hibernate.engine.transaction.jta.platform.internal.NoJtaPlatform]
2022-10-07 23:04:53 [main] INFO  o.s.orm.jpa.LocalContainerEntityManagerFactoryBean - Initialized JPA EntityManagerFactory for persistence unit 'default'
2022-10-07 23:04:54 [main] INFO  cn.org.atool.fluent.mybatis.spring.MapperFactory - 

      _____   _                          _       
     |  ___| | |  _   _    ___   _ __   | |_     
     | |_    | | | | | |  / _ \ | '_ \  | __|    
     |  _|   | | | |_| | |  __/ | | | | | |_     
  __ |_|     |_|  \__,_|  \___| |_|_|_|  \__|    
 |  \/  |  _   _  | |__     __ _  | |_  (_)  ___ 
 | |\/| | | | | | | '_ \   / _` | | __| | | / __|
 | |  | | | |_| | | |_) | | (_| | | |_  | | \__ \
 |_|  |_|  \__, | |_.__/   \__,_|  \__| |_| |___/
           |___/                                 
2022-10-07 23:04:55 [main] INFO  org.apache.coyote.http11.Http11NioProtocol - Starting ProtocolHandler ["http-nio-8686"]
2022-10-07 23:04:55 [main] INFO  o.s.boot.web.embedded.tomcat.TomcatWebServer - Tomcat started on port(s): 8686 (http) with context path ''
2022-10-07 23:04:56 [main] INFO  o.s.m.simp.broker.SimpleBrokerMessageHandler - Starting...
2022-10-07 23:04:56 [main] INFO  o.s.m.simp.broker.SimpleBrokerMessageHandler - BrokerAvailabilityEvent[available=true, SimpleBrokerMessageHandler [org.springframework.messaging.simp.broker.DefaultSubscriptionRegistry@5f781173]]
2022-10-07 23:04:56 [main] INFO  o.s.m.simp.broker.SimpleBrokerMessageHandler - Started.
2022-10-07 23:04:56 [main] INFO  com.xxbb.springbootapi.SpringBootApiApplication - Started SpringBootApiApplication in 10.596 seconds (JVM running for 13.939)
2022-10-07 23:05:54 [MessageBroker-1] INFO  o.s.web.socket.config.WebSocketMessageBrokerStats - WebSocketSession[0 current WS(0)-HttpStream(0)-HttpPoll(0), 0 total, 0 closed abnormally (0 connect failure, 0 send limit, 0 transport error)], stompSubProtocol[processed CONNECT(0)-CONNECTED(0)-DISCONNECT(0)], stompBrokerRelay[null], inboundChannel[pool size = 0, active threads = 0, queued tasks = 0, completed tasks = 0], outboundChannel[pool size = 0, active threads = 0, queued tasks = 0, completed tasks = 0], sockJsScheduler[pool size = 1, active threads = 1, queued tasks = 0, completed tasks = 0]
2022-10-07 23:10:11 [SpringApplicationShutdownHook] INFO  o.s.m.simp.broker.SimpleBrokerMessageHandler - Stopping...
2022-10-07 23:10:11 [SpringApplicationShutdownHook] INFO  o.s.m.simp.broker.SimpleBrokerMessageHandler - BrokerAvailabilityEvent[available=false, SimpleBrokerMessageHandler [org.springframework.messaging.simp.broker.DefaultSubscriptionRegistry@5f781173]]
2022-10-07 23:10:11 [SpringApplicationShutdownHook] INFO  o.s.m.simp.broker.SimpleBrokerMessageHandler - Stopped.
2022-10-07 23:10:13 [SpringApplicationShutdownHook] INFO  o.s.orm.jpa.LocalContainerEntityManagerFactoryBean - Closing JPA EntityManagerFactory for persistence unit 'default'
2022-10-07 23:10:13 [SpringApplicationShutdownHook] INFO  com.alibaba.druid.pool.DruidDataSource - {dataSource-1} closed
2022-10-07 23:10:26 [main] INFO  com.xxbb.springbootapi.SpringBootApiApplication - Starting SpringBootApiApplication using Java 1.8.0_332 on 小樊的战神 with PID 16752 (E:\SpringBoot\springbootadmin\target\classes started by Administrator in E:\SpringBoot\springbootadmin)
2022-10-07 23:10:26 [background-preinit] INFO  org.hibernate.validator.internal.util.Version - HV000001: Hibernate Validator 6.2.0.Final
2022-10-07 23:10:26 [main] INFO  com.xxbb.springbootapi.SpringBootApiApplication - The following profiles are active: prod
2022-10-07 23:10:28 [main] INFO  o.s.d.r.config.RepositoryConfigurationDelegate - Bootstrapping Spring Data JPA repositories in DEFAULT mode.
2022-10-07 23:10:28 [main] INFO  o.s.d.r.config.RepositoryConfigurationDelegate - Finished Spring Data repository scanning in 45 ms. Found 0 JPA repository interfaces.
2022-10-07 23:10:29 [main] INFO  o.s.boot.web.embedded.tomcat.TomcatWebServer - Tomcat initialized with port(s): 8686 (http)
2022-10-07 23:10:29 [main] INFO  org.apache.coyote.http11.Http11NioProtocol - Initializing ProtocolHandler ["http-nio-8686"]
2022-10-07 23:10:29 [main] INFO  org.apache.catalina.core.StandardService - Starting service [Tomcat]
2022-10-07 23:10:29 [main] INFO  org.apache.catalina.core.StandardEngine - Starting Servlet engine: [Apache Tomcat/9.0.50]
2022-10-07 23:10:29 [main] INFO  o.a.c.core.ContainerBase.[Tomcat].[localhost].[/] - Initializing Spring embedded WebApplicationContext
2022-10-07 23:10:29 [main] INFO  o.s.b.w.s.c.ServletWebServerApplicationContext - Root WebApplicationContext: initialization completed in 3076 ms
2022-10-07 23:10:29 [main] INFO  org.hibernate.jpa.internal.util.LogHelper - HHH000204: Processing PersistenceUnitInfo [name: default]
2022-10-07 23:10:29 [main] INFO  org.hibernate.Version - HHH000412: Hibernate ORM core version 5.4.32.Final
2022-10-07 23:10:29 [main] INFO  org.hibernate.annotations.common.Version - HCANN000001: Hibernate Commons Annotations {5.1.2.Final}
2022-10-07 23:10:30 [main] INFO  com.alibaba.druid.pool.DruidDataSource - {dataSource-1} inited
2022-10-07 23:10:31 [main] INFO  org.hibernate.dialect.Dialect - HHH000400: Using dialect: org.hibernate.dialect.MySQL57Dialect
2022-10-07 23:10:33 [main] INFO  o.h.e.t.jta.platform.internal.JtaPlatformInitiator - HHH000490: Using JtaPlatform implementation: [org.hibernate.engine.transaction.jta.platform.internal.NoJtaPlatform]
2022-10-07 23:10:33 [main] INFO  o.s.orm.jpa.LocalContainerEntityManagerFactoryBean - Initialized JPA EntityManagerFactory for persistence unit 'default'
2022-10-07 23:10:34 [main] INFO  cn.org.atool.fluent.mybatis.spring.MapperFactory - 

      _____   _                          _       
     |  ___| | |  _   _    ___   _ __   | |_     
     | |_    | | | | | |  / _ \ | '_ \  | __|    
     |  _|   | | | |_| | |  __/ | | | | | |_     
  __ |_|     |_|  \__,_|  \___| |_|_|_|  \__|    
 |  \/  |  _   _  | |__     __ _  | |_  (_)  ___ 
 | |\/| | | | | | | '_ \   / _` | | __| | | / __|
 | |  | | | |_| | | |_) | | (_| | | |_  | | \__ \
 |_|  |_|  \__, | |_.__/   \__,_|  \__| |_| |___/
           |___/                                 
2022-10-07 23:10:35 [main] INFO  org.apache.coyote.http11.Http11NioProtocol - Starting ProtocolHandler ["http-nio-8686"]
2022-10-07 23:10:35 [main] INFO  o.s.boot.web.embedded.tomcat.TomcatWebServer - Tomcat started on port(s): 8686 (http) with context path ''
2022-10-07 23:10:35 [main] INFO  o.s.m.simp.broker.SimpleBrokerMessageHandler - Starting...
2022-10-07 23:10:35 [main] INFO  o.s.m.simp.broker.SimpleBrokerMessageHandler - BrokerAvailabilityEvent[available=true, SimpleBrokerMessageHandler [org.springframework.messaging.simp.broker.DefaultSubscriptionRegistry@1987807b]]
2022-10-07 23:10:35 [main] INFO  o.s.m.simp.broker.SimpleBrokerMessageHandler - Started.
2022-10-07 23:10:35 [main] INFO  com.xxbb.springbootapi.SpringBootApiApplication - Started SpringBootApiApplication in 10.53 seconds (JVM running for 13.568)
2022-10-07 23:11:34 [MessageBroker-1] INFO  o.s.web.socket.config.WebSocketMessageBrokerStats - WebSocketSession[0 current WS(0)-HttpStream(0)-HttpPoll(0), 0 total, 0 closed abnormally (0 connect failure, 0 send limit, 0 transport error)], stompSubProtocol[processed CONNECT(0)-CONNECTED(0)-DISCONNECT(0)], stompBrokerRelay[null], inboundChannel[pool size = 0, active threads = 0, queued tasks = 0, completed tasks = 0], outboundChannel[pool size = 0, active threads = 0, queued tasks = 0, completed tasks = 0], sockJsScheduler[pool size = 1, active threads = 1, queued tasks = 0, completed tasks = 0]
2022-10-07 23:19:06 [SpringApplicationShutdownHook] INFO  o.s.m.simp.broker.SimpleBrokerMessageHandler - Stopping...
2022-10-07 23:19:06 [SpringApplicationShutdownHook] INFO  o.s.m.simp.broker.SimpleBrokerMessageHandler - BrokerAvailabilityEvent[available=false, SimpleBrokerMessageHandler [org.springframework.messaging.simp.broker.DefaultSubscriptionRegistry@1987807b]]
2022-10-07 23:19:06 [SpringApplicationShutdownHook] INFO  o.s.m.simp.broker.SimpleBrokerMessageHandler - Stopped.
2022-10-07 23:19:08 [SpringApplicationShutdownHook] INFO  o.s.orm.jpa.LocalContainerEntityManagerFactoryBean - Closing JPA EntityManagerFactory for persistence unit 'default'
2022-10-07 23:19:08 [SpringApplicationShutdownHook] INFO  com.alibaba.druid.pool.DruidDataSource - {dataSource-1} closed
2022-10-07 23:19:25 [background-preinit] INFO  org.hibernate.validator.internal.util.Version - HV000001: Hibernate Validator 6.2.0.Final
2022-10-07 23:19:25 [main] INFO  com.xxbb.springbootapi.SpringBootApiApplication - Starting SpringBootApiApplication using Java 1.8.0_332 on 小樊的战神 with PID 4844 (E:\SpringBoot\springbootadmin\target\classes started by Administrator in E:\SpringBoot\springbootadmin)
2022-10-07 23:19:25 [main] INFO  com.xxbb.springbootapi.SpringBootApiApplication - The following profiles are active: prod
2022-10-07 23:19:27 [main] INFO  o.s.d.r.config.RepositoryConfigurationDelegate - Bootstrapping Spring Data JPA repositories in DEFAULT mode.
2022-10-07 23:19:27 [main] INFO  o.s.d.r.config.RepositoryConfigurationDelegate - Finished Spring Data repository scanning in 45 ms. Found 0 JPA repository interfaces.
2022-10-07 23:19:28 [main] INFO  o.s.boot.web.embedded.tomcat.TomcatWebServer - Tomcat initialized with port(s): 8686 (http)
2022-10-07 23:19:28 [main] INFO  org.apache.coyote.http11.Http11NioProtocol - Initializing ProtocolHandler ["http-nio-8686"]
2022-10-07 23:19:28 [main] INFO  org.apache.catalina.core.StandardService - Starting service [Tomcat]
2022-10-07 23:19:28 [main] INFO  org.apache.catalina.core.StandardEngine - Starting Servlet engine: [Apache Tomcat/9.0.50]
2022-10-07 23:19:28 [main] INFO  o.a.c.core.ContainerBase.[Tomcat].[localhost].[/] - Initializing Spring embedded WebApplicationContext
2022-10-07 23:19:28 [main] INFO  o.s.b.w.s.c.ServletWebServerApplicationContext - Root WebApplicationContext: initialization completed in 2645 ms
2022-10-07 23:19:28 [main] INFO  org.hibernate.jpa.internal.util.LogHelper - HHH000204: Processing PersistenceUnitInfo [name: default]
2022-10-07 23:19:28 [main] INFO  org.hibernate.Version - HHH000412: Hibernate ORM core version 5.4.32.Final
2022-10-07 23:19:29 [main] INFO  org.hibernate.annotations.common.Version - HCANN000001: Hibernate Commons Annotations {5.1.2.Final}
2022-10-07 23:19:29 [main] INFO  com.alibaba.druid.pool.DruidDataSource - {dataSource-1} inited
2022-10-07 23:19:30 [main] INFO  org.hibernate.dialect.Dialect - HHH000400: Using dialect: org.hibernate.dialect.MySQL57Dialect
2022-10-07 23:19:32 [main] INFO  o.h.e.t.jta.platform.internal.JtaPlatformInitiator - HHH000490: Using JtaPlatform implementation: [org.hibernate.engine.transaction.jta.platform.internal.NoJtaPlatform]
2022-10-07 23:19:32 [main] INFO  o.s.orm.jpa.LocalContainerEntityManagerFactoryBean - Initialized JPA EntityManagerFactory for persistence unit 'default'
2022-10-07 23:19:33 [main] INFO  cn.org.atool.fluent.mybatis.spring.MapperFactory - 

      _____   _                          _       
     |  ___| | |  _   _    ___   _ __   | |_     
     | |_    | | | | | |  / _ \ | '_ \  | __|    
     |  _|   | | | |_| | |  __/ | | | | | |_     
  __ |_|     |_|  \__,_|  \___| |_|_|_|  \__|    
 |  \/  |  _   _  | |__     __ _  | |_  (_)  ___ 
 | |\/| | | | | | | '_ \   / _` | | __| | | / __|
 | |  | | | |_| | | |_) | | (_| | | |_  | | \__ \
 |_|  |_|  \__, | |_.__/   \__,_|  \__| |_| |___/
           |___/                                 
2022-10-07 23:19:33 [main] INFO  org.apache.coyote.http11.Http11NioProtocol - Starting ProtocolHandler ["http-nio-8686"]
2022-10-07 23:19:33 [main] INFO  o.s.boot.web.embedded.tomcat.TomcatWebServer - Tomcat started on port(s): 8686 (http) with context path ''
2022-10-07 23:19:34 [main] INFO  o.s.m.simp.broker.SimpleBrokerMessageHandler - Starting...
2022-10-07 23:19:34 [main] INFO  o.s.m.simp.broker.SimpleBrokerMessageHandler - BrokerAvailabilityEvent[available=true, SimpleBrokerMessageHandler [org.springframework.messaging.simp.broker.DefaultSubscriptionRegistry@1fcc3461]]
2022-10-07 23:19:34 [main] INFO  o.s.m.simp.broker.SimpleBrokerMessageHandler - Started.
2022-10-07 23:19:34 [main] INFO  com.xxbb.springbootapi.SpringBootApiApplication - Started SpringBootApiApplication in 9.117 seconds (JVM running for 12.126)
2022-10-07 23:20:33 [MessageBroker-1] INFO  o.s.web.socket.config.WebSocketMessageBrokerStats - WebSocketSession[0 current WS(0)-HttpStream(0)-HttpPoll(0), 0 total, 0 closed abnormally (0 connect failure, 0 send limit, 0 transport error)], stompSubProtocol[processed CONNECT(0)-CONNECTED(0)-DISCONNECT(0)], stompBrokerRelay[null], inboundChannel[pool size = 0, active threads = 0, queued tasks = 0, completed tasks = 0], outboundChannel[pool size = 0, active threads = 0, queued tasks = 0, completed tasks = 0], sockJsScheduler[pool size = 1, active threads = 1, queued tasks = 0, completed tasks = 0]
2022-10-07 23:21:23 [SpringApplicationShutdownHook] INFO  o.s.m.simp.broker.SimpleBrokerMessageHandler - Stopping...
2022-10-07 23:21:23 [SpringApplicationShutdownHook] INFO  o.s.m.simp.broker.SimpleBrokerMessageHandler - BrokerAvailabilityEvent[available=false, SimpleBrokerMessageHandler [org.springframework.messaging.simp.broker.DefaultSubscriptionRegistry@1fcc3461]]
2022-10-07 23:21:23 [SpringApplicationShutdownHook] INFO  o.s.m.simp.broker.SimpleBrokerMessageHandler - Stopped.
2022-10-07 23:21:24 [SpringApplicationShutdownHook] INFO  o.s.orm.jpa.LocalContainerEntityManagerFactoryBean - Closing JPA EntityManagerFactory for persistence unit 'default'
2022-10-07 23:21:25 [SpringApplicationShutdownHook] INFO  com.alibaba.druid.pool.DruidDataSource - {dataSource-1} closed
2022-10-07 23:21:37 [background-preinit] INFO  org.hibernate.validator.internal.util.Version - HV000001: Hibernate Validator 6.2.0.Final
2022-10-07 23:21:37 [main] INFO  com.xxbb.springbootapi.SpringBootApiApplication - Starting SpringBootApiApplication using Java 1.8.0_332 on 小樊的战神 with PID 21692 (E:\SpringBoot\springbootadmin\target\classes started by Administrator in E:\SpringBoot\springbootadmin)
2022-10-07 23:21:37 [main] INFO  com.xxbb.springbootapi.SpringBootApiApplication - The following profiles are active: prod
2022-10-07 23:21:39 [main] INFO  o.s.d.r.config.RepositoryConfigurationDelegate - Bootstrapping Spring Data JPA repositories in DEFAULT mode.
2022-10-07 23:21:39 [main] INFO  o.s.d.r.config.RepositoryConfigurationDelegate - Finished Spring Data repository scanning in 48 ms. Found 0 JPA repository interfaces.
2022-10-07 23:21:40 [main] INFO  o.s.boot.web.embedded.tomcat.TomcatWebServer - Tomcat initialized with port(s): 8686 (http)
2022-10-07 23:21:40 [main] INFO  org.apache.coyote.http11.Http11NioProtocol - Initializing ProtocolHandler ["http-nio-8686"]
2022-10-07 23:21:40 [main] INFO  org.apache.catalina.core.StandardService - Starting service [Tomcat]
2022-10-07 23:21:40 [main] INFO  org.apache.catalina.core.StandardEngine - Starting Servlet engine: [Apache Tomcat/9.0.50]
2022-10-07 23:21:41 [main] INFO  o.a.c.core.ContainerBase.[Tomcat].[localhost].[/] - Initializing Spring embedded WebApplicationContext
2022-10-07 23:21:41 [main] INFO  o.s.b.w.s.c.ServletWebServerApplicationContext - Root WebApplicationContext: initialization completed in 3039 ms
2022-10-07 23:21:41 [main] INFO  org.hibernate.jpa.internal.util.LogHelper - HHH000204: Processing PersistenceUnitInfo [name: default]
2022-10-07 23:21:41 [main] INFO  org.hibernate.Version - HHH000412: Hibernate ORM core version 5.4.32.Final
2022-10-07 23:21:41 [main] INFO  org.hibernate.annotations.common.Version - HCANN000001: Hibernate Commons Annotations {5.1.2.Final}
2022-10-07 23:21:41 [main] INFO  com.alibaba.druid.pool.DruidDataSource - {dataSource-1} inited
2022-10-07 23:21:43 [main] INFO  org.hibernate.dialect.Dialect - HHH000400: Using dialect: org.hibernate.dialect.MySQL57Dialect
2022-10-07 23:21:45 [main] INFO  o.h.e.t.jta.platform.internal.JtaPlatformInitiator - HHH000490: Using JtaPlatform implementation: [org.hibernate.engine.transaction.jta.platform.internal.NoJtaPlatform]
2022-10-07 23:21:45 [main] INFO  o.s.orm.jpa.LocalContainerEntityManagerFactoryBean - Initialized JPA EntityManagerFactory for persistence unit 'default'
2022-10-07 23:21:46 [main] INFO  cn.org.atool.fluent.mybatis.spring.MapperFactory - 

      _____   _                          _       
     |  ___| | |  _   _    ___   _ __   | |_     
     | |_    | | | | | |  / _ \ | '_ \  | __|    
     |  _|   | | | |_| | |  __/ | | | | | |_     
  __ |_|     |_|  \__,_|  \___| |_|_|_|  \__|    
 |  \/  |  _   _  | |__     __ _  | |_  (_)  ___ 
 | |\/| | | | | | | '_ \   / _` | | __| | | / __|
 | |  | | | |_| | | |_) | | (_| | | |_  | | \__ \
 |_|  |_|  \__, | |_.__/   \__,_|  \__| |_| |___/
           |___/                                 
2022-10-07 23:21:47 [main] INFO  org.apache.coyote.http11.Http11NioProtocol - Starting ProtocolHandler ["http-nio-8686"]
2022-10-07 23:21:47 [main] INFO  o.s.boot.web.embedded.tomcat.TomcatWebServer - Tomcat started on port(s): 8686 (http) with context path ''
2022-10-07 23:21:47 [main] INFO  o.s.m.simp.broker.SimpleBrokerMessageHandler - Starting...
2022-10-07 23:21:47 [main] INFO  o.s.m.simp.broker.SimpleBrokerMessageHandler - BrokerAvailabilityEvent[available=true, SimpleBrokerMessageHandler [org.springframework.messaging.simp.broker.DefaultSubscriptionRegistry@1c972ae6]]
2022-10-07 23:21:47 [main] INFO  o.s.m.simp.broker.SimpleBrokerMessageHandler - Started.
2022-10-07 23:21:47 [main] INFO  com.xxbb.springbootapi.SpringBootApiApplication - Started SpringBootApiApplication in 10.722 seconds (JVM running for 14.649)
2022-10-07 23:22:05 [SpringApplicationShutdownHook] INFO  o.s.m.simp.broker.SimpleBrokerMessageHandler - Stopping...
2022-10-07 23:22:05 [SpringApplicationShutdownHook] INFO  o.s.m.simp.broker.SimpleBrokerMessageHandler - BrokerAvailabilityEvent[available=false, SimpleBrokerMessageHandler [org.springframework.messaging.simp.broker.DefaultSubscriptionRegistry@1c972ae6]]
2022-10-07 23:22:05 [SpringApplicationShutdownHook] INFO  o.s.m.simp.broker.SimpleBrokerMessageHandler - Stopped.
2022-10-07 23:22:07 [SpringApplicationShutdownHook] INFO  o.s.orm.jpa.LocalContainerEntityManagerFactoryBean - Closing JPA EntityManagerFactory for persistence unit 'default'
2022-10-07 23:22:07 [SpringApplicationShutdownHook] INFO  com.alibaba.druid.pool.DruidDataSource - {dataSource-1} closed
2022-10-07 23:22:33 [main] INFO  com.xxbb.springbootapi.SpringBootApiApplication - Starting SpringBootApiApplication using Java 1.8.0_332 on 小樊的战神 with PID 21132 (E:\SpringBoot\springbootadmin\target\classes started by Administrator in E:\SpringBoot\springbootadmin)
2022-10-07 23:22:33 [background-preinit] INFO  org.hibernate.validator.internal.util.Version - HV000001: Hibernate Validator 6.2.0.Final
2022-10-07 23:22:33 [main] INFO  com.xxbb.springbootapi.SpringBootApiApplication - The following profiles are active: prod
2022-10-07 23:22:36 [main] INFO  o.s.d.r.config.RepositoryConfigurationDelegate - Bootstrapping Spring Data JPA repositories in DEFAULT mode.
2022-10-07 23:22:36 [main] INFO  o.s.d.r.config.RepositoryConfigurationDelegate - Finished Spring Data repository scanning in 66 ms. Found 0 JPA repository interfaces.
2022-10-07 23:22:37 [main] INFO  o.s.boot.web.embedded.tomcat.TomcatWebServer - Tomcat initialized with port(s): 8686 (http)
2022-10-07 23:22:37 [main] INFO  org.apache.coyote.http11.Http11NioProtocol - Initializing ProtocolHandler ["http-nio-8686"]
2022-10-07 23:22:37 [main] INFO  org.apache.catalina.core.StandardService - Starting service [Tomcat]
2022-10-07 23:22:37 [main] INFO  org.apache.catalina.core.StandardEngine - Starting Servlet engine: [Apache Tomcat/9.0.50]
2022-10-07 23:22:37 [main] INFO  o.a.c.core.ContainerBase.[Tomcat].[localhost].[/] - Initializing Spring embedded WebApplicationContext
2022-10-07 23:22:37 [main] INFO  o.s.b.w.s.c.ServletWebServerApplicationContext - Root WebApplicationContext: initialization completed in 3992 ms
2022-10-07 23:22:38 [main] INFO  org.hibernate.jpa.internal.util.LogHelper - HHH000204: Processing PersistenceUnitInfo [name: default]
2022-10-07 23:22:38 [main] INFO  org.hibernate.Version - HHH000412: Hibernate ORM core version 5.4.32.Final
2022-10-07 23:22:38 [main] INFO  org.hibernate.annotations.common.Version - HCANN000001: Hibernate Commons Annotations {5.1.2.Final}
2022-10-07 23:22:38 [main] INFO  com.alibaba.druid.pool.DruidDataSource - {dataSource-1} inited
2022-10-07 23:22:39 [main] INFO  org.hibernate.dialect.Dialect - HHH000400: Using dialect: org.hibernate.dialect.MySQL57Dialect
2022-10-07 23:22:41 [main] INFO  o.h.e.t.jta.platform.internal.JtaPlatformInitiator - HHH000490: Using JtaPlatform implementation: [org.hibernate.engine.transaction.jta.platform.internal.NoJtaPlatform]
2022-10-07 23:22:41 [main] INFO  o.s.orm.jpa.LocalContainerEntityManagerFactoryBean - Initialized JPA EntityManagerFactory for persistence unit 'default'
2022-10-07 23:22:42 [main] INFO  cn.org.atool.fluent.mybatis.spring.MapperFactory - 

      _____   _                          _       
     |  ___| | |  _   _    ___   _ __   | |_     
     | |_    | | | | | |  / _ \ | '_ \  | __|    
     |  _|   | | | |_| | |  __/ | | | | | |_     
  __ |_|     |_|  \__,_|  \___| |_|_|_|  \__|    
 |  \/  |  _   _  | |__     __ _  | |_  (_)  ___ 
 | |\/| | | | | | | '_ \   / _` | | __| | | / __|
 | |  | | | |_| | | |_) | | (_| | | |_  | | \__ \
 |_|  |_|  \__, | |_.__/   \__,_|  \__| |_| |___/
           |___/                                 
2022-10-07 23:22:43 [main] INFO  org.apache.coyote.http11.Http11NioProtocol - Starting ProtocolHandler ["http-nio-8686"]
2022-10-07 23:22:43 [main] INFO  o.s.boot.web.embedded.tomcat.TomcatWebServer - Tomcat started on port(s): 8686 (http) with context path ''
2022-10-07 23:22:43 [main] INFO  o.s.m.simp.broker.SimpleBrokerMessageHandler - Starting...
2022-10-07 23:22:43 [main] INFO  o.s.m.simp.broker.SimpleBrokerMessageHandler - BrokerAvailabilityEvent[available=true, SimpleBrokerMessageHandler [org.springframework.messaging.simp.broker.DefaultSubscriptionRegistry@2d8087da]]
2022-10-07 23:22:43 [main] INFO  o.s.m.simp.broker.SimpleBrokerMessageHandler - Started.
2022-10-07 23:22:43 [main] INFO  com.xxbb.springbootapi.SpringBootApiApplication - Started SpringBootApiApplication in 11.034 seconds (JVM running for 14.232)
2022-10-07 23:23:24 [SpringApplicationShutdownHook] INFO  o.s.m.simp.broker.SimpleBrokerMessageHandler - Stopping...
2022-10-07 23:23:24 [SpringApplicationShutdownHook] INFO  o.s.m.simp.broker.SimpleBrokerMessageHandler - BrokerAvailabilityEvent[available=false, SimpleBrokerMessageHandler [org.springframework.messaging.simp.broker.DefaultSubscriptionRegistry@2d8087da]]
2022-10-07 23:23:24 [SpringApplicationShutdownHook] INFO  o.s.m.simp.broker.SimpleBrokerMessageHandler - Stopped.
2022-10-07 23:23:25 [SpringApplicationShutdownHook] INFO  o.s.orm.jpa.LocalContainerEntityManagerFactoryBean - Closing JPA EntityManagerFactory for persistence unit 'default'
2022-10-07 23:23:25 [SpringApplicationShutdownHook] INFO  com.alibaba.druid.pool.DruidDataSource - {dataSource-1} closed
2022-10-07 23:23:37 [main] INFO  com.xxbb.springbootapi.SpringBootApiApplication - Starting SpringBootApiApplication using Java 1.8.0_332 on 小樊的战神 with PID 16536 (E:\SpringBoot\springbootadmin\target\classes started by Administrator in E:\SpringBoot\springbootadmin)
2022-10-07 23:23:37 [main] INFO  com.xxbb.springbootapi.SpringBootApiApplication - The following profiles are active: prod
2022-10-07 23:23:37 [background-preinit] INFO  org.hibernate.validator.internal.util.Version - HV000001: Hibernate Validator 6.2.0.Final
2022-10-07 23:23:39 [main] INFO  o.s.d.r.config.RepositoryConfigurationDelegate - Bootstrapping Spring Data JPA repositories in DEFAULT mode.
2022-10-07 23:23:39 [main] INFO  o.s.d.r.config.RepositoryConfigurationDelegate - Finished Spring Data repository scanning in 48 ms. Found 0 JPA repository interfaces.
2022-10-07 23:23:40 [main] INFO  o.s.boot.web.embedded.tomcat.TomcatWebServer - Tomcat initialized with port(s): 8686 (http)
2022-10-07 23:23:40 [main] INFO  org.apache.coyote.http11.Http11NioProtocol - Initializing ProtocolHandler ["http-nio-8686"]
2022-10-07 23:23:40 [main] INFO  org.apache.catalina.core.StandardService - Starting service [Tomcat]
2022-10-07 23:23:40 [main] INFO  org.apache.catalina.core.StandardEngine - Starting Servlet engine: [Apache Tomcat/9.0.50]
2022-10-07 23:23:40 [main] INFO  o.a.c.core.ContainerBase.[Tomcat].[localhost].[/] - Initializing Spring embedded WebApplicationContext
2022-10-07 23:23:40 [main] INFO  o.s.b.w.s.c.ServletWebServerApplicationContext - Root WebApplicationContext: initialization completed in 2836 ms
2022-10-07 23:23:40 [main] INFO  org.hibernate.jpa.internal.util.LogHelper - HHH000204: Processing PersistenceUnitInfo [name: default]
2022-10-07 23:23:40 [main] INFO  org.hibernate.Version - HHH000412: Hibernate ORM core version 5.4.32.Final
2022-10-07 23:23:40 [main] INFO  org.hibernate.annotations.common.Version - HCANN000001: Hibernate Commons Annotations {5.1.2.Final}
2022-10-07 23:23:41 [main] INFO  com.alibaba.druid.pool.DruidDataSource - {dataSource-1} inited
2022-10-07 23:23:42 [main] INFO  org.hibernate.dialect.Dialect - HHH000400: Using dialect: org.hibernate.dialect.MySQL57Dialect
2022-10-07 23:23:44 [main] INFO  o.h.e.t.jta.platform.internal.JtaPlatformInitiator - HHH000490: Using JtaPlatform implementation: [org.hibernate.engine.transaction.jta.platform.internal.NoJtaPlatform]
2022-10-07 23:23:44 [main] INFO  o.s.orm.jpa.LocalContainerEntityManagerFactoryBean - Initialized JPA EntityManagerFactory for persistence unit 'default'
2022-10-07 23:23:45 [main] INFO  cn.org.atool.fluent.mybatis.spring.MapperFactory - 

      _____   _                          _       
     |  ___| | |  _   _    ___   _ __   | |_     
     | |_    | | | | | |  / _ \ | '_ \  | __|    
     |  _|   | | | |_| | |  __/ | | | | | |_     
  __ |_|     |_|  \__,_|  \___| |_|_|_|  \__|    
 |  \/  |  _   _  | |__     __ _  | |_  (_)  ___ 
 | |\/| | | | | | | '_ \   / _` | | __| | | / __|
 | |  | | | |_| | | |_) | | (_| | | |_  | | \__ \
 |_|  |_|  \__, | |_.__/   \__,_|  \__| |_| |___/
           |___/                                 
2022-10-07 23:23:45 [main] INFO  org.apache.coyote.http11.Http11NioProtocol - Starting ProtocolHandler ["http-nio-8686"]
2022-10-07 23:23:45 [main] INFO  o.s.boot.web.embedded.tomcat.TomcatWebServer - Tomcat started on port(s): 8686 (http) with context path ''
2022-10-07 23:23:46 [main] INFO  o.s.m.simp.broker.SimpleBrokerMessageHandler - Starting...
2022-10-07 23:23:46 [main] INFO  o.s.m.simp.broker.SimpleBrokerMessageHandler - BrokerAvailabilityEvent[available=true, SimpleBrokerMessageHandler [org.springframework.messaging.simp.broker.DefaultSubscriptionRegistry@3e55d844]]
2022-10-07 23:23:46 [main] INFO  o.s.m.simp.broker.SimpleBrokerMessageHandler - Started.
2022-10-07 23:23:46 [main] INFO  com.xxbb.springbootapi.SpringBootApiApplication - Started SpringBootApiApplication in 9.811 seconds (JVM running for 12.683)
2022-10-07 23:24:45 [MessageBroker-1] INFO  o.s.web.socket.config.WebSocketMessageBrokerStats - WebSocketSession[0 current WS(0)-HttpStream(0)-HttpPoll(0), 0 total, 0 closed abnormally (0 connect failure, 0 send limit, 0 transport error)], stompSubProtocol[processed CONNECT(0)-CONNECTED(0)-DISCONNECT(0)], stompBrokerRelay[null], inboundChannel[pool size = 0, active threads = 0, queued tasks = 0, completed tasks = 0], outboundChannel[pool size = 0, active threads = 0, queued tasks = 0, completed tasks = 0], sockJsScheduler[pool size = 1, active threads = 1, queued tasks = 0, completed tasks = 0]
2022-10-07 23:25:24 [http-nio-8686-exec-1] INFO  o.a.c.core.ContainerBase.[Tomcat].[localhost].[/] - Initializing Spring DispatcherServlet 'dispatcherServlet'
2022-10-07 23:25:24 [http-nio-8686-exec-1] INFO  org.springframework.web.servlet.DispatcherServlet - Initializing Servlet 'dispatcherServlet'
2022-10-07 23:25:24 [http-nio-8686-exec-1] INFO  org.springframework.web.servlet.DispatcherServlet - Completed initialization in 2 ms
2022-10-07 23:27:05 [SpringApplicationShutdownHook] INFO  o.s.m.simp.broker.SimpleBrokerMessageHandler - Stopping...
2022-10-07 23:27:05 [SpringApplicationShutdownHook] INFO  o.s.m.simp.broker.SimpleBrokerMessageHandler - BrokerAvailabilityEvent[available=false, SimpleBrokerMessageHandler [org.springframework.messaging.simp.broker.DefaultSubscriptionRegistry@3e55d844]]
2022-10-07 23:27:05 [SpringApplicationShutdownHook] INFO  o.s.m.simp.broker.SimpleBrokerMessageHandler - Stopped.
2022-10-07 23:27:16 [background-preinit] INFO  org.hibernate.validator.internal.util.Version - HV000001: Hibernate Validator 6.2.0.Final
2022-10-07 23:27:16 [main] INFO  com.xxbb.springbootapi.SpringBootApiApplication - Starting SpringBootApiApplication using Java 1.8.0_332 on 小樊的战神 with PID 9620 (E:\SpringBoot\springbootadmin\target\classes started by Administrator in E:\SpringBoot\springbootadmin)
2022-10-07 23:27:16 [main] INFO  com.xxbb.springbootapi.SpringBootApiApplication - The following profiles are active: prod
2022-10-07 23:27:17 [main] INFO  o.s.d.r.config.RepositoryConfigurationDelegate - Bootstrapping Spring Data JPA repositories in DEFAULT mode.
2022-10-07 23:27:17 [main] INFO  o.s.d.r.config.RepositoryConfigurationDelegate - Finished Spring Data repository scanning in 34 ms. Found 0 JPA repository interfaces.
2022-10-07 23:27:18 [main] INFO  o.s.boot.web.embedded.tomcat.TomcatWebServer - Tomcat initialized with port(s): 8686 (http)
2022-10-07 23:27:18 [main] INFO  org.apache.coyote.http11.Http11NioProtocol - Initializing ProtocolHandler ["http-nio-8686"]
2022-10-07 23:27:18 [main] INFO  org.apache.catalina.core.StandardService - Starting service [Tomcat]
2022-10-07 23:27:18 [main] INFO  org.apache.catalina.core.StandardEngine - Starting Servlet engine: [Apache Tomcat/9.0.50]
2022-10-07 23:27:18 [main] INFO  o.a.c.core.ContainerBase.[Tomcat].[localhost].[/] - Initializing Spring embedded WebApplicationContext
2022-10-07 23:27:18 [main] INFO  o.s.b.w.s.c.ServletWebServerApplicationContext - Root WebApplicationContext: initialization completed in 2459 ms
2022-10-07 23:27:19 [main] INFO  org.hibernate.jpa.internal.util.LogHelper - HHH000204: Processing PersistenceUnitInfo [name: default]
2022-10-07 23:27:19 [main] INFO  org.hibernate.Version - HHH000412: Hibernate ORM core version 5.4.32.Final
2022-10-07 23:27:19 [main] INFO  org.hibernate.annotations.common.Version - HCANN000001: Hibernate Commons Annotations {5.1.2.Final}
2022-10-07 23:27:19 [main] INFO  com.alibaba.druid.pool.DruidDataSource - {dataSource-1} inited
2022-10-07 23:27:20 [main] INFO  org.hibernate.dialect.Dialect - HHH000400: Using dialect: org.hibernate.dialect.MySQL57Dialect
2022-10-07 23:27:22 [main] INFO  o.h.e.t.jta.platform.internal.JtaPlatformInitiator - HHH000490: Using JtaPlatform implementation: [org.hibernate.engine.transaction.jta.platform.internal.NoJtaPlatform]
2022-10-07 23:27:22 [main] INFO  o.s.orm.jpa.LocalContainerEntityManagerFactoryBean - Initialized JPA EntityManagerFactory for persistence unit 'default'
2022-10-07 23:27:23 [main] INFO  cn.org.atool.fluent.mybatis.spring.MapperFactory - 

      _____   _                          _       
     |  ___| | |  _   _    ___   _ __   | |_     
     | |_    | | | | | |  / _ \ | '_ \  | __|    
     |  _|   | | | |_| | |  __/ | | | | | |_     
  __ |_|     |_|  \__,_|  \___| |_|_|_|  \__|    
 |  \/  |  _   _  | |__     __ _  | |_  (_)  ___ 
 | |\/| | | | | | | '_ \   / _` | | __| | | / __|
 | |  | | | |_| | | |_) | | (_| | | |_  | | \__ \
 |_|  |_|  \__, | |_.__/   \__,_|  \__| |_| |___/
           |___/                                 
2022-10-07 23:27:23 [main] INFO  org.apache.coyote.http11.Http11NioProtocol - Starting ProtocolHandler ["http-nio-8686"]
2022-10-07 23:27:23 [main] INFO  o.s.boot.web.embedded.tomcat.TomcatWebServer - Tomcat started on port(s): 8686 (http) with context path ''
2022-10-07 23:27:24 [main] INFO  o.s.m.simp.broker.SimpleBrokerMessageHandler - Starting...
2022-10-07 23:27:24 [main] INFO  o.s.m.simp.broker.SimpleBrokerMessageHandler - BrokerAvailabilityEvent[available=true, SimpleBrokerMessageHandler [org.springframework.messaging.simp.broker.DefaultSubscriptionRegistry@4822ab4d]]
2022-10-07 23:27:24 [main] INFO  o.s.m.simp.broker.SimpleBrokerMessageHandler - Started.
2022-10-07 23:27:24 [main] INFO  com.xxbb.springbootapi.SpringBootApiApplication - Started SpringBootApiApplication in 8.72 seconds (JVM running for 11.56)
2022-10-07 23:27:45 [http-nio-8686-exec-1] INFO  o.a.c.core.ContainerBase.[Tomcat].[localhost].[/] - Initializing Spring DispatcherServlet 'dispatcherServlet'
2022-10-07 23:27:45 [http-nio-8686-exec-1] INFO  org.springframework.web.servlet.DispatcherServlet - Initializing Servlet 'dispatcherServlet'
2022-10-07 23:27:45 [http-nio-8686-exec-1] INFO  org.springframework.web.servlet.DispatcherServlet - Completed initialization in 3 ms
2022-10-07 23:28:23 [MessageBroker-1] INFO  o.s.web.socket.config.WebSocketMessageBrokerStats - WebSocketSession[0 current WS(0)-HttpStream(0)-HttpPoll(0), 0 total, 0 closed abnormally (0 connect failure, 0 send limit, 0 transport error)], stompSubProtocol[processed CONNECT(0)-CONNECTED(0)-DISCONNECT(0)], stompBrokerRelay[null], inboundChannel[pool size = 0, active threads = 0, queued tasks = 0, completed tasks = 0], outboundChannel[pool size = 0, active threads = 0, queued tasks = 0, completed tasks = 0], sockJsScheduler[pool size = 1, active threads = 1, queued tasks = 0, completed tasks = 0]
2022-10-07 23:29:30 [SpringApplicationShutdownHook] INFO  o.s.m.simp.broker.SimpleBrokerMessageHandler - Stopping...
2022-10-07 23:29:30 [SpringApplicationShutdownHook] INFO  o.s.m.simp.broker.SimpleBrokerMessageHandler - BrokerAvailabilityEvent[available=false, SimpleBrokerMessageHandler [org.springframework.messaging.simp.broker.DefaultSubscriptionRegistry@4822ab4d]]
2022-10-07 23:29:30 [SpringApplicationShutdownHook] INFO  o.s.m.simp.broker.SimpleBrokerMessageHandler - Stopped.
2022-10-07 23:29:31 [SpringApplicationShutdownHook] INFO  o.s.orm.jpa.LocalContainerEntityManagerFactoryBean - Closing JPA EntityManagerFactory for persistence unit 'default'
2022-10-07 23:29:31 [SpringApplicationShutdownHook] INFO  com.alibaba.druid.pool.DruidDataSource - {dataSource-1} closed
2022-10-07 23:29:41 [background-preinit] INFO  org.hibernate.validator.internal.util.Version - HV000001: Hibernate Validator 6.2.0.Final
2022-10-07 23:29:41 [main] INFO  com.xxbb.springbootapi.SpringBootApiApplication - Starting SpringBootApiApplication using Java 1.8.0_332 on 小樊的战神 with PID 1864 (E:\SpringBoot\springbootadmin\target\classes started by Administrator in E:\SpringBoot\springbootadmin)
2022-10-07 23:29:41 [main] INFO  com.xxbb.springbootapi.SpringBootApiApplication - The following profiles are active: prod
2022-10-07 23:29:43 [main] INFO  o.s.d.r.config.RepositoryConfigurationDelegate - Bootstrapping Spring Data JPA repositories in DEFAULT mode.
2022-10-07 23:29:43 [main] INFO  o.s.d.r.config.RepositoryConfigurationDelegate - Finished Spring Data repository scanning in 43 ms. Found 0 JPA repository interfaces.
2022-10-07 23:29:44 [main] INFO  o.s.boot.web.embedded.tomcat.TomcatWebServer - Tomcat initialized with port(s): 8686 (http)
2022-10-07 23:29:44 [main] INFO  org.apache.coyote.http11.Http11NioProtocol - Initializing ProtocolHandler ["http-nio-8686"]
2022-10-07 23:29:44 [main] INFO  org.apache.catalina.core.StandardService - Starting service [Tomcat]
2022-10-07 23:29:44 [main] INFO  org.apache.catalina.core.StandardEngine - Starting Servlet engine: [Apache Tomcat/9.0.50]
2022-10-07 23:29:44 [main] INFO  o.a.c.core.ContainerBase.[Tomcat].[localhost].[/] - Initializing Spring embedded WebApplicationContext
2022-10-07 23:29:44 [main] INFO  o.s.b.w.s.c.ServletWebServerApplicationContext - Root WebApplicationContext: initialization completed in 3358 ms
2022-10-07 23:29:44 [main] INFO  org.hibernate.jpa.internal.util.LogHelper - HHH000204: Processing PersistenceUnitInfo [name: default]
2022-10-07 23:29:44 [main] INFO  org.hibernate.Version - HHH000412: Hibernate ORM core version 5.4.32.Final
2022-10-07 23:29:45 [main] INFO  org.hibernate.annotations.common.Version - HCANN000001: Hibernate Commons Annotations {5.1.2.Final}
2022-10-07 23:29:45 [main] INFO  com.alibaba.druid.pool.DruidDataSource - {dataSource-1} inited
2022-10-07 23:29:46 [main] INFO  org.hibernate.dialect.Dialect - HHH000400: Using dialect: org.hibernate.dialect.MySQL57Dialect
2022-10-07 23:29:48 [main] INFO  o.h.e.t.jta.platform.internal.JtaPlatformInitiator - HHH000490: Using JtaPlatform implementation: [org.hibernate.engine.transaction.jta.platform.internal.NoJtaPlatform]
2022-10-07 23:29:48 [main] INFO  o.s.orm.jpa.LocalContainerEntityManagerFactoryBean - Initialized JPA EntityManagerFactory for persistence unit 'default'
2022-10-07 23:29:49 [main] INFO  cn.org.atool.fluent.mybatis.spring.MapperFactory - 

      _____   _                          _       
     |  ___| | |  _   _    ___   _ __   | |_     
     | |_    | | | | | |  / _ \ | '_ \  | __|    
     |  _|   | | | |_| | |  __/ | | | | | |_     
  __ |_|     |_|  \__,_|  \___| |_|_|_|  \__|    
 |  \/  |  _   _  | |__     __ _  | |_  (_)  ___ 
 | |\/| | | | | | | '_ \   / _` | | __| | | / __|
 | |  | | | |_| | | |_) | | (_| | | |_  | | \__ \
 |_|  |_|  \__, | |_.__/   \__,_|  \__| |_| |___/
           |___/                                 
2022-10-07 23:29:49 [main] INFO  org.apache.coyote.http11.Http11NioProtocol - Starting ProtocolHandler ["http-nio-8686"]
2022-10-07 23:29:50 [main] INFO  o.s.boot.web.embedded.tomcat.TomcatWebServer - Tomcat started on port(s): 8686 (http) with context path ''
2022-10-07 23:29:50 [main] INFO  o.s.m.simp.broker.SimpleBrokerMessageHandler - Starting...
2022-10-07 23:29:50 [main] INFO  o.s.m.simp.broker.SimpleBrokerMessageHandler - BrokerAvailabilityEvent[available=true, SimpleBrokerMessageHandler [org.springframework.messaging.simp.broker.DefaultSubscriptionRegistry@29ba63f0]]
2022-10-07 23:29:50 [main] INFO  o.s.m.simp.broker.SimpleBrokerMessageHandler - Started.
2022-10-07 23:29:50 [main] INFO  com.xxbb.springbootapi.SpringBootApiApplication - Started SpringBootApiApplication in 10.298 seconds (JVM running for 13.0)
2022-10-07 23:29:58 [http-nio-8686-exec-1] INFO  o.a.c.core.ContainerBase.[Tomcat].[localhost].[/] - Initializing Spring DispatcherServlet 'dispatcherServlet'
2022-10-07 23:29:58 [http-nio-8686-exec-1] INFO  org.springframework.web.servlet.DispatcherServlet - Initializing Servlet 'dispatcherServlet'
2022-10-07 23:29:58 [http-nio-8686-exec-1] INFO  org.springframework.web.servlet.DispatcherServlet - Completed initialization in 3 ms
2022-10-07 23:30:49 [MessageBroker-1] INFO  o.s.web.socket.config.WebSocketMessageBrokerStats - WebSocketSession[0 current WS(0)-HttpStream(0)-HttpPoll(0), 0 total, 0 closed abnormally (0 connect failure, 0 send limit, 0 transport error)], stompSubProtocol[processed CONNECT(0)-CONNECTED(0)-DISCONNECT(0)], stompBrokerRelay[null], inboundChannel[pool size = 0, active threads = 0, queued tasks = 0, completed tasks = 0], outboundChannel[pool size = 0, active threads = 0, queued tasks = 0, completed tasks = 0], sockJsScheduler[pool size = 1, active threads = 1, queued tasks = 0, completed tasks = 0]
