2022-10-01 18:46:28 [http-nio-8099-exec-3] ERROR o.a.c.c.C.[.[localhost].[/].[dispatcherServlet] - Servlet.service() for servlet [dispatcherServlet] in context with path [] threw exception [Request processing failed; nested exception is com.xxbb.springbootapi.interceptor.LegalException: 未提交token，请在请求头部（header）或Cookie中添加Authorization参数] with root cause
com.xxbb.springbootapi.interceptor.LegalException: 未提交token，请在请求头部（header）或Cookie中添加Authorization参数
	at com.xxbb.springbootapi.interceptor.JWTInterceptor.preHandle(JWTInterceptor.java:62)
	at org.springframework.web.servlet.HandlerExecutionChain.applyPreHandle(HandlerExecutionChain.java:148)
	at org.springframework.web.servlet.DispatcherServlet.doDispatch(DispatcherServlet.java:1059)
	at org.springframework.web.servlet.DispatcherServlet.doService(DispatcherServlet.java:963)
	at org.springframework.web.servlet.FrameworkServlet.processRequest(FrameworkServlet.java:1006)
	at org.springframework.web.servlet.FrameworkServlet.doGet(FrameworkServlet.java:898)
	at javax.servlet.http.HttpServlet.service(HttpServlet.java:655)
	at org.springframework.web.servlet.FrameworkServlet.service(FrameworkServlet.java:883)
	at javax.servlet.http.HttpServlet.service(HttpServlet.java:764)
	at org.apache.catalina.core.ApplicationFilterChain.internalDoFilter(ApplicationFilterChain.java:228)
	at org.apache.catalina.core.ApplicationFilterChain.doFilter(ApplicationFilterChain.java:163)
	at org.apache.tomcat.websocket.server.WsFilter.doFilter(WsFilter.java:53)
	at org.apache.catalina.core.ApplicationFilterChain.internalDoFilter(ApplicationFilterChain.java:190)
	at org.apache.catalina.core.ApplicationFilterChain.doFilter(ApplicationFilterChain.java:163)
	at org.springframework.web.filter.CorsFilter.doFilterInternal(CorsFilter.java:91)
	at org.springframework.web.filter.OncePerRequestFilter.doFilter(OncePerRequestFilter.java:119)
	at org.apache.catalina.core.ApplicationFilterChain.internalDoFilter(ApplicationFilterChain.java:190)
	at org.apache.catalina.core.ApplicationFilterChain.doFilter(ApplicationFilterChain.java:163)
	at org.springframework.web.filter.RequestContextFilter.doFilterInternal(RequestContextFilter.java:100)
	at org.springframework.web.filter.OncePerRequestFilter.doFilter(OncePerRequestFilter.java:119)
	at org.apache.catalina.core.ApplicationFilterChain.internalDoFilter(ApplicationFilterChain.java:190)
	at org.apache.catalina.core.ApplicationFilterChain.doFilter(ApplicationFilterChain.java:163)
	at org.springframework.web.filter.FormContentFilter.doFilterInternal(FormContentFilter.java:93)
	at org.springframework.web.filter.OncePerRequestFilter.doFilter(OncePerRequestFilter.java:119)
	at org.apache.catalina.core.ApplicationFilterChain.internalDoFilter(ApplicationFilterChain.java:190)
	at org.apache.catalina.core.ApplicationFilterChain.doFilter(ApplicationFilterChain.java:163)
	at org.springframework.web.filter.CharacterEncodingFilter.doFilterInternal(CharacterEncodingFilter.java:201)
	at org.springframework.web.filter.OncePerRequestFilter.doFilter(OncePerRequestFilter.java:119)
	at org.apache.catalina.core.ApplicationFilterChain.internalDoFilter(ApplicationFilterChain.java:190)
	at org.apache.catalina.core.ApplicationFilterChain.doFilter(ApplicationFilterChain.java:163)
	at org.apache.catalina.core.StandardWrapperValve.invoke(StandardWrapperValve.java:202)
	at org.apache.catalina.core.StandardContextValve.invoke(StandardContextValve.java:97)
	at org.apache.catalina.authenticator.AuthenticatorBase.invoke(AuthenticatorBase.java:542)
	at org.apache.catalina.core.StandardHostValve.invoke(StandardHostValve.java:143)
	at org.apache.catalina.valves.ErrorReportValve.invoke(ErrorReportValve.java:92)
	at org.apache.catalina.core.StandardEngineValve.invoke(StandardEngineValve.java:78)
	at org.apache.catalina.connector.CoyoteAdapter.service(CoyoteAdapter.java:357)
	at org.apache.coyote.http11.Http11Processor.service(Http11Processor.java:382)
	at org.apache.coyote.AbstractProcessorLight.process(AbstractProcessorLight.java:65)
	at org.apache.coyote.AbstractProtocol$ConnectionHandler.process(AbstractProtocol.java:893)
	at org.apache.tomcat.util.net.NioEndpoint$SocketProcessor.doRun(NioEndpoint.java:1723)
	at org.apache.tomcat.util.net.SocketProcessorBase.run(SocketProcessorBase.java:49)
	at java.util.concurrent.ThreadPoolExecutor.runWorker(ThreadPoolExecutor.java:1149)
	at java.util.concurrent.ThreadPoolExecutor$Worker.run(ThreadPoolExecutor.java:624)
	at org.apache.tomcat.util.threads.TaskThread$WrappingRunnable.run(TaskThread.java:61)
	at java.lang.Thread.run(Thread.java:750)
2022-10-01 18:46:28 [http-nio-8099-exec-3] ERROR c.x.springbootapi.interceptor.MyExceptionHandler - 自定义异常：未提交token，请在请求头部（header）或Cookie中添加Authorization参数
2022-10-01 18:47:48 [http-nio-8099-exec-4] ERROR o.a.c.c.C.[.[localhost].[/].[dispatcherServlet] - Servlet.service() for servlet [dispatcherServlet] in context with path [] threw exception [Request processing failed; nested exception is com.xxbb.springbootapi.interceptor.LegalException: 未提交token，请在请求头部（header）或Cookie中添加Authorization参数] with root cause
com.xxbb.springbootapi.interceptor.LegalException: 未提交token，请在请求头部（header）或Cookie中添加Authorization参数
	at com.xxbb.springbootapi.interceptor.JWTInterceptor.preHandle(JWTInterceptor.java:62)
	at org.springframework.web.servlet.HandlerExecutionChain.applyPreHandle(HandlerExecutionChain.java:148)
	at org.springframework.web.servlet.DispatcherServlet.doDispatch(DispatcherServlet.java:1059)
	at org.springframework.web.servlet.DispatcherServlet.doService(DispatcherServlet.java:963)
	at org.springframework.web.servlet.FrameworkServlet.processRequest(FrameworkServlet.java:1006)
	at org.springframework.web.servlet.FrameworkServlet.doGet(FrameworkServlet.java:898)
	at javax.servlet.http.HttpServlet.service(HttpServlet.java:655)
	at org.springframework.web.servlet.FrameworkServlet.service(FrameworkServlet.java:883)
	at javax.servlet.http.HttpServlet.service(HttpServlet.java:764)
	at org.apache.catalina.core.ApplicationFilterChain.internalDoFilter(ApplicationFilterChain.java:228)
	at org.apache.catalina.core.ApplicationFilterChain.doFilter(ApplicationFilterChain.java:163)
	at org.apache.tomcat.websocket.server.WsFilter.doFilter(WsFilter.java:53)
	at org.apache.catalina.core.ApplicationFilterChain.internalDoFilter(ApplicationFilterChain.java:190)
	at org.apache.catalina.core.ApplicationFilterChain.doFilter(ApplicationFilterChain.java:163)
	at org.springframework.web.filter.CorsFilter.doFilterInternal(CorsFilter.java:91)
	at org.springframework.web.filter.OncePerRequestFilter.doFilter(OncePerRequestFilter.java:119)
	at org.apache.catalina.core.ApplicationFilterChain.internalDoFilter(ApplicationFilterChain.java:190)
	at org.apache.catalina.core.ApplicationFilterChain.doFilter(ApplicationFilterChain.java:163)
	at org.springframework.web.filter.RequestContextFilter.doFilterInternal(RequestContextFilter.java:100)
	at org.springframework.web.filter.OncePerRequestFilter.doFilter(OncePerRequestFilter.java:119)
	at org.apache.catalina.core.ApplicationFilterChain.internalDoFilter(ApplicationFilterChain.java:190)
	at org.apache.catalina.core.ApplicationFilterChain.doFilter(ApplicationFilterChain.java:163)
	at org.springframework.web.filter.FormContentFilter.doFilterInternal(FormContentFilter.java:93)
	at org.springframework.web.filter.OncePerRequestFilter.doFilter(OncePerRequestFilter.java:119)
	at org.apache.catalina.core.ApplicationFilterChain.internalDoFilter(ApplicationFilterChain.java:190)
	at org.apache.catalina.core.ApplicationFilterChain.doFilter(ApplicationFilterChain.java:163)
	at org.springframework.web.filter.CharacterEncodingFilter.doFilterInternal(CharacterEncodingFilter.java:201)
	at org.springframework.web.filter.OncePerRequestFilter.doFilter(OncePerRequestFilter.java:119)
	at org.apache.catalina.core.ApplicationFilterChain.internalDoFilter(ApplicationFilterChain.java:190)
	at org.apache.catalina.core.ApplicationFilterChain.doFilter(ApplicationFilterChain.java:163)
	at org.apache.catalina.core.StandardWrapperValve.invoke(StandardWrapperValve.java:202)
	at org.apache.catalina.core.StandardContextValve.invoke(StandardContextValve.java:97)
	at org.apache.catalina.authenticator.AuthenticatorBase.invoke(AuthenticatorBase.java:542)
	at org.apache.catalina.core.StandardHostValve.invoke(StandardHostValve.java:143)
	at org.apache.catalina.valves.ErrorReportValve.invoke(ErrorReportValve.java:92)
	at org.apache.catalina.core.StandardEngineValve.invoke(StandardEngineValve.java:78)
	at org.apache.catalina.connector.CoyoteAdapter.service(CoyoteAdapter.java:357)
	at org.apache.coyote.http11.Http11Processor.service(Http11Processor.java:382)
	at org.apache.coyote.AbstractProcessorLight.process(AbstractProcessorLight.java:65)
	at org.apache.coyote.AbstractProtocol$ConnectionHandler.process(AbstractProtocol.java:893)
	at org.apache.tomcat.util.net.NioEndpoint$SocketProcessor.doRun(NioEndpoint.java:1723)
	at org.apache.tomcat.util.net.SocketProcessorBase.run(SocketProcessorBase.java:49)
	at java.util.concurrent.ThreadPoolExecutor.runWorker(ThreadPoolExecutor.java:1149)
	at java.util.concurrent.ThreadPoolExecutor$Worker.run(ThreadPoolExecutor.java:624)
	at org.apache.tomcat.util.threads.TaskThread$WrappingRunnable.run(TaskThread.java:61)
	at java.lang.Thread.run(Thread.java:750)
2022-10-01 18:47:48 [http-nio-8099-exec-4] ERROR c.x.springbootapi.interceptor.MyExceptionHandler - 自定义异常：未提交token，请在请求头部（header）或Cookie中添加Authorization参数
2022-10-01 18:47:51 [http-nio-8099-exec-5] ERROR o.a.c.c.C.[.[localhost].[/].[dispatcherServlet] - Servlet.service() for servlet [dispatcherServlet] in context with path [] threw exception [Request processing failed; nested exception is com.xxbb.springbootapi.interceptor.LegalException: 未提交token，请在请求头部（header）或Cookie中添加Authorization参数] with root cause
com.xxbb.springbootapi.interceptor.LegalException: 未提交token，请在请求头部（header）或Cookie中添加Authorization参数
	at com.xxbb.springbootapi.interceptor.JWTInterceptor.preHandle(JWTInterceptor.java:62)
	at org.springframework.web.servlet.HandlerExecutionChain.applyPreHandle(HandlerExecutionChain.java:148)
	at org.springframework.web.servlet.DispatcherServlet.doDispatch(DispatcherServlet.java:1059)
	at org.springframework.web.servlet.DispatcherServlet.doService(DispatcherServlet.java:963)
	at org.springframework.web.servlet.FrameworkServlet.processRequest(FrameworkServlet.java:1006)
	at org.springframework.web.servlet.FrameworkServlet.doGet(FrameworkServlet.java:898)
	at javax.servlet.http.HttpServlet.service(HttpServlet.java:655)
	at org.springframework.web.servlet.FrameworkServlet.service(FrameworkServlet.java:883)
	at javax.servlet.http.HttpServlet.service(HttpServlet.java:764)
	at org.apache.catalina.core.ApplicationFilterChain.internalDoFilter(ApplicationFilterChain.java:228)
	at org.apache.catalina.core.ApplicationFilterChain.doFilter(ApplicationFilterChain.java:163)
	at org.apache.tomcat.websocket.server.WsFilter.doFilter(WsFilter.java:53)
	at org.apache.catalina.core.ApplicationFilterChain.internalDoFilter(ApplicationFilterChain.java:190)
	at org.apache.catalina.core.ApplicationFilterChain.doFilter(ApplicationFilterChain.java:163)
	at org.springframework.web.filter.CorsFilter.doFilterInternal(CorsFilter.java:91)
	at org.springframework.web.filter.OncePerRequestFilter.doFilter(OncePerRequestFilter.java:119)
	at org.apache.catalina.core.ApplicationFilterChain.internalDoFilter(ApplicationFilterChain.java:190)
	at org.apache.catalina.core.ApplicationFilterChain.doFilter(ApplicationFilterChain.java:163)
	at org.springframework.web.filter.RequestContextFilter.doFilterInternal(RequestContextFilter.java:100)
	at org.springframework.web.filter.OncePerRequestFilter.doFilter(OncePerRequestFilter.java:119)
	at org.apache.catalina.core.ApplicationFilterChain.internalDoFilter(ApplicationFilterChain.java:190)
	at org.apache.catalina.core.ApplicationFilterChain.doFilter(ApplicationFilterChain.java:163)
	at org.springframework.web.filter.FormContentFilter.doFilterInternal(FormContentFilter.java:93)
	at org.springframework.web.filter.OncePerRequestFilter.doFilter(OncePerRequestFilter.java:119)
	at org.apache.catalina.core.ApplicationFilterChain.internalDoFilter(ApplicationFilterChain.java:190)
	at org.apache.catalina.core.ApplicationFilterChain.doFilter(ApplicationFilterChain.java:163)
	at org.springframework.web.filter.CharacterEncodingFilter.doFilterInternal(CharacterEncodingFilter.java:201)
	at org.springframework.web.filter.OncePerRequestFilter.doFilter(OncePerRequestFilter.java:119)
	at org.apache.catalina.core.ApplicationFilterChain.internalDoFilter(ApplicationFilterChain.java:190)
	at org.apache.catalina.core.ApplicationFilterChain.doFilter(ApplicationFilterChain.java:163)
	at org.apache.catalina.core.StandardWrapperValve.invoke(StandardWrapperValve.java:202)
	at org.apache.catalina.core.StandardContextValve.invoke(StandardContextValve.java:97)
	at org.apache.catalina.authenticator.AuthenticatorBase.invoke(AuthenticatorBase.java:542)
	at org.apache.catalina.core.StandardHostValve.invoke(StandardHostValve.java:143)
	at org.apache.catalina.valves.ErrorReportValve.invoke(ErrorReportValve.java:92)
	at org.apache.catalina.core.StandardEngineValve.invoke(StandardEngineValve.java:78)
	at org.apache.catalina.connector.CoyoteAdapter.service(CoyoteAdapter.java:357)
	at org.apache.coyote.http11.Http11Processor.service(Http11Processor.java:382)
	at org.apache.coyote.AbstractProcessorLight.process(AbstractProcessorLight.java:65)
	at org.apache.coyote.AbstractProtocol$ConnectionHandler.process(AbstractProtocol.java:893)
	at org.apache.tomcat.util.net.NioEndpoint$SocketProcessor.doRun(NioEndpoint.java:1723)
	at org.apache.tomcat.util.net.SocketProcessorBase.run(SocketProcessorBase.java:49)
	at java.util.concurrent.ThreadPoolExecutor.runWorker(ThreadPoolExecutor.java:1149)
	at java.util.concurrent.ThreadPoolExecutor$Worker.run(ThreadPoolExecutor.java:624)
	at org.apache.tomcat.util.threads.TaskThread$WrappingRunnable.run(TaskThread.java:61)
	at java.lang.Thread.run(Thread.java:750)
2022-10-01 18:47:51 [http-nio-8099-exec-5] ERROR c.x.springbootapi.interceptor.MyExceptionHandler - 自定义异常：未提交token，请在请求头部（header）或Cookie中添加Authorization参数
2022-10-01 18:49:06 [http-nio-8099-exec-2] ERROR o.a.c.c.C.[.[localhost].[/].[dispatcherServlet] - Servlet.service() for servlet [dispatcherServlet] in context with path [] threw exception [Request processing failed; nested exception is com.xxbb.springbootapi.interceptor.LegalException: 未提交token，请在请求头部（header）或Cookie中添加Authorization参数] with root cause
com.xxbb.springbootapi.interceptor.LegalException: 未提交token，请在请求头部（header）或Cookie中添加Authorization参数
	at com.xxbb.springbootapi.interceptor.JWTInterceptor.preHandle(JWTInterceptor.java:62)
	at org.springframework.web.servlet.HandlerExecutionChain.applyPreHandle(HandlerExecutionChain.java:148)
	at org.springframework.web.servlet.DispatcherServlet.doDispatch(DispatcherServlet.java:1059)
	at org.springframework.web.servlet.DispatcherServlet.doService(DispatcherServlet.java:963)
	at org.springframework.web.servlet.FrameworkServlet.processRequest(FrameworkServlet.java:1006)
	at org.springframework.web.servlet.FrameworkServlet.doGet(FrameworkServlet.java:898)
	at javax.servlet.http.HttpServlet.service(HttpServlet.java:655)
	at org.springframework.web.servlet.FrameworkServlet.service(FrameworkServlet.java:883)
	at javax.servlet.http.HttpServlet.service(HttpServlet.java:764)
	at org.apache.catalina.core.ApplicationFilterChain.internalDoFilter(ApplicationFilterChain.java:228)
	at org.apache.catalina.core.ApplicationFilterChain.doFilter(ApplicationFilterChain.java:163)
	at org.apache.tomcat.websocket.server.WsFilter.doFilter(WsFilter.java:53)
	at org.apache.catalina.core.ApplicationFilterChain.internalDoFilter(ApplicationFilterChain.java:190)
	at org.apache.catalina.core.ApplicationFilterChain.doFilter(ApplicationFilterChain.java:163)
	at org.springframework.web.filter.CorsFilter.doFilterInternal(CorsFilter.java:91)
	at org.springframework.web.filter.OncePerRequestFilter.doFilter(OncePerRequestFilter.java:119)
	at org.apache.catalina.core.ApplicationFilterChain.internalDoFilter(ApplicationFilterChain.java:190)
	at org.apache.catalina.core.ApplicationFilterChain.doFilter(ApplicationFilterChain.java:163)
	at org.springframework.web.filter.RequestContextFilter.doFilterInternal(RequestContextFilter.java:100)
	at org.springframework.web.filter.OncePerRequestFilter.doFilter(OncePerRequestFilter.java:119)
	at org.apache.catalina.core.ApplicationFilterChain.internalDoFilter(ApplicationFilterChain.java:190)
	at org.apache.catalina.core.ApplicationFilterChain.doFilter(ApplicationFilterChain.java:163)
	at org.springframework.web.filter.FormContentFilter.doFilterInternal(FormContentFilter.java:93)
	at org.springframework.web.filter.OncePerRequestFilter.doFilter(OncePerRequestFilter.java:119)
	at org.apache.catalina.core.ApplicationFilterChain.internalDoFilter(ApplicationFilterChain.java:190)
	at org.apache.catalina.core.ApplicationFilterChain.doFilter(ApplicationFilterChain.java:163)
	at org.springframework.web.filter.CharacterEncodingFilter.doFilterInternal(CharacterEncodingFilter.java:201)
	at org.springframework.web.filter.OncePerRequestFilter.doFilter(OncePerRequestFilter.java:119)
	at org.apache.catalina.core.ApplicationFilterChain.internalDoFilter(ApplicationFilterChain.java:190)
	at org.apache.catalina.core.ApplicationFilterChain.doFilter(ApplicationFilterChain.java:163)
	at org.apache.catalina.core.StandardWrapperValve.invoke(StandardWrapperValve.java:202)
	at org.apache.catalina.core.StandardContextValve.invoke(StandardContextValve.java:97)
	at org.apache.catalina.authenticator.AuthenticatorBase.invoke(AuthenticatorBase.java:542)
	at org.apache.catalina.core.StandardHostValve.invoke(StandardHostValve.java:143)
	at org.apache.catalina.valves.ErrorReportValve.invoke(ErrorReportValve.java:92)
	at org.apache.catalina.core.StandardEngineValve.invoke(StandardEngineValve.java:78)
	at org.apache.catalina.connector.CoyoteAdapter.service(CoyoteAdapter.java:357)
	at org.apache.coyote.http11.Http11Processor.service(Http11Processor.java:382)
	at org.apache.coyote.AbstractProcessorLight.process(AbstractProcessorLight.java:65)
	at org.apache.coyote.AbstractProtocol$ConnectionHandler.process(AbstractProtocol.java:893)
	at org.apache.tomcat.util.net.NioEndpoint$SocketProcessor.doRun(NioEndpoint.java:1723)
	at org.apache.tomcat.util.net.SocketProcessorBase.run(SocketProcessorBase.java:49)
	at java.util.concurrent.ThreadPoolExecutor.runWorker(ThreadPoolExecutor.java:1149)
	at java.util.concurrent.ThreadPoolExecutor$Worker.run(ThreadPoolExecutor.java:624)
	at org.apache.tomcat.util.threads.TaskThread$WrappingRunnable.run(TaskThread.java:61)
	at java.lang.Thread.run(Thread.java:750)
2022-10-01 18:49:06 [http-nio-8099-exec-2] ERROR c.x.springbootapi.interceptor.MyExceptionHandler - 自定义异常：未提交token，请在请求头部（header）或Cookie中添加Authorization参数
2022-10-01 19:02:14 [http-nio-8099-exec-1] ERROR c.x.springbootapi.interceptor.MyExceptionHandler - 发生异常！信息：java.lang.ClassCastException: com.xxbb.springbootapi.entity.dto.JsonResultData cannot be cast to java.lang.String：com.xxbb.springbootapi.entity.dto.JsonResultData cannot be cast to java.lang.String
2022-10-01 19:04:14 [http-nio-8099-exec-1] ERROR c.x.springbootapi.interceptor.MyExceptionHandler - 发生异常！信息：java.lang.ClassCastException: com.xxbb.springbootapi.entity.dto.JsonResultData cannot be cast to java.lang.String：com.xxbb.springbootapi.entity.dto.JsonResultData cannot be cast to java.lang.String
2022-10-01 19:07:24 [http-nio-8099-exec-1] ERROR c.x.springbootapi.interceptor.MyExceptionHandler - 发生异常！信息：java.lang.ClassCastException: com.xxbb.springbootapi.entity.dto.JsonResultData cannot be cast to java.lang.String：com.xxbb.springbootapi.entity.dto.JsonResultData cannot be cast to java.lang.String
2022-10-01 19:14:35 [http-nio-8099-exec-2] ERROR o.a.c.c.C.[.[localhost].[/].[dispatcherServlet] - Servlet.service() for servlet [dispatcherServlet] in context with path [] threw exception [Request processing failed; nested exception is com.xxbb.springbootapi.interceptor.LegalException: 未提交token，请在请求头部（header）或Cookie中添加Authorization参数] with root cause
com.xxbb.springbootapi.interceptor.LegalException: 未提交token，请在请求头部（header）或Cookie中添加Authorization参数
	at com.xxbb.springbootapi.interceptor.JWTInterceptor.preHandle(JWTInterceptor.java:62)
	at org.springframework.web.servlet.HandlerExecutionChain.applyPreHandle(HandlerExecutionChain.java:148)
	at org.springframework.web.servlet.DispatcherServlet.doDispatch(DispatcherServlet.java:1059)
	at org.springframework.web.servlet.DispatcherServlet.doService(DispatcherServlet.java:963)
	at org.springframework.web.servlet.FrameworkServlet.processRequest(FrameworkServlet.java:1006)
	at org.springframework.web.servlet.FrameworkServlet.doGet(FrameworkServlet.java:898)
	at javax.servlet.http.HttpServlet.service(HttpServlet.java:655)
	at org.springframework.web.servlet.FrameworkServlet.service(FrameworkServlet.java:883)
	at javax.servlet.http.HttpServlet.service(HttpServlet.java:764)
	at org.apache.catalina.core.ApplicationFilterChain.internalDoFilter(ApplicationFilterChain.java:228)
	at org.apache.catalina.core.ApplicationFilterChain.doFilter(ApplicationFilterChain.java:163)
	at org.apache.tomcat.websocket.server.WsFilter.doFilter(WsFilter.java:53)
	at org.apache.catalina.core.ApplicationFilterChain.internalDoFilter(ApplicationFilterChain.java:190)
	at org.apache.catalina.core.ApplicationFilterChain.doFilter(ApplicationFilterChain.java:163)
	at org.springframework.web.filter.CorsFilter.doFilterInternal(CorsFilter.java:91)
	at org.springframework.web.filter.OncePerRequestFilter.doFilter(OncePerRequestFilter.java:119)
	at org.apache.catalina.core.ApplicationFilterChain.internalDoFilter(ApplicationFilterChain.java:190)
	at org.apache.catalina.core.ApplicationFilterChain.doFilter(ApplicationFilterChain.java:163)
	at org.springframework.web.filter.RequestContextFilter.doFilterInternal(RequestContextFilter.java:100)
	at org.springframework.web.filter.OncePerRequestFilter.doFilter(OncePerRequestFilter.java:119)
	at org.apache.catalina.core.ApplicationFilterChain.internalDoFilter(ApplicationFilterChain.java:190)
	at org.apache.catalina.core.ApplicationFilterChain.doFilter(ApplicationFilterChain.java:163)
	at org.springframework.web.filter.FormContentFilter.doFilterInternal(FormContentFilter.java:93)
	at org.springframework.web.filter.OncePerRequestFilter.doFilter(OncePerRequestFilter.java:119)
	at org.apache.catalina.core.ApplicationFilterChain.internalDoFilter(ApplicationFilterChain.java:190)
	at org.apache.catalina.core.ApplicationFilterChain.doFilter(ApplicationFilterChain.java:163)
	at org.springframework.web.filter.CharacterEncodingFilter.doFilterInternal(CharacterEncodingFilter.java:201)
	at org.springframework.web.filter.OncePerRequestFilter.doFilter(OncePerRequestFilter.java:119)
	at org.apache.catalina.core.ApplicationFilterChain.internalDoFilter(ApplicationFilterChain.java:190)
	at org.apache.catalina.core.ApplicationFilterChain.doFilter(ApplicationFilterChain.java:163)
	at org.apache.catalina.core.StandardWrapperValve.invoke(StandardWrapperValve.java:202)
	at org.apache.catalina.core.StandardContextValve.invoke(StandardContextValve.java:97)
	at org.apache.catalina.authenticator.AuthenticatorBase.invoke(AuthenticatorBase.java:542)
	at org.apache.catalina.core.StandardHostValve.invoke(StandardHostValve.java:143)
	at org.apache.catalina.valves.ErrorReportValve.invoke(ErrorReportValve.java:92)
	at org.apache.catalina.core.StandardEngineValve.invoke(StandardEngineValve.java:78)
	at org.apache.catalina.connector.CoyoteAdapter.service(CoyoteAdapter.java:357)
	at org.apache.coyote.http11.Http11Processor.service(Http11Processor.java:382)
	at org.apache.coyote.AbstractProcessorLight.process(AbstractProcessorLight.java:65)
	at org.apache.coyote.AbstractProtocol$ConnectionHandler.process(AbstractProtocol.java:893)
	at org.apache.tomcat.util.net.NioEndpoint$SocketProcessor.doRun(NioEndpoint.java:1723)
	at org.apache.tomcat.util.net.SocketProcessorBase.run(SocketProcessorBase.java:49)
	at java.util.concurrent.ThreadPoolExecutor.runWorker(ThreadPoolExecutor.java:1149)
	at java.util.concurrent.ThreadPoolExecutor$Worker.run(ThreadPoolExecutor.java:624)
	at org.apache.tomcat.util.threads.TaskThread$WrappingRunnable.run(TaskThread.java:61)
	at java.lang.Thread.run(Thread.java:750)
2022-10-01 19:14:35 [http-nio-8099-exec-2] ERROR c.x.springbootapi.interceptor.MyExceptionHandler - 自定义异常：未提交token，请在请求头部（header）或Cookie中添加Authorization参数
2022-10-01 19:14:54 [http-nio-8099-exec-8] ERROR o.a.c.c.C.[.[localhost].[/].[dispatcherServlet] - Servlet.service() for servlet [dispatcherServlet] in context with path [] threw exception [Request processing failed; nested exception is com.xxbb.springbootapi.interceptor.LegalException: 未提交token，请在请求头部（header）或Cookie中添加Authorization参数] with root cause
com.xxbb.springbootapi.interceptor.LegalException: 未提交token，请在请求头部（header）或Cookie中添加Authorization参数
	at com.xxbb.springbootapi.interceptor.JWTInterceptor.preHandle(JWTInterceptor.java:62)
	at org.springframework.web.servlet.HandlerExecutionChain.applyPreHandle(HandlerExecutionChain.java:148)
	at org.springframework.web.servlet.DispatcherServlet.doDispatch(DispatcherServlet.java:1059)
	at org.springframework.web.servlet.DispatcherServlet.doService(DispatcherServlet.java:963)
	at org.springframework.web.servlet.FrameworkServlet.processRequest(FrameworkServlet.java:1006)
	at org.springframework.web.servlet.FrameworkServlet.doGet(FrameworkServlet.java:898)
	at javax.servlet.http.HttpServlet.service(HttpServlet.java:655)
	at org.springframework.web.servlet.FrameworkServlet.service(FrameworkServlet.java:883)
	at javax.servlet.http.HttpServlet.service(HttpServlet.java:764)
	at org.apache.catalina.core.ApplicationFilterChain.internalDoFilter(ApplicationFilterChain.java:228)
	at org.apache.catalina.core.ApplicationFilterChain.doFilter(ApplicationFilterChain.java:163)
	at org.apache.tomcat.websocket.server.WsFilter.doFilter(WsFilter.java:53)
	at org.apache.catalina.core.ApplicationFilterChain.internalDoFilter(ApplicationFilterChain.java:190)
	at org.apache.catalina.core.ApplicationFilterChain.doFilter(ApplicationFilterChain.java:163)
	at org.springframework.web.filter.CorsFilter.doFilterInternal(CorsFilter.java:91)
	at org.springframework.web.filter.OncePerRequestFilter.doFilter(OncePerRequestFilter.java:119)
	at org.apache.catalina.core.ApplicationFilterChain.internalDoFilter(ApplicationFilterChain.java:190)
	at org.apache.catalina.core.ApplicationFilterChain.doFilter(ApplicationFilterChain.java:163)
	at org.springframework.web.filter.RequestContextFilter.doFilterInternal(RequestContextFilter.java:100)
	at org.springframework.web.filter.OncePerRequestFilter.doFilter(OncePerRequestFilter.java:119)
	at org.apache.catalina.core.ApplicationFilterChain.internalDoFilter(ApplicationFilterChain.java:190)
	at org.apache.catalina.core.ApplicationFilterChain.doFilter(ApplicationFilterChain.java:163)
	at org.springframework.web.filter.FormContentFilter.doFilterInternal(FormContentFilter.java:93)
	at org.springframework.web.filter.OncePerRequestFilter.doFilter(OncePerRequestFilter.java:119)
	at org.apache.catalina.core.ApplicationFilterChain.internalDoFilter(ApplicationFilterChain.java:190)
	at org.apache.catalina.core.ApplicationFilterChain.doFilter(ApplicationFilterChain.java:163)
	at org.springframework.web.filter.CharacterEncodingFilter.doFilterInternal(CharacterEncodingFilter.java:201)
	at org.springframework.web.filter.OncePerRequestFilter.doFilter(OncePerRequestFilter.java:119)
	at org.apache.catalina.core.ApplicationFilterChain.internalDoFilter(ApplicationFilterChain.java:190)
	at org.apache.catalina.core.ApplicationFilterChain.doFilter(ApplicationFilterChain.java:163)
	at org.apache.catalina.core.StandardWrapperValve.invoke(StandardWrapperValve.java:202)
	at org.apache.catalina.core.StandardContextValve.invoke(StandardContextValve.java:97)
	at org.apache.catalina.authenticator.AuthenticatorBase.invoke(AuthenticatorBase.java:542)
	at org.apache.catalina.core.StandardHostValve.invoke(StandardHostValve.java:143)
	at org.apache.catalina.valves.ErrorReportValve.invoke(ErrorReportValve.java:92)
	at org.apache.catalina.core.StandardEngineValve.invoke(StandardEngineValve.java:78)
	at org.apache.catalina.connector.CoyoteAdapter.service(CoyoteAdapter.java:357)
	at org.apache.coyote.http11.Http11Processor.service(Http11Processor.java:382)
	at org.apache.coyote.AbstractProcessorLight.process(AbstractProcessorLight.java:65)
	at org.apache.coyote.AbstractProtocol$ConnectionHandler.process(AbstractProtocol.java:893)
	at org.apache.tomcat.util.net.NioEndpoint$SocketProcessor.doRun(NioEndpoint.java:1723)
	at org.apache.tomcat.util.net.SocketProcessorBase.run(SocketProcessorBase.java:49)
	at java.util.concurrent.ThreadPoolExecutor.runWorker(ThreadPoolExecutor.java:1149)
	at java.util.concurrent.ThreadPoolExecutor$Worker.run(ThreadPoolExecutor.java:624)
	at org.apache.tomcat.util.threads.TaskThread$WrappingRunnable.run(TaskThread.java:61)
	at java.lang.Thread.run(Thread.java:750)
2022-10-01 19:14:54 [http-nio-8099-exec-8] ERROR c.x.springbootapi.interceptor.MyExceptionHandler - 自定义异常：未提交token，请在请求头部（header）或Cookie中添加Authorization参数
2022-10-01 19:16:39 [http-nio-8099-exec-2] ERROR c.x.springbootapi.interceptor.MyExceptionHandler - 发生异常！信息：cn.hutool.crypto.CryptoException: IllegalBlockSizeException: Input length must be multiple of 16 when decrypting with padded cipher：IllegalBlockSizeException: Input length must be multiple of 16 when decrypting with padded cipher
2022-10-01 19:24:27 [http-nio-8099-exec-8] ERROR c.x.springbootapi.interceptor.MyExceptionHandler - 发生异常！信息：cn.hutool.crypto.CryptoException: IllegalBlockSizeException: Input length must be multiple of 16 when decrypting with padded cipher：IllegalBlockSizeException: Input length must be multiple of 16 when decrypting with padded cipher
2022-10-01 19:25:26 [http-nio-8099-exec-3] ERROR c.x.springbootapi.interceptor.MyExceptionHandler - 发生异常！信息：cn.hutool.crypto.CryptoException: IllegalBlockSizeException: Input length must be multiple of 16 when decrypting with padded cipher：IllegalBlockSizeException: Input length must be multiple of 16 when decrypting with padded cipher
2022-10-01 19:25:34 [http-nio-8099-exec-5] ERROR c.x.springbootapi.interceptor.MyExceptionHandler - 发生异常！信息：cn.hutool.crypto.CryptoException: IllegalBlockSizeException: Input length must be multiple of 16 when decrypting with padded cipher：IllegalBlockSizeException: Input length must be multiple of 16 when decrypting with padded cipher
2022-10-01 19:26:33 [http-nio-8099-exec-9] ERROR c.x.springbootapi.interceptor.MyExceptionHandler - 发生异常！信息：cn.hutool.crypto.CryptoException: IllegalBlockSizeException: Input length must be multiple of 16 when decrypting with padded cipher：IllegalBlockSizeException: Input length must be multiple of 16 when decrypting with padded cipher
2022-10-01 19:28:18 [http-nio-8099-exec-7] ERROR c.x.springbootapi.interceptor.MyExceptionHandler - 发生异常！信息：cn.hutool.crypto.CryptoException: IllegalBlockSizeException: Input length must be multiple of 16 when decrypting with padded cipher：IllegalBlockSizeException: Input length must be multiple of 16 when decrypting with padded cipher
2022-10-01 19:31:11 [http-nio-8099-exec-2] ERROR c.x.springbootapi.interceptor.MyExceptionHandler - 发生异常！信息：cn.hutool.crypto.CryptoException: IllegalBlockSizeException: Input length must be multiple of 16 when decrypting with padded cipher：IllegalBlockSizeException: Input length must be multiple of 16 when decrypting with padded cipher
2022-10-01 19:33:18 [http-nio-8099-exec-8] ERROR c.x.springbootapi.interceptor.MyExceptionHandler - 发生异常！信息：cn.hutool.crypto.CryptoException: IllegalBlockSizeException: Input length must be multiple of 16 when decrypting with padded cipher：IllegalBlockSizeException: Input length must be multiple of 16 when decrypting with padded cipher
2022-10-01 19:34:24 [http-nio-8099-exec-2] ERROR c.x.springbootapi.interceptor.MyExceptionHandler - 发生异常！信息：cn.hutool.crypto.CryptoException: IllegalBlockSizeException: Input length must be multiple of 16 when decrypting with padded cipher：IllegalBlockSizeException: Input length must be multiple of 16 when decrypting with padded cipher
2022-10-01 20:04:09 [http-nio-8099-exec-9] ERROR c.x.springbootapi.interceptor.MyExceptionHandler - 发生异常！信息：cn.hutool.crypto.CryptoException: IllegalBlockSizeException: Input length must be multiple of 16 when decrypting with padded cipher：IllegalBlockSizeException: Input length must be multiple of 16 when decrypting with padded cipher
2022-10-01 20:05:01 [http-nio-8099-exec-3] ERROR c.x.springbootapi.interceptor.MyExceptionHandler - 发生异常！信息：cn.hutool.crypto.CryptoException: IllegalBlockSizeException: Input length must be multiple of 16 when decrypting with padded cipher：IllegalBlockSizeException: Input length must be multiple of 16 when decrypting with padded cipher
2022-10-01 20:05:53 [http-nio-8099-exec-6] ERROR c.x.springbootapi.interceptor.MyExceptionHandler - 发生异常！信息：cn.hutool.crypto.CryptoException: IllegalBlockSizeException: Input length must be multiple of 16 when decrypting with padded cipher：IllegalBlockSizeException: Input length must be multiple of 16 when decrypting with padded cipher
2022-10-01 20:06:36 [http-nio-8099-exec-1] ERROR c.x.springbootapi.interceptor.MyExceptionHandler - 发生异常！信息：cn.hutool.crypto.CryptoException: IllegalBlockSizeException: Input length must be multiple of 16 when decrypting with padded cipher：IllegalBlockSizeException: Input length must be multiple of 16 when decrypting with padded cipher
2022-10-01 20:06:50 [http-nio-8099-exec-2] ERROR c.x.springbootapi.interceptor.MyExceptionHandler - 发生异常！信息：cn.hutool.crypto.CryptoException: IllegalBlockSizeException: Input length must be multiple of 16 when decrypting with padded cipher：IllegalBlockSizeException: Input length must be multiple of 16 when decrypting with padded cipher
2022-10-01 20:06:54 [http-nio-8099-exec-3] ERROR c.x.springbootapi.interceptor.MyExceptionHandler - 发生异常！信息：cn.hutool.crypto.CryptoException: IllegalBlockSizeException: Input length must be multiple of 16 when decrypting with padded cipher：IllegalBlockSizeException: Input length must be multiple of 16 when decrypting with padded cipher
2022-10-01 20:10:15 [http-nio-8099-exec-4] ERROR c.x.springbootapi.interceptor.MyExceptionHandler - 发生异常！信息：cn.hutool.crypto.CryptoException: IllegalBlockSizeException: Input length must be multiple of 16 when decrypting with padded cipher：IllegalBlockSizeException: Input length must be multiple of 16 when decrypting with padded cipher
2022-10-01 20:11:35 [http-nio-8099-exec-10] ERROR c.x.springbootapi.interceptor.MyExceptionHandler - 发生异常！信息：cn.hutool.crypto.CryptoException: IllegalBlockSizeException: Input length must be multiple of 16 when decrypting with padded cipher：IllegalBlockSizeException: Input length must be multiple of 16 when decrypting with padded cipher
2022-10-01 20:14:45 [http-nio-8099-exec-6] ERROR c.x.springbootapi.interceptor.MyExceptionHandler - 发生异常！信息：cn.hutool.crypto.CryptoException: IllegalBlockSizeException: Input length must be multiple of 16 when decrypting with padded cipher：IllegalBlockSizeException: Input length must be multiple of 16 when decrypting with padded cipher
2022-10-01 20:29:23 [http-nio-8099-exec-7] ERROR c.x.springbootapi.interceptor.MyExceptionHandler - 自定义异常：未提交token，请在请求头部（header）或Cookie中添加Authorization参数
2022-10-01 20:30:56 [http-nio-8099-exec-1] ERROR c.x.springbootapi.interceptor.MyExceptionHandler - 自定义异常：未提交token，请在请求头部（header）或Cookie中添加Authorization参数
2022-10-01 20:31:17 [http-nio-8099-exec-3] ERROR c.x.springbootapi.interceptor.MyExceptionHandler - 自定义异常：未提交token，请在请求头部（header）或Cookie中添加Authorization参数
2022-10-01 22:28:56 [http-nio-8099-exec-2] ERROR c.x.springbootapi.interceptor.MyExceptionHandler - 发生异常！信息：org.springframework.web.method.annotation.MethodArgumentTypeMismatchException: Failed to convert value of type 'java.lang.String' to required type 'int'; nested exception is java.lang.NumberFormatException: For input string: "login"：Failed to convert value of type 'java.lang.String' to required type 'int'; nested exception is java.lang.NumberFormatException: For input string: "login"
2022-10-01 22:29:26 [http-nio-8099-exec-4] ERROR c.x.springbootapi.interceptor.MyExceptionHandler - 发生异常！信息：org.springframework.web.method.annotation.MethodArgumentTypeMismatchException: Failed to convert value of type 'java.lang.String' to required type 'int'; nested exception is java.lang.NumberFormatException: For input string: "login"：Failed to convert value of type 'java.lang.String' to required type 'int'; nested exception is java.lang.NumberFormatException: For input string: "login"
2022-10-01 22:29:35 [http-nio-8099-exec-6] ERROR c.x.springbootapi.interceptor.MyExceptionHandler - 发生异常！信息：cn.org.atool.fluent.mybatis.exception.FluentMybatisException: the parameter[account] can't be null.：the parameter[account] can't be null.
2022-10-01 23:52:14 [http-nio-8099-exec-9] ERROR c.x.springbootapi.interceptor.MyExceptionHandler - 发生异常！信息：org.springframework.web.method.annotation.MethodArgumentTypeMismatchException: Failed to convert value of type 'java.lang.String' to required type 'int'; nested exception is java.lang.NumberFormatException: For input string: "login"：Failed to convert value of type 'java.lang.String' to required type 'int'; nested exception is java.lang.NumberFormatException: For input string: "login"
